2024-07-23 15:19:25,404 Created a socket
2024-07-23 15:19:36,346 Message received: ID=1509, Data=bytearray(b'\x19\\\xf0\xf9[d')
2024-07-23 15:19:36,346 Anomaly detected: Unexpected message ID 1509
2024-07-23 15:19:36,447 Message received: ID=116, Data=bytearray(b'\xc038\xae\xbdA&\xa4')
2024-07-23 15:19:36,447 Anomaly detected: Unexpected message ID 116
2024-07-23 15:19:36,548 Message received: ID=95, Data=bytearray(b'\xb2|\x8a\x13\xf6')
2024-07-23 15:19:36,549 Anomaly detected: Unexpected message ID 95
2024-07-23 15:19:36,649 Message received: ID=1980, Data=bytearray(b'\x16')
2024-07-23 15:19:36,649 Anomaly detected: Unexpected message ID 1980
2024-07-23 15:19:36,752 Message received: ID=1385, Data=bytearray(b'&\x7f\xa4\xd0\xebd')
2024-07-23 15:19:36,752 Anomaly detected: Unexpected message ID 1385
2024-07-23 15:19:36,853 Message received: ID=1830, Data=bytearray(b'$\xc4\xcc')
2024-07-23 15:19:36,854 Anomaly detected: Unexpected message ID 1830
2024-07-23 15:19:36,955 Message received: ID=169, Data=bytearray(b'Q')
2024-07-23 15:19:36,955 Anomaly detected: Unexpected message ID 169
2024-07-23 15:19:37,057 Message received: ID=2022, Data=bytearray(b'gz\xb9\x1e')
2024-07-23 15:19:37,058 Anomaly detected: Unexpected message ID 2022
2024-07-23 15:19:37,158 Message received: ID=828, Data=bytearray(b'\x9f\t\x0e\xd2')
2024-07-23 15:19:37,158 Anomaly detected: Unexpected message ID 828
2024-07-23 15:19:37,259 Message received: ID=479, Data=bytearray(b'\xb9\x81#')
2024-07-23 15:19:37,259 Anomaly detected: Unexpected message ID 479
2024-07-23 15:19:37,361 Message received: ID=1362, Data=bytearray(b'\xab\x96SS\xd7\xb7')
2024-07-23 15:19:37,361 Anomaly detected: Unexpected message ID 1362
2024-07-23 15:19:37,463 Message received: ID=369, Data=bytearray(b'')
2024-07-23 15:19:37,463 Anomaly detected: Unexpected message ID 369
2024-07-23 15:19:37,565 Message received: ID=2026, Data=bytearray(b'\xc4\x9e\xb9U\x06\xa9')
2024-07-23 15:19:37,565 Anomaly detected: Unexpected message ID 2026
2024-07-23 15:19:37,667 Message received: ID=1679, Data=bytearray(b'\xb2\xdf')
2024-07-23 15:19:37,667 Anomaly detected: Unexpected message ID 1679
2024-07-23 15:19:37,770 Message received: ID=2007, Data=bytearray(b'\xcb\x9af|\xfa\xa6\xf5')
2024-07-23 15:19:37,770 Anomaly detected: Unexpected message ID 2007
2024-07-23 15:19:37,870 Message received: ID=432, Data=bytearray(b'')
2024-07-23 15:19:37,870 Anomaly detected: Unexpected message ID 432
2024-07-23 15:19:37,972 Message received: ID=1479, Data=bytearray(b'\xcf\xf3X\x17P#\x9a')
2024-07-23 15:19:37,972 Anomaly detected: Unexpected message ID 1479
2024-07-23 15:19:38,076 Message received: ID=865, Data=bytearray(b'\xfc\xa2-')
2024-07-23 15:19:38,076 Anomaly detected: Unexpected message ID 865
2024-07-23 15:19:38,180 Message received: ID=286, Data=bytearray(b'\xd9!\xeaM\xa9')
2024-07-23 15:19:38,180 Anomaly detected: Unexpected message ID 286
2024-07-23 15:19:38,288 Message received: ID=350, Data=bytearray(b'?7\xcf>\xd9')
2024-07-23 15:19:38,288 Anomaly detected: Unexpected message ID 350
2024-07-23 15:19:38,388 Message received: ID=1159, Data=bytearray(b'\xf8\xb2m')
2024-07-23 15:19:38,389 Anomaly detected: Unexpected message ID 1159
2024-07-23 15:19:38,491 Message received: ID=111, Data=bytearray(b'\x03')
2024-07-23 15:19:38,492 Anomaly detected: Unexpected message ID 111
2024-07-23 15:19:38,595 Message received: ID=1663, Data=bytearray(b'\x1e\xaf\xef\x17p\x0f')
2024-07-23 15:19:38,596 Anomaly detected: Unexpected message ID 1663
2024-07-23 15:19:38,697 Message received: ID=912, Data=bytearray(b'\x94\xd4')
2024-07-23 15:19:38,698 Anomaly detected: Unexpected message ID 912
2024-07-23 15:19:38,801 Message received: ID=251, Data=bytearray(b'mD\xa0\xcc&')
2024-07-23 15:19:38,801 Anomaly detected: Unexpected message ID 251
2024-07-23 15:19:38,902 Message received: ID=1364, Data=bytearray(b'p\x9f')
2024-07-23 15:19:38,902 Anomaly detected: Unexpected message ID 1364
2024-07-23 15:19:39,004 Message received: ID=1327, Data=bytearray(b'\xd1\xbf!\xe0j')
2024-07-23 15:19:39,004 Anomaly detected: Unexpected message ID 1327
2024-07-23 15:19:39,105 Message received: ID=1949, Data=bytearray(b'\xac{\x96;\xa82')
2024-07-23 15:19:39,105 Anomaly detected: Unexpected message ID 1949
2024-07-23 15:19:39,205 Message received: ID=2018, Data=bytearray(b'\xf5=\x97\xdd\x9c')
2024-07-23 15:19:39,206 Anomaly detected: Unexpected message ID 2018
2024-07-23 15:19:39,306 Message received: ID=1222, Data=bytearray(b'\x87`\x95#B')
2024-07-23 15:19:39,307 Anomaly detected: Unexpected message ID 1222
2024-07-23 15:19:39,409 Message received: ID=1273, Data=bytearray(b'\xfe\x93')
2024-07-23 15:19:39,410 Anomaly detected: Unexpected message ID 1273
2024-07-23 15:19:39,510 Message received: ID=605, Data=bytearray(b'\xa8V7\xfa')
2024-07-23 15:19:39,511 Anomaly detected: Unexpected message ID 605
2024-07-23 15:19:39,611 Message received: ID=1792, Data=bytearray(b'\xcf\xd1\x84\xc96\x95')
2024-07-23 15:19:39,611 Anomaly detected: Unexpected message ID 1792
2024-07-23 15:19:39,712 Message received: ID=1113, Data=bytearray(b'\n\xfa\xf9\xe1')
2024-07-23 15:19:39,712 Anomaly detected: Unexpected message ID 1113
2024-07-23 15:19:39,815 Message received: ID=596, Data=bytearray(b'\xffR\x82a\xda"')
2024-07-23 15:19:39,815 Anomaly detected: Unexpected message ID 596
2024-07-23 15:19:39,916 Message received: ID=769, Data=bytearray(b'\xea\xc3[')
2024-07-23 15:19:39,916 Anomaly detected: Unexpected message ID 769
2024-07-23 15:19:40,017 Message received: ID=1828, Data=bytearray(b"\x97F\'\x85\xae\xe8\xa1\xa5")
2024-07-23 15:19:40,017 Anomaly detected: Unexpected message ID 1828
2024-07-23 15:19:40,116 Message received: ID=1448, Data=bytearray(b'')
2024-07-23 15:19:40,117 Anomaly detected: Unexpected message ID 1448
2024-07-23 15:19:40,217 Message received: ID=147, Data=bytearray(b'$\x8f\x07$I')
2024-07-23 15:19:40,218 Anomaly detected: Unexpected message ID 147
2024-07-23 15:19:40,318 Message received: ID=153, Data=bytearray(b'\x15G')
2024-07-23 15:19:40,318 Anomaly detected: Unexpected message ID 153
2024-07-23 15:19:40,419 Message received: ID=1914, Data=bytearray(b'')
2024-07-23 15:19:40,419 Anomaly detected: Unexpected message ID 1914
2024-07-23 15:19:40,520 Message received: ID=1797, Data=bytearray(b'X\xb8V\xd6O')
2024-07-23 15:19:40,520 Anomaly detected: Unexpected message ID 1797
2024-07-23 15:19:40,620 Message received: ID=489, Data=bytearray(b'\xbe\xc2Z')
2024-07-23 15:19:40,620 Anomaly detected: Unexpected message ID 489
2024-07-23 15:19:40,721 Message received: ID=943, Data=bytearray(b'\xf7\x08')
2024-07-23 15:19:40,721 Anomaly detected: Unexpected message ID 943
2024-07-23 15:19:40,821 Message received: ID=1615, Data=bytearray(b'7')
2024-07-23 15:19:40,821 Anomaly detected: Unexpected message ID 1615
2024-07-23 15:19:40,923 Message received: ID=1069, Data=bytearray(b'f\xec\xc8q\x7f\xa0')
2024-07-23 15:19:40,923 Anomaly detected: Unexpected message ID 1069
2024-07-23 15:19:41,026 Message received: ID=1985, Data=bytearray(b'\xe9\xf9\x18\xbd\x13')
2024-07-23 15:19:41,026 Anomaly detected: Unexpected message ID 1985
2024-07-23 15:19:41,127 Message received: ID=1897, Data=bytearray(b'\xb7')
2024-07-23 15:19:41,127 Anomaly detected: Unexpected message ID 1897
2024-07-23 15:19:41,228 Message received: ID=246, Data=bytearray(b'/\xe3L')
2024-07-23 15:19:41,228 Anomaly detected: Unexpected message ID 246
2024-07-23 15:19:41,330 Message received: ID=1416, Data=bytearray(b'\xb2\\\xee\xf3')
2024-07-23 15:19:41,330 Anomaly detected: Unexpected message ID 1416
2024-07-23 15:19:41,431 Message received: ID=1912, Data=bytearray(b'\x8b\xfbJ\xe3.')
2024-07-23 15:19:41,432 Anomaly detected: Unexpected message ID 1912
2024-07-23 15:19:41,535 Message received: ID=1473, Data=bytearray(b'\xe1')
2024-07-23 15:19:41,536 Anomaly detected: Unexpected message ID 1473
2024-07-23 15:19:41,640 Message received: ID=1629, Data=bytearray(b'q\xf9\xa7\x1dj\xde\xc8\xa3')
2024-07-23 15:19:41,640 Anomaly detected: Unexpected message ID 1629
2024-07-23 15:19:41,741 Message received: ID=592, Data=bytearray(b'\xe3\xa4')
2024-07-23 15:19:41,741 Anomaly detected: Unexpected message ID 592
2024-07-23 15:19:41,847 Message received: ID=1708, Data=bytearray(b'\xb4\x1b(.')
2024-07-23 15:19:41,847 Anomaly detected: Unexpected message ID 1708
2024-07-23 15:19:41,948 Message received: ID=1350, Data=bytearray(b'\xdc\xc7"!!')
2024-07-23 15:19:41,948 Anomaly detected: Unexpected message ID 1350
2024-07-23 15:19:42,050 Message received: ID=385, Data=bytearray(b'\xc8\x95\x9c')
2024-07-23 15:19:42,050 Anomaly detected: Unexpected message ID 385
2024-07-23 15:19:42,152 Message received: ID=1220, Data=bytearray(b'/\xc6?i\xcfB\x14')
2024-07-23 15:19:42,153 Anomaly detected: Unexpected message ID 1220
2024-07-23 15:19:42,254 Message received: ID=1810, Data=bytearray(b'@')
2024-07-23 15:19:42,254 Anomaly detected: Unexpected message ID 1810
2024-07-23 15:19:42,355 Message received: ID=664, Data=bytearray(b'\xff\xca\xae\xd2')
2024-07-23 15:19:42,355 Anomaly detected: Unexpected message ID 664
2024-07-23 15:19:42,457 Message received: ID=1368, Data=bytearray(b'\xf4GT\xdaPs')
2024-07-23 15:19:42,458 Anomaly detected: Unexpected message ID 1368
2024-07-23 15:19:42,558 Message received: ID=152, Data=bytearray(b'\xf3\xa8\x127\x9f')
2024-07-23 15:19:42,558 Anomaly detected: Unexpected message ID 152
2024-07-23 15:19:42,660 Message received: ID=9, Data=bytearray(b'\xe5\xb6R4.\x10')
2024-07-23 15:19:42,660 Anomaly detected: Unexpected message ID 9
2024-07-23 15:19:42,761 Message received: ID=1847, Data=bytearray(b'D\xbe')
2024-07-23 15:19:42,761 Anomaly detected: Unexpected message ID 1847
2024-07-23 15:19:42,864 Message received: ID=843, Data=bytearray(b'\xb1Y\xa8\xfc\xfc<4\x0c')
2024-07-23 15:19:42,865 Anomaly detected: Unexpected message ID 843
2024-07-23 15:19:42,966 Message received: ID=990, Data=bytearray(b'\xfe\x11\xcf\xba\xb8\xb0\xbd\xe6')
2024-07-23 15:19:42,966 Anomaly detected: Unexpected message ID 990
2024-07-23 15:19:43,068 Message received: ID=1719, Data=bytearray(b'\x82*\xe9\xe8')
2024-07-23 15:19:43,069 Anomaly detected: Unexpected message ID 1719
2024-07-23 15:19:43,171 Message received: ID=1250, Data=bytearray(b'\x81C\xe8\xca\xd5S\xe1\xf3')
2024-07-23 15:19:43,171 Anomaly detected: Unexpected message ID 1250
2024-07-23 15:19:43,273 Message received: ID=1790, Data=bytearray(b"\x98\'\x01hG\x1c\x1d")
2024-07-23 15:19:43,273 Anomaly detected: Unexpected message ID 1790
2024-07-23 15:19:43,378 Message received: ID=60, Data=bytearray(b'')
2024-07-23 15:19:43,378 Anomaly detected: Unexpected message ID 60
2024-07-23 15:19:43,478 Message received: ID=19, Data=bytearray(b'\x02\x1fkh ')
2024-07-23 15:19:43,479 Anomaly detected: Unexpected message ID 19
2024-07-23 15:19:43,578 Message received: ID=345, Data=bytearray(b'\x06\x93')
2024-07-23 15:19:43,578 Anomaly detected: Unexpected message ID 345
2024-07-23 15:19:43,680 Message received: ID=1980, Data=bytearray(b'\xdd\x98\n\x81')
2024-07-23 15:19:43,680 Anomaly detected: Unexpected message ID 1980
2024-07-23 15:19:43,780 Message received: ID=1544, Data=bytearray(b'\xd8^\xd1')
2024-07-23 15:19:43,781 Anomaly detected: Unexpected message ID 1544
2024-07-23 15:19:43,882 Message received: ID=1201, Data=bytearray(b'4\xbd\x08\xfe\xfd')
2024-07-23 15:19:43,882 Anomaly detected: Unexpected message ID 1201
2024-07-23 15:19:43,983 Message received: ID=1196, Data=bytearray(b"\x97\xa0\'")
2024-07-23 15:19:43,983 Anomaly detected: Unexpected message ID 1196
2024-07-23 15:19:44,084 Message received: ID=492, Data=bytearray(b'\xd1\xfa\xfa\xc7\xb7\x8b')
2024-07-23 15:19:44,084 Anomaly detected: Unexpected message ID 492
2024-07-23 15:19:44,185 Message received: ID=1522, Data=bytearray(b'')
2024-07-23 15:19:44,185 Anomaly detected: Unexpected message ID 1522
2024-07-23 15:19:44,287 Message received: ID=33, Data=bytearray(b'')
2024-07-23 15:19:44,287 Anomaly detected: Unexpected message ID 33
2024-07-23 15:19:44,388 Message received: ID=720, Data=bytearray(b'\xda\x02\x12\xfan\xdaSA')
2024-07-23 15:19:44,388 Anomaly detected: Unexpected message ID 720
2024-07-23 15:19:44,489 Message received: ID=894, Data=bytearray(b"\xb5\x96j\x12\xc4\'\xf5\xdd")
2024-07-23 15:19:44,489 Anomaly detected: Unexpected message ID 894
2024-07-23 15:19:44,590 Message received: ID=1754, Data=bytearray(b'\xdfL8L')
2024-07-23 15:19:44,590 Anomaly detected: Unexpected message ID 1754
2024-07-23 15:19:44,690 Message received: ID=1288, Data=bytearray(b'j')
2024-07-23 15:19:44,691 Anomaly detected: Unexpected message ID 1288
2024-07-23 15:19:44,792 Message received: ID=1686, Data=bytearray(b'z<\xb9')
2024-07-23 15:19:44,792 Anomaly detected: Unexpected message ID 1686
2024-07-23 15:19:44,894 Message received: ID=1322, Data=bytearray(b'\x0cl')
2024-07-23 15:19:44,894 Anomaly detected: Unexpected message ID 1322
2024-07-23 15:19:44,996 Message received: ID=1622, Data=bytearray(b'/5=')
2024-07-23 15:19:44,996 Anomaly detected: Unexpected message ID 1622
2024-07-23 15:19:45,099 Message received: ID=1159, Data=bytearray(b'\xa5\x92\xd8')
2024-07-23 15:19:45,099 Anomaly detected: Unexpected message ID 1159
2024-07-23 15:19:45,200 Message received: ID=1899, Data=bytearray(b'\xd1"\xf3`\xd96')
2024-07-23 15:19:45,201 Anomaly detected: Unexpected message ID 1899
2024-07-23 15:19:45,301 Message received: ID=731, Data=bytearray(b'f\xf2\xac')
2024-07-23 15:19:45,301 Anomaly detected: Unexpected message ID 731
2024-07-23 15:19:45,403 Message received: ID=1297, Data=bytearray(b'\x05\xbaP\x87S')
2024-07-23 15:19:45,403 Anomaly detected: Unexpected message ID 1297
2024-07-23 15:19:45,506 Message received: ID=1613, Data=bytearray(b'')
2024-07-23 15:19:45,506 Anomaly detected: Unexpected message ID 1613
2024-07-23 15:19:45,608 Message received: ID=1767, Data=bytearray(b'm\xf5\x05\xdd\xe0')
2024-07-23 15:19:45,608 Anomaly detected: Unexpected message ID 1767
2024-07-23 15:19:45,711 Message received: ID=332, Data=bytearray(b'\\<\xf0zu0Y')
2024-07-23 15:19:45,711 Anomaly detected: Unexpected message ID 332
2024-07-23 15:19:45,816 Message received: ID=289, Data=bytearray(b'\xcf{W\x88')
2024-07-23 15:19:45,816 Anomaly detected: Unexpected message ID 289
2024-07-23 15:19:45,916 Message received: ID=254, Data=bytearray(b'\x89\xa24')
2024-07-23 15:19:45,917 Anomaly detected: Unexpected message ID 254
2024-07-23 15:19:46,018 Message received: ID=1172, Data=bytearray(b'\xb5\x0c')
2024-07-23 15:19:46,018 Anomaly detected: Unexpected message ID 1172
2024-07-23 15:19:46,120 Message received: ID=1166, Data=bytearray(b'\x01\x11\x8d\xeeU')
2024-07-23 15:19:46,120 Anomaly detected: Unexpected message ID 1166
2024-07-23 15:19:46,221 Message received: ID=672, Data=bytearray(b'\xd6J\x84a\x8dW')
2024-07-23 15:19:46,221 Anomaly detected: Unexpected message ID 672
2024-07-23 15:19:46,323 Message received: ID=1130, Data=bytearray(b'')
2024-07-23 15:19:46,323 Anomaly detected: Unexpected message ID 1130
2024-07-23 15:19:46,428 Message received: ID=575, Data=bytearray(b'')
2024-07-23 15:19:46,428 Anomaly detected: Unexpected message ID 575
2024-07-23 15:19:46,530 Message received: ID=860, Data=bytearray(b'<G.\xc11B\xa3')
2024-07-23 15:19:46,530 Anomaly detected: Unexpected message ID 860
2024-07-23 15:19:46,631 Message received: ID=1259, Data=bytearray(b'.\xf4\xdeA\xfeS')
2024-07-23 15:19:46,632 Anomaly detected: Unexpected message ID 1259
2024-07-23 15:19:46,733 Message received: ID=1685, Data=bytearray(b'\x95\x98f\xbfR')
2024-07-23 15:19:46,734 Anomaly detected: Unexpected message ID 1685
2024-07-23 15:19:46,837 Message received: ID=973, Data=bytearray(b'W;')
2024-07-23 15:19:46,837 Anomaly detected: Unexpected message ID 973
2024-07-23 15:19:46,938 Message received: ID=844, Data=bytearray(b'<\xe6_\xa1\x87i\xef')
2024-07-23 15:19:46,938 Anomaly detected: Unexpected message ID 844
2024-07-23 15:19:47,039 Message received: ID=991, Data=bytearray(b'\xd9e\xed\xea5zq\x97')
2024-07-23 15:19:47,039 Anomaly detected: Unexpected message ID 991
2024-07-23 15:19:47,140 Message received: ID=671, Data=bytearray(b'\xc0\xdf#b')
2024-07-23 15:19:47,140 Anomaly detected: Unexpected message ID 671
2024-07-23 15:19:47,242 Message received: ID=1606, Data=bytearray(b'\xc7\xddN\x00\xa4c[')
2024-07-23 15:19:47,242 Anomaly detected: Unexpected message ID 1606
2024-07-23 15:19:47,347 Message received: ID=854, Data=bytearray(b'\r\xd0')
2024-07-23 15:19:47,347 Anomaly detected: Unexpected message ID 854
2024-07-23 15:19:47,448 Message received: ID=704, Data=bytearray(b'\xba\xec\x1d\x88')
2024-07-23 15:19:47,448 Anomaly detected: Unexpected message ID 704
2024-07-23 15:19:47,550 Message received: ID=1040, Data=bytearray(b'5\xc1\xf5\xa7z\xbe\x02\xa0')
2024-07-23 15:19:47,551 Anomaly detected: Unexpected message ID 1040
2024-07-23 15:19:47,651 Message received: ID=58, Data=bytearray(b'\xdb\xdd3I\x19\xc4\x04\x86')
2024-07-23 15:19:47,652 Anomaly detected: Unexpected message ID 58
2024-07-23 15:19:47,752 Message received: ID=1894, Data=bytearray(b'T-\x1d8\xf7')
2024-07-23 15:19:47,753 Anomaly detected: Unexpected message ID 1894
2024-07-23 15:19:47,853 Message received: ID=1202, Data=bytearray(b'\xbb\xda')
2024-07-23 15:19:47,853 Anomaly detected: Unexpected message ID 1202
2024-07-23 15:19:47,955 Message received: ID=1813, Data=bytearray(b'\x81\xfc\x02\xee')
2024-07-23 15:19:47,955 Anomaly detected: Unexpected message ID 1813
2024-07-23 15:19:48,057 Message received: ID=930, Data=bytearray(b'\xd1\x9d\t%\xf2')
2024-07-23 15:19:48,057 Anomaly detected: Unexpected message ID 930
2024-07-23 15:19:48,158 Message received: ID=1318, Data=bytearray(b'\xb7')
2024-07-23 15:19:48,158 Anomaly detected: Unexpected message ID 1318
2024-07-23 15:19:48,260 Message received: ID=408, Data=bytearray(b'\x9bh\xc8\xd8+A)a')
2024-07-23 15:19:48,261 Anomaly detected: Unexpected message ID 408
2024-07-23 15:19:48,362 Message received: ID=1771, Data=bytearray(b'gB\xe7bp\xde\xa5\xb0')
2024-07-23 15:19:48,368 Anomaly detected: Unexpected message ID 1771
2024-07-23 15:19:48,462 Message received: ID=153, Data=bytearray(b'z\x10')
2024-07-23 15:19:48,463 Anomaly detected: Unexpected message ID 153
2024-07-23 15:19:48,564 Message received: ID=1084, Data=bytearray(b'\xa6\xdf\xb7G\xac\xa0k')
2024-07-23 15:19:48,565 Anomaly detected: Unexpected message ID 1084
2024-07-23 15:19:48,664 Message received: ID=772, Data=bytearray(b',')
2024-07-23 15:19:48,665 Anomaly detected: Unexpected message ID 772
2024-07-23 15:19:48,770 Message received: ID=261, Data=bytearray(b'\xafj\xf3')
2024-07-23 15:19:48,770 Anomaly detected: Unexpected message ID 261
2024-07-23 15:19:48,867 Message received: ID=1575, Data=bytearray(b"{L\x00\'\x95\x13<")
2024-07-23 15:19:48,868 Anomaly detected: Unexpected message ID 1575
2024-07-23 15:19:48,968 Message received: ID=1783, Data=bytearray(b'\xc4\n5+\xb1(')
2024-07-23 15:19:48,968 Anomaly detected: Unexpected message ID 1783
2024-07-23 15:19:49,068 Message received: ID=42, Data=bytearray(b'')
2024-07-23 15:19:49,068 Anomaly detected: Unexpected message ID 42
2024-07-23 15:19:49,170 Message received: ID=1865, Data=bytearray(b'*\x03\xd6\xb2|\x1d[\xe4')
2024-07-23 15:19:49,170 Anomaly detected: Unexpected message ID 1865
2024-07-23 15:19:49,272 Message received: ID=115, Data=bytearray(b'9')
2024-07-23 15:19:49,272 Anomaly detected: Unexpected message ID 115
2024-07-23 15:19:49,374 Message received: ID=1987, Data=bytearray(b'\xfc\x9c8\x8d*\xf3\xb8\x00')
2024-07-23 15:19:49,374 Anomaly detected: Unexpected message ID 1987
2024-07-23 15:19:49,475 Message received: ID=769, Data=bytearray(b':\t\x8a\x1f')
2024-07-23 15:19:49,475 Anomaly detected: Unexpected message ID 769
2024-07-23 15:19:49,576 Message received: ID=1140, Data=bytearray(b'\xe0\x94+')
2024-07-23 15:19:49,576 Anomaly detected: Unexpected message ID 1140
2024-07-23 15:19:49,677 Message received: ID=1374, Data=bytearray(b'\x94\xaf\x01}j\x135j')
2024-07-23 15:19:49,677 Anomaly detected: Unexpected message ID 1374
2024-07-23 15:19:49,779 Message received: ID=14, Data=bytearray(b"x\x93\'")
2024-07-23 15:19:49,779 Anomaly detected: Unexpected message ID 14
2024-07-23 15:19:49,881 Message received: ID=590, Data=bytearray(b'\x02\xcb')
2024-07-23 15:19:49,881 Anomaly detected: Unexpected message ID 590
2024-07-23 15:19:49,982 Message received: ID=190, Data=bytearray(b"\x19\xb9<\x9b\xb1\xdb\'\xf1")
2024-07-23 15:19:49,982 Anomaly detected: Unexpected message ID 190
2024-07-23 15:19:50,083 Message received: ID=971, Data=bytearray(b'\x03)\xb3')
2024-07-23 15:19:50,083 Anomaly detected: Unexpected message ID 971
2024-07-23 15:19:50,183 Message received: ID=1146, Data=bytearray(b'')
2024-07-23 15:19:50,184 Anomaly detected: Unexpected message ID 1146
2024-07-23 15:19:50,285 Message received: ID=1394, Data=bytearray(b'')
2024-07-23 15:19:50,285 Anomaly detected: Unexpected message ID 1394
2024-07-23 15:19:50,386 Message received: ID=750, Data=bytearray(b'')
2024-07-23 15:19:50,387 Anomaly detected: Unexpected message ID 750
2024-07-23 15:19:50,487 Message received: ID=737, Data=bytearray(b'')
2024-07-23 15:19:50,487 Anomaly detected: Unexpected message ID 737
2024-07-23 15:19:50,588 Message received: ID=1130, Data=bytearray(b'\xa1\xa6\xf6')
2024-07-23 15:19:50,588 Anomaly detected: Unexpected message ID 1130
2024-07-23 15:19:50,689 Message received: ID=545, Data=bytearray(b'c\xc2H\xeez')
2024-07-23 15:19:50,689 Anomaly detected: Unexpected message ID 545
2024-07-23 15:19:50,793 Message received: ID=1317, Data=bytearray(b'\xb0\xe0\x91')
2024-07-23 15:19:50,794 Anomaly detected: Unexpected message ID 1317
2024-07-23 15:19:50,894 Message received: ID=1770, Data=bytearray(b'0\xaa')
2024-07-23 15:19:50,895 Anomaly detected: Unexpected message ID 1770
2024-07-23 15:19:50,995 Message received: ID=29, Data=bytearray(b'\xea\x07\xf0k\xb7\x13')
2024-07-23 15:19:50,996 Anomaly detected: Unexpected message ID 29
2024-07-23 15:19:51,096 Message received: ID=1786, Data=bytearray(b'\x7f\xb3')
2024-07-23 15:19:51,096 Anomaly detected: Unexpected message ID 1786
2024-07-23 15:19:51,197 Message received: ID=1087, Data=bytearray(b';\xe5B')
2024-07-23 15:19:51,197 Anomaly detected: Unexpected message ID 1087
2024-07-23 15:19:51,299 Message received: ID=1765, Data=bytearray(b'\xce\xc7\xfd\xbf\xf5\x81\xd6\xdb')
2024-07-23 15:19:51,299 Anomaly detected: Unexpected message ID 1765
2024-07-23 15:19:51,400 Message received: ID=1206, Data=bytearray(b'\xf2\x08WJf')
2024-07-23 15:19:51,400 Anomaly detected: Unexpected message ID 1206
2024-07-23 15:19:51,502 Message received: ID=1373, Data=bytearray(b'9\x0bg')
2024-07-23 15:19:51,502 Anomaly detected: Unexpected message ID 1373
2024-07-23 15:19:51,602 Message received: ID=249, Data=bytearray(b'\x91')
2024-07-23 15:19:51,602 Anomaly detected: Unexpected message ID 249
2024-07-23 15:19:51,704 Message received: ID=1451, Data=bytearray(b'\xd4\x03\xcaC\x04')
2024-07-23 15:19:51,704 Anomaly detected: Unexpected message ID 1451
2024-07-23 15:19:51,805 Message received: ID=908, Data=bytearray(b'\xd9Y\xbfa\x87')
2024-07-23 15:19:51,806 Anomaly detected: Unexpected message ID 908
2024-07-23 15:19:51,907 Message received: ID=958, Data=bytearray(b'E\xd6H\xb8\t\x05')
2024-07-23 15:19:51,907 Anomaly detected: Unexpected message ID 958
2024-07-23 15:19:52,008 Message received: ID=1032, Data=bytearray(b"S\xd9\x0e\x0f<\x84\'")
2024-07-23 15:19:52,009 Anomaly detected: Unexpected message ID 1032
2024-07-23 15:19:52,109 Message received: ID=1404, Data=bytearray(b'"b8\xcd')
2024-07-23 15:19:52,109 Anomaly detected: Unexpected message ID 1404
2024-07-23 15:19:52,211 Message received: ID=873, Data=bytearray(b'\x8d\x0f\xcc\x8d\x84\x99\xfb\xf6')
2024-07-23 15:19:52,213 Anomaly detected: Unexpected message ID 873
2024-07-23 15:19:52,313 Message received: ID=1122, Data=bytearray(b'P"\x89<S\x8c\xb0\x98')
2024-07-23 15:19:52,315 Anomaly detected: Unexpected message ID 1122
2024-07-23 15:19:52,412 Message received: ID=524, Data=bytearray(b'')
2024-07-23 15:19:52,415 Anomaly detected: Unexpected message ID 524
2024-07-23 15:19:52,516 Message received: ID=836, Data=bytearray(b'p\xb6')
2024-07-23 15:19:52,516 Anomaly detected: Unexpected message ID 836
2024-07-23 15:19:52,620 Message received: ID=1683, Data=bytearray(b'\xe9')
2024-07-23 15:19:52,621 Anomaly detected: Unexpected message ID 1683
2024-07-23 15:19:52,721 Message received: ID=124, Data=bytearray(b'\x05\xa2L\xd4\xac\r\xa9\xb8')
2024-07-23 15:19:52,722 Anomaly detected: Unexpected message ID 124
2024-07-23 15:19:52,824 Message received: ID=784, Data=bytearray(b'\x12\x19\xe6\x9c')
2024-07-23 15:19:52,825 Anomaly detected: Unexpected message ID 784
2024-07-23 15:19:52,926 Message received: ID=1710, Data=bytearray(b'!Y\xa8\xf0 \xba\xc6>')
2024-07-23 15:19:52,927 Anomaly detected: Unexpected message ID 1710
2024-07-23 15:19:53,025 Message received: ID=1031, Data=bytearray(b'')
2024-07-23 15:19:53,025 Anomaly detected: Unexpected message ID 1031
2024-07-23 15:19:53,125 Message received: ID=1040, Data=bytearray(b'V\xec\xc5')
2024-07-23 15:19:53,126 Anomaly detected: Unexpected message ID 1040
2024-07-23 15:19:53,226 Message received: ID=996, Data=bytearray(b'\x84\x99h')
2024-07-23 15:19:53,227 Anomaly detected: Unexpected message ID 996
2024-07-23 15:19:53,328 Message received: ID=1094, Data=bytearray(b'm\xbd\x1e\xb9\xdb\x88')
2024-07-23 15:19:53,328 Anomaly detected: Unexpected message ID 1094
2024-07-23 15:19:53,429 Message received: ID=993, Data=bytearray(b'\tA\xcf\xa3\x11')
2024-07-23 15:19:53,429 Anomaly detected: Unexpected message ID 993
2024-07-23 15:19:53,529 Message received: ID=1697, Data=bytearray(b'\xe0\x86')
2024-07-23 15:19:53,529 Anomaly detected: Unexpected message ID 1697
2024-07-23 15:19:53,630 Message received: ID=1381, Data=bytearray(b'\xa6A\xf0')
2024-07-23 15:19:53,631 Anomaly detected: Unexpected message ID 1381
2024-07-23 15:19:53,732 Message received: ID=645, Data=bytearray(b'\x8b\x100\xf2')
2024-07-23 15:19:53,732 Anomaly detected: Unexpected message ID 645
2024-07-23 15:19:53,833 Message received: ID=687, Data=bytearray(b'')
2024-07-23 15:19:53,833 Anomaly detected: Unexpected message ID 687
2024-07-23 15:19:53,935 Message received: ID=1973, Data=bytearray(b'&\x80\xe9-\x00\xa0')
2024-07-23 15:19:53,936 Anomaly detected: Unexpected message ID 1973
2024-07-23 15:19:54,040 Message received: ID=1169, Data=bytearray(b"\'*%\xee\x8d")
2024-07-23 15:19:54,041 Anomaly detected: Unexpected message ID 1169
2024-07-23 15:19:54,146 Message received: ID=1962, Data=bytearray(b'\x10(\x84\x8e~\xff\xcf\xd1')
2024-07-23 15:19:54,146 Anomaly detected: Unexpected message ID 1962
2024-07-23 15:19:54,269 Message received: ID=1460, Data=bytearray(b'+')
2024-07-23 15:19:54,270 Anomaly detected: Unexpected message ID 1460
2024-07-23 15:19:54,371 Message received: ID=1669, Data=bytearray(b'\xa6{i')
2024-07-23 15:19:54,371 Anomaly detected: Unexpected message ID 1669
2024-07-23 15:19:54,473 Message received: ID=1142, Data=bytearray(b'7')
2024-07-23 15:19:54,473 Anomaly detected: Unexpected message ID 1142
2024-07-23 15:19:54,575 Message received: ID=766, Data=bytearray(b'R ')
2024-07-23 15:19:54,575 Anomaly detected: Unexpected message ID 766
2024-07-23 15:19:54,676 Message received: ID=497, Data=bytearray(b'')
2024-07-23 15:19:54,676 Anomaly detected: Unexpected message ID 497
2024-07-23 15:19:54,778 Message received: ID=1643, Data=bytearray(b'\x8a\x1c')
2024-07-23 15:19:54,778 Anomaly detected: Unexpected message ID 1643
2024-07-23 15:19:54,879 Message received: ID=1704, Data=bytearray(b'\x84\xde')
2024-07-23 15:19:54,879 Anomaly detected: Unexpected message ID 1704
2024-07-23 15:19:54,982 Message received: ID=1878, Data=bytearray(b'\x8e\xa4L\xe9(I\xed\xc6')
2024-07-23 15:19:54,982 Anomaly detected: Unexpected message ID 1878
2024-07-23 15:19:55,082 Message received: ID=1947, Data=bytearray(b'F')
2024-07-23 15:19:55,082 Anomaly detected: Unexpected message ID 1947
2024-07-23 15:19:55,184 Message received: ID=799, Data=bytearray(b'\n\xa7\xf2\xf2p\xe4\x14l')
2024-07-23 15:19:55,184 Anomaly detected: Unexpected message ID 799
2024-07-23 15:19:55,285 Message received: ID=1907, Data=bytearray(b's\xd6H\xa19i')
2024-07-23 15:19:55,285 Anomaly detected: Unexpected message ID 1907
2024-07-23 15:19:55,386 Message received: ID=1289, Data=bytearray(b'Q\xb3\x90^')
2024-07-23 15:19:55,386 Anomaly detected: Unexpected message ID 1289
2024-07-23 15:19:55,488 Message received: ID=1915, Data=bytearray(b'\xf7\xd1')
2024-07-23 15:19:55,488 Anomaly detected: Unexpected message ID 1915
2024-07-23 15:19:55,590 Message received: ID=81, Data=bytearray(b'=\x1eF\xc3|\xb0')
2024-07-23 15:19:55,590 Anomaly detected: Unexpected message ID 81
2024-07-23 15:20:00,151 Created a socket
2024-07-23 15:20:00,163 Message received: ID=1200, Data=bytearray(b'z6\x80')
2024-07-23 15:20:00,165 Anomaly detected: Unexpected message ID 1200
2024-07-23 15:20:00,262 Message received: ID=214, Data=bytearray(b'\xda[\x9d')
2024-07-23 15:20:00,263 Anomaly detected: Unexpected message ID 214
2024-07-23 15:20:00,364 Message received: ID=873, Data=bytearray(b'\xd3{\xf3')
2024-07-23 15:20:00,364 Anomaly detected: Unexpected message ID 873
2024-07-23 15:20:00,466 Message received: ID=713, Data=bytearray(b'\xac8\xcf\xa4')
2024-07-23 15:20:00,466 Anomaly detected: Unexpected message ID 713
2024-07-23 15:20:00,568 Message received: ID=1503, Data=bytearray(b'>\x9ec\x1d\xca=\xfb')
2024-07-23 15:20:00,568 Anomaly detected: Unexpected message ID 1503
2024-07-23 15:20:00,671 Message received: ID=1819, Data=bytearray(b'\xf6\x9a\xf5')
2024-07-23 15:20:00,671 Anomaly detected: Unexpected message ID 1819
2024-07-23 15:20:00,773 Message received: ID=1861, Data=bytearray(b'\xe5\xaa\xdb\xd0\xcc\x97\x86\xda')
2024-07-23 15:20:00,773 Anomaly detected: Unexpected message ID 1861
2024-07-23 15:20:00,879 Message received: ID=67, Data=bytearray(b'')
2024-07-23 15:20:00,879 Anomaly detected: Unexpected message ID 67
2024-07-23 15:20:00,979 Message received: ID=474, Data=bytearray(b'')
2024-07-23 15:20:00,980 Anomaly detected: Unexpected message ID 474
2024-07-23 15:20:01,080 Message received: ID=423, Data=bytearray(b'')
2024-07-23 15:20:01,080 Anomaly detected: Unexpected message ID 423
2024-07-23 15:20:01,181 Message received: ID=1194, Data=bytearray(b'V\x95x')
2024-07-23 15:20:01,182 Anomaly detected: Unexpected message ID 1194
2024-07-23 15:20:01,284 Message received: ID=761, Data=bytearray(b'w\xa2\xbb,-\xb4')
2024-07-23 15:20:01,284 Anomaly detected: Unexpected message ID 761
2024-07-23 15:20:01,385 Message received: ID=1755, Data=bytearray(b'$\xc6x\x99\t')
2024-07-23 15:20:01,386 Anomaly detected: Unexpected message ID 1755
2024-07-23 15:20:01,486 Message received: ID=888, Data=bytearray(b'')
2024-07-23 15:20:01,486 Anomaly detected: Unexpected message ID 888
2024-07-23 15:20:01,589 Message received: ID=1181, Data=bytearray(b'\xce\xd9\x0c\xb7')
2024-07-23 15:20:01,591 Anomaly detected: Unexpected message ID 1181
2024-07-23 15:20:01,688 Message received: ID=132, Data=bytearray(b'\x97\xe7\x9a\x13\x9a')
2024-07-23 15:20:01,688 Anomaly detected: Unexpected message ID 132
2024-07-23 15:20:01,789 Message received: ID=482, Data=bytearray(b'KL\xfc')
2024-07-23 15:20:01,790 Anomaly detected: Unexpected message ID 482
2024-07-23 15:20:01,893 Message received: ID=207, Data=bytearray(b'\x98s\xf2\x91\xfc\xcf\xe8R')
2024-07-23 15:20:01,893 Anomaly detected: Unexpected message ID 207
2024-07-23 15:20:01,991 Message received: ID=840, Data=bytearray(b'\xdb')
2024-07-23 15:20:01,992 Anomaly detected: Unexpected message ID 840
2024-07-23 15:20:02,093 Message received: ID=1468, Data=bytearray(b' ')
2024-07-23 15:20:02,094 Anomaly detected: Unexpected message ID 1468
2024-07-23 15:20:02,194 Message received: ID=1822, Data=bytearray(b'X\xbd')
2024-07-23 15:20:02,196 Anomaly detected: Unexpected message ID 1822
2024-07-23 15:20:02,295 Message received: ID=1121, Data=bytearray(b'\xd5o+\xf6\xa2')
2024-07-23 15:20:02,297 Anomaly detected: Unexpected message ID 1121
2024-07-23 15:20:02,399 Message received: ID=1697, Data=bytearray(b'')
2024-07-23 15:20:02,426 Anomaly detected: Unexpected message ID 1697
2024-07-23 15:20:02,501 Message received: ID=1915, Data=bytearray(b'\x8d"9\xfd\xe4')
2024-07-23 15:20:02,501 Anomaly detected: Unexpected message ID 1915
2024-07-23 15:20:02,606 Message received: ID=1674, Data=bytearray(b'(\x9a\x15/\x89\xf2\xd0')
2024-07-23 15:20:02,607 Anomaly detected: Unexpected message ID 1674
2024-07-23 15:20:02,706 Message received: ID=1568, Data=bytearray(b'b\xbe\xd3')
2024-07-23 15:20:02,710 Anomaly detected: Unexpected message ID 1568
2024-07-23 15:20:02,808 Message received: ID=505, Data=bytearray(b'\r\xde\x8a\xfb')
2024-07-23 15:20:02,809 Anomaly detected: Unexpected message ID 505
2024-07-23 15:20:02,914 Message received: ID=1176, Data=bytearray(b'|\xda\xde\xc2\xdc\xfd`\xaf')
2024-07-23 15:20:02,915 Anomaly detected: Unexpected message ID 1176
2024-07-23 15:20:03,048 Message received: ID=1482, Data=bytearray(b'\x1a')
2024-07-23 15:20:03,049 Anomaly detected: Unexpected message ID 1482
2024-07-23 15:20:03,112 Message received: ID=1570, Data=bytearray(b'\xb4')
2024-07-23 15:20:03,113 Anomaly detected: Unexpected message ID 1570
2024-07-23 15:20:03,216 Message received: ID=1672, Data=bytearray(b'{\x07\xc2\xf2x')
2024-07-23 15:20:03,217 Anomaly detected: Unexpected message ID 1672
2024-07-23 15:20:03,321 Message received: ID=35, Data=bytearray(b'\t\x01\xe6#d')
2024-07-23 15:20:03,322 Anomaly detected: Unexpected message ID 35
2024-07-23 15:20:03,420 Message received: ID=535, Data=bytearray(b'\xf1;\xc0>')
2024-07-23 15:20:03,421 Anomaly detected: Unexpected message ID 535
2024-07-23 15:20:03,523 Message received: ID=555, Data=bytearray(b'S\x96\xdf')
2024-07-23 15:20:03,523 Anomaly detected: Unexpected message ID 555
2024-07-23 15:20:03,624 Message received: ID=603, Data=bytearray(b'\xde\x1c')
2024-07-23 15:20:03,624 Anomaly detected: Unexpected message ID 603
2024-07-23 15:20:03,727 Message received: ID=251, Data=bytearray(b'\x13\x00')
2024-07-23 15:20:03,728 Anomaly detected: Unexpected message ID 251
2024-07-23 15:20:03,828 Message received: ID=1443, Data=bytearray(b'\xc4&_,5(\xaa')
2024-07-23 15:20:03,828 Anomaly detected: Unexpected message ID 1443
2024-07-23 15:20:03,928 Message received: ID=773, Data=bytearray(b'\xf9\x83\x8e"y\xd9>')
2024-07-23 15:20:03,928 Anomaly detected: Unexpected message ID 773
2024-07-23 15:20:04,028 Message received: ID=1261, Data=bytearray(b'/')
2024-07-23 15:20:04,029 Anomaly detected: Unexpected message ID 1261
2024-07-23 15:20:04,129 Message received: ID=1006, Data=bytearray(b'\x03\x18:sQ+')
2024-07-23 15:20:04,130 Anomaly detected: Unexpected message ID 1006
2024-07-23 15:20:04,230 Message received: ID=565, Data=bytearray(b'\xe4')
2024-07-23 15:20:04,230 Anomaly detected: Unexpected message ID 565
2024-07-23 15:20:04,331 Message received: ID=1338, Data=bytearray(b'')
2024-07-23 15:20:04,331 Anomaly detected: Unexpected message ID 1338
2024-07-23 15:20:04,433 Message received: ID=1212, Data=bytearray(b'_\xe7%l;P\xb5\x8a')
2024-07-23 15:20:04,433 Anomaly detected: Unexpected message ID 1212
2024-07-23 15:20:04,534 Message received: ID=719, Data=bytearray(b'\x8b\xe5\xe4\xeb\x94L\xd9\x0e')
2024-07-23 15:20:04,534 Anomaly detected: Unexpected message ID 719
2024-07-23 15:20:04,635 Message received: ID=897, Data=bytearray(b'qc\x88\x85,\xfd')
2024-07-23 15:20:04,636 Anomaly detected: Unexpected message ID 897
2024-07-23 15:20:04,736 Message received: ID=1689, Data=bytearray(b'\xcc\x0f\x81\xb9')
2024-07-23 15:20:04,737 Anomaly detected: Unexpected message ID 1689
2024-07-23 15:20:04,839 Message received: ID=920, Data=bytearray(b'8\x14\xa3o')
2024-07-23 15:20:04,839 Anomaly detected: Unexpected message ID 920
2024-07-23 15:20:04,938 Message received: ID=276, Data=bytearray(b'')
2024-07-23 15:20:04,939 Anomaly detected: Unexpected message ID 276
2024-07-23 15:20:05,041 Message received: ID=866, Data=bytearray(b'g\x08Hg\xe4\xdf')
2024-07-23 15:20:05,041 Anomaly detected: Unexpected message ID 866
2024-07-23 15:20:05,142 Message received: ID=1841, Data=bytearray(b'sGX\x9d<y\x82')
2024-07-23 15:20:05,142 Anomaly detected: Unexpected message ID 1841
2024-07-23 15:20:05,242 Message received: ID=1791, Data=bytearray(b'*\x87\xfc\x8dW\xc7w\xbf')
2024-07-23 15:20:05,242 Anomaly detected: Unexpected message ID 1791
2024-07-23 15:20:05,343 Message received: ID=2005, Data=bytearray(b'\xecL\xa4\xb1\xe5\xb6')
2024-07-23 15:20:05,343 Anomaly detected: Unexpected message ID 2005
2024-07-23 15:20:05,444 Message received: ID=1598, Data=bytearray(b'')
2024-07-23 15:20:05,444 Anomaly detected: Unexpected message ID 1598
2024-07-23 15:20:05,547 Message received: ID=740, Data=bytearray(b'')
2024-07-23 15:20:05,547 Anomaly detected: Unexpected message ID 740
2024-07-23 15:20:05,651 Message received: ID=1632, Data=bytearray(b'\x99\xb1\x03\xeb')
2024-07-23 15:20:05,651 Anomaly detected: Unexpected message ID 1632
2024-07-23 15:20:05,753 Message received: ID=660, Data=bytearray(b'\xf4,\xf1\xab')
2024-07-23 15:20:05,753 Anomaly detected: Unexpected message ID 660
2024-07-23 15:20:05,858 Message received: ID=250, Data=bytearray(b'\xad')
2024-07-23 15:20:05,858 Anomaly detected: Unexpected message ID 250
2024-07-23 15:20:05,960 Message received: ID=1455, Data=bytearray(b'\xdb\x8de3\x800\xb0\xbc')
2024-07-23 15:20:05,961 Anomaly detected: Unexpected message ID 1455
2024-07-23 15:20:06,064 Message received: ID=829, Data=bytearray(b'\x02a\xb1')
2024-07-23 15:20:06,064 Anomaly detected: Unexpected message ID 829
2024-07-23 15:20:06,166 Message received: ID=291, Data=bytearray(b'\xf1\xb2\xc6lX\xf1')
2024-07-23 15:20:06,167 Anomaly detected: Unexpected message ID 291
2024-07-23 15:20:06,268 Message received: ID=638, Data=bytearray(b'\x16\x05')
2024-07-23 15:20:06,268 Anomaly detected: Unexpected message ID 638
2024-07-23 15:20:06,370 Message received: ID=1487, Data=bytearray(b'\xb7\xacF\xe3\xb9\x1b')
2024-07-23 15:20:06,370 Anomaly detected: Unexpected message ID 1487
2024-07-23 15:20:06,472 Message received: ID=1218, Data=bytearray(b'\x92\x9e\x99\x14\xfb\x8f\xfc')
2024-07-23 15:20:06,473 Anomaly detected: Unexpected message ID 1218
2024-07-23 15:20:06,573 Message received: ID=600, Data=bytearray(b'\xfd')
2024-07-23 15:20:06,574 Anomaly detected: Unexpected message ID 600
2024-07-23 15:20:06,677 Message received: ID=782, Data=bytearray(b'\x8d~W\x97[\xcf')
2024-07-23 15:20:06,677 Anomaly detected: Unexpected message ID 782
2024-07-23 15:20:06,778 Message received: ID=1401, Data=bytearray(b'')
2024-07-23 15:20:06,778 Anomaly detected: Unexpected message ID 1401
2024-07-23 15:20:06,879 Message received: ID=259, Data=bytearray(b'\x98\xd8\xd6\x19\x11\x9f\x03')
2024-07-23 15:20:06,880 Anomaly detected: Unexpected message ID 259
2024-07-23 15:20:06,980 Message received: ID=1270, Data=bytearray(b'\x954\xc2?')
2024-07-23 15:20:06,980 Anomaly detected: Unexpected message ID 1270
2024-07-23 15:20:33,610 Created a socket
2024-07-23 15:20:33,634 Message received: ID=1901, Data=bytearray(b'\xccpN\x86\x9d\x85')
2024-07-23 15:20:33,635 Anomaly detected: Unexpected message ID 1901
2024-07-23 15:20:33,734 Message received: ID=934, Data=bytearray(b'\x9f\xcf\xb6E\x99\xc0!')
2024-07-23 15:20:33,735 Anomaly detected: Unexpected message ID 934
2024-07-23 15:20:33,835 Message received: ID=731, Data=bytearray(b'')
2024-07-23 15:20:33,835 Anomaly detected: Unexpected message ID 731
2024-07-23 15:20:33,936 Message received: ID=1449, Data=bytearray(b'\xcc\x8b/\x88\x043^\x1f')
2024-07-23 15:20:33,937 Anomaly detected: Unexpected message ID 1449
2024-07-23 15:20:34,037 Message received: ID=1870, Data=bytearray(b'\x12[')
2024-07-23 15:20:34,037 Anomaly detected: Unexpected message ID 1870
2024-07-23 15:20:34,139 Message received: ID=214, Data=bytearray(b'\x90wP')
2024-07-23 15:20:34,139 Anomaly detected: Unexpected message ID 214
2024-07-23 15:20:34,240 Message received: ID=1335, Data=bytearray(b'\xeb')
2024-07-23 15:20:34,240 Anomaly detected: Unexpected message ID 1335
2024-07-23 15:20:34,342 Message received: ID=817, Data=bytearray(b'T\xd0s')
2024-07-23 15:20:34,343 Anomaly detected: Unexpected message ID 817
2024-07-23 15:20:34,443 Message received: ID=401, Data=bytearray(b'\xe8\xa0\xbb\x18\x9b\r)')
2024-07-23 15:20:34,444 Anomaly detected: Unexpected message ID 401
2024-07-23 15:20:34,545 Message received: ID=1668, Data=bytearray(b'\x07\x8f\xdf\xc9q')
2024-07-23 15:20:34,545 Anomaly detected: Unexpected message ID 1668
2024-07-23 15:20:34,646 Message received: ID=1044, Data=bytearray(b'\xe3%s\x18\xbe')
2024-07-23 15:20:34,647 Anomaly detected: Unexpected message ID 1044
2024-07-23 15:20:34,748 Message received: ID=1845, Data=bytearray(b'f\xfe\xc0\xfc\x7fQ\xf7#')
2024-07-23 15:20:34,748 Anomaly detected: Unexpected message ID 1845
2024-07-23 15:20:34,849 Message received: ID=1703, Data=bytearray(b'\xd9v\x03\x81\x86\xa6')
2024-07-23 15:20:34,849 Anomaly detected: Unexpected message ID 1703
2024-07-23 15:20:34,949 Message received: ID=1996, Data=bytearray(b'')
2024-07-23 15:20:34,950 Anomaly detected: Unexpected message ID 1996
2024-07-23 15:20:35,050 Message received: ID=1721, Data=bytearray(b'\x01p\xce\xa3\x88')
2024-07-23 15:20:35,051 Anomaly detected: Unexpected message ID 1721
2024-07-23 15:20:35,152 Message received: ID=636, Data=bytearray(b"\'\x14\xf7@[\xaa")
2024-07-23 15:20:35,153 Anomaly detected: Unexpected message ID 636
2024-07-23 15:20:35,253 Message received: ID=1108, Data=bytearray(b'<;\x05k\xc1t')
2024-07-23 15:20:35,253 Anomaly detected: Unexpected message ID 1108
2024-07-23 15:20:35,354 Message received: ID=322, Data=bytearray(b'm\xa0\x87\xbc\xd3!;"')
2024-07-23 15:20:35,355 Anomaly detected: Unexpected message ID 322
2024-07-23 15:20:35,456 Message received: ID=1003, Data=bytearray(b'\x02U=\xe0\x1b\x08\xe5@')
2024-07-23 15:20:35,457 Anomaly detected: Unexpected message ID 1003
2024-07-23 15:20:35,557 Message received: ID=565, Data=bytearray(b';\xaf')
2024-07-23 15:20:35,557 Anomaly detected: Unexpected message ID 565
2024-07-23 15:20:35,659 Message received: ID=1188, Data=bytearray(b'')
2024-07-23 15:20:35,659 Anomaly detected: Unexpected message ID 1188
2024-07-23 15:20:35,761 Message received: ID=29, Data=bytearray(b')\x1cq\x84k')
2024-07-23 15:20:35,761 Anomaly detected: Unexpected message ID 29
2024-07-23 15:20:35,864 Message received: ID=556, Data=bytearray(b'\xf7E\tP\xdck\x01')
2024-07-23 15:20:35,864 Anomaly detected: Unexpected message ID 556
2024-07-23 15:20:35,964 Message received: ID=325, Data=bytearray(b'\x9b"\xea[x')
2024-07-23 15:20:35,964 Anomaly detected: Unexpected message ID 325
2024-07-23 15:20:36,065 Message received: ID=236, Data=bytearray(b'\xb5VX\xea\xab')
2024-07-23 15:20:36,065 Anomaly detected: Unexpected message ID 236
2024-07-23 15:20:36,166 Message received: ID=121, Data=bytearray(b'\xe3\xa9\x03\xdd\xf9\t')
2024-07-23 15:20:36,167 Anomaly detected: Unexpected message ID 121
2024-07-23 15:20:36,268 Message received: ID=881, Data=bytearray(b'\x81K\xe7\xa7w$')
2024-07-23 15:20:36,268 Anomaly detected: Unexpected message ID 881
