2024-07-23 15:15:37,743 Created a socket
2024-07-23 15:16:15,875 Created a socket
2024-07-23 15:16:17,562 Created a socket
2024-07-23 15:16:19,230 Created a socket
2024-07-23 15:19:36,343 Created a socket
2024-07-23 15:19:36,344 Message sent: ID=1509, Data=bytearray(b'\x19\\\xf0\xf9[d')
2024-07-23 15:19:36,445 Message sent: ID=116, Data=bytearray(b'\xc038\xae\xbdA&\xa4')
2024-07-23 15:19:36,546 Message sent: ID=95, Data=bytearray(b'\xb2|\x8a\x13\xf6')
2024-07-23 15:19:36,648 Message sent: ID=1980, Data=bytearray(b'\x16')
2024-07-23 15:19:36,750 Message sent: ID=1385, Data=bytearray(b'&\x7f\xa4\xd0\xebd')
2024-07-23 15:19:36,853 Message sent: ID=1830, Data=bytearray(b'$\xc4\xcc')
2024-07-23 15:19:36,954 Message sent: ID=169, Data=bytearray(b'Q')
2024-07-23 15:19:37,055 Message sent: ID=2022, Data=bytearray(b'gz\xb9\x1e')
2024-07-23 15:19:37,156 Message sent: ID=828, Data=bytearray(b'\x9f\t\x0e\xd2')
2024-07-23 15:19:37,257 Message sent: ID=479, Data=bytearray(b'\xb9\x81#')
2024-07-23 15:19:37,359 Message sent: ID=1362, Data=bytearray(b'\xab\x96SS\xd7\xb7')
2024-07-23 15:19:37,461 Message sent: ID=369, Data=bytearray(b'')
2024-07-23 15:19:37,563 Message sent: ID=2026, Data=bytearray(b'\xc4\x9e\xb9U\x06\xa9')
2024-07-23 15:19:37,665 Message sent: ID=1679, Data=bytearray(b'\xb2\xdf')
2024-07-23 15:19:37,768 Message sent: ID=2007, Data=bytearray(b'\xcb\x9af|\xfa\xa6\xf5')
2024-07-23 15:19:37,869 Message sent: ID=432, Data=bytearray(b'')
2024-07-23 15:19:37,970 Message sent: ID=1479, Data=bytearray(b'\xcf\xf3X\x17P#\x9a')
2024-07-23 15:19:38,075 Message sent: ID=865, Data=bytearray(b'\xfc\xa2-')
2024-07-23 15:19:38,179 Message sent: ID=286, Data=bytearray(b'\xd9!\xeaM\xa9')
2024-07-23 15:19:38,286 Message sent: ID=350, Data=bytearray(b'?7\xcf>\xd9')
2024-07-23 15:19:38,388 Message sent: ID=1159, Data=bytearray(b'\xf8\xb2m')
2024-07-23 15:19:38,490 Message sent: ID=111, Data=bytearray(b'\x03')
2024-07-23 15:19:38,594 Message sent: ID=1663, Data=bytearray(b'\x1e\xaf\xef\x17p\x0f')
2024-07-23 15:19:38,695 Message sent: ID=912, Data=bytearray(b'\x94\xd4')
2024-07-23 15:19:38,799 Message sent: ID=251, Data=bytearray(b'mD\xa0\xcc&')
2024-07-23 15:19:38,901 Message sent: ID=1364, Data=bytearray(b'p\x9f')
2024-07-23 15:19:39,002 Message sent: ID=1327, Data=bytearray(b'\xd1\xbf!\xe0j')
2024-07-23 15:19:39,103 Message sent: ID=1949, Data=bytearray(b'\xac{\x96;\xa82')
2024-07-23 15:19:39,204 Message sent: ID=2018, Data=bytearray(b'\xf5=\x97\xdd\x9c')
2024-07-23 15:19:39,304 Message sent: ID=1222, Data=bytearray(b'\x87`\x95#B')
2024-07-23 15:19:39,407 Message sent: ID=1273, Data=bytearray(b'\xfe\x93')
2024-07-23 15:19:39,508 Message sent: ID=605, Data=bytearray(b'\xa8V7\xfa')
2024-07-23 15:19:39,609 Message sent: ID=1792, Data=bytearray(b'\xcf\xd1\x84\xc96\x95')
2024-07-23 15:19:39,712 Message sent: ID=1113, Data=bytearray(b'\n\xfa\xf9\xe1')
2024-07-23 15:19:39,813 Message sent: ID=596, Data=bytearray(b'\xffR\x82a\xda"')
2024-07-23 15:19:39,914 Message sent: ID=769, Data=bytearray(b'\xea\xc3[')
2024-07-23 15:19:40,014 Message sent: ID=1828, Data=bytearray(b"\x97F\'\x85\xae\xe8\xa1\xa5")
2024-07-23 15:19:40,115 Message sent: ID=1448, Data=bytearray(b'')
2024-07-23 15:19:40,216 Message sent: ID=147, Data=bytearray(b'$\x8f\x07$I')
2024-07-23 15:19:40,316 Message sent: ID=153, Data=bytearray(b'\x15G')
2024-07-23 15:19:40,417 Message sent: ID=1914, Data=bytearray(b'')
2024-07-23 15:19:40,518 Message sent: ID=1797, Data=bytearray(b'X\xb8V\xd6O')
2024-07-23 15:19:40,618 Message sent: ID=489, Data=bytearray(b'\xbe\xc2Z')
2024-07-23 15:19:40,719 Message sent: ID=943, Data=bytearray(b'\xf7\x08')
2024-07-23 15:19:40,819 Message sent: ID=1615, Data=bytearray(b'7')
2024-07-23 15:19:40,921 Message sent: ID=1069, Data=bytearray(b'f\xec\xc8q\x7f\xa0')
2024-07-23 15:19:41,024 Message sent: ID=1985, Data=bytearray(b'\xe9\xf9\x18\xbd\x13')
2024-07-23 15:19:41,125 Message sent: ID=1897, Data=bytearray(b'\xb7')
2024-07-23 15:19:41,227 Message sent: ID=246, Data=bytearray(b'/\xe3L')
2024-07-23 15:19:41,328 Message sent: ID=1416, Data=bytearray(b'\xb2\\\xee\xf3')
2024-07-23 15:19:41,429 Message sent: ID=1912, Data=bytearray(b'\x8b\xfbJ\xe3.')
2024-07-23 15:19:41,534 Message sent: ID=1473, Data=bytearray(b'\xe1')
2024-07-23 15:19:41,637 Message sent: ID=1629, Data=bytearray(b'q\xf9\xa7\x1dj\xde\xc8\xa3')
2024-07-23 15:19:41,740 Message sent: ID=592, Data=bytearray(b'\xe3\xa4')
2024-07-23 15:19:41,846 Message sent: ID=1708, Data=bytearray(b'\xb4\x1b(.')
2024-07-23 15:19:41,947 Message sent: ID=1350, Data=bytearray(b'\xdc\xc7"!!')
2024-07-23 15:19:42,049 Message sent: ID=385, Data=bytearray(b'\xc8\x95\x9c')
2024-07-23 15:19:42,151 Message sent: ID=1220, Data=bytearray(b'/\xc6?i\xcfB\x14')
2024-07-23 15:19:42,252 Message sent: ID=1810, Data=bytearray(b'@')
2024-07-23 15:19:42,353 Message sent: ID=664, Data=bytearray(b'\xff\xca\xae\xd2')
2024-07-23 15:19:42,455 Message sent: ID=1368, Data=bytearray(b'\xf4GT\xdaPs')
2024-07-23 15:19:42,556 Message sent: ID=152, Data=bytearray(b'\xf3\xa8\x127\x9f')
2024-07-23 15:19:42,658 Message sent: ID=9, Data=bytearray(b'\xe5\xb6R4.\x10')
2024-07-23 15:19:42,759 Message sent: ID=1847, Data=bytearray(b'D\xbe')
2024-07-23 15:19:42,862 Message sent: ID=843, Data=bytearray(b'\xb1Y\xa8\xfc\xfc<4\x0c')
2024-07-23 15:19:42,966 Message sent: ID=990, Data=bytearray(b'\xfe\x11\xcf\xba\xb8\xb0\xbd\xe6')
2024-07-23 15:19:43,067 Message sent: ID=1719, Data=bytearray(b'\x82*\xe9\xe8')
2024-07-23 15:19:43,169 Message sent: ID=1250, Data=bytearray(b'\x81C\xe8\xca\xd5S\xe1\xf3')
2024-07-23 15:19:43,271 Message sent: ID=1790, Data=bytearray(b"\x98\'\x01hG\x1c\x1d")
2024-07-23 15:19:43,373 Message sent: ID=60, Data=bytearray(b'')
2024-07-23 15:19:43,476 Message sent: ID=19, Data=bytearray(b'\x02\x1fkh ')
2024-07-23 15:19:43,577 Message sent: ID=345, Data=bytearray(b'\x06\x93')
2024-07-23 15:19:43,678 Message sent: ID=1980, Data=bytearray(b'\xdd\x98\n\x81')
2024-07-23 15:19:43,779 Message sent: ID=1544, Data=bytearray(b'\xd8^\xd1')
2024-07-23 15:19:43,880 Message sent: ID=1201, Data=bytearray(b'4\xbd\x08\xfe\xfd')
2024-07-23 15:19:43,981 Message sent: ID=1196, Data=bytearray(b"\x97\xa0\'")
2024-07-23 15:19:44,082 Message sent: ID=492, Data=bytearray(b'\xd1\xfa\xfa\xc7\xb7\x8b')
2024-07-23 15:19:44,184 Message sent: ID=1522, Data=bytearray(b'')
2024-07-23 15:19:44,285 Message sent: ID=33, Data=bytearray(b'')
2024-07-23 15:19:44,386 Message sent: ID=720, Data=bytearray(b'\xda\x02\x12\xfan\xdaSA')
2024-07-23 15:19:44,487 Message sent: ID=894, Data=bytearray(b"\xb5\x96j\x12\xc4\'\xf5\xdd")
2024-07-23 15:19:44,588 Message sent: ID=1754, Data=bytearray(b'\xdfL8L')
2024-07-23 15:19:44,689 Message sent: ID=1288, Data=bytearray(b'j')
2024-07-23 15:19:44,791 Message sent: ID=1686, Data=bytearray(b'z<\xb9')
2024-07-23 15:19:44,893 Message sent: ID=1322, Data=bytearray(b'\x0cl')
2024-07-23 15:19:44,995 Message sent: ID=1622, Data=bytearray(b'/5=')
2024-07-23 15:19:45,097 Message sent: ID=1159, Data=bytearray(b'\xa5\x92\xd8')
2024-07-23 15:19:45,199 Message sent: ID=1899, Data=bytearray(b'\xd1"\xf3`\xd96')
2024-07-23 15:19:45,299 Message sent: ID=731, Data=bytearray(b'f\xf2\xac')
2024-07-23 15:19:45,401 Message sent: ID=1297, Data=bytearray(b'\x05\xbaP\x87S')
2024-07-23 15:19:45,504 Message sent: ID=1613, Data=bytearray(b'')
2024-07-23 15:19:45,606 Message sent: ID=1767, Data=bytearray(b'm\xf5\x05\xdd\xe0')
2024-07-23 15:19:45,709 Message sent: ID=332, Data=bytearray(b'\\<\xf0zu0Y')
2024-07-23 15:19:45,814 Message sent: ID=289, Data=bytearray(b'\xcf{W\x88')
2024-07-23 15:19:45,915 Message sent: ID=254, Data=bytearray(b'\x89\xa24')
2024-07-23 15:19:46,016 Message sent: ID=1172, Data=bytearray(b'\xb5\x0c')
2024-07-23 15:19:46,118 Message sent: ID=1166, Data=bytearray(b'\x01\x11\x8d\xeeU')
2024-07-23 15:19:46,219 Message sent: ID=672, Data=bytearray(b'\xd6J\x84a\x8dW')
2024-07-23 15:19:46,321 Message sent: ID=1130, Data=bytearray(b'')
2024-07-23 15:19:46,426 Message sent: ID=575, Data=bytearray(b'')
2024-07-23 15:19:46,527 Message sent: ID=860, Data=bytearray(b'<G.\xc11B\xa3')
2024-07-23 15:19:46,630 Message sent: ID=1259, Data=bytearray(b'.\xf4\xdeA\xfeS')
2024-07-23 15:19:46,732 Message sent: ID=1685, Data=bytearray(b'\x95\x98f\xbfR')
2024-07-23 15:19:46,834 Message sent: ID=973, Data=bytearray(b'W;')
2024-07-23 15:19:46,936 Message sent: ID=844, Data=bytearray(b'<\xe6_\xa1\x87i\xef')
2024-07-23 15:19:47,037 Message sent: ID=991, Data=bytearray(b'\xd9e\xed\xea5zq\x97')
2024-07-23 15:19:47,138 Message sent: ID=671, Data=bytearray(b'\xc0\xdf#b')
2024-07-23 15:19:47,239 Message sent: ID=1606, Data=bytearray(b'\xc7\xddN\x00\xa4c[')
2024-07-23 15:19:47,345 Message sent: ID=854, Data=bytearray(b'\r\xd0')
2024-07-23 15:19:47,446 Message sent: ID=704, Data=bytearray(b'\xba\xec\x1d\x88')
2024-07-23 15:19:47,548 Message sent: ID=1040, Data=bytearray(b'5\xc1\xf5\xa7z\xbe\x02\xa0')
2024-07-23 15:19:47,650 Message sent: ID=58, Data=bytearray(b'\xdb\xdd3I\x19\xc4\x04\x86')
2024-07-23 15:19:47,751 Message sent: ID=1894, Data=bytearray(b'T-\x1d8\xf7')
2024-07-23 15:19:47,852 Message sent: ID=1202, Data=bytearray(b'\xbb\xda')
2024-07-23 15:19:47,953 Message sent: ID=1813, Data=bytearray(b'\x81\xfc\x02\xee')
2024-07-23 15:19:48,055 Message sent: ID=930, Data=bytearray(b'\xd1\x9d\t%\xf2')
2024-07-23 15:19:48,157 Message sent: ID=1318, Data=bytearray(b'\xb7')
2024-07-23 15:19:48,259 Message sent: ID=408, Data=bytearray(b'\x9bh\xc8\xd8+A)a')
2024-07-23 15:19:48,360 Message sent: ID=1771, Data=bytearray(b'gB\xe7bp\xde\xa5\xb0')
2024-07-23 15:19:48,461 Message sent: ID=153, Data=bytearray(b'z\x10')
2024-07-23 15:19:48,562 Message sent: ID=1084, Data=bytearray(b'\xa6\xdf\xb7G\xac\xa0k')
2024-07-23 15:19:48,663 Message sent: ID=772, Data=bytearray(b',')
2024-07-23 15:19:48,765 Message sent: ID=261, Data=bytearray(b'\xafj\xf3')
2024-07-23 15:19:48,865 Message sent: ID=1575, Data=bytearray(b"{L\x00\'\x95\x13<")
2024-07-23 15:19:48,966 Message sent: ID=1783, Data=bytearray(b'\xc4\n5+\xb1(')
2024-07-23 15:19:49,067 Message sent: ID=42, Data=bytearray(b'')
2024-07-23 15:19:49,168 Message sent: ID=1865, Data=bytearray(b'*\x03\xd6\xb2|\x1d[\xe4')
2024-07-23 15:19:49,271 Message sent: ID=115, Data=bytearray(b'9')
2024-07-23 15:19:49,372 Message sent: ID=1987, Data=bytearray(b'\xfc\x9c8\x8d*\xf3\xb8\x00')
2024-07-23 15:19:49,473 Message sent: ID=769, Data=bytearray(b':\t\x8a\x1f')
2024-07-23 15:19:49,574 Message sent: ID=1140, Data=bytearray(b'\xe0\x94+')
2024-07-23 15:19:49,675 Message sent: ID=1374, Data=bytearray(b'\x94\xaf\x01}j\x135j')
2024-07-23 15:19:49,778 Message sent: ID=14, Data=bytearray(b"x\x93\'")
2024-07-23 15:19:49,879 Message sent: ID=590, Data=bytearray(b'\x02\xcb')
2024-07-23 15:19:49,980 Message sent: ID=190, Data=bytearray(b"\x19\xb9<\x9b\xb1\xdb\'\xf1")
2024-07-23 15:19:50,081 Message sent: ID=971, Data=bytearray(b'\x03)\xb3')
2024-07-23 15:19:50,182 Message sent: ID=1146, Data=bytearray(b'')
2024-07-23 15:19:50,283 Message sent: ID=1394, Data=bytearray(b'')
2024-07-23 15:19:50,385 Message sent: ID=750, Data=bytearray(b'')
2024-07-23 15:19:50,485 Message sent: ID=737, Data=bytearray(b'')
2024-07-23 15:19:50,586 Message sent: ID=1130, Data=bytearray(b'\xa1\xa6\xf6')
2024-07-23 15:19:50,687 Message sent: ID=545, Data=bytearray(b'c\xc2H\xeez')
2024-07-23 15:19:50,792 Message sent: ID=1317, Data=bytearray(b'\xb0\xe0\x91')
2024-07-23 15:19:50,893 Message sent: ID=1770, Data=bytearray(b'0\xaa')
2024-07-23 15:19:50,994 Message sent: ID=29, Data=bytearray(b'\xea\x07\xf0k\xb7\x13')
2024-07-23 15:19:51,095 Message sent: ID=1786, Data=bytearray(b'\x7f\xb3')
2024-07-23 15:19:51,196 Message sent: ID=1087, Data=bytearray(b';\xe5B')
2024-07-23 15:19:51,297 Message sent: ID=1765, Data=bytearray(b'\xce\xc7\xfd\xbf\xf5\x81\xd6\xdb')
2024-07-23 15:19:51,398 Message sent: ID=1206, Data=bytearray(b'\xf2\x08WJf')
2024-07-23 15:19:51,500 Message sent: ID=1373, Data=bytearray(b'9\x0bg')
2024-07-23 15:19:51,600 Message sent: ID=249, Data=bytearray(b'\x91')
2024-07-23 15:19:51,702 Message sent: ID=1451, Data=bytearray(b'\xd4\x03\xcaC\x04')
2024-07-23 15:19:51,804 Message sent: ID=908, Data=bytearray(b'\xd9Y\xbfa\x87')
2024-07-23 15:19:51,905 Message sent: ID=958, Data=bytearray(b'E\xd6H\xb8\t\x05')
2024-07-23 15:19:52,006 Message sent: ID=1032, Data=bytearray(b"S\xd9\x0e\x0f<\x84\'")
2024-07-23 15:19:52,107 Message sent: ID=1404, Data=bytearray(b'"b8\xcd')
2024-07-23 15:19:52,208 Message sent: ID=873, Data=bytearray(b'\x8d\x0f\xcc\x8d\x84\x99\xfb\xf6')
2024-07-23 15:19:52,309 Message sent: ID=1122, Data=bytearray(b'P"\x89<S\x8c\xb0\x98')
2024-07-23 15:19:52,411 Message sent: ID=524, Data=bytearray(b'')
2024-07-23 15:19:52,514 Message sent: ID=836, Data=bytearray(b'p\xb6')
2024-07-23 15:19:52,618 Message sent: ID=1683, Data=bytearray(b'\xe9')
2024-07-23 15:19:52,719 Message sent: ID=124, Data=bytearray(b'\x05\xa2L\xd4\xac\r\xa9\xb8')
2024-07-23 15:19:52,822 Message sent: ID=784, Data=bytearray(b'\x12\x19\xe6\x9c')
2024-07-23 15:19:52,922 Message sent: ID=1710, Data=bytearray(b'!Y\xa8\xf0 \xba\xc6>')
2024-07-23 15:19:53,023 Message sent: ID=1031, Data=bytearray(b'')
2024-07-23 15:19:53,124 Message sent: ID=1040, Data=bytearray(b'V\xec\xc5')
2024-07-23 15:19:53,225 Message sent: ID=996, Data=bytearray(b'\x84\x99h')
2024-07-23 15:19:53,326 Message sent: ID=1094, Data=bytearray(b'm\xbd\x1e\xb9\xdb\x88')
2024-07-23 15:19:53,427 Message sent: ID=993, Data=bytearray(b'\tA\xcf\xa3\x11')
2024-07-23 15:19:53,528 Message sent: ID=1697, Data=bytearray(b'\xe0\x86')
2024-07-23 15:19:53,629 Message sent: ID=1381, Data=bytearray(b'\xa6A\xf0')
2024-07-23 15:19:53,730 Message sent: ID=645, Data=bytearray(b'\x8b\x100\xf2')
2024-07-23 15:19:53,832 Message sent: ID=687, Data=bytearray(b'')
2024-07-23 15:19:53,937 Message sent: ID=1973, Data=bytearray(b'&\x80\xe9-\x00\xa0')
2024-07-23 15:19:54,039 Message sent: ID=1169, Data=bytearray(b"\'*%\xee\x8d")
2024-07-23 15:19:54,143 Message sent: ID=1962, Data=bytearray(b'\x10(\x84\x8e~\xff\xcf\xd1')
2024-07-23 15:19:54,268 Message sent: ID=1460, Data=bytearray(b'+')
2024-07-23 15:19:54,370 Message sent: ID=1669, Data=bytearray(b'\xa6{i')
2024-07-23 15:19:54,472 Message sent: ID=1142, Data=bytearray(b'7')
2024-07-23 15:19:54,573 Message sent: ID=766, Data=bytearray(b'R ')
2024-07-23 15:19:54,675 Message sent: ID=497, Data=bytearray(b'')
2024-07-23 15:19:54,777 Message sent: ID=1643, Data=bytearray(b'\x8a\x1c')
2024-07-23 15:19:54,878 Message sent: ID=1704, Data=bytearray(b'\x84\xde')
2024-07-23 15:19:54,980 Message sent: ID=1878, Data=bytearray(b'\x8e\xa4L\xe9(I\xed\xc6')
2024-07-23 15:19:55,081 Message sent: ID=1947, Data=bytearray(b'F')
2024-07-23 15:19:55,181 Message sent: ID=799, Data=bytearray(b'\n\xa7\xf2\xf2p\xe4\x14l')
2024-07-23 15:19:55,283 Message sent: ID=1907, Data=bytearray(b's\xd6H\xa19i')
2024-07-23 15:19:55,385 Message sent: ID=1289, Data=bytearray(b'Q\xb3\x90^')
2024-07-23 15:19:55,486 Message sent: ID=1915, Data=bytearray(b'\xf7\xd1')
2024-07-23 15:19:55,587 Message sent: ID=81, Data=bytearray(b'=\x1eF\xc3|\xb0')
2024-07-23 15:19:55,690 Message sent: ID=1630, Data=bytearray(b'\xf0')
2024-07-23 15:19:55,791 Message sent: ID=991, Data=bytearray(b'\x93\x1b3\x10\x96')
2024-07-23 15:19:55,893 Message sent: ID=423, Data=bytearray(b'\xf6\xfc\x83\x84\xa3\xfa/\x86')
2024-07-23 15:19:55,994 Message sent: ID=1181, Data=bytearray(b'')
2024-07-23 15:19:56,095 Message sent: ID=1588, Data=bytearray(b'\x015\xb7')
2024-07-23 15:19:56,196 Message sent: ID=804, Data=bytearray(b'H\x0cT')
2024-07-23 15:19:56,298 Message sent: ID=230, Data=bytearray(b'\xc6')
2024-07-23 15:19:56,401 Message sent: ID=1157, Data=bytearray(b'++\x95\x0e\xa2\xef')
2024-07-23 15:19:56,502 Message sent: ID=914, Data=bytearray(b'\xf2k\x9d')
2024-07-23 15:19:56,603 Message sent: ID=561, Data=bytearray(b'\x11\x9a\x94')
2024-07-23 15:19:56,705 Message sent: ID=275, Data=bytearray(b'/\xe5\xad\xb8')
2024-07-23 15:19:56,806 Message sent: ID=56, Data=bytearray(b'\xac\xfd]\xe2\x11')
2024-07-23 15:19:56,907 Message sent: ID=909, Data=bytearray(b'\x9e\xb8\x13{\x8e\xd1\xa6i')
2024-07-23 15:19:57,008 Message sent: ID=684, Data=bytearray(b"7\'F<L\x00\x0f")
2024-07-23 15:19:57,109 Message sent: ID=471, Data=bytearray(b'\xd7')
2024-07-23 15:19:57,210 Message sent: ID=530, Data=bytearray(b'\xa0')
2024-07-23 15:19:57,311 Message sent: ID=1816, Data=bytearray(b'\xa2:!\xeb')
2024-07-23 15:19:57,412 Message sent: ID=741, Data=bytearray(b'%')
2024-07-23 15:19:57,513 Message sent: ID=1556, Data=bytearray(b'\xce\x0b\xfd\xb4')
2024-07-23 15:19:57,614 Message sent: ID=237, Data=bytearray(b'\xf4')
2024-07-23 15:19:57,715 Message sent: ID=648, Data=bytearray(b'\xfe\x98')
2024-07-23 15:19:57,816 Message sent: ID=518, Data=bytearray(b'L')
2024-07-23 15:19:57,918 Message sent: ID=666, Data=bytearray(b'\xcex[\x9d\x123')
2024-07-23 15:19:58,020 Message sent: ID=215, Data=bytearray(b'\x9f8`]\xc3')
2024-07-23 15:19:58,120 Message sent: ID=1398, Data=bytearray(b'V\xaas\xda\x05\xb3')
2024-07-23 15:19:58,225 Message sent: ID=1181, Data=bytearray(b'\xc2\xcc\xd1[&')
2024-07-23 15:19:58,326 Message sent: ID=1079, Data=bytearray(b'j\xd5\xb9\xab')
2024-07-23 15:19:58,428 Message sent: ID=224, Data=bytearray(b'\xe5\x97\xf4\xb3')
2024-07-23 15:19:58,529 Message sent: ID=683, Data=bytearray(b'c@V\x0b\x1d')
2024-07-23 15:19:58,630 Message sent: ID=121, Data=bytearray(b'2')
2024-07-23 15:19:58,732 Message sent: ID=210, Data=bytearray(b'B:*\x02U\xe9{\xe4')
2024-07-23 15:19:58,833 Message sent: ID=571, Data=bytearray(b'4=\xea\xa0')
2024-07-23 15:19:58,934 Message sent: ID=314, Data=bytearray(b'1')
2024-07-23 15:19:59,036 Message sent: ID=1637, Data=bytearray(b'\xd0/\x01h\x03\xd5\xc7\xee')
2024-07-23 15:19:59,139 Message sent: ID=718, Data=bytearray(b'c\xef\xfb\x12')
2024-07-23 15:19:59,246 Message sent: ID=1160, Data=bytearray(b'/\xac\xfcY\x12')
2024-07-23 15:19:59,348 Message sent: ID=769, Data=bytearray(b'Ed')
2024-07-23 15:19:59,449 Message sent: ID=1866, Data=bytearray(b'\xdcO')
2024-07-23 15:19:59,550 Message sent: ID=166, Data=bytearray(b'\xcc\x1b')
2024-07-23 15:19:59,651 Message sent: ID=72, Data=bytearray(b'p')
2024-07-23 15:19:59,752 Message sent: ID=1904, Data=bytearray(b'F')
2024-07-23 15:19:59,853 Message sent: ID=1640, Data=bytearray(b"\xb4\x84\x98\xe2\x16\'\x00\xaf")
2024-07-23 15:19:59,954 Message sent: ID=695, Data=bytearray(b'\xad')
2024-07-23 15:20:00,056 Message sent: ID=2033, Data=bytearray(b'')
2024-07-23 15:20:00,160 Message sent: ID=1200, Data=bytearray(b'z6\x80')
2024-07-23 15:20:00,261 Message sent: ID=214, Data=bytearray(b'\xda[\x9d')
2024-07-23 15:20:00,362 Message sent: ID=873, Data=bytearray(b'\xd3{\xf3')
2024-07-23 15:20:00,463 Message sent: ID=713, Data=bytearray(b'\xac8\xcf\xa4')
2024-07-23 15:20:00,566 Message sent: ID=1503, Data=bytearray(b'>\x9ec\x1d\xca=\xfb')
2024-07-23 15:20:00,670 Message sent: ID=1819, Data=bytearray(b'\xf6\x9a\xf5')
2024-07-23 15:20:00,771 Message sent: ID=1861, Data=bytearray(b'\xe5\xaa\xdb\xd0\xcc\x97\x86\xda')
2024-07-23 15:20:00,877 Message sent: ID=67, Data=bytearray(b'')
2024-07-23 15:20:00,978 Message sent: ID=474, Data=bytearray(b'')
2024-07-23 15:20:01,079 Message sent: ID=423, Data=bytearray(b'')
2024-07-23 15:20:01,180 Message sent: ID=1194, Data=bytearray(b'V\x95x')
2024-07-23 15:20:01,282 Message sent: ID=761, Data=bytearray(b'w\xa2\xbb,-\xb4')
2024-07-23 15:20:01,383 Message sent: ID=1755, Data=bytearray(b'$\xc6x\x99\t')
2024-07-23 15:20:01,484 Message sent: ID=888, Data=bytearray(b'')
2024-07-23 15:20:01,585 Message sent: ID=1181, Data=bytearray(b'\xce\xd9\x0c\xb7')
2024-07-23 15:20:01,686 Message sent: ID=132, Data=bytearray(b'\x97\xe7\x9a\x13\x9a')
2024-07-23 15:20:01,788 Message sent: ID=482, Data=bytearray(b'KL\xfc')
2024-07-23 15:20:01,889 Message sent: ID=207, Data=bytearray(b'\x98s\xf2\x91\xfc\xcf\xe8R')
2024-07-23 15:20:01,990 Message sent: ID=840, Data=bytearray(b'\xdb')
2024-07-23 15:20:02,091 Message sent: ID=1468, Data=bytearray(b' ')
2024-07-23 15:20:02,192 Message sent: ID=1822, Data=bytearray(b'X\xbd')
2024-07-23 15:20:02,294 Message sent: ID=1121, Data=bytearray(b'\xd5o+\xf6\xa2')
2024-07-23 15:20:02,395 Message sent: ID=1697, Data=bytearray(b'')
2024-07-23 15:20:02,500 Message sent: ID=1915, Data=bytearray(b'\x8d"9\xfd\xe4')
2024-07-23 15:20:02,602 Message sent: ID=1674, Data=bytearray(b'(\x9a\x15/\x89\xf2\xd0')
2024-07-23 15:20:02,705 Message sent: ID=1568, Data=bytearray(b'b\xbe\xd3')
2024-07-23 15:20:02,807 Message sent: ID=505, Data=bytearray(b'\r\xde\x8a\xfb')
2024-07-23 15:20:02,908 Message sent: ID=1176, Data=bytearray(b'|\xda\xde\xc2\xdc\xfd`\xaf')
2024-07-23 15:20:03,009 Message sent: ID=1482, Data=bytearray(b'\x1a')
2024-07-23 15:20:03,111 Message sent: ID=1570, Data=bytearray(b'\xb4')
2024-07-23 15:20:03,212 Message sent: ID=1672, Data=bytearray(b'{\x07\xc2\xf2x')
2024-07-23 15:20:03,316 Message sent: ID=35, Data=bytearray(b'\t\x01\xe6#d')
2024-07-23 15:20:03,419 Message sent: ID=535, Data=bytearray(b'\xf1;\xc0>')
2024-07-23 15:20:03,521 Message sent: ID=555, Data=bytearray(b'S\x96\xdf')
2024-07-23 15:20:03,622 Message sent: ID=603, Data=bytearray(b'\xde\x1c')
2024-07-23 15:20:03,723 Message sent: ID=251, Data=bytearray(b'\x13\x00')
2024-07-23 15:20:03,824 Message sent: ID=1443, Data=bytearray(b'\xc4&_,5(\xaa')
2024-07-23 15:20:03,925 Message sent: ID=773, Data=bytearray(b'\xf9\x83\x8e"y\xd9>')
2024-07-23 15:20:04,027 Message sent: ID=1261, Data=bytearray(b'/')
2024-07-23 15:20:04,128 Message sent: ID=1006, Data=bytearray(b'\x03\x18:sQ+')
2024-07-23 15:20:04,229 Message sent: ID=565, Data=bytearray(b'\xe4')
2024-07-23 15:20:04,330 Message sent: ID=1338, Data=bytearray(b'')
2024-07-23 15:20:04,431 Message sent: ID=1212, Data=bytearray(b'_\xe7%l;P\xb5\x8a')
2024-07-23 15:20:04,532 Message sent: ID=719, Data=bytearray(b'\x8b\xe5\xe4\xeb\x94L\xd9\x0e')
2024-07-23 15:20:04,633 Message sent: ID=897, Data=bytearray(b'qc\x88\x85,\xfd')
2024-07-23 15:20:04,735 Message sent: ID=1689, Data=bytearray(b'\xcc\x0f\x81\xb9')
2024-07-23 15:20:04,836 Message sent: ID=920, Data=bytearray(b'8\x14\xa3o')
2024-07-23 15:20:04,937 Message sent: ID=276, Data=bytearray(b'')
2024-07-23 15:20:05,038 Message sent: ID=866, Data=bytearray(b'g\x08Hg\xe4\xdf')
2024-07-23 15:20:05,139 Message sent: ID=1841, Data=bytearray(b'sGX\x9d<y\x82')
2024-07-23 15:20:05,240 Message sent: ID=1791, Data=bytearray(b'*\x87\xfc\x8dW\xc7w\xbf')
2024-07-23 15:20:05,341 Message sent: ID=2005, Data=bytearray(b'\xecL\xa4\xb1\xe5\xb6')
2024-07-23 15:20:05,443 Message sent: ID=1598, Data=bytearray(b'')
2024-07-23 15:20:05,545 Message sent: ID=740, Data=bytearray(b'')
2024-07-23 15:20:05,649 Message sent: ID=1632, Data=bytearray(b'\x99\xb1\x03\xeb')
2024-07-23 15:20:05,751 Message sent: ID=660, Data=bytearray(b'\xf4,\xf1\xab')
2024-07-23 15:20:05,856 Message sent: ID=250, Data=bytearray(b'\xad')
2024-07-23 15:20:05,959 Message sent: ID=1455, Data=bytearray(b'\xdb\x8de3\x800\xb0\xbc')
2024-07-23 15:20:06,062 Message sent: ID=829, Data=bytearray(b'\x02a\xb1')
2024-07-23 15:20:06,165 Message sent: ID=291, Data=bytearray(b'\xf1\xb2\xc6lX\xf1')
2024-07-23 15:20:06,266 Message sent: ID=638, Data=bytearray(b'\x16\x05')
2024-07-23 15:20:06,369 Message sent: ID=1487, Data=bytearray(b'\xb7\xacF\xe3\xb9\x1b')
2024-07-23 15:20:06,470 Message sent: ID=1218, Data=bytearray(b'\x92\x9e\x99\x14\xfb\x8f\xfc')
2024-07-23 15:20:06,572 Message sent: ID=600, Data=bytearray(b'\xfd')
2024-07-23 15:20:06,675 Message sent: ID=782, Data=bytearray(b'\x8d~W\x97[\xcf')
2024-07-23 15:20:06,776 Message sent: ID=1401, Data=bytearray(b'')
2024-07-23 15:20:06,878 Message sent: ID=259, Data=bytearray(b'\x98\xd8\xd6\x19\x11\x9f\x03')
2024-07-23 15:20:06,979 Message sent: ID=1270, Data=bytearray(b'\x954\xc2?')
2024-07-23 15:20:07,079 Message sent: ID=762, Data=bytearray(b'\xfb\x9e\t\xcd[')
2024-07-23 15:20:07,181 Message sent: ID=1512, Data=bytearray(b'\r')
2024-07-23 15:20:07,284 Message sent: ID=1726, Data=bytearray(b'\xefDU\xe62\xb1o')
2024-07-23 15:20:07,387 Message sent: ID=1500, Data=bytearray(b'\xd1\xce-\x16\x0e{\xae\xea')
2024-07-23 15:20:07,489 Message sent: ID=930, Data=bytearray(b'\xb1\x03\x13ft|N')
2024-07-23 15:20:07,591 Message sent: ID=819, Data=bytearray(b'Rk')
2024-07-23 15:20:07,693 Message sent: ID=1451, Data=bytearray(b'\x97)')
2024-07-23 15:20:07,795 Message sent: ID=437, Data=bytearray(b'1\x90\xcf6w\xfa)')
2024-07-23 15:20:07,896 Message sent: ID=253, Data=bytearray(b'\xfe\x08v\xcd\xe4\xc0')
2024-07-23 15:20:07,997 Message sent: ID=1182, Data=bytearray(b'')
2024-07-23 15:20:08,098 Message sent: ID=56, Data=bytearray(b'\xd5\xe3\xd8\x06\xb1')
2024-07-23 15:20:08,199 Message sent: ID=756, Data=bytearray(b'\xe6%=\xd6"\xb2')
2024-07-23 15:20:08,300 Message sent: ID=1302, Data=bytearray(b'\x00')
2024-07-23 15:20:08,400 Message sent: ID=510, Data=bytearray(b'\xd7\xc2\xd6\xdb5\xd5\x92')
2024-07-23 15:20:08,501 Message sent: ID=960, Data=bytearray(b's')
2024-07-23 15:20:08,602 Message sent: ID=1019, Data=bytearray(b'\xa5\x1a\xb0H')
2024-07-23 15:20:08,713 Message sent: ID=1903, Data=bytearray(b'\\\xdf\x1a\x88\xb5')
2024-07-23 15:20:08,815 Message sent: ID=810, Data=bytearray(b'\x857\xc5]r')
2024-07-23 15:20:08,917 Message sent: ID=1097, Data=bytearray(b't\xc5\xb8\x04b')
2024-07-23 15:20:09,019 Message sent: ID=671, Data=bytearray(b']\xad')
2024-07-23 15:20:09,121 Message sent: ID=1353, Data=bytearray(b'\xb73A\xf6\x8ad')
2024-07-23 15:20:09,222 Message sent: ID=842, Data=bytearray(b'\xed\xf1\xc23\x94{~')
2024-07-23 15:20:09,324 Message sent: ID=218, Data=bytearray(b'')
2024-07-23 15:20:09,427 Message sent: ID=1776, Data=bytearray(b'%gW0)\xfa')
2024-07-23 15:20:09,530 Message sent: ID=759, Data=bytearray(b'T_A\xfb\xdeU\x9d')
2024-07-23 15:20:09,631 Message sent: ID=232, Data=bytearray(b'\x07\xa3\xf4\xe5l\xa4')
2024-07-23 15:20:09,732 Message sent: ID=802, Data=bytearray(b'\xca`\xcc\xf2')
2024-07-23 15:20:09,834 Message sent: ID=1890, Data=bytearray(b'\xc3w\xad')
2024-07-23 15:20:09,935 Message sent: ID=611, Data=bytearray(b"\'FK\xa7")
2024-07-23 15:20:10,036 Message sent: ID=539, Data=bytearray(b't\xfc\xc03\xe0`')
2024-07-23 15:20:10,138 Message sent: ID=1714, Data=bytearray(b'\xc5Y\xde\xf9')
2024-07-23 15:20:10,238 Message sent: ID=60, Data=bytearray(b'\xfa')
2024-07-23 15:20:10,340 Message sent: ID=1390, Data=bytearray(b'\n3\xdb')
2024-07-23 15:20:10,441 Message sent: ID=1279, Data=bytearray(b'\xee')
2024-07-23 15:20:10,542 Message sent: ID=1602, Data=bytearray(b'~t\x0bR')
2024-07-23 15:20:10,643 Message sent: ID=550, Data=bytearray(b'')
2024-07-23 15:20:10,745 Message sent: ID=491, Data=bytearray(b'u')
2024-07-23 15:20:10,846 Message sent: ID=936, Data=bytearray(b'\xa9')
2024-07-23 15:20:10,947 Message sent: ID=1744, Data=bytearray(b'\xf0\xf8\x8bi\xff')
2024-07-23 15:20:11,048 Message sent: ID=1703, Data=bytearray(b'5\xce\xb6\x8eq_')
2024-07-23 15:20:11,149 Message sent: ID=781, Data=bytearray(b'\xe8')
2024-07-23 15:20:11,250 Message sent: ID=651, Data=bytearray(b'\x9d\x1b')
2024-07-23 15:20:11,352 Message sent: ID=2043, Data=bytearray(b'M\xfe\x1f\xc1iY\xb5V')
2024-07-23 15:20:11,456 Message sent: ID=536, Data=bytearray(b'>3\xa5$\xe8K+')
2024-07-23 15:20:11,558 Message sent: ID=1133, Data=bytearray(b'\xba')
2024-07-23 15:20:11,659 Message sent: ID=1421, Data=bytearray(b'\xd5\xa2\x01')
2024-07-23 15:20:11,760 Message sent: ID=492, Data=bytearray(b'O\xc0x\x14t}\xc2')
2024-07-23 15:20:11,861 Message sent: ID=1125, Data=bytearray(b'\xe2\x1e\xa2')
2024-07-23 15:20:11,962 Message sent: ID=619, Data=bytearray(b'\x88+\xc0\x9f\x18\xbe\xc7')
2024-07-23 15:20:12,063 Message sent: ID=1210, Data=bytearray(b'\xb8\x02k\xc27\xb1\x94\xc6')
2024-07-23 15:20:12,167 Message sent: ID=418, Data=bytearray(b'\xb0\x9fC\x01')
2024-07-23 15:20:12,268 Message sent: ID=1101, Data=bytearray(b';\xb6\xb3}-')
2024-07-23 15:20:12,372 Message sent: ID=1501, Data=bytearray(b'\x1cf\xb3l\x99Y')
2024-07-23 15:20:12,475 Message sent: ID=55, Data=bytearray(b'\x072\xce)Yc\xd3')
2024-07-23 15:20:12,578 Message sent: ID=1518, Data=bytearray(b'\xa1Q\xb4\xd6')
2024-07-23 15:20:12,684 Message sent: ID=1552, Data=bytearray(b'w\xa6\xe3\xab\xf9z{\xff')
2024-07-23 15:20:12,785 Message sent: ID=938, Data=bytearray(b'\xa8K\x04\xdc\xac')
2024-07-23 15:20:12,886 Message sent: ID=1038, Data=bytearray(b'/\xb7\xc8\x8bo')
2024-07-23 15:20:12,988 Message sent: ID=125, Data=bytearray(b'\x97')
2024-07-23 15:20:13,089 Message sent: ID=829, Data=bytearray(b'\x86\xd0\x04\x06DS')
2024-07-23 15:20:13,193 Message sent: ID=59, Data=bytearray(b'')
2024-07-23 15:20:13,296 Message sent: ID=1392, Data=bytearray(b'')
2024-07-23 15:20:13,399 Message sent: ID=1811, Data=bytearray(b'')
2024-07-23 15:20:13,500 Message sent: ID=1235, Data=bytearray(b'J\xa5Wa')
2024-07-23 15:20:13,602 Message sent: ID=980, Data=bytearray(b'\xafm\xaa')
2024-07-23 15:20:13,703 Message sent: ID=139, Data=bytearray(b'')
2024-07-23 15:20:13,804 Message sent: ID=770, Data=bytearray(b'')
2024-07-23 15:20:13,906 Message sent: ID=1692, Data=bytearray(b'\x1aF\xc6')
2024-07-23 15:20:14,006 Message sent: ID=982, Data=bytearray(b'\xd8\x11V4\xdds\xdd')
2024-07-23 15:20:14,109 Message sent: ID=1035, Data=bytearray(b'\xa2\xa2\x99')
2024-07-23 15:20:14,211 Message sent: ID=1546, Data=bytearray(b'hC\xd1y\xed\xadY\x18')
2024-07-23 15:20:14,312 Message sent: ID=2015, Data=bytearray(b'\x8b\xbf\xdc\x05b')
2024-07-23 15:20:14,414 Message sent: ID=827, Data=bytearray(b')')
2024-07-23 15:20:14,515 Message sent: ID=1729, Data=bytearray(b'7 \xfa')
2024-07-23 15:20:14,615 Message sent: ID=463, Data=bytearray(b'')
2024-07-23 15:20:14,716 Message sent: ID=1853, Data=bytearray(b'')
2024-07-23 15:20:14,817 Message sent: ID=450, Data=bytearray(b'\xc6\xcb\xec2')
2024-07-23 15:20:14,918 Message sent: ID=423, Data=bytearray(b'\xa2t\x83,\x83\xb7\xa4E')
2024-07-23 15:20:15,020 Message sent: ID=868, Data=bytearray(b'\xe8\x8d \xb0\xd3\xde')
2024-07-23 15:20:15,121 Message sent: ID=1439, Data=bytearray(b'\x1c@\x0e\xdd\x91Q')
2024-07-23 15:20:15,222 Message sent: ID=1592, Data=bytearray(b'%\xde\x87[\x82')
2024-07-23 15:20:15,324 Message sent: ID=794, Data=bytearray(b"H\xe2\x11,\'\xe9\xa9\x1a")
2024-07-23 15:20:15,425 Message sent: ID=435, Data=bytearray(b'')
2024-07-23 15:20:15,526 Message sent: ID=1309, Data=bytearray(b'\xcb\x83')
2024-07-23 15:20:15,627 Message sent: ID=573, Data=bytearray(b'c\xe0')
2024-07-23 15:20:15,728 Message sent: ID=1141, Data=bytearray(b'\x0e\xa6}')
2024-07-23 15:20:15,829 Message sent: ID=592, Data=bytearray(b'\xfa')
2024-07-23 15:20:15,930 Message sent: ID=1525, Data=bytearray(b'\xc5b\xf3')
2024-07-23 15:20:16,031 Message sent: ID=1590, Data=bytearray(b'\xf38')
2024-07-23 15:20:16,132 Message sent: ID=1936, Data=bytearray(b'\xa8)\xc6\xd7\r')
2024-07-23 15:20:16,233 Message sent: ID=1437, Data=bytearray(b'\xa6\xf3')
2024-07-23 15:20:16,335 Message sent: ID=1737, Data=bytearray(b'\xd9$')
2024-07-23 15:20:16,436 Message sent: ID=1004, Data=bytearray(b'>\xda\x8c\xca')
2024-07-23 15:20:16,538 Message sent: ID=165, Data=bytearray(b'\x87\xb0r\\\x12\xc1\xdf\x11')
2024-07-23 15:20:16,639 Message sent: ID=1520, Data=bytearray(b'\xbe\xce\xf3C\xbd\xcd\xf0A')
2024-07-23 15:20:16,741 Message sent: ID=1387, Data=bytearray(b'2\xb9F\xa2\x80\xaa\xa8\xd6')
2024-07-23 15:20:16,842 Message sent: ID=175, Data=bytearray(b"\xed\'\x97\xf82\xef\xa2")
2024-07-23 15:20:16,943 Message sent: ID=74, Data=bytearray(b'|\xaf')
2024-07-23 15:20:17,044 Message sent: ID=267, Data=bytearray(b'\xaa\xd54\xcf\x0b\r\xa6W')
2024-07-23 15:20:17,145 Message sent: ID=2010, Data=bytearray(b'\xda')
2024-07-23 15:20:17,247 Message sent: ID=1145, Data=bytearray(b';\xbd\xb0')
2024-07-23 15:20:17,348 Message sent: ID=1881, Data=bytearray(b'\xe0+y')
2024-07-23 15:20:17,450 Message sent: ID=1628, Data=bytearray(b'+2\xb6\xbc\xf6\xed/\x86')
2024-07-23 15:20:17,552 Message sent: ID=1514, Data=bytearray(b'\xf3\xcc\xed\x9f\xf4\xfb(P')
2024-07-23 15:20:17,654 Message sent: ID=1312, Data=bytearray(b'\x1c\xfa\x99\xb2iT\xc2')
2024-07-23 15:20:17,755 Message sent: ID=38, Data=bytearray(b'\x8b\xa6\xc4\xb2\x1f\xdd')
2024-07-23 15:20:17,857 Message sent: ID=243, Data=bytearray(b'')
2024-07-23 15:20:17,958 Message sent: ID=662, Data=bytearray(b'\x1a\x07\n$\xef\xfaD\\')
2024-07-23 15:20:18,059 Message sent: ID=1208, Data=bytearray(b',\x80O\x94\xef\xfc')
2024-07-23 15:20:18,160 Message sent: ID=1301, Data=bytearray(b'I\x8f\xc3b\x18')
2024-07-23 15:20:18,261 Message sent: ID=662, Data=bytearray(b'\xce\xe8\x99\xaa\xfb')
2024-07-23 15:20:18,362 Message sent: ID=1536, Data=bytearray(b'\x1b$')
2024-07-23 15:20:18,464 Message sent: ID=1383, Data=bytearray(b'\xfa4t\xdd3\x9d\x13d')
2024-07-23 15:20:18,564 Message sent: ID=1972, Data=bytearray(b'\x84:')
2024-07-23 15:20:18,665 Message sent: ID=842, Data=bytearray(b'')
2024-07-23 15:20:18,768 Message sent: ID=206, Data=bytearray(b'\x9e\x87')
2024-07-23 15:20:18,870 Message sent: ID=997, Data=bytearray(b'>e/')
2024-07-23 15:20:18,974 Message sent: ID=544, Data=bytearray(b'\xaa')
2024-07-23 15:20:19,076 Message sent: ID=444, Data=bytearray(b';Y$4\xa1')
2024-07-23 15:20:19,181 Message sent: ID=300, Data=bytearray(b'\x87\xbbq\xbak\xb4')
2024-07-23 15:20:19,282 Message sent: ID=702, Data=bytearray(b'g\x90\x89;\xa15')
2024-07-23 15:20:19,388 Message sent: ID=743, Data=bytearray(b'')
2024-07-23 15:20:19,489 Message sent: ID=1426, Data=bytearray(b'bQ+\xbch\xe1vL')
2024-07-23 15:20:19,592 Message sent: ID=593, Data=bytearray(b'\xb7\xf3')
2024-07-23 15:20:19,695 Message sent: ID=1001, Data=bytearray(b'0R^\xc7\x81\xab\x1f1')
2024-07-23 15:20:19,797 Message sent: ID=239, Data=bytearray(b'\xa1\xd8')
2024-07-23 15:20:19,897 Message sent: ID=1896, Data=bytearray(b'z|\xe6X\xca{\xa8\xb3')
2024-07-23 15:20:19,998 Message sent: ID=1760, Data=bytearray(b'\x88\x14\xf1Ih\x05')
2024-07-23 15:20:20,101 Message sent: ID=244, Data=bytearray(b'\x16')
2024-07-23 15:20:20,203 Message sent: ID=344, Data=bytearray(b'p\x14v2\xc8#')
2024-07-23 15:20:20,305 Message sent: ID=1228, Data=bytearray(b'\x7f\xb9\x1a\xba\xbc')
2024-07-23 15:20:20,407 Message sent: ID=758, Data=bytearray(b'\xea')
2024-07-23 15:20:20,509 Message sent: ID=380, Data=bytearray(b'\\VE\x9f6')
2024-07-23 15:20:20,610 Message sent: ID=644, Data=bytearray(b'*\xc7\xb4\x03M\xb72\x8a')
2024-07-23 15:20:20,712 Message sent: ID=794, Data=bytearray(b'q')
2024-07-23 15:20:20,813 Message sent: ID=431, Data=bytearray(b'\x84r\xd1/')
2024-07-23 15:20:20,914 Message sent: ID=379, Data=bytearray(b'\x1b\x81D\xf9')
2024-07-23 15:20:21,015 Message sent: ID=891, Data=bytearray(b'\xa4')
2024-07-23 15:20:21,116 Message sent: ID=2006, Data=bytearray(b'')
2024-07-23 15:20:21,217 Message sent: ID=111, Data=bytearray(b'\xfbzp')
2024-07-23 15:20:21,318 Message sent: ID=809, Data=bytearray(b'\x87\xfdm\xd5')
2024-07-23 15:20:21,420 Message sent: ID=1291, Data=bytearray(b'\xf7\xb0\xad\x16\xca')
2024-07-23 15:20:21,521 Message sent: ID=1454, Data=bytearray(b'\xb9\xdf\r')
2024-07-23 15:20:21,622 Message sent: ID=1976, Data=bytearray(b'\xfcj')
2024-07-23 15:20:21,723 Message sent: ID=861, Data=bytearray(b'\xe5\xd2\xf9\xec\x89<i\xab')
2024-07-23 15:20:21,825 Message sent: ID=1446, Data=bytearray(b'\xdf\x0bT\x1c\xa4\xad')
2024-07-23 15:20:21,926 Message sent: ID=1999, Data=bytearray(b'Cy\xc3Z\x1d')
2024-07-23 15:20:22,027 Message sent: ID=458, Data=bytearray(b'\xa9\xff\xe65R\\\xe3n')
2024-07-23 15:20:22,128 Message sent: ID=1753, Data=bytearray(b'\x82\x1b\x0b>\xf0wi\x19')
2024-07-23 15:20:22,229 Message sent: ID=250, Data=bytearray(b'')
2024-07-23 15:20:22,330 Message sent: ID=229, Data=bytearray(b'n')
2024-07-23 15:20:22,431 Message sent: ID=1182, Data=bytearray(b'\xde\x17')
2024-07-23 15:20:22,533 Message sent: ID=1242, Data=bytearray(b'')
2024-07-23 15:20:22,634 Message sent: ID=1489, Data=bytearray(b'\\\x17')
2024-07-23 15:20:22,735 Message sent: ID=1590, Data=bytearray(b'r9\x84\xed\xb0\x8a')
2024-07-23 15:20:22,837 Message sent: ID=1169, Data=bytearray(b'\x15j\x19R\xa3\xbb+\x85')
2024-07-23 15:20:22,938 Message sent: ID=709, Data=bytearray(b'\x1e0\xd9`')
2024-07-23 15:20:23,039 Message sent: ID=275, Data=bytearray(b'\x99\xcdb0')
2024-07-23 15:20:23,140 Message sent: ID=2026, Data=bytearray(b'\x12)\x8c\xf6\xa1')
2024-07-23 15:20:23,242 Message sent: ID=1091, Data=bytearray(b' ')
2024-07-23 15:20:23,344 Message sent: ID=1300, Data=bytearray(b'CJ\xa38T\x0e')
2024-07-23 15:20:23,446 Message sent: ID=1878, Data=bytearray(b'\x10#\x12\\\xeb\x188')
2024-07-23 15:20:23,548 Message sent: ID=345, Data=bytearray(b'\xf3')
2024-07-23 15:20:23,650 Message sent: ID=1189, Data=bytearray(b'\xbc\xfc\xf7\x055')
2024-07-23 15:20:23,755 Message sent: ID=191, Data=bytearray(b'\xc1\x9d\xb6')
2024-07-23 15:20:23,858 Message sent: ID=286, Data=bytearray(b'\xf1\xc3"')
2024-07-23 15:20:23,959 Message sent: ID=1744, Data=bytearray(b'')
2024-07-23 15:20:24,060 Message sent: ID=1566, Data=bytearray(b'\xc2\x8c\xa7\x95\x9f')
2024-07-23 15:20:24,162 Message sent: ID=744, Data=bytearray(b'\xf9\xfc\xe3')
2024-07-23 15:20:24,263 Message sent: ID=1914, Data=bytearray(b'?J\xcf')
2024-07-23 15:20:24,364 Message sent: ID=462, Data=bytearray(b'\x80\xd5b\xf0')
2024-07-23 15:20:24,465 Message sent: ID=1925, Data=bytearray(b'\xefv\xcf')
2024-07-23 15:20:24,566 Message sent: ID=1072, Data=bytearray(b'w\x05~\xc3\xbe')
2024-07-23 15:20:24,668 Message sent: ID=146, Data=bytearray(b'\xa7\x1d')
2024-07-23 15:20:24,770 Message sent: ID=88, Data=bytearray(b'\xa5\x8a')
2024-07-23 15:20:24,871 Message sent: ID=99, Data=bytearray(b'\x16>')
2024-07-23 15:20:24,972 Message sent: ID=1453, Data=bytearray(b'\xfa\x8a\xc4')
2024-07-23 15:20:25,073 Message sent: ID=1700, Data=bytearray(b'v\xd7\xa3\xdaf8J\xbc')
2024-07-23 15:20:25,176 Message sent: ID=1975, Data=bytearray(b'\xb3\xdbJ\xd8')
2024-07-23 15:20:25,282 Message sent: ID=1558, Data=bytearray(b'?\xf7')
2024-07-23 15:20:25,389 Message sent: ID=502, Data=bytearray(b'\xadx\xdb\x9e\x14')
2024-07-23 15:20:25,492 Message sent: ID=1653, Data=bytearray(b'\xf6')
2024-07-23 15:20:25,596 Message sent: ID=386, Data=bytearray(b'\x98\x15~,\xc3')
2024-07-23 15:20:25,697 Message sent: ID=113, Data=bytearray(b'\x9e\xbc\x0f\x06,a\xd1')
2024-07-23 15:20:25,798 Message sent: ID=956, Data=bytearray(b'\xf1\xfd\xd8\xd8\x1a\x92')
2024-07-23 15:20:25,900 Message sent: ID=1276, Data=bytearray(b'\xb9\x8c\xb4\xb2')
2024-07-23 15:20:26,003 Message sent: ID=1881, Data=bytearray(b'\x01y\xf3\xa2\t')
2024-07-23 15:20:26,104 Message sent: ID=1319, Data=bytearray(b';,\xb0\xd91v\x98')
2024-07-23 15:20:26,205 Message sent: ID=255, Data=bytearray(b'$\x0f')
2024-07-23 15:20:26,306 Message sent: ID=930, Data=bytearray(b'\xe2\x8f\x93\xd3\x0c!\xf9.')
2024-07-23 15:20:26,409 Message sent: ID=1890, Data=bytearray(b'\x9f4"\xb8*\x94')
2024-07-23 15:20:26,511 Message sent: ID=1843, Data=bytearray(b'\x88\xe8\xca\x1c(\xd4\x89\xb7')
2024-07-23 15:20:26,613 Message sent: ID=110, Data=bytearray(b'\xf3\xd6+7a\xa1\xe12')
2024-07-23 15:20:26,716 Message sent: ID=1364, Data=bytearray(b'P\x8c')
2024-07-23 15:20:26,818 Message sent: ID=1599, Data=bytearray(b'c\xcf\x0c\xd0\xae')
2024-07-23 15:20:26,919 Message sent: ID=1186, Data=bytearray(b'\xeav\xe4')
2024-07-23 15:20:27,020 Message sent: ID=736, Data=bytearray(b'\x1c$\x1a')
2024-07-23 15:20:27,121 Message sent: ID=1573, Data=bytearray(b"\xa6\'\x89")
2024-07-23 15:20:27,225 Message sent: ID=65, Data=bytearray(b'\xf0)\xf5\xc56V\xbf~')
2024-07-23 15:20:27,326 Message sent: ID=241, Data=bytearray(b'\xcb\xfe')
2024-07-23 15:20:27,428 Message sent: ID=588, Data=bytearray(b'\x0e\xf2!`y\x1e9')
2024-07-23 15:20:27,529 Message sent: ID=1032, Data=bytearray(b'\xc9qy ~\xc1\x03\xb4')
2024-07-23 15:20:27,630 Message sent: ID=1548, Data=bytearray(b'U\x9c')
2024-07-23 15:20:27,731 Message sent: ID=1906, Data=bytearray(b'')
2024-07-23 15:20:27,832 Message sent: ID=1525, Data=bytearray(b'^\xc4')
2024-07-23 15:20:27,933 Message sent: ID=1444, Data=bytearray(b'Y\xb2\xb9`\x94\x94')
2024-07-23 15:20:28,035 Message sent: ID=1645, Data=bytearray(b'\xb5\x01cV\xb0*\x19')
2024-07-23 15:20:28,136 Message sent: ID=1532, Data=bytearray(b'm<\x11\xbe\xa9\x91')
2024-07-23 15:20:28,237 Message sent: ID=1368, Data=bytearray(b'\t')
2024-07-23 15:20:28,339 Message sent: ID=1745, Data=bytearray(b'F\xd5\x17#=\x02\x1c\x17')
2024-07-23 15:20:28,440 Message sent: ID=1700, Data=bytearray(b'\xebh')
2024-07-23 15:20:28,540 Message sent: ID=1505, Data=bytearray(b',Gxm')
2024-07-23 15:20:28,642 Message sent: ID=388, Data=bytearray(b']')
2024-07-23 15:20:28,743 Message sent: ID=1355, Data=bytearray(b'*\xaeV\x82')
2024-07-23 15:20:28,845 Message sent: ID=1190, Data=bytearray(b'uW\xf1T\xe2?\xf9')
2024-07-23 15:20:28,945 Message sent: ID=242, Data=bytearray(b'\xea')
2024-07-23 15:20:29,047 Message sent: ID=832, Data=bytearray(b'\xd8\x91\xa7\x05\xfa\xd76')
2024-07-23 15:20:29,149 Message sent: ID=951, Data=bytearray(b'Y')
2024-07-23 15:20:29,253 Message sent: ID=373, Data=bytearray(b'I\x0f\xd1d0{')
2024-07-23 15:20:29,356 Message sent: ID=996, Data=bytearray(b'OW')
2024-07-23 15:20:29,457 Message sent: ID=1487, Data=bytearray(b'\x85')
2024-07-23 15:20:29,559 Message sent: ID=1170, Data=bytearray(b'\xfb\xb2\xd2<\xa4')
2024-07-23 15:20:29,660 Message sent: ID=1773, Data=bytearray(b'}?\xb6\x7f')
2024-07-23 15:20:29,762 Message sent: ID=1065, Data=bytearray(b's')
2024-07-23 15:20:29,863 Message sent: ID=708, Data=bytearray(b'')
2024-07-23 15:20:29,964 Message sent: ID=181, Data=bytearray(b'O<\xa1y k\xf7d')
2024-07-23 15:20:30,064 Message sent: ID=350, Data=bytearray(b'\x05<\x13b\x13O')
2024-07-23 15:20:30,165 Message sent: ID=444, Data=bytearray(b'\x9e\xb2')
2024-07-23 15:20:30,266 Message sent: ID=5, Data=bytearray(b'')
2024-07-23 15:20:30,367 Message sent: ID=118, Data=bytearray(b'\x91\x98\xe9\x1d\xccsT')
2024-07-23 15:20:30,468 Message sent: ID=989, Data=bytearray(b'')
2024-07-23 15:20:30,569 Message sent: ID=1771, Data=bytearray(b'\xd3J\x0c')
2024-07-23 15:20:30,670 Message sent: ID=1984, Data=bytearray(b'tf\xdb%\x9b\x81\xbe\x93')
2024-07-23 15:20:30,771 Message sent: ID=857, Data=bytearray(b'1\xac\xd5<')
2024-07-23 15:20:30,872 Message sent: ID=1121, Data=bytearray(b'\x8f\x12\x85')
2024-07-23 15:20:30,973 Message sent: ID=1353, Data=bytearray(b'VXb\x04T\xad\xc0[')
2024-07-23 15:20:31,074 Message sent: ID=48, Data=bytearray(b'')
2024-07-23 15:20:31,175 Message sent: ID=78, Data=bytearray(b'\xe8\xbc\xd1Q\x87\xe0<')
2024-07-23 15:20:31,277 Message sent: ID=1526, Data=bytearray(b'~\xb3')
2024-07-23 15:20:31,378 Message sent: ID=1091, Data=bytearray(b'\x03\x02\xa4:\xe6')
2024-07-23 15:20:31,480 Message sent: ID=1723, Data=bytearray(b'\xdb\x1b0=\x02\xd2\xf07')
2024-07-23 15:20:31,581 Message sent: ID=329, Data=bytearray(b'#\xda\x92J')
2024-07-23 15:20:31,683 Message sent: ID=779, Data=bytearray(b'\xadJ\x17\xb9[')
2024-07-23 15:20:31,787 Message sent: ID=987, Data=bytearray(b'')
2024-07-23 15:20:31,889 Message sent: ID=156, Data=bytearray(b'\x08')
2024-07-23 15:20:31,990 Message sent: ID=865, Data=bytearray(b'}\xebL`m\xa4a`')
2024-07-23 15:20:32,095 Message sent: ID=1611, Data=bytearray(b'y')
2024-07-23 15:20:32,199 Message sent: ID=1780, Data=bytearray(b'\xe4')
2024-07-23 15:20:32,305 Message sent: ID=750, Data=bytearray(b'C')
2024-07-23 15:20:32,410 Message sent: ID=927, Data=bytearray(b'x\x1aS\xb0t.\x9c"')
2024-07-23 15:20:32,513 Message sent: ID=994, Data=bytearray(b'\xf4')
2024-07-23 15:20:32,615 Message sent: ID=1616, Data=bytearray(b'\x97\xac\x1a')
2024-07-23 15:20:32,716 Message sent: ID=876, Data=bytearray(b'\x03')
2024-07-23 15:20:32,817 Message sent: ID=550, Data=bytearray(b'\xe0\xfc+\xa4~\xb4')
2024-07-23 15:20:32,918 Message sent: ID=635, Data=bytearray(b'-\xe8\x83\x04\x9f')
2024-07-23 15:20:33,019 Message sent: ID=710, Data=bytearray(b'\x15')
2024-07-23 15:20:33,120 Message sent: ID=643, Data=bytearray(b'\nGt\xc7Z\xff)\xce')
2024-07-23 15:20:33,224 Message sent: ID=797, Data=bytearray(b'\x8a\x08{\x94\xee\xe5')
2024-07-23 15:20:33,328 Message sent: ID=256, Data=bytearray(b'e\x18\x88\x01\x04\xccw')
2024-07-23 15:20:33,429 Message sent: ID=114, Data=bytearray(b'zWWFIW')
2024-07-23 15:20:33,530 Message sent: ID=1829, Data=bytearray(b'\x8b')
2024-07-23 15:20:33,631 Message sent: ID=1901, Data=bytearray(b'\xccpN\x86\x9d\x85')
2024-07-23 15:20:33,733 Message sent: ID=934, Data=bytearray(b'\x9f\xcf\xb6E\x99\xc0!')
2024-07-23 15:20:33,834 Message sent: ID=731, Data=bytearray(b'')
2024-07-23 15:20:33,934 Message sent: ID=1449, Data=bytearray(b'\xcc\x8b/\x88\x043^\x1f')
2024-07-23 15:20:34,036 Message sent: ID=1870, Data=bytearray(b'\x12[')
2024-07-23 15:20:34,137 Message sent: ID=214, Data=bytearray(b'\x90wP')
2024-07-23 15:20:34,239 Message sent: ID=1335, Data=bytearray(b'\xeb')
2024-07-23 15:20:34,341 Message sent: ID=817, Data=bytearray(b'T\xd0s')
2024-07-23 15:20:34,442 Message sent: ID=401, Data=bytearray(b'\xe8\xa0\xbb\x18\x9b\r)')
2024-07-23 15:20:34,543 Message sent: ID=1668, Data=bytearray(b'\x07\x8f\xdf\xc9q')
2024-07-23 15:20:34,644 Message sent: ID=1044, Data=bytearray(b'\xe3%s\x18\xbe')
2024-07-23 15:20:34,745 Message sent: ID=1845, Data=bytearray(b'f\xfe\xc0\xfc\x7fQ\xf7#')
2024-07-23 15:20:34,847 Message sent: ID=1703, Data=bytearray(b'\xd9v\x03\x81\x86\xa6')
2024-07-23 15:20:34,948 Message sent: ID=1996, Data=bytearray(b'')
2024-07-23 15:20:35,048 Message sent: ID=1721, Data=bytearray(b'\x01p\xce\xa3\x88')
2024-07-23 15:20:35,150 Message sent: ID=636, Data=bytearray(b"\'\x14\xf7@[\xaa")
2024-07-23 15:20:35,251 Message sent: ID=1108, Data=bytearray(b'<;\x05k\xc1t')
2024-07-23 15:20:35,352 Message sent: ID=322, Data=bytearray(b'm\xa0\x87\xbc\xd3!;"')
2024-07-23 15:20:35,454 Message sent: ID=1003, Data=bytearray(b'\x02U=\xe0\x1b\x08\xe5@')
2024-07-23 15:20:35,555 Message sent: ID=565, Data=bytearray(b';\xaf')
2024-07-23 15:20:35,658 Message sent: ID=1188, Data=bytearray(b'')
2024-07-23 15:20:35,759 Message sent: ID=29, Data=bytearray(b')\x1cq\x84k')
2024-07-23 15:20:35,861 Message sent: ID=556, Data=bytearray(b'\xf7E\tP\xdck\x01')
2024-07-23 15:20:35,962 Message sent: ID=325, Data=bytearray(b'\x9b"\xea[x')
2024-07-23 15:20:36,063 Message sent: ID=236, Data=bytearray(b'\xb5VX\xea\xab')
2024-07-23 15:20:36,165 Message sent: ID=121, Data=bytearray(b'\xe3\xa9\x03\xdd\xf9\t')
2024-07-23 15:20:36,266 Message sent: ID=881, Data=bytearray(b'\x81K\xe7\xa7w$')
