2024-07-23 15:36:31,582 Created a socket
2024-07-23 15:36:31,585 Message sent: ID=480, Data=bytearray(b'\xbd')
2024-07-23 15:36:31,688 Message sent: ID=298, Data=bytearray(b"CH\xf1\'C\x05\x05")
2024-07-23 15:36:31,791 Message sent: ID=236, Data=bytearray(b'')
2024-07-23 15:36:31,895 Message sent: ID=62, Data=bytearray(b'\x80\xf4X\xe1\xbf')
2024-07-23 15:36:31,999 Message sent: ID=1992, Data=bytearray(b'')
2024-07-23 15:36:32,100 Message sent: ID=1388, Data=bytearray(b'\xb7\xd5\x84\xae&')
2024-07-23 15:36:32,203 Message sent: ID=284, Data=bytearray(b'*\t\x11\x87#')
2024-07-23 15:36:32,305 Message sent: ID=518, Data=bytearray(b'\xb2\xff\xa7\xc4\xe1\x81')
2024-07-23 15:36:32,411 Message sent: ID=1417, Data=bytearray(b'\x8dF\xf1\x1e\xc4')
2024-07-23 15:36:32,513 Message sent: ID=876, Data=bytearray(b'\xe5\xfb\xde_\xcd\xbd')
2024-07-23 15:36:32,614 Message sent: ID=1851, Data=bytearray(b'')
2024-07-23 15:36:32,719 Message sent: ID=311, Data=bytearray(b'l\x85\x93')
2024-07-23 15:36:32,821 Message sent: ID=992, Data=bytearray(b'9\x18')
2024-07-23 15:36:32,926 Message sent: ID=559, Data=bytearray(b'\xe8\n\xee\xc3')
2024-07-23 15:36:33,030 Message sent: ID=122, Data=bytearray(b'\xb4\x8b\x9a\x13')
2024-07-23 15:36:33,131 Message sent: ID=244, Data=bytearray(b'\xa4\xca\xd9')
2024-07-23 15:36:33,233 Message sent: ID=1834, Data=bytearray(b'\x1b')
2024-07-23 15:36:33,334 Message sent: ID=1206, Data=bytearray(b'Z\x92\x82\x83\x1c\x92')
2024-07-23 15:36:33,437 Message sent: ID=1183, Data=bytearray(b'\x84GT\xce')
2024-07-23 15:36:33,541 Message sent: ID=1098, Data=bytearray(b'\xad\x88\x9a(\x19\x9f')
2024-07-23 15:36:33,644 Message sent: ID=2002, Data=bytearray(b'')
2024-07-23 15:36:33,746 Message sent: ID=872, Data=bytearray(b'6T\x00\x07\x90\x1f')
2024-07-23 15:36:33,849 Message sent: ID=314, Data=bytearray(b'\xf8 \xf3\xb9\xc2\x0e\xe9')
2024-07-23 15:36:33,951 Message sent: ID=1016, Data=bytearray(b'\x1b\xd3_\xc9')
2024-07-23 15:36:34,053 Message sent: ID=780, Data=bytearray(b'\x05\xe3\x04\xce')
2024-07-23 15:36:34,154 Message sent: ID=376, Data=bytearray(b'\xf1')
2024-07-23 15:36:34,257 Message sent: ID=868, Data=bytearray(b'')
2024-07-23 15:36:34,366 Message sent: ID=253, Data=bytearray(b'hFu\xe0^W\xea')
2024-07-23 15:36:34,469 Message sent: ID=1034, Data=bytearray(b'Id\xb5')
2024-07-23 15:36:34,572 Message sent: ID=691, Data=bytearray(b'\xe5\x99\'\xa7\x95@"')
2024-07-23 15:36:34,674 Message sent: ID=202, Data=bytearray(b'5\xe0\xb15\x83\x9c\xa7')
2024-07-23 15:36:34,776 Message sent: ID=131, Data=bytearray(b'\xba\xad\xdc\x08_')
2024-07-23 15:36:34,878 Message sent: ID=1640, Data=bytearray(b'i\xcb.\xc8v%\xe7')
2024-07-23 15:36:34,981 Message sent: ID=1561, Data=bytearray(b'\xcf\xceJ\x7f\x8c')
2024-07-23 15:36:35,083 Message sent: ID=1767, Data=bytearray(b'\xc4\n\xb4\x9b\x8b')
2024-07-23 15:36:35,184 Message sent: ID=331, Data=bytearray(b'\x08\xc7\xa4\xd2\xcb')
2024-07-23 15:36:35,287 Message sent: ID=733, Data=bytearray(b'\xca\x00~\xb3A')
2024-07-23 15:36:35,392 Message sent: ID=1482, Data=bytearray(b'\x98')
2024-07-23 15:36:35,494 Message sent: ID=1927, Data=bytearray(b'\xcaV\x0ec\x7f0f')
2024-07-23 15:36:35,596 Message sent: ID=151, Data=bytearray(b'\xb2\x92T\xb6{\x01')
2024-07-23 15:36:35,698 Message sent: ID=259, Data=bytearray(b'P%\x95\xbc_\xaa')
2024-07-23 15:36:35,809 Message sent: ID=1066, Data=bytearray(b'[\x12\xde\xaa\xdaIl\x82')
2024-07-23 15:36:35,912 Message sent: ID=603, Data=bytearray(b'\x8e"\x8d\xd2<\xad\x1a')
2024-07-23 15:36:36,017 Message sent: ID=1306, Data=bytearray(b'hD\x1dA5kx')
2024-07-23 15:36:36,119 Message sent: ID=740, Data=bytearray(b'\x10\xa5\xf5\xab\x89\xd2')
2024-07-23 15:36:36,220 Message sent: ID=1916, Data=bytearray(b'\xdb\x9b')
2024-07-23 15:36:36,322 Message sent: ID=1435, Data=bytearray(b'\xc6:\x83\xe2')
2024-07-23 15:36:36,427 Message sent: ID=171, Data=bytearray(b'\xb8\xedi\xd7\x14\x10')
2024-07-23 15:36:36,531 Message sent: ID=1116, Data=bytearray(b'\xa7\x97\x8e\x11\x02\xbc\xd5\xf5')
2024-07-23 15:36:36,641 Message sent: ID=407, Data=bytearray(b'')
2024-07-23 15:36:36,743 Message sent: ID=1692, Data=bytearray(b'\xc2Q\xb6\xdeY')
2024-07-23 15:36:36,849 Message sent: ID=431, Data=bytearray(b'r$')
2024-07-23 15:36:36,950 Message sent: ID=1383, Data=bytearray(b'\xd7O\x80')
2024-07-23 15:36:37,053 Message sent: ID=662, Data=bytearray(b'\xe7\xc6\xe3\x8e1\xfcx')
2024-07-23 15:36:37,154 Message sent: ID=492, Data=bytearray(b'\xa31\xa9\x9a\xde\xc0\xfa ')
2024-07-23 15:36:37,256 Message sent: ID=360, Data=bytearray(b'd\xdf\xae')
2024-07-23 15:36:37,357 Message sent: ID=273, Data=bytearray(b'\xe0')
2024-07-23 15:36:37,460 Message sent: ID=161, Data=bytearray(b'\x18\xb3')
2024-07-23 15:36:37,562 Message sent: ID=1370, Data=bytearray(b'.\xde')
2024-07-23 15:36:37,665 Message sent: ID=990, Data=bytearray(b'\x83\xe5\x8d')
2024-07-23 15:36:37,766 Message sent: ID=156, Data=bytearray(b'\x1e')
2024-07-23 15:36:37,869 Message sent: ID=1785, Data=bytearray(b' \x80\xa7\x94\x8c')
2024-07-23 15:36:37,971 Message sent: ID=1558, Data=bytearray(b'')
2024-07-23 15:36:38,073 Message sent: ID=264, Data=bytearray(b'')
2024-07-23 15:36:38,175 Message sent: ID=1089, Data=bytearray(b'\x1c\x1e\x9d\x1bn')
2024-07-23 15:36:38,278 Message sent: ID=181, Data=bytearray(b'')
2024-07-23 15:36:38,382 Message sent: ID=1910, Data=bytearray(b'&\x15\xf7>\xb2\xb2\xdb')
2024-07-23 15:36:38,485 Message sent: ID=1219, Data=bytearray(b'\xdd')
2024-07-23 15:36:38,588 Message sent: ID=1601, Data=bytearray(b'\x11\xa8L\x1a#\x1f')
2024-07-23 15:36:38,690 Message sent: ID=381, Data=bytearray(b'\xa6\x81')
2024-07-23 15:36:38,795 Message sent: ID=914, Data=bytearray(b'K\xb3\xc0')
2024-07-23 15:36:38,899 Message sent: ID=206, Data=bytearray(b'\xbf17\x1eWw\x8e')
2024-07-23 15:36:39,001 Message sent: ID=1181, Data=bytearray(b'<\xf1\x81\xf6\xd2\xbf\xc9\xe6')
2024-07-23 15:36:39,103 Message sent: ID=536, Data=bytearray(b'')
2024-07-23 15:36:39,206 Message sent: ID=1420, Data=bytearray(b'\x81M\xd1\x11')
2024-07-23 15:36:39,312 Message sent: ID=785, Data=bytearray(b'\x9e')
2024-07-23 15:36:39,414 Message sent: ID=390, Data=bytearray(b'"\xe4')
2024-07-23 15:36:39,515 Message sent: ID=1788, Data=bytearray(b'\xc1\x89\n')
2024-07-23 15:36:39,618 Message sent: ID=164, Data=bytearray(b'')
2024-07-23 15:36:39,719 Message sent: ID=1645, Data=bytearray(b'4')
2024-07-23 15:36:39,822 Message sent: ID=308, Data=bytearray(b"\x00w|\x08\xe2\xd2\'")
2024-07-23 15:36:39,924 Message sent: ID=123, Data=bytearray(b'L8')
2024-07-23 15:36:40,030 Message sent: ID=482, Data=bytearray(b'\xc1\xa5Ci\xd3\xab\x9c\xcc')
2024-07-23 15:36:40,133 Message sent: ID=1523, Data=bytearray(b'W7mO\x1c\x15\x81\x93')
2024-07-23 15:36:40,235 Message sent: ID=2018, Data=bytearray(b'-\xec:\xf7')
2024-07-23 15:36:40,337 Message sent: ID=1400, Data=bytearray(b'\x87k\x96-7V\xa6\x81')
2024-07-23 15:36:40,438 Message sent: ID=1029, Data=bytearray(b'\xb3\xcf\x07`')
2024-07-23 15:36:40,540 Message sent: ID=1942, Data=bytearray(b'')
2024-07-23 15:36:40,642 Message sent: ID=2043, Data=bytearray(b'\xbdl\xfd3')
2024-07-23 15:36:40,745 Message sent: ID=333, Data=bytearray(b'-`\\')
2024-07-23 15:36:40,847 Message sent: ID=490, Data=bytearray(b'\xf3\x16')
2024-07-23 15:36:40,950 Message sent: ID=2001, Data=bytearray(b'%9')
2024-07-23 15:36:41,051 Message sent: ID=987, Data=bytearray(b'\xbb\xedd\xe0k')
2024-07-23 15:36:41,154 Message sent: ID=1477, Data=bytearray(b'')
2024-07-23 15:36:41,255 Message sent: ID=1450, Data=bytearray(b'\xfd\xf3qOfp%')
2024-07-23 15:36:41,357 Message sent: ID=445, Data=bytearray(b'Eh')
2024-07-23 15:36:41,459 Message sent: ID=266, Data=bytearray(b'\x16\xf0h\xcfz28\xf5')
2024-07-23 15:36:41,561 Message sent: ID=653, Data=bytearray(b'\xf8\xce\xdb\x14\xd9\xb7\xde')
2024-07-23 15:36:41,667 Message sent: ID=1732, Data=bytearray(b'\x8d\xa6\xa7a:')
2024-07-23 15:36:41,769 Message sent: ID=1565, Data=bytearray(b'\xe3j\xa0\x8dm')
2024-07-23 15:36:41,870 Message sent: ID=327, Data=bytearray(b'-')
2024-07-23 15:36:41,971 Message sent: ID=810, Data=bytearray(b'+\x1b\xf3')
2024-07-23 15:36:42,073 Message sent: ID=468, Data=bytearray(b'')
2024-07-23 15:36:42,175 Message sent: ID=1233, Data=bytearray(b'\x02')
2024-07-23 15:36:42,277 Message sent: ID=236, Data=bytearray(b'')
2024-07-23 15:36:42,379 Message sent: ID=1527, Data=bytearray(b'CN7DL=\xd3')
2024-07-23 15:36:42,480 Message sent: ID=1381, Data=bytearray(b'\xf6X')
2024-07-23 15:36:42,582 Message sent: ID=274, Data=bytearray(b'T\x1a\xa8\x9e\xa4\xadh')
2024-07-23 15:36:42,685 Message sent: ID=477, Data=bytearray(b'!I\xe9\x7f\x82\x9c\xf8')
2024-07-23 15:36:42,787 Message sent: ID=1989, Data=bytearray(b'N{\x93\x93\xb8\xa5\xac')
2024-07-23 15:36:42,892 Message sent: ID=1472, Data=bytearray(b'\xcd)(\x85G\xc4\xee\xd4')
2024-07-23 15:36:42,997 Message sent: ID=1928, Data=bytearray(b' ')
2024-07-23 15:36:43,098 Message sent: ID=1498, Data=bytearray(b'\x87\xaf\xd1\x8dO\xb2')
2024-07-23 15:36:43,200 Message sent: ID=1353, Data=bytearray(b'0\x8ev\x98\x8d\xcf')
2024-07-23 15:36:43,301 Message sent: ID=619, Data=bytearray(b'(8sy\xff<|')
2024-07-23 15:36:43,404 Message sent: ID=1942, Data=bytearray(b'\xb4')
2024-07-23 15:36:43,507 Message sent: ID=160, Data=bytearray(b'\xf1-\xf6\xb1:\x1c\x9d\x88')
2024-07-23 15:36:43,612 Message sent: ID=158, Data=bytearray(b'\xa4\xc1\x0c\x8e\xf1')
2024-07-23 15:36:43,717 Message sent: ID=611, Data=bytearray(b'\xe0\x8e\xf6\x8b\xdd\x86')
2024-07-23 15:36:43,819 Message sent: ID=1883, Data=bytearray(b'\x13\xe6\xc0Z\xc6\x8aL\xf7')
2024-07-23 15:36:43,922 Message sent: ID=1951, Data=bytearray(b'\xac')
2024-07-23 15:36:44,023 Message sent: ID=1717, Data=bytearray(b'\x8f\xf0\x96f\xc5L\xa0')
2024-07-23 15:36:44,124 Message sent: ID=1721, Data=bytearray(b'\xc8')
2024-07-23 15:36:44,226 Message sent: ID=1250, Data=bytearray(b'i>Y|\xfd\x1e')
2024-07-23 15:36:44,329 Message sent: ID=1894, Data=bytearray(b'\xf6+\xbb,\x9ay^')
2024-07-23 15:36:44,432 Message sent: ID=910, Data=bytearray(b'\xc7\x96\xf2\x9e\x00#\xdb')
2024-07-23 15:36:44,534 Message sent: ID=1388, Data=bytearray(b'\xa6\x06\x9a')
2024-07-23 15:36:44,635 Message sent: ID=1459, Data=bytearray(b'\x87\xa3cr')
2024-07-23 15:36:44,737 Message sent: ID=1763, Data=bytearray(b'|\xb3o')
2024-07-23 15:36:44,839 Message sent: ID=1, Data=bytearray(b'%\xc5\xd6')
2024-07-23 15:36:44,941 Message sent: ID=542, Data=bytearray(b'\xf7X\xae\xa2B\x93}\x10')
2024-07-23 15:36:45,044 Message sent: ID=975, Data=bytearray(b'A\x1a\xaa\xdbl')
2024-07-23 15:36:45,146 Message sent: ID=998, Data=bytearray(b'\xbb\x8f')
2024-07-23 15:36:45,249 Message sent: ID=1026, Data=bytearray(b'\xda')
2024-07-23 15:36:45,353 Message sent: ID=124, Data=bytearray(b'')
2024-07-23 15:36:45,456 Message sent: ID=584, Data=bytearray(b'a\xab')
2024-07-23 15:36:45,558 Message sent: ID=1757, Data=bytearray(b'|\xe6')
2024-07-23 15:36:45,660 Message sent: ID=1348, Data=bytearray(b'\x97h\xa3\xd8{\x82')
2024-07-23 15:36:45,774 Message sent: ID=77, Data=bytearray(b'\xc2<f\xd7')
2024-07-23 15:36:45,877 Message sent: ID=1673, Data=bytearray(b'T\t\x10\xb9\xde')
2024-07-23 15:36:45,981 Message sent: ID=74, Data=bytearray(b'\x05\xfa\x89\xc9\nZ\x0b\xd1')
2024-07-23 15:36:46,083 Message sent: ID=1951, Data=bytearray(b'<\x8d\xd5\x16V\x83\xc3n')
2024-07-23 15:36:46,186 Message sent: ID=499, Data=bytearray(b'')
2024-07-23 15:36:46,289 Message sent: ID=493, Data=bytearray(b'>')
2024-07-23 15:36:46,391 Message sent: ID=368, Data=bytearray(b'\xad\x0c\xccB\xc3')
2024-07-23 15:36:46,493 Message sent: ID=1313, Data=bytearray(b'V\xfa\x89')
2024-07-23 15:36:46,595 Message sent: ID=215, Data=bytearray(b'\x16\\59\x92\xabq')
2024-07-23 15:36:46,706 Message sent: ID=946, Data=bytearray(b'&0')
2024-07-23 15:36:46,808 Message sent: ID=325, Data=bytearray(b'b\xd7\xc1k')
2024-07-23 15:36:46,912 Message sent: ID=1241, Data=bytearray(b'u\xffwX\xe8\xd9\x9e\x02')
2024-07-23 15:36:47,015 Message sent: ID=168, Data=bytearray(b'\xa9')
2024-07-23 15:36:47,117 Message sent: ID=1527, Data=bytearray(b'')
2024-07-23 15:36:47,220 Message sent: ID=1123, Data=bytearray(b'"\x81\x10`\xf5`\xf2')
2024-07-23 15:36:47,323 Message sent: ID=624, Data=bytearray(b'\n\xca')
2024-07-23 15:36:47,425 Message sent: ID=811, Data=bytearray(b"\xf5TL\'\t\xc6\x84")
2024-07-23 15:36:47,528 Message sent: ID=1080, Data=bytearray(b'\xed\xb0}\xa1')
2024-07-23 15:36:47,630 Message sent: ID=1363, Data=bytearray(b'K')
2024-07-23 15:36:47,733 Message sent: ID=369, Data=bytearray(b'@\xb0\x13')
2024-07-23 15:36:47,838 Message sent: ID=1586, Data=bytearray(b'')
2024-07-23 15:36:47,940 Message sent: ID=789, Data=bytearray(b'')
2024-07-23 15:36:48,043 Message sent: ID=1915, Data=bytearray(b'w\x9f\xe2\x91\xe0')
2024-07-23 15:36:48,146 Message sent: ID=916, Data=bytearray(b'')
2024-07-23 15:36:48,249 Message sent: ID=1029, Data=bytearray(b'\xc5\x97;\xce')
2024-07-23 15:36:48,351 Message sent: ID=594, Data=bytearray(b'7\x05\x00\xd1\x97\xa8>')
2024-07-23 15:36:48,453 Message sent: ID=141, Data=bytearray(b'\x87\xe2\x07\x06\x13\xbf\xc9\xcb')
2024-07-23 15:36:48,554 Message sent: ID=655, Data=bytearray(b'')
2024-07-23 15:36:48,657 Message sent: ID=494, Data=bytearray(b'N\xd5\x0b\xbed\t\x12')
2024-07-23 15:36:48,760 Message sent: ID=1738, Data=bytearray(b'o\xbf3\xdd@kF')
2024-07-23 15:36:48,862 Message sent: ID=1691, Data=bytearray(b'!\x1bz\xad\xd7')
2024-07-23 15:36:48,965 Message sent: ID=987, Data=bytearray(b'')
2024-07-23 15:36:49,066 Message sent: ID=823, Data=bytearray(b'\x18}\xa5\x1e')
2024-07-23 15:36:49,170 Message sent: ID=1118, Data=bytearray(b'\x8c4\x95\x16a\x1f')
2024-07-23 15:36:49,274 Message sent: ID=979, Data=bytearray(b'MS\xab')
2024-07-23 15:36:49,377 Message sent: ID=1946, Data=bytearray(b'')
2024-07-23 15:36:49,481 Message sent: ID=771, Data=bytearray(b'\xacl')
2024-07-23 15:36:49,588 Message sent: ID=1276, Data=bytearray(b'J\x91\xda')
2024-07-23 15:36:49,691 Message sent: ID=1019, Data=bytearray(b'\x04uhb\xb7\xdc`')
2024-07-23 15:36:49,837 Message sent: ID=1974, Data=bytearray(b'\xcfQ\x80\rP\xf8e')
2024-07-23 15:36:49,939 Message sent: ID=228, Data=bytearray(b's\xb6\xaa\xb9\xa5!\x9a')
2024-07-23 15:36:50,045 Message sent: ID=519, Data=bytearray(b'\x10\xb8')
2024-07-23 15:36:50,150 Message sent: ID=1993, Data=bytearray(b'\x93\x90\xf6\x88')
2024-07-23 15:36:50,253 Message sent: ID=1604, Data=bytearray(b'2\xc5\x00\xe4]C')
2024-07-23 15:36:50,357 Message sent: ID=995, Data=bytearray(b'\xd2Q0')
2024-07-23 15:36:50,465 Message sent: ID=1371, Data=bytearray(b'\xaf\x90L\x80\xe1;Bv')
2024-07-23 15:36:50,568 Message sent: ID=1320, Data=bytearray(b'"\x07U\x9b')
2024-07-23 15:36:50,671 Message sent: ID=799, Data=bytearray(b'\xf2\xec\xab\xe3\x01\xda')
2024-07-23 15:36:50,773 Message sent: ID=142, Data=bytearray(b'\xa9\xa9i\x99')
2024-07-23 15:36:50,874 Message sent: ID=183, Data=bytearray(b'\xee\xbf\xad\xa1')
2024-07-23 15:36:50,975 Message sent: ID=1887, Data=bytearray(b'\xd0Hb\x87\xfd\xfc')
2024-07-23 15:36:51,078 Message sent: ID=104, Data=bytearray(b'q\x8a\xe2o\xf9\xaa\x18')
2024-07-23 15:36:51,180 Message sent: ID=419, Data=bytearray(b'\x17C\xb3k\x8f\xf3\x1e\xda')
2024-07-23 15:36:51,283 Message sent: ID=613, Data=bytearray(b'')
2024-07-23 15:36:51,385 Message sent: ID=942, Data=bytearray(b'"')
2024-07-23 15:36:51,488 Message sent: ID=1785, Data=bytearray(b'\rx\x11J\x8b\xa5B\xea')
2024-07-23 15:36:51,590 Message sent: ID=751, Data=bytearray(b'Q\x8b\x108')
2024-07-23 15:36:51,693 Message sent: ID=1153, Data=bytearray(b'\xa8_]\x92\x01')
2024-07-23 15:36:51,795 Message sent: ID=1508, Data=bytearray(b'\x80\x8e')
2024-07-23 15:36:51,897 Message sent: ID=1975, Data=bytearray(b'kS\xe2\xd4\x06S\xdd')
2024-07-23 15:36:51,999 Message sent: ID=1601, Data=bytearray(b'}\xbf\x05\xde\x97I\xc3+')
2024-07-23 15:36:52,102 Message sent: ID=1420, Data=bytearray(b'$\\q\xfd')
2024-07-23 15:36:52,203 Message sent: ID=1806, Data=bytearray(b'\xdc\x05/\x02\x93QX')
2024-07-23 15:36:52,306 Message sent: ID=1505, Data=bytearray(b'mo\x94')
2024-07-23 15:36:52,407 Message sent: ID=1151, Data=bytearray(b',\x07\xffZ`')
2024-07-23 15:36:52,509 Message sent: ID=1129, Data=bytearray(b'\xc8\xfd\xa5\xaa\xaf\xbd0U')
2024-07-23 15:36:52,612 Message sent: ID=1678, Data=bytearray(b'\xddzx\x162\xa5(\xab')
2024-07-23 15:36:52,715 Message sent: ID=726, Data=bytearray(b'&\xf3@Q\x97\xe2_')
2024-07-23 15:36:52,818 Message sent: ID=597, Data=bytearray(b'\xa6@\x02/\xcd\xf1\xdd')
2024-07-23 15:36:52,920 Message sent: ID=1942, Data=bytearray(b'\x81 \x91\t\x01\xe5')
2024-07-23 15:36:53,022 Message sent: ID=451, Data=bytearray(b'\xd4\x1d\x9a\x1c2')
2024-07-23 15:36:53,124 Message sent: ID=1343, Data=bytearray(b'\xf24\xcfrd')
2024-07-23 15:36:53,226 Message sent: ID=656, Data=bytearray(b'\xbd\x0e\xd6\xcc7B\xc0\xd5')
2024-07-23 15:36:53,329 Message sent: ID=1227, Data=bytearray(b'\xb7\xe1E\xb0\x90!R\xf6')
2024-07-23 15:36:53,431 Message sent: ID=1478, Data=bytearray(b'5\xe2/\x80T')
2024-07-23 15:36:53,535 Message sent: ID=58, Data=bytearray(b'd\xd7\x01\xe7\xbe1u\x01')
2024-07-23 15:36:53,640 Message sent: ID=794, Data=bytearray(b'\x8d\xb0\xc2\\')
2024-07-23 15:36:53,742 Message sent: ID=100, Data=bytearray(b'K\xefSPa\xe6')
2024-07-23 15:36:53,845 Message sent: ID=1497, Data=bytearray(b'\xe4o\xf4')
2024-07-23 15:36:53,946 Message sent: ID=1920, Data=bytearray(b'\xf7\xb8\x91\x08\x08)')
2024-07-23 15:36:54,048 Message sent: ID=251, Data=bytearray(b'o')
2024-07-23 15:36:54,151 Message sent: ID=1945, Data=bytearray(b'\xbe\xc6\xbbws')
2024-07-23 15:36:54,253 Message sent: ID=1522, Data=bytearray(b'\x88`\xe6\xbf')
2024-07-23 15:36:54,356 Message sent: ID=1673, Data=bytearray(b'{\xaa\xd2r\x87^\xd2')
2024-07-23 15:36:54,459 Message sent: ID=1137, Data=bytearray(b"\'\x0e>\x96")
2024-07-23 15:36:54,561 Message sent: ID=919, Data=bytearray(b'\x8a;3\xcc')
2024-07-23 15:36:54,663 Message sent: ID=142, Data=bytearray(b'\x0b\xf1\xad]\x99\x08\x83')
2024-07-23 15:36:54,765 Message sent: ID=738, Data=bytearray(b'\x01/.')
2024-07-23 15:36:54,866 Message sent: ID=1879, Data=bytearray(b'b')
2024-07-23 15:36:54,968 Message sent: ID=1375, Data=bytearray(b'\x94\xe8cLc')
2024-07-23 15:36:55,071 Message sent: ID=1525, Data=bytearray(b'\x94F\x19')
2024-07-23 15:36:55,174 Message sent: ID=1949, Data=bytearray(b'')
2024-07-23 15:36:55,279 Message sent: ID=227, Data=bytearray(b'\xba,\x8b\xeb\x9b\xd3')
2024-07-23 15:36:55,384 Message sent: ID=969, Data=bytearray(b',\x159I\xd6')
2024-07-23 15:36:55,488 Message sent: ID=1280, Data=bytearray(b'BR?#T\xf1')
2024-07-23 15:36:55,593 Message sent: ID=1924, Data=bytearray(b'w')
2024-07-23 15:36:55,695 Message sent: ID=850, Data=bytearray(b'l\xbc|<\xb8a\x1b')
2024-07-23 15:36:55,799 Message sent: ID=61, Data=bytearray(b'\xe7\xed\xd4\xb1')
2024-07-23 15:36:55,906 Message sent: ID=1180, Data=bytearray(b'o.Zm\xd1t')
2024-07-23 15:36:56,010 Message sent: ID=618, Data=bytearray(b'y\x0cI\xe87\xf6\x9c')
2024-07-23 15:36:56,111 Message sent: ID=1752, Data=bytearray(b'\xb7\x10\xb4')
2024-07-23 15:36:56,213 Message sent: ID=1021, Data=bytearray(b'!\xe7J')
2024-07-23 15:36:56,315 Message sent: ID=1655, Data=bytearray(b':w\xd9\x81K\xd9\x08\xb9')
2024-07-23 15:36:56,416 Message sent: ID=1903, Data=bytearray(b'\xd2\x03r\xc1i')
2024-07-23 15:36:56,517 Message sent: ID=598, Data=bytearray(b'\xde')
2024-07-23 15:36:56,621 Message sent: ID=42, Data=bytearray(b'')
2024-07-23 15:36:56,725 Message sent: ID=693, Data=bytearray(b'\xc6 \xf8\x01h\x05')
2024-07-23 15:36:56,828 Message sent: ID=143, Data=bytearray(b'\xa7\xc7\x07\x16\xd8\x8dF')
2024-07-23 15:36:56,932 Message sent: ID=134, Data=bytearray(b'\x8f\x7fC')
2024-07-23 15:36:57,034 Message sent: ID=1200, Data=bytearray(b'\xbc\xeb\xeb')
2024-07-23 15:36:57,137 Message sent: ID=234, Data=bytearray(b'\x85')
2024-07-23 15:36:57,239 Message sent: ID=1852, Data=bytearray(b'\xc8\x94')
2024-07-23 15:36:57,342 Message sent: ID=99, Data=bytearray(b'\xab\xa6\xc4.z\xcd_')
2024-07-23 15:36:57,447 Message sent: ID=1921, Data=bytearray(b'\xa2<\xb5D')
2024-07-23 15:36:57,548 Message sent: ID=169, Data=bytearray(b'\xa0\xbf\xdd\xc9i\x88\x9e')
2024-07-23 15:36:57,650 Message sent: ID=1952, Data=bytearray(b'\x8c\x1c@\\\xe1')
2024-07-23 15:36:57,754 Message sent: ID=1317, Data=bytearray(b'\x07\xbc\x07\n')
2024-07-23 15:36:57,857 Message sent: ID=937, Data=bytearray(b'T\xb6\xa7a8\xcf\xe4\x98')
2024-07-23 15:36:57,959 Message sent: ID=818, Data=bytearray(b'\xb3\xba\x8et\x12\xcd\xd9\xb4')
2024-07-23 15:36:58,061 Message sent: ID=719, Data=bytearray(b'\xd4B?\xbar\xc0\xf7')
2024-07-23 15:36:58,162 Message sent: ID=1977, Data=bytearray(b'\xda\xfa\xabJ')
2024-07-23 15:36:58,264 Message sent: ID=548, Data=bytearray(b'6\x024\xaem')
2024-07-23 15:36:58,365 Message sent: ID=179, Data=bytearray(b'8\x93')
2024-07-23 15:36:58,467 Message sent: ID=600, Data=bytearray(b'v&\xf1\x90$\\\x14')
2024-07-23 15:36:58,568 Message sent: ID=1340, Data=bytearray(b'\xe8\xcfu')
2024-07-23 15:36:58,671 Message sent: ID=1328, Data=bytearray(b'%\xeeF\x87\x8f')
2024-07-23 15:36:58,773 Message sent: ID=1077, Data=bytearray(b'\x0f\nN')
2024-07-23 15:36:58,874 Message sent: ID=338, Data=bytearray(b'')
2024-07-23 15:36:58,978 Message sent: ID=1523, Data=bytearray(b'\x8f\xc7\x8b\xf3YO\xf9')
2024-07-23 15:36:59,082 Message sent: ID=1269, Data=bytearray(b'EU\xe8L\x17\xf3l\xfa')
2024-07-23 15:36:59,184 Message sent: ID=1611, Data=bytearray(b'\xe5n\xfc8\xe8')
2024-07-23 15:36:59,286 Message sent: ID=1766, Data=bytearray(b'')
2024-07-23 15:36:59,387 Message sent: ID=216, Data=bytearray(b'\x8e\x98\x9aJ\xfcf\xeb\xe2')
2024-07-23 15:36:59,489 Message sent: ID=184, Data=bytearray(b'')
2024-07-23 15:36:59,590 Message sent: ID=931, Data=bytearray(b'')
2024-07-23 15:36:59,692 Message sent: ID=1764, Data=bytearray(b'l\x10c#\x07\xbc\xce\xe4')
2024-07-23 15:36:59,793 Message sent: ID=627, Data=bytearray(b'\x8c')
2024-07-23 15:36:59,895 Message sent: ID=367, Data=bytearray(b'\x182\xa0=w')
2024-07-23 15:36:59,997 Message sent: ID=432, Data=bytearray(b'\xae\xc4')
2024-07-23 15:37:00,098 Message sent: ID=1978, Data=bytearray(b'\x1cA\x05\xe8G\xaa')
2024-07-23 15:37:00,200 Message sent: ID=1718, Data=bytearray(b'\x03\xe8\xa8')
2024-07-23 15:37:00,302 Message sent: ID=1294, Data=bytearray(b'')
2024-07-23 15:37:00,404 Message sent: ID=922, Data=bytearray(b'3\xd8\xff')
2024-07-23 15:37:00,505 Message sent: ID=176, Data=bytearray(b'6\xb0\x83\xae\x07\xc8\x80\xf8')
2024-07-23 15:37:00,607 Message sent: ID=1593, Data=bytearray(b'\xbb6\x08\xf9\xf0.\xa04')
2024-07-23 15:37:00,712 Message sent: ID=53, Data=bytearray(b'\xb0\xec\xeaR')
2024-07-23 15:37:00,816 Message sent: ID=760, Data=bytearray(b'\x17v\x9b\x9c\xff}')
2024-07-23 15:37:00,918 Message sent: ID=1906, Data=bytearray(b'\x9f\xdd\xa8\xd5')
2024-07-23 15:37:01,021 Message sent: ID=1158, Data=bytearray(b'\x96\xc1\x1fr\xd4\xe3\xf8')
2024-07-23 15:37:01,123 Message sent: ID=271, Data=bytearray(b'4\x10')
2024-07-23 15:37:01,227 Message sent: ID=1812, Data=bytearray(b'\xcc\x93\xd3\xf3\xadO!\xad')
2024-07-23 15:37:01,330 Message sent: ID=595, Data=bytearray(b'w@\x1f')
2024-07-23 15:37:01,432 Message sent: ID=579, Data=bytearray(b'3M\xd6')
2024-07-23 15:37:01,541 Message sent: ID=1908, Data=bytearray(b'?T\x06W\xc3ap\xa9')
2024-07-23 15:37:01,645 Message sent: ID=158, Data=bytearray(b'X\x0c\xee\x84\xd7')
2024-07-23 15:37:01,749 Message sent: ID=1429, Data=bytearray(b'\xf9t')
2024-07-23 15:37:01,851 Message sent: ID=137, Data=bytearray(b'\\\xb6')
2024-07-23 15:37:01,952 Message sent: ID=1159, Data=bytearray(b'N\x89f\xe0\x91\xfd\xe4')
2024-07-23 15:37:02,058 Message sent: ID=835, Data=bytearray(b'')
2024-07-23 15:37:02,160 Message sent: ID=162, Data=bytearray(b'\xb9\xb6\xc0\x85\xae')
2024-07-23 15:37:02,269 Message sent: ID=1285, Data=bytearray(b'')
2024-07-23 15:37:02,375 Message sent: ID=1658, Data=bytearray(b'"\xc7\xf6D\x1f02')
2024-07-23 15:37:02,476 Message sent: ID=135, Data=bytearray(b'_\x0e&\x0ff')
2024-07-23 15:37:02,580 Message sent: ID=1958, Data=bytearray(b'\x87a\x8e\xa3\xfd')
2024-07-23 15:37:02,686 Message sent: ID=1836, Data=bytearray(b'DDRd')
2024-07-23 15:37:02,789 Message sent: ID=606, Data=bytearray(b'\x02JH')
2024-07-23 15:37:02,893 Message sent: ID=1290, Data=bytearray(b'')
2024-07-23 15:37:02,998 Message sent: ID=1513, Data=bytearray(b'\xe6\xf9Nk')
2024-07-23 15:37:03,101 Message sent: ID=1094, Data=bytearray(b'\xe2\xbf\x86\xe7\x0c\xb9')
2024-07-23 15:37:03,204 Message sent: ID=66, Data=bytearray(b'\x1aN')
2024-07-23 15:37:03,307 Message sent: ID=559, Data=bytearray(b'\x95\xa1\xdd')
2024-07-23 15:37:03,409 Message sent: ID=1348, Data=bytearray(b'\x1eO\x9f')
2024-07-23 15:37:03,515 Message sent: ID=990, Data=bytearray(b'\x86')
2024-07-23 15:37:03,618 Message sent: ID=947, Data=bytearray(b'4\x8f\xec\x95\xd3\xbd')
2024-07-23 15:37:03,720 Message sent: ID=1048, Data=bytearray(b'~Q')
2024-07-23 15:37:03,821 Message sent: ID=814, Data=bytearray(b'')
2024-07-23 15:37:03,923 Message sent: ID=857, Data=bytearray(b'\x158')
2024-07-23 15:37:04,025 Message sent: ID=318, Data=bytearray(b'O\xa8[\x16)')
2024-07-23 15:37:04,126 Message sent: ID=757, Data=bytearray(b'\xb7\xedf\xc3\x8d?.\x91')
2024-07-23 15:37:04,229 Message sent: ID=1856, Data=bytearray(b'\x05\xbf\x80')
2024-07-23 15:37:04,332 Message sent: ID=1906, Data=bytearray(b'8')
2024-07-23 15:37:04,435 Message sent: ID=1733, Data=bytearray(b'Z\xae\x83\xd3\xdb.3')
2024-07-23 15:37:04,538 Message sent: ID=247, Data=bytearray(b'\xd3eH')
2024-07-23 15:37:04,641 Message sent: ID=1393, Data=bytearray(b'\x0b\xac\xfa\xaa/5\xe8y')
2024-07-23 15:37:04,743 Message sent: ID=736, Data=bytearray(b'\x90z')
2024-07-23 15:37:04,847 Message sent: ID=508, Data=bytearray(b'\n\x89\x0b4I')
2024-07-23 15:37:04,949 Message sent: ID=443, Data=bytearray(b'\xb2;\x8f\xee')
2024-07-23 15:37:05,050 Message sent: ID=71, Data=bytearray(b'^')
2024-07-23 15:37:05,152 Message sent: ID=239, Data=bytearray(b'g\xdf\x94\xc2\x16\xac')
2024-07-23 15:37:05,253 Message sent: ID=112, Data=bytearray(b"&\xadJ\x07\x90\'\x81")
2024-07-23 15:37:05,355 Message sent: ID=1919, Data=bytearray(b'')
2024-07-23 15:37:05,457 Message sent: ID=207, Data=bytearray(b'\xe6\xd2')
2024-07-23 15:37:05,559 Message sent: ID=1061, Data=bytearray(b'\xfcf\xf7jah\xff')
2024-07-23 15:37:05,662 Message sent: ID=32, Data=bytearray(b'C\xbd')
2024-07-23 15:37:05,765 Message sent: ID=236, Data=bytearray(b'p\xfbR"\x1d\xda\xc7\x9b')
2024-07-23 15:37:05,867 Message sent: ID=1138, Data=bytearray(b'o\x1b')
2024-07-23 15:37:05,969 Message sent: ID=426, Data=bytearray(b'!\xc1x\x9f\xa5\x0b\xe2\xfe')
2024-07-23 15:37:06,071 Message sent: ID=1213, Data=bytearray(b'\xa9\xbb\xfe\xab')
2024-07-23 15:37:06,175 Message sent: ID=1970, Data=bytearray(b'\x97\xdf\xd5\xa0\x8f\xc5\xf6')
2024-07-23 15:37:06,278 Message sent: ID=402, Data=bytearray(b'Fv\r')
2024-07-23 15:37:06,382 Message sent: ID=605, Data=bytearray(b'J1\xcb\xe2')
2024-07-23 15:37:06,484 Message sent: ID=1423, Data=bytearray(b'\xa9\x92l\xf6^')
2024-07-23 15:37:06,587 Message sent: ID=1006, Data=bytearray(b'G&\xca')
2024-07-23 15:37:06,693 Message sent: ID=1029, Data=bytearray(b'x')
2024-07-23 15:37:06,798 Message sent: ID=1850, Data=bytearray(b'\x94|F\x05\x16\x06\xbc\xeb')
2024-07-23 15:37:06,902 Message sent: ID=1992, Data=bytearray(b'')
2024-07-23 15:37:07,004 Message sent: ID=1493, Data=bytearray(b'Y\x97')
2024-07-23 15:37:07,106 Message sent: ID=657, Data=bytearray(b'\x8c')
2024-07-23 15:37:07,207 Message sent: ID=54, Data=bytearray(b'\x06(\x15u4\xf4\x0c')
2024-07-23 15:37:07,310 Message sent: ID=66, Data=bytearray(b'|\x10')
2024-07-23 15:37:07,414 Message sent: ID=1662, Data=bytearray(b',\xb4\x91-\xae')
2024-07-23 15:37:07,518 Message sent: ID=280, Data=bytearray(b'\xb0R\x9a')
2024-07-23 15:37:07,622 Message sent: ID=81, Data=bytearray(b'"Ib\xfcp\xf4\xbd')
2024-07-23 15:37:07,723 Message sent: ID=20, Data=bytearray(b'J')
2024-07-23 15:37:07,825 Message sent: ID=1079, Data=bytearray(b'')
2024-07-23 15:37:07,927 Message sent: ID=1827, Data=bytearray(b'')
2024-07-23 15:37:08,029 Message sent: ID=1639, Data=bytearray(b'\x8f')
2024-07-23 15:37:08,131 Message sent: ID=1340, Data=bytearray(b'\r\x0c\xec\x16')
2024-07-23 15:37:08,233 Message sent: ID=810, Data=bytearray(b'\x81\x9e\x99:+')
2024-07-23 15:37:08,336 Message sent: ID=38, Data=bytearray(b'\x04{')
2024-07-23 15:37:08,438 Message sent: ID=1946, Data=bytearray(b'\x89q')
2024-07-23 15:37:08,541 Message sent: ID=738, Data=bytearray(b';eza\n1\xac\x7f')
2024-07-23 15:37:08,642 Message sent: ID=492, Data=bytearray(b'')
2024-07-23 15:37:08,745 Message sent: ID=593, Data=bytearray(b'\xe8J\x98')
2024-07-23 15:37:08,848 Message sent: ID=1026, Data=bytearray(b'\xa0/qX\xca')
2024-07-23 15:37:08,957 Message sent: ID=1073, Data=bytearray(b'\xd4l')
2024-07-23 15:37:09,061 Message sent: ID=1709, Data=bytearray(b'\x92ik')
2024-07-23 15:37:09,166 Message sent: ID=626, Data=bytearray(b'\xc8')
2024-07-23 15:37:09,271 Message sent: ID=251, Data=bytearray(b'9\xaa"D-\x1dx')
2024-07-23 15:37:09,376 Message sent: ID=1803, Data=bytearray(b'\x8b\xc8')
2024-07-23 15:37:09,503 Message sent: ID=1052, Data=bytearray(b']\xe7')
2024-07-23 15:37:09,607 Message sent: ID=1007, Data=bytearray(b'')
2024-07-23 15:37:09,712 Message sent: ID=289, Data=bytearray(b'%\x81D3\xfa')
2024-07-23 15:37:09,817 Message sent: ID=162, Data=bytearray(b':-\xe6}')
2024-07-23 15:37:09,919 Message sent: ID=1626, Data=bytearray(b'\xc4b\x8c')
2024-07-23 15:37:10,023 Message sent: ID=326, Data=bytearray(b'H\x03[\xcf\x0f\xdb7')
2024-07-23 15:37:10,125 Message sent: ID=1508, Data=bytearray(b'\x0eD\xfab\x00\xbc\x08')
2024-07-23 15:37:10,231 Message sent: ID=1142, Data=bytearray(b'\x8bx')
2024-07-23 15:37:10,337 Message sent: ID=905, Data=bytearray(b'\x94\xba\x80\xa2Z')
2024-07-23 15:37:10,442 Message sent: ID=1992, Data=bytearray(b'')
2024-07-23 15:37:10,554 Message sent: ID=360, Data=bytearray(b'+/Nq\xce\xb4')
2024-07-23 15:37:10,662 Message sent: ID=1245, Data=bytearray(b"G0\xa6\xb8\'\x1e[\xad")
2024-07-23 15:37:10,767 Message sent: ID=106, Data=bytearray(b'\xe9')
2024-07-23 15:37:10,871 Message sent: ID=1746, Data=bytearray(b'\x1e\xe6p')
2024-07-23 15:37:10,973 Message sent: ID=1307, Data=bytearray(b'')
2024-07-23 15:37:11,075 Message sent: ID=1246, Data=bytearray(b'')
2024-07-23 15:37:11,178 Message sent: ID=18, Data=bytearray(b'\xa2\x87\x80a')
2024-07-23 15:37:11,282 Message sent: ID=287, Data=bytearray(b'\x00\xb3')
2024-07-23 15:37:11,387 Message sent: ID=717, Data=bytearray(b'@\xf3\xb9')
2024-07-23 15:37:11,492 Message sent: ID=871, Data=bytearray(b'\x01nqk')
2024-07-23 15:37:11,606 Message sent: ID=1042, Data=bytearray(b'N|x:\x81I\xb9')
2024-07-23 15:37:11,709 Message sent: ID=711, Data=bytearray(b'\xa7\xd7\xa0')
2024-07-23 15:37:11,813 Message sent: ID=1110, Data=bytearray(b'\xc7\xf6\xc7\xf1O\x1d\xc7\xd4')
2024-07-23 15:37:11,916 Message sent: ID=1817, Data=bytearray(b"\xc94,C\xd3\'\x1d2")
2024-07-23 15:37:12,017 Message sent: ID=2031, Data=bytearray(b'M\xfe')
2024-07-23 15:37:12,121 Message sent: ID=1342, Data=bytearray(b'\x14\xc9\xfc\x83\xc6\xc0\xc3\xbf')
2024-07-23 15:37:12,225 Message sent: ID=613, Data=bytearray(b'\x99')
2024-07-23 15:37:12,328 Message sent: ID=860, Data=bytearray(b'\x19\x8d:h')
2024-07-23 15:37:12,429 Message sent: ID=124, Data=bytearray(b'a\x0cF')
2024-07-23 15:37:12,532 Message sent: ID=203, Data=bytearray(b'')
2024-07-23 15:37:12,633 Message sent: ID=373, Data=bytearray(b'')
2024-07-23 15:37:12,739 Message sent: ID=1004, Data=bytearray(b'|Z\t\xf0e{\xd25')
2024-07-23 15:37:12,841 Message sent: ID=1949, Data=bytearray(b'\x93\xc3n')
2024-07-23 15:37:12,944 Message sent: ID=753, Data=bytearray(b'\x08\x06')
2024-07-23 15:37:13,047 Message sent: ID=643, Data=bytearray(b'e\x8f\xc29')
2024-07-23 15:37:13,149 Message sent: ID=1758, Data=bytearray(b'{\x15\xa2f\x0c\xba\xa5\xf9')
2024-07-23 15:37:13,251 Message sent: ID=544, Data=bytearray(b'iCe')
2024-07-23 15:37:13,352 Message sent: ID=1591, Data=bytearray(b'\xadKr')
2024-07-23 15:37:13,454 Message sent: ID=1177, Data=bytearray(b'\xaf\x8d]\xa6U\x91\xb3')
2024-07-23 15:37:13,556 Message sent: ID=1329, Data=bytearray(b'\x0c\xc3S\xb5!\xe1\x93U')
2024-07-23 15:37:13,658 Message sent: ID=679, Data=bytearray(b'\xc2')
2024-07-23 15:37:13,762 Message sent: ID=1154, Data=bytearray(b')')
2024-07-23 15:37:13,866 Message sent: ID=1846, Data=bytearray(b'\xd0)\x01\xc9}\x12')
2024-07-23 15:37:13,968 Message sent: ID=888, Data=bytearray(b"\xae\'\xf4")
2024-07-23 15:37:14,070 Message sent: ID=669, Data=bytearray(b'')
2024-07-23 15:37:14,173 Message sent: ID=100, Data=bytearray(b'\t\xebp\x82\xa4\xc6\x05\xc8')
2024-07-23 15:37:14,276 Message sent: ID=846, Data=bytearray(b'=')
2024-07-23 15:37:14,379 Message sent: ID=240, Data=bytearray(b'\xb7U\xae')
2024-07-23 15:37:14,481 Message sent: ID=1664, Data=bytearray(b'TK)9N\x90H\xc8')
2024-07-23 15:37:14,584 Message sent: ID=781, Data=bytearray(b'\x9b|\xe6\xc5o,')
2024-07-23 15:37:14,685 Message sent: ID=1364, Data=bytearray(b'S<y\xbd\x14\x10')
2024-07-23 15:37:14,787 Message sent: ID=1797, Data=bytearray(b'\x07\xf3\x91\t7')
2024-07-23 15:37:14,888 Message sent: ID=88, Data=bytearray(b'\xb3w\xb5|')
2024-07-23 15:37:14,989 Message sent: ID=76, Data=bytearray(b'l\xa4\x93\xec\x9c\xb9B\xbf')
2024-07-23 15:37:15,091 Message sent: ID=1236, Data=bytearray(b'\xb4\xb8{\xc7\x80')
2024-07-23 15:37:15,193 Message sent: ID=1490, Data=bytearray(b'b\xe9\x92\xe9\xd9K')
2024-07-23 15:37:15,294 Message sent: ID=765, Data=bytearray(b'\x8f\xdes[')
2024-07-23 15:37:15,395 Message sent: ID=740, Data=bytearray(b'\x80\x04\x91\x07J$\xec\xfc')
2024-07-23 15:37:15,496 Message sent: ID=1367, Data=bytearray(b',\x14\x89\xfcpp,')
2024-07-23 15:37:15,597 Message sent: ID=1997, Data=bytearray(b'\xb1\xa6\xa9\x11\x1c\xecz')
2024-07-23 15:37:15,698 Message sent: ID=1016, Data=bytearray(b'\xab')
2024-07-23 15:37:15,799 Message sent: ID=1553, Data=bytearray(b'\xec')
2024-07-23 15:37:15,900 Message sent: ID=1194, Data=bytearray(b'Z2?\xe8\x9d\x08')
2024-07-23 15:37:16,005 Message sent: ID=331, Data=bytearray(b'\xd3\x07')
2024-07-23 15:37:16,110 Message sent: ID=2005, Data=bytearray(b'(/r\x8b\xc1')
2024-07-23 15:37:16,212 Message sent: ID=1132, Data=bytearray(b'SSW\x88')
2024-07-23 15:37:16,318 Message sent: ID=1688, Data=bytearray(b'\x10^\xcf')
2024-07-23 15:37:16,433 Message sent: ID=1717, Data=bytearray(b'\x9eL')
2024-07-23 15:37:16,538 Message sent: ID=1770, Data=bytearray(b'D\x02\xbc')
2024-07-23 15:37:16,641 Message sent: ID=1783, Data=bytearray(b'O7\x93\xbe')
2024-07-23 15:37:16,742 Message sent: ID=868, Data=bytearray(b'\x03Z\\\xbc\x7fkn')
2024-07-23 15:37:16,844 Message sent: ID=437, Data=bytearray(b'J\xb1\x9f\x1cc')
2024-07-23 15:37:16,945 Message sent: ID=162, Data=bytearray(b'')
2024-07-23 15:37:17,046 Message sent: ID=1319, Data=bytearray(b'\xf6\x9b\xd2')
2024-07-23 15:37:17,146 Message sent: ID=561, Data=bytearray(b'S\x18\x99\x18Q\x86\xf0')
2024-07-23 15:37:17,248 Message sent: ID=1302, Data=bytearray(b'\x8eL~\xa6\xb0Z\xc6')
2024-07-23 15:37:17,349 Message sent: ID=1711, Data=bytearray(b'\x9e')
2024-07-23 15:37:17,450 Message sent: ID=1251, Data=bytearray(b'\x81')
2024-07-23 15:37:17,551 Message sent: ID=1775, Data=bytearray(b'\xd1\xf7\xe9\xb2^')
2024-07-23 15:37:17,652 Message sent: ID=1588, Data=bytearray(b'\xda')
2024-07-23 15:37:17,753 Message sent: ID=1400, Data=bytearray(b'\xc8/\x03*T\xd4)')
2024-07-23 15:37:17,854 Message sent: ID=1295, Data=bytearray(b'\x0f\\:3#\x8d')
2024-07-23 15:37:17,955 Message sent: ID=1665, Data=bytearray(b'\x0e\x0e')
2024-07-23 15:37:18,056 Message sent: ID=582, Data=bytearray(b'\x1c\xee\x1c\x83\xcb\xea\xe5\x04')
2024-07-23 15:37:18,157 Message sent: ID=1737, Data=bytearray(b'\x17\xe9\x98R\xac\xd6')
2024-07-23 15:37:18,258 Message sent: ID=2030, Data=bytearray(b'\xacyw4\xc5~\x17')
2024-07-23 15:37:18,359 Message sent: ID=915, Data=bytearray(b'\xfe\x96Y_j')
2024-07-23 15:37:18,460 Message sent: ID=580, Data=bytearray(b'`\x06\xab\xaf\x02<\xed')
2024-07-23 15:37:18,562 Message sent: ID=1035, Data=bytearray(b'')
2024-07-23 15:37:18,664 Message sent: ID=471, Data=bytearray(b'n\x95W\x88\xc2\x07#\x12')
2024-07-23 15:37:18,766 Message sent: ID=1016, Data=bytearray(b'')
2024-07-23 15:37:18,867 Message sent: ID=1326, Data=bytearray(b'\xc0')
2024-07-23 15:37:18,968 Message sent: ID=1839, Data=bytearray(b'\x0c\x02v0/\x168')
2024-07-23 15:37:19,069 Message sent: ID=530, Data=bytearray(b'\xfb')
2024-07-23 15:37:19,170 Message sent: ID=431, Data=bytearray(b'`C')
2024-07-23 15:37:19,271 Message sent: ID=1216, Data=bytearray(b'B}\xf6')
2024-07-23 15:37:19,372 Message sent: ID=399, Data=bytearray(b'\x16\xa5')
2024-07-23 15:37:19,473 Message sent: ID=216, Data=bytearray(b'R{\xdbY\xac')
2024-07-23 15:37:19,575 Message sent: ID=45, Data=bytearray(b'\xb6[J/(\x03')
2024-07-23 15:37:19,676 Message sent: ID=1178, Data=bytearray(b'\xcd1<')
2024-07-23 15:37:19,777 Message sent: ID=322, Data=bytearray(b'\xe9\x9ab\x08l#{\xf2')
2024-07-23 15:37:19,878 Message sent: ID=788, Data=bytearray(b'3\xf0\xc4')
2024-07-23 15:37:19,980 Message sent: ID=193, Data=bytearray(b'7+N}')
2024-07-23 15:37:20,080 Message sent: ID=571, Data=bytearray(b'\x86\xb8r\x82\x1dS')
2024-07-23 15:37:20,182 Message sent: ID=823, Data=bytearray(b'\xbel\xban')
2024-07-23 15:37:20,283 Message sent: ID=209, Data=bytearray(b'\x0eyP')
2024-07-23 15:37:20,384 Message sent: ID=1177, Data=bytearray(b'\x0c2')
2024-07-23 15:37:20,484 Message sent: ID=1448, Data=bytearray(b'\x96')
2024-07-23 15:37:20,585 Message sent: ID=1398, Data=bytearray(b'\xf9\xfa')
2024-07-23 15:37:20,686 Message sent: ID=1462, Data=bytearray(b'')
2024-07-23 15:37:20,787 Message sent: ID=37, Data=bytearray(b'\x0b\x9f\x04]\x82')
2024-07-23 15:37:20,889 Message sent: ID=1652, Data=bytearray(b'<\xd3\xafx\x06')
2024-07-23 15:37:20,990 Message sent: ID=1674, Data=bytearray(b'\xaf\x05:')
2024-07-23 15:37:21,091 Message sent: ID=586, Data=bytearray(b'')
2024-07-23 15:37:21,192 Message sent: ID=1900, Data=bytearray(b'qT\xb5\x01\x8a')
2024-07-23 15:37:21,293 Message sent: ID=2004, Data=bytearray(b'\xd1o\x9b\x03_')
2024-07-23 15:37:21,394 Message sent: ID=1216, Data=bytearray(b'\xeb')
2024-07-23 15:37:21,495 Message sent: ID=1769, Data=bytearray(b'\x9f&\xb5n')
2024-07-23 15:37:21,597 Message sent: ID=1456, Data=bytearray(b"\'\x8a\x92")
2024-07-23 15:37:21,698 Message sent: ID=773, Data=bytearray(b'X<\xcf\xf1H\xbf,E')
2024-07-23 15:37:21,798 Message sent: ID=1363, Data=bytearray(b'\xac\xcb\xa4')
2024-07-23 15:37:21,900 Message sent: ID=678, Data=bytearray(b'\xbd')
2024-07-23 15:37:22,001 Message sent: ID=5, Data=bytearray(b'G')
2024-07-23 15:37:22,102 Message sent: ID=1023, Data=bytearray(b']\xe5g')
2024-07-23 15:37:22,203 Message sent: ID=693, Data=bytearray(b'\xb0%')
2024-07-23 15:37:22,304 Message sent: ID=790, Data=bytearray(b'\xcf9\x14\xcfS\xf38r')
2024-07-23 15:37:22,405 Message sent: ID=544, Data=bytearray(b'\x85\xde')
2024-07-23 15:37:22,506 Message sent: ID=2, Data=bytearray(b'\tf')
2024-07-23 15:37:22,607 Message sent: ID=200, Data=bytearray(b'\r%vh\x1e\x8d:')
2024-07-23 15:37:22,710 Message sent: ID=1008, Data=bytearray(b'=')
2024-07-23 15:37:22,842 Message sent: ID=1871, Data=bytearray(b'Q+\xd0\xca')
2024-07-23 15:37:22,949 Message sent: ID=1968, Data=bytearray(b'\xdc{\xbeBY\xe7')
2024-07-23 15:37:23,052 Message sent: ID=310, Data=bytearray(b'')
2024-07-23 15:37:23,155 Message sent: ID=1405, Data=bytearray(b'\xf6A\xba\x8b\xd7\x9esG')
2024-07-23 15:37:23,256 Message sent: ID=600, Data=bytearray(b'\xf4n')
2024-07-23 15:37:23,356 Message sent: ID=304, Data=bytearray(b'')
2024-07-23 15:37:23,457 Message sent: ID=944, Data=bytearray(b'\xe4}\x0b')
2024-07-23 15:37:23,558 Message sent: ID=988, Data=bytearray(b'\x9aX:\x94w\xf4')
2024-07-23 15:37:23,659 Message sent: ID=1965, Data=bytearray(b'')
2024-07-23 15:37:23,760 Message sent: ID=939, Data=bytearray(b'\x11\x86\xc7G')
2024-07-23 15:37:23,861 Message sent: ID=348, Data=bytearray(b'\xe1\xb3\xafE\xed{I')
2024-07-23 15:37:23,962 Message sent: ID=1421, Data=bytearray(b'\x12[')
2024-07-23 15:37:24,063 Message sent: ID=1812, Data=bytearray(b'')
2024-07-23 15:37:24,163 Message sent: ID=1410, Data=bytearray(b'\x05\xc7G\xcc')
2024-07-23 15:37:24,264 Message sent: ID=1313, Data=bytearray(b'\xf8')
2024-07-23 15:37:24,365 Message sent: ID=547, Data=bytearray(b'\xa70\x8b\x87')
2024-07-23 15:37:24,466 Message sent: ID=1733, Data=bytearray(b'-')
2024-07-23 15:37:24,567 Message sent: ID=1357, Data=bytearray(b')\xff_\x8b<')
2024-07-23 15:37:24,668 Message sent: ID=105, Data=bytearray(b'\xb7\x0c\xfa')
2024-07-23 15:37:24,769 Message sent: ID=1059, Data=bytearray(b'\x85')
2024-07-23 15:37:24,870 Message sent: ID=1058, Data=bytearray(b'\x19\x03')
2024-07-23 15:37:24,971 Message sent: ID=281, Data=bytearray(b'\xe1.Bq')
2024-07-23 15:37:25,072 Message sent: ID=1349, Data=bytearray(b'\xfd\x97\x98\xfa^')
2024-07-23 15:37:25,173 Message sent: ID=609, Data=bytearray(b'\x0fX\x91\xfd')
2024-07-23 15:37:25,274 Message sent: ID=11, Data=bytearray(b'\xfb\x8a\xf4\xce')
2024-07-23 15:37:25,375 Message sent: ID=1645, Data=bytearray(b'm\xdb')
2024-07-23 15:37:25,477 Message sent: ID=346, Data=bytearray(b'aSl\xe3')
2024-07-23 15:37:25,578 Message sent: ID=623, Data=bytearray(b'\xcb\xbd\xc8q\x00')
2024-07-23 15:37:25,682 Message sent: ID=585, Data=bytearray(b'\xa8\x03\x08\xd1')
2024-07-23 15:37:25,783 Message sent: ID=98, Data=bytearray(b'Y\x93t\xee\x80\xa3\xba')
2024-07-23 15:37:25,883 Message sent: ID=1308, Data=bytearray(b'\xe9\x1d\xd6\x18\xa1\xe8 m')
2024-07-23 15:37:25,984 Message sent: ID=2022, Data=bytearray(b'\xf4\xa5')
2024-07-23 15:37:26,085 Message sent: ID=398, Data=bytearray(b'\x08+\xbf')
2024-07-23 15:37:26,187 Message sent: ID=1857, Data=bytearray(b'')
2024-07-23 15:37:26,288 Message sent: ID=521, Data=bytearray(b'=\xbf\x85')
2024-07-23 15:37:26,389 Message sent: ID=507, Data=bytearray(b'\xac8\xf5+#\xf0')
2024-07-23 15:37:26,490 Message sent: ID=1989, Data=bytearray(b'@29')
2024-07-23 15:37:26,593 Message sent: ID=1510, Data=bytearray(b'')
2024-07-23 15:37:26,695 Message sent: ID=1035, Data=bytearray(b'\x06\x7f')
2024-07-23 15:37:26,796 Message sent: ID=941, Data=bytearray(b'\t\xbc\xda\x1c')
2024-07-23 15:37:26,897 Message sent: ID=52, Data=bytearray(b'')
2024-07-23 15:37:26,997 Message sent: ID=1874, Data=bytearray(b'\xab\x8e\xe8\xad\x18x,\xf0')
2024-07-23 15:37:27,099 Message sent: ID=59, Data=bytearray(b'\xf4\xe6\xe0_1')
2024-07-23 15:37:27,200 Message sent: ID=806, Data=bytearray(b'')
2024-07-23 15:37:27,300 Message sent: ID=1087, Data=bytearray(b'')
2024-07-23 15:37:27,401 Message sent: ID=902, Data=bytearray(b'\x1f\xa4\xb0)\xfb\xcb')
2024-07-23 15:37:27,502 Message sent: ID=965, Data=bytearray(b':\xe4/')
2024-07-23 15:37:27,603 Message sent: ID=1206, Data=bytearray(b'\x18\xc8o\xa5\x92\x9c')
2024-07-23 15:37:27,704 Message sent: ID=1783, Data=bytearray(b'\x81v\x95HV\xb1l;')
2024-07-23 15:37:27,805 Message sent: ID=782, Data=bytearray(b'+\x0f\x054\xb2%')
2024-07-23 15:37:27,906 Message sent: ID=15, Data=bytearray(b'\t\xc2\xfe\x8a\xaa')
2024-07-23 15:37:28,008 Message sent: ID=74, Data=bytearray(b'\xe2kT\x97')
2024-07-23 15:37:28,109 Message sent: ID=1174, Data=bytearray(b'\x9d\x9f`\xc2')
2024-07-23 15:37:28,210 Message sent: ID=425, Data=bytearray(b'h\x81\xcc\xfe\x8c\xdc')
2024-07-23 15:37:28,311 Message sent: ID=508, Data=bytearray(b'\xc1\x029\xbc')
2024-07-23 15:37:28,413 Message sent: ID=1321, Data=bytearray(b'\xab\xa6r?')
2024-07-23 15:37:28,514 Message sent: ID=613, Data=bytearray(b'\xf4*!\xa2b')
2024-07-23 15:37:28,616 Message sent: ID=275, Data=bytearray(b'\xa2\x81M\xca')
2024-07-23 15:37:28,717 Message sent: ID=598, Data=bytearray(b'A+\xa7\xe6I\xae\xcb')
2024-07-23 15:37:28,818 Message sent: ID=1456, Data=bytearray(b'\xbc0%\xf4*\xb9\xff\xdb')
2024-07-23 15:37:28,919 Message sent: ID=1827, Data=bytearray(b'')
2024-07-23 15:37:29,020 Message sent: ID=329, Data=bytearray(b'\xbb\xfd\x8cU\x07')
2024-07-23 15:37:29,121 Message sent: ID=2044, Data=bytearray(b'\xc2\xc5\xd9\xef\x9bw\x94')
2024-07-23 15:37:29,222 Message sent: ID=459, Data=bytearray(b'\x1d\xa0\xa4')
2024-07-23 15:37:29,323 Message sent: ID=1501, Data=bytearray(b'\x1d')
2024-07-23 15:37:29,424 Message sent: ID=249, Data=bytearray(b'\xe4nlw\x0f\x02\xc1')
2024-07-23 15:37:29,528 Message sent: ID=935, Data=bytearray(b'\x17\xa1\x98V')
2024-07-23 15:37:29,634 Message sent: ID=1869, Data=bytearray(b'7V5\x8b\xf8\x19[\xec')
2024-07-23 15:37:29,736 Message sent: ID=1157, Data=bytearray(b'~\xbf!')
2024-07-23 15:37:29,843 Message sent: ID=1601, Data=bytearray(b'"\xf3\x96')
2024-07-23 15:37:29,948 Message sent: ID=445, Data=bytearray(b'\xbfWu4\xd49')
2024-07-23 15:37:30,050 Message sent: ID=1203, Data=bytearray(b'\xa1\x05')
2024-07-23 15:37:30,151 Message sent: ID=1768, Data=bytearray(b'')
2024-07-23 15:37:30,253 Message sent: ID=471, Data=bytearray(b'\xc5')
2024-07-23 15:37:30,354 Message sent: ID=816, Data=bytearray(b'M?\xd9\x1e\xe0\x97\xa4r')
2024-07-23 15:37:30,455 Message sent: ID=1016, Data=bytearray(b'\xc7\xcf\x04\xb8')
2024-07-23 15:37:30,556 Message sent: ID=996, Data=bytearray(b'~\xd6\x9aG:\x00')
2024-07-23 15:37:30,656 Message sent: ID=2002, Data=bytearray(b'_\xdd\xd3')
2024-07-23 15:37:30,758 Message sent: ID=1063, Data=bytearray(b'Y\x8f`$e6')
2024-07-23 15:37:30,860 Message sent: ID=1185, Data=bytearray(b'\xf7o\x8eT\x0b\xf4')
2024-07-23 15:37:30,961 Message sent: ID=1981, Data=bytearray(b'\x14\xebf\xdb\xe4K!\x08')
2024-07-23 15:37:31,062 Message sent: ID=284, Data=bytearray(b'B')
2024-07-23 15:37:31,163 Message sent: ID=1561, Data=bytearray(b'\xdf')
2024-07-23 15:37:31,264 Message sent: ID=276, Data=bytearray(b'')
2024-07-23 15:37:31,367 Message sent: ID=739, Data=bytearray(b'\x9c\xa8H\xdb\xe2o')
2024-07-23 15:37:31,468 Message sent: ID=507, Data=bytearray(b'<w')
2024-07-23 15:37:31,569 Message sent: ID=1681, Data=bytearray(b'\x02\x89\xd4\xc7')
2024-07-23 15:40:41,937 Created a socket
2024-07-23 15:40:41,938 Message sent: ID=611, Data=bytearray(b'Hello123')
2024-07-23 15:40:42,039 Message sent: ID=1767, Data=bytearray(b'Hello123')
2024-07-23 15:40:42,140 Message sent: ID=1904, Data=bytearray(b'Hello123')
2024-07-23 15:40:42,241 Message sent: ID=964, Data=bytearray(b'Hello123')
2024-07-23 15:40:42,343 Message sent: ID=28, Data=bytearray(b'Hello123')
2024-07-23 15:40:42,445 Message sent: ID=1002, Data=bytearray(b'Hello123')
2024-07-23 15:40:42,547 Message sent: ID=1796, Data=bytearray(b'Hello123')
2024-07-23 15:40:42,648 Message sent: ID=573, Data=bytearray(b'Hello123')
2024-07-23 15:40:42,749 Message sent: ID=1626, Data=bytearray(b'Hello123')
2024-07-23 15:40:42,851 Message sent: ID=943, Data=bytearray(b'Hello123')
2024-07-23 15:40:42,952 Message sent: ID=229, Data=bytearray(b'Hello123')
2024-07-23 15:40:43,052 Message sent: ID=151, Data=bytearray(b'Hello123')
2024-07-23 15:40:43,154 Message sent: ID=1528, Data=bytearray(b'Hello123')
2024-07-23 15:40:43,257 Message sent: ID=1515, Data=bytearray(b'Hello123')
2024-07-23 15:40:43,359 Message sent: ID=1019, Data=bytearray(b'Hello123')
2024-07-23 15:40:43,462 Message sent: ID=416, Data=bytearray(b'Hello123')
2024-07-23 15:40:43,566 Message sent: ID=1695, Data=bytearray(b'Hello123')
2024-07-23 15:40:43,672 Message sent: ID=493, Data=bytearray(b'Hello123')
2024-07-23 15:40:43,777 Message sent: ID=1232, Data=bytearray(b'Hello123')
2024-07-23 15:40:43,879 Message sent: ID=1962, Data=bytearray(b'Hello123')
2024-07-23 15:40:43,981 Message sent: ID=1520, Data=bytearray(b'Hello123')
2024-07-23 15:40:44,082 Message sent: ID=1297, Data=bytearray(b'Hello123')
2024-07-23 15:40:44,186 Message sent: ID=1231, Data=bytearray(b'Hello123')
2024-07-23 15:40:44,289 Message sent: ID=1512, Data=bytearray(b'Hello123')
2024-07-23 15:40:44,390 Message sent: ID=1264, Data=bytearray(b'Hello123')
2024-07-23 15:40:44,492 Message sent: ID=787, Data=bytearray(b'Hello123')
2024-07-23 15:40:44,601 Message sent: ID=1117, Data=bytearray(b'Hello123')
2024-07-23 15:40:44,703 Message sent: ID=1406, Data=bytearray(b'Hello123')
2024-07-23 15:40:44,806 Message sent: ID=523, Data=bytearray(b'Hello123')
2024-07-23 15:40:44,913 Message sent: ID=740, Data=bytearray(b'Hello123')
2024-07-23 15:40:45,015 Message sent: ID=1334, Data=bytearray(b'Hello123')
2024-07-23 15:40:45,116 Message sent: ID=621, Data=bytearray(b'Hello123')
2024-07-23 15:40:45,223 Message sent: ID=967, Data=bytearray(b'Hello123')
2024-07-23 15:40:45,332 Message sent: ID=1178, Data=bytearray(b'Hello123')
2024-07-23 15:40:45,438 Message sent: ID=2040, Data=bytearray(b'Hello123')
2024-07-23 15:40:45,539 Message sent: ID=1004, Data=bytearray(b'Hello123')
2024-07-23 15:40:45,642 Message sent: ID=2033, Data=bytearray(b'Hello123')
2024-07-23 15:40:45,745 Message sent: ID=1144, Data=bytearray(b'Hello123')
2024-07-23 15:40:45,849 Message sent: ID=650, Data=bytearray(b'Hello123')
2024-07-23 15:40:45,952 Message sent: ID=1798, Data=bytearray(b'Hello123')
2024-07-23 15:40:46,054 Message sent: ID=994, Data=bytearray(b'Hello123')
2024-07-23 15:40:46,157 Message sent: ID=1361, Data=bytearray(b'Hello123')
2024-07-23 15:40:46,262 Message sent: ID=41, Data=bytearray(b'Hello123')
2024-07-23 15:40:46,364 Message sent: ID=383, Data=bytearray(b'Hello123')
2024-07-23 15:40:46,467 Message sent: ID=1371, Data=bytearray(b'Hello123')
2024-07-23 15:40:46,572 Message sent: ID=1879, Data=bytearray(b'Hello123')
2024-07-23 15:40:46,677 Message sent: ID=925, Data=bytearray(b'Hello123')
2024-07-23 15:40:46,779 Message sent: ID=1275, Data=bytearray(b'Hello123')
2024-07-23 15:40:46,880 Message sent: ID=651, Data=bytearray(b'Hello123')
2024-07-23 15:40:46,982 Message sent: ID=1113, Data=bytearray(b'Hello123')
2024-07-23 15:40:47,085 Message sent: ID=1283, Data=bytearray(b'Hello123')
2024-07-23 15:40:47,186 Message sent: ID=1579, Data=bytearray(b'Hello123')
2024-07-23 15:40:47,288 Message sent: ID=1646, Data=bytearray(b'Hello123')
2024-07-23 15:40:47,391 Message sent: ID=1947, Data=bytearray(b'Hello123')
2024-07-23 15:40:47,493 Message sent: ID=53, Data=bytearray(b'Hello123')
2024-07-23 15:40:47,594 Message sent: ID=687, Data=bytearray(b'Hello123')
2024-07-23 15:40:47,699 Message sent: ID=433, Data=bytearray(b'Hello123')
2024-07-23 15:40:47,802 Message sent: ID=1927, Data=bytearray(b'Hello123')
2024-07-23 15:40:47,904 Message sent: ID=1008, Data=bytearray(b'Hello123')
2024-07-23 15:40:48,007 Message sent: ID=1778, Data=bytearray(b'Hello123')
2024-07-23 15:40:48,108 Message sent: ID=1998, Data=bytearray(b'Hello123')
2024-07-23 15:40:48,210 Message sent: ID=1166, Data=bytearray(b'Hello123')
2024-07-23 15:40:48,311 Message sent: ID=1221, Data=bytearray(b'Hello123')
2024-07-23 15:40:48,413 Message sent: ID=94, Data=bytearray(b'Hello123')
2024-07-23 15:40:48,515 Message sent: ID=1778, Data=bytearray(b'Hello123')
2024-07-23 15:40:48,619 Message sent: ID=1718, Data=bytearray(b'Hello123')
2024-07-23 15:40:48,720 Message sent: ID=1837, Data=bytearray(b'Hello123')
2024-07-23 15:40:48,825 Message sent: ID=256, Data=bytearray(b'Hello123')
2024-07-23 15:40:48,927 Message sent: ID=215, Data=bytearray(b'Hello123')
2024-07-23 15:40:49,030 Message sent: ID=558, Data=bytearray(b'Hello123')
2024-07-23 15:40:49,133 Message sent: ID=1420, Data=bytearray(b'Hello123')
2024-07-23 15:40:49,235 Message sent: ID=1262, Data=bytearray(b'Hello123')
2024-07-23 15:40:49,337 Message sent: ID=1906, Data=bytearray(b'Hello123')
2024-07-23 15:40:49,438 Message sent: ID=49, Data=bytearray(b'Hello123')
2024-07-23 15:40:49,540 Message sent: ID=1363, Data=bytearray(b'Hello123')
2024-07-23 15:40:49,642 Message sent: ID=377, Data=bytearray(b'Hello123')
2024-07-23 15:40:49,745 Message sent: ID=19, Data=bytearray(b'Hello123')
2024-07-23 15:40:49,847 Message sent: ID=982, Data=bytearray(b'Hello123')
2024-07-23 15:40:49,949 Message sent: ID=1956, Data=bytearray(b'Hello123')
2024-07-23 15:40:50,052 Message sent: ID=201, Data=bytearray(b'Hello123')
2024-07-23 15:40:50,155 Message sent: ID=1607, Data=bytearray(b'Hello123')
2024-07-23 15:40:50,257 Message sent: ID=1006, Data=bytearray(b'Hello123')
2024-07-23 15:40:50,358 Message sent: ID=786, Data=bytearray(b'Hello123')
2024-07-23 15:40:50,459 Message sent: ID=1993, Data=bytearray(b'Hello123')
2024-07-23 15:40:50,562 Message sent: ID=824, Data=bytearray(b'Hello123')
2024-07-23 15:40:50,664 Message sent: ID=29, Data=bytearray(b'Hello123')
2024-07-23 15:40:50,765 Message sent: ID=647, Data=bytearray(b'Hello123')
2024-07-23 15:40:50,868 Message sent: ID=1865, Data=bytearray(b'Hello123')
2024-07-23 15:40:50,970 Message sent: ID=607, Data=bytearray(b'Hello123')
2024-07-23 15:40:51,072 Message sent: ID=576, Data=bytearray(b'Hello123')
2024-07-23 15:40:51,174 Message sent: ID=763, Data=bytearray(b'Hello123')
2024-07-23 15:40:51,276 Message sent: ID=508, Data=bytearray(b'Hello123')
2024-07-23 15:40:51,377 Message sent: ID=281, Data=bytearray(b'Hello123')
2024-07-23 15:40:51,489 Message sent: ID=1140, Data=bytearray(b'Hello123')
2024-07-23 15:40:51,593 Message sent: ID=1113, Data=bytearray(b'Hello123')
2024-07-23 15:40:51,698 Message sent: ID=169, Data=bytearray(b'Hello123')
2024-07-23 15:40:51,802 Message sent: ID=97, Data=bytearray(b'Hello123')
2024-07-23 15:40:51,906 Message sent: ID=342, Data=bytearray(b'Hello123')
2024-07-23 15:40:52,007 Message sent: ID=1226, Data=bytearray(b'Hello123')
2024-07-23 15:40:52,110 Message sent: ID=1769, Data=bytearray(b'Hello123')
2024-07-23 15:40:52,215 Message sent: ID=1026, Data=bytearray(b'Hello123')
2024-07-23 15:40:52,317 Message sent: ID=253, Data=bytearray(b'Hello123')
2024-07-23 15:40:52,418 Message sent: ID=1835, Data=bytearray(b'Hello123')
2024-07-23 15:40:52,521 Message sent: ID=1039, Data=bytearray(b'Hello123')
2024-07-23 15:40:52,624 Message sent: ID=1845, Data=bytearray(b'Hello123')
2024-07-23 15:40:52,727 Message sent: ID=558, Data=bytearray(b'Hello123')
2024-07-23 15:40:52,829 Message sent: ID=1321, Data=bytearray(b'Hello123')
2024-07-23 15:40:52,930 Message sent: ID=121, Data=bytearray(b'Hello123')
2024-07-23 15:40:53,032 Message sent: ID=500, Data=bytearray(b'Hello123')
2024-07-23 15:40:53,137 Message sent: ID=113, Data=bytearray(b'Hello123')
2024-07-23 15:40:53,243 Message sent: ID=37, Data=bytearray(b'Hello123')
2024-07-23 15:40:53,345 Message sent: ID=2038, Data=bytearray(b'Hello123')
2024-07-23 15:40:53,446 Message sent: ID=546, Data=bytearray(b'Hello123')
2024-07-23 15:40:53,549 Message sent: ID=951, Data=bytearray(b'Hello123')
2024-07-23 15:40:53,652 Message sent: ID=1955, Data=bytearray(b'Hello123')
2024-07-23 15:40:53,753 Message sent: ID=1865, Data=bytearray(b'Hello123')
2024-07-23 15:40:53,856 Message sent: ID=488, Data=bytearray(b'Hello123')
2024-07-23 15:40:53,959 Message sent: ID=651, Data=bytearray(b'Hello123')
2024-07-23 15:40:54,061 Message sent: ID=404, Data=bytearray(b'Hello123')
2024-07-23 15:40:54,162 Message sent: ID=346, Data=bytearray(b'Hello123')
2024-07-23 15:40:54,265 Message sent: ID=831, Data=bytearray(b'Hello123')
2024-07-23 15:40:54,369 Message sent: ID=1646, Data=bytearray(b'Hello123')
2024-07-23 15:40:54,471 Message sent: ID=1924, Data=bytearray(b'Hello123')
2024-07-23 15:40:54,572 Message sent: ID=1776, Data=bytearray(b'Hello123')
2024-07-23 15:40:54,676 Message sent: ID=871, Data=bytearray(b'Hello123')
2024-07-23 15:40:54,782 Message sent: ID=9, Data=bytearray(b'Hello123')
2024-07-23 15:40:54,884 Message sent: ID=940, Data=bytearray(b'Hello123')
2024-07-23 15:40:54,986 Message sent: ID=1979, Data=bytearray(b'Hello123')
2024-07-23 15:40:55,089 Message sent: ID=745, Data=bytearray(b'Hello123')
2024-07-23 15:40:55,196 Message sent: ID=89, Data=bytearray(b'Hello123')
2024-07-23 15:40:55,300 Message sent: ID=154, Data=bytearray(b'Hello123')
2024-07-23 15:40:55,402 Message sent: ID=832, Data=bytearray(b'Hello123')
2024-07-23 15:40:55,503 Message sent: ID=649, Data=bytearray(b'Hello123')
2024-07-23 15:40:55,605 Message sent: ID=567, Data=bytearray(b'Hello123')
2024-07-23 15:40:55,710 Message sent: ID=776, Data=bytearray(b'Hello123')
2024-07-23 15:40:55,813 Message sent: ID=1768, Data=bytearray(b'Hello123')
2024-07-23 15:40:55,915 Message sent: ID=1681, Data=bytearray(b'Hello123')
2024-07-23 15:40:56,017 Message sent: ID=886, Data=bytearray(b'Hello123')
2024-07-23 15:40:56,120 Message sent: ID=1618, Data=bytearray(b'Hello123')
2024-07-23 15:40:56,221 Message sent: ID=72, Data=bytearray(b'Hello123')
2024-07-23 15:40:56,322 Message sent: ID=826, Data=bytearray(b'Hello123')
2024-07-23 15:40:56,425 Message sent: ID=639, Data=bytearray(b'Hello123')
2024-07-23 15:40:56,527 Message sent: ID=1569, Data=bytearray(b'Hello123')
2024-07-23 15:40:56,632 Message sent: ID=1889, Data=bytearray(b'Hello123')
2024-07-23 15:40:56,735 Message sent: ID=374, Data=bytearray(b'Hello123')
2024-07-23 15:40:56,839 Message sent: ID=1240, Data=bytearray(b'Hello123')
2024-07-23 15:40:56,943 Message sent: ID=637, Data=bytearray(b'Hello123')
2024-07-23 15:40:57,044 Message sent: ID=1288, Data=bytearray(b'Hello123')
2024-07-23 15:40:57,146 Message sent: ID=2042, Data=bytearray(b'Hello123')
2024-07-23 15:40:57,247 Message sent: ID=422, Data=bytearray(b'Hello123')
2024-07-23 15:40:57,349 Message sent: ID=161, Data=bytearray(b'Hello123')
2024-07-23 15:40:57,453 Message sent: ID=1880, Data=bytearray(b'Hello123')
2024-07-23 15:40:57,555 Message sent: ID=1906, Data=bytearray(b'Hello123')
2024-07-23 15:40:57,657 Message sent: ID=1633, Data=bytearray(b'Hello123')
2024-07-23 15:40:57,760 Message sent: ID=77, Data=bytearray(b'Hello123')
2024-07-23 15:40:57,862 Message sent: ID=769, Data=bytearray(b'Hello123')
2024-07-23 15:40:57,965 Message sent: ID=1878, Data=bytearray(b'Hello123')
2024-07-23 15:40:58,070 Message sent: ID=904, Data=bytearray(b'Hello123')
2024-07-23 15:40:58,177 Message sent: ID=1492, Data=bytearray(b'Hello123')
2024-07-23 15:40:58,282 Message sent: ID=725, Data=bytearray(b'Hello123')
2024-07-23 15:40:58,386 Message sent: ID=1648, Data=bytearray(b'Hello123')
2024-07-23 15:40:58,490 Message sent: ID=1444, Data=bytearray(b'Hello123')
2024-07-23 15:40:58,597 Message sent: ID=1489, Data=bytearray(b'Hello123')
2024-07-23 15:40:58,702 Message sent: ID=1990, Data=bytearray(b'Hello123')
2024-07-23 15:40:58,807 Message sent: ID=380, Data=bytearray(b'Hello123')
2024-07-23 15:40:58,909 Message sent: ID=1930, Data=bytearray(b'Hello123')
2024-07-23 15:40:59,011 Message sent: ID=545, Data=bytearray(b'Hello123')
2024-07-23 15:40:59,113 Message sent: ID=1513, Data=bytearray(b'Hello123')
2024-07-23 15:40:59,218 Message sent: ID=1168, Data=bytearray(b'Hello123')
2024-07-23 15:40:59,321 Message sent: ID=560, Data=bytearray(b'Hello123')
2024-07-23 15:40:59,423 Message sent: ID=440, Data=bytearray(b'Hello123')
2024-07-23 15:40:59,526 Message sent: ID=1246, Data=bytearray(b'Hello123')
2024-07-23 15:40:59,627 Message sent: ID=1584, Data=bytearray(b'Hello123')
2024-07-23 15:40:59,729 Message sent: ID=2019, Data=bytearray(b'Hello123')
2024-07-23 15:40:59,834 Message sent: ID=778, Data=bytearray(b'Hello123')
2024-07-23 15:40:59,935 Message sent: ID=1283, Data=bytearray(b'Hello123')
2024-07-23 15:41:00,037 Message sent: ID=1653, Data=bytearray(b'Hello123')
2024-07-23 15:41:00,140 Message sent: ID=1714, Data=bytearray(b'Hello123')
2024-07-23 15:41:00,242 Message sent: ID=447, Data=bytearray(b'Hello123')
2024-07-23 15:41:00,344 Message sent: ID=1738, Data=bytearray(b'Hello123')
2024-07-23 15:41:00,446 Message sent: ID=1007, Data=bytearray(b'Hello123')
2024-07-23 15:41:00,547 Message sent: ID=830, Data=bytearray(b'Hello123')
2024-07-23 15:41:00,650 Message sent: ID=1428, Data=bytearray(b'Hello123')
2024-07-23 15:41:00,751 Message sent: ID=2028, Data=bytearray(b'Hello123')
2024-07-23 15:41:00,853 Message sent: ID=477, Data=bytearray(b'Hello123')
2024-07-23 15:41:00,954 Message sent: ID=802, Data=bytearray(b'Hello123')
2024-07-23 15:41:01,058 Message sent: ID=654, Data=bytearray(b'Hello123')
2024-07-23 15:41:01,160 Message sent: ID=841, Data=bytearray(b'Hello123')
2024-07-23 15:41:01,262 Message sent: ID=1627, Data=bytearray(b'Hello123')
2024-07-23 15:41:01,364 Message sent: ID=1320, Data=bytearray(b'Hello123')
2024-07-23 15:41:01,467 Message sent: ID=935, Data=bytearray(b'Hello123')
2024-07-23 15:41:01,568 Message sent: ID=1150, Data=bytearray(b'Hello123')
2024-07-23 15:41:01,673 Message sent: ID=1111, Data=bytearray(b'Hello123')
2024-07-23 15:41:01,776 Message sent: ID=874, Data=bytearray(b'Hello123')
2024-07-23 15:41:01,877 Message sent: ID=1302, Data=bytearray(b'Hello123')
2024-07-23 15:41:01,981 Message sent: ID=518, Data=bytearray(b'Hello123')
2024-07-23 15:41:02,082 Message sent: ID=1848, Data=bytearray(b'Hello123')
2024-07-23 15:41:02,186 Message sent: ID=1914, Data=bytearray(b'Hello123')
2024-07-23 15:41:02,294 Message sent: ID=543, Data=bytearray(b'Hello123')
2024-07-23 15:41:02,396 Message sent: ID=1251, Data=bytearray(b'Hello123')
2024-07-23 15:41:02,497 Message sent: ID=483, Data=bytearray(b'Hello123')
2024-07-23 15:41:02,599 Message sent: ID=1421, Data=bytearray(b'Hello123')
2024-07-23 15:41:02,702 Message sent: ID=1097, Data=bytearray(b'Hello123')
2024-07-23 15:41:02,803 Message sent: ID=1780, Data=bytearray(b'Hello123')
2024-07-23 15:41:02,906 Message sent: ID=1940, Data=bytearray(b'Hello123')
2024-07-23 15:41:03,007 Message sent: ID=1481, Data=bytearray(b'Hello123')
2024-07-23 15:41:03,108 Message sent: ID=1988, Data=bytearray(b'Hello123')
2024-07-23 15:41:03,210 Message sent: ID=330, Data=bytearray(b'Hello123')
2024-07-23 15:41:03,316 Message sent: ID=150, Data=bytearray(b'Hello123')
2024-07-23 15:41:03,418 Message sent: ID=851, Data=bytearray(b'Hello123')
2024-07-23 15:41:03,521 Message sent: ID=1982, Data=bytearray(b'Hello123')
2024-07-23 15:41:03,630 Message sent: ID=1496, Data=bytearray(b'Hello123')
2024-07-23 15:41:03,731 Message sent: ID=386, Data=bytearray(b'Hello123')
2024-07-23 15:41:03,833 Message sent: ID=1201, Data=bytearray(b'Hello123')
2024-07-23 15:41:03,936 Message sent: ID=391, Data=bytearray(b'Hello123')
2024-07-23 15:41:04,037 Message sent: ID=85, Data=bytearray(b'Hello123')
2024-07-23 15:41:04,139 Message sent: ID=955, Data=bytearray(b'Hello123')
2024-07-23 15:41:04,242 Message sent: ID=1369, Data=bytearray(b'Hello123')
2024-07-23 15:41:04,345 Message sent: ID=2016, Data=bytearray(b'Hello123')
2024-07-23 15:41:04,446 Message sent: ID=924, Data=bytearray(b'Hello123')
2024-07-23 15:41:04,550 Message sent: ID=1137, Data=bytearray(b'Hello123')
2024-07-23 15:41:04,651 Message sent: ID=1380, Data=bytearray(b'Hello123')
2024-07-23 15:41:04,753 Message sent: ID=1303, Data=bytearray(b'Hello123')
2024-07-23 15:41:04,855 Message sent: ID=1653, Data=bytearray(b'Hello123')
2024-07-23 15:41:04,956 Message sent: ID=681, Data=bytearray(b'Hello123')
2024-07-23 15:41:05,058 Message sent: ID=365, Data=bytearray(b'Hello123')
2024-07-23 15:41:05,162 Message sent: ID=1158, Data=bytearray(b'Hello123')
2024-07-23 15:41:05,264 Message sent: ID=1639, Data=bytearray(b'Hello123')
2024-07-23 15:41:05,365 Message sent: ID=486, Data=bytearray(b'Hello123')
2024-07-23 15:41:05,466 Message sent: ID=1305, Data=bytearray(b'Hello123')
2024-07-23 15:41:05,569 Message sent: ID=1903, Data=bytearray(b'Hello123')
2024-07-23 15:41:05,672 Message sent: ID=69, Data=bytearray(b'Hello123')
2024-07-23 15:41:05,775 Message sent: ID=1928, Data=bytearray(b'Hello123')
2024-07-23 15:41:05,878 Message sent: ID=700, Data=bytearray(b'Hello123')
2024-07-23 15:41:05,980 Message sent: ID=998, Data=bytearray(b'Hello123')
2024-07-23 15:41:06,083 Message sent: ID=68, Data=bytearray(b'Hello123')
2024-07-23 15:41:06,184 Message sent: ID=1543, Data=bytearray(b'Hello123')
2024-07-23 15:41:06,285 Message sent: ID=1046, Data=bytearray(b'Hello123')
2024-07-23 15:41:06,386 Message sent: ID=1567, Data=bytearray(b'Hello123')
2024-07-23 15:41:06,489 Message sent: ID=393, Data=bytearray(b'Hello123')
2024-07-23 15:41:06,592 Message sent: ID=2044, Data=bytearray(b'Hello123')
2024-07-23 15:41:06,696 Message sent: ID=1495, Data=bytearray(b'Hello123')
2024-07-23 15:41:06,799 Message sent: ID=258, Data=bytearray(b'Hello123')
2024-07-23 15:41:06,900 Message sent: ID=678, Data=bytearray(b'Hello123')
2024-07-23 15:41:07,003 Message sent: ID=909, Data=bytearray(b'Hello123')
2024-07-23 15:41:07,104 Message sent: ID=182, Data=bytearray(b'Hello123')
2024-07-23 15:41:07,207 Message sent: ID=841, Data=bytearray(b'Hello123')
2024-07-23 15:41:07,314 Message sent: ID=1181, Data=bytearray(b'Hello123')
2024-07-23 15:41:07,416 Message sent: ID=984, Data=bytearray(b'Hello123')
2024-07-23 15:41:07,520 Message sent: ID=1208, Data=bytearray(b'Hello123')
2024-07-23 15:41:07,622 Message sent: ID=939, Data=bytearray(b'Hello123')
2024-07-23 15:41:07,723 Message sent: ID=27, Data=bytearray(b'Hello123')
2024-07-23 15:41:07,825 Message sent: ID=1902, Data=bytearray(b'Hello123')
2024-07-23 15:41:07,927 Message sent: ID=1386, Data=bytearray(b'Hello123')
2024-07-23 15:41:08,029 Message sent: ID=2008, Data=bytearray(b'Hello123')
2024-07-23 15:41:08,130 Message sent: ID=1778, Data=bytearray(b'Hello123')
2024-07-23 15:41:08,232 Message sent: ID=1063, Data=bytearray(b'Hello123')
2024-07-23 15:41:08,333 Message sent: ID=360, Data=bytearray(b'Hello123')
2024-07-23 15:41:08,435 Message sent: ID=1192, Data=bytearray(b'Hello123')
2024-07-23 15:41:08,536 Message sent: ID=1417, Data=bytearray(b'Hello123')
2024-07-23 15:41:08,638 Message sent: ID=1870, Data=bytearray(b'Hello123')
2024-07-23 15:41:08,739 Message sent: ID=1651, Data=bytearray(b'Hello123')
2024-07-23 15:41:08,842 Message sent: ID=1011, Data=bytearray(b'Hello123')
2024-07-23 15:41:08,944 Message sent: ID=1635, Data=bytearray(b'Hello123')
2024-07-23 15:41:09,047 Message sent: ID=1767, Data=bytearray(b'Hello123')
2024-07-23 15:41:09,149 Message sent: ID=217, Data=bytearray(b'Hello123')
2024-07-23 15:41:09,253 Message sent: ID=1250, Data=bytearray(b'Hello123')
2024-07-23 15:41:09,355 Message sent: ID=1113, Data=bytearray(b'Hello123')
2024-07-23 15:41:09,457 Message sent: ID=76, Data=bytearray(b'Hello123')
2024-07-23 15:41:09,559 Message sent: ID=62, Data=bytearray(b'Hello123')
2024-07-23 15:41:09,661 Message sent: ID=703, Data=bytearray(b'Hello123')
2024-07-23 15:41:09,762 Message sent: ID=560, Data=bytearray(b'Hello123')
2024-07-23 15:41:09,864 Message sent: ID=147, Data=bytearray(b'Hello123')
2024-07-23 15:41:09,969 Message sent: ID=1557, Data=bytearray(b'Hello123')
2024-07-23 15:41:10,075 Message sent: ID=1043, Data=bytearray(b'Hello123')
2024-07-23 15:41:10,176 Message sent: ID=1123, Data=bytearray(b'Hello123')
2024-07-23 15:41:10,278 Message sent: ID=1787, Data=bytearray(b'Hello123')
2024-07-23 15:41:10,383 Message sent: ID=1517, Data=bytearray(b'Hello123')
2024-07-23 15:41:10,488 Message sent: ID=1636, Data=bytearray(b'Hello123')
2024-07-23 15:41:10,594 Message sent: ID=1741, Data=bytearray(b'Hello123')
2024-07-23 15:41:10,696 Message sent: ID=730, Data=bytearray(b'Hello123')
2024-07-23 15:41:10,801 Message sent: ID=757, Data=bytearray(b'Hello123')
2024-07-23 15:41:10,903 Message sent: ID=1103, Data=bytearray(b'Hello123')
2024-07-23 15:41:11,005 Message sent: ID=1500, Data=bytearray(b'Hello123')
2024-07-23 15:41:11,108 Message sent: ID=226, Data=bytearray(b'Hello123')
2024-07-23 15:41:11,211 Message sent: ID=1356, Data=bytearray(b'Hello123')
2024-07-23 15:41:11,312 Message sent: ID=929, Data=bytearray(b'Hello123')
2024-07-23 15:41:11,415 Message sent: ID=1897, Data=bytearray(b'Hello123')
2024-07-23 15:41:11,518 Message sent: ID=1947, Data=bytearray(b'Hello123')
2024-07-23 15:41:11,620 Message sent: ID=1945, Data=bytearray(b'Hello123')
2024-07-23 15:41:11,723 Message sent: ID=2003, Data=bytearray(b'Hello123')
2024-07-23 15:41:11,824 Message sent: ID=2045, Data=bytearray(b'Hello123')
2024-07-23 15:41:11,927 Message sent: ID=1518, Data=bytearray(b'Hello123')
2024-07-23 15:41:12,028 Message sent: ID=868, Data=bytearray(b'Hello123')
2024-07-23 15:41:12,131 Message sent: ID=1533, Data=bytearray(b'Hello123')
2024-07-23 15:41:12,236 Message sent: ID=1658, Data=bytearray(b'Hello123')
2024-07-23 15:41:12,339 Message sent: ID=891, Data=bytearray(b'Hello123')
2024-07-23 15:41:12,441 Message sent: ID=1409, Data=bytearray(b'Hello123')
2024-07-23 15:41:12,543 Message sent: ID=169, Data=bytearray(b'Hello123')
2024-07-23 15:41:12,645 Message sent: ID=737, Data=bytearray(b'Hello123')
2024-07-23 15:41:12,747 Message sent: ID=719, Data=bytearray(b'Hello123')
2024-07-23 15:41:12,851 Message sent: ID=1831, Data=bytearray(b'Hello123')
2024-07-23 15:41:12,952 Message sent: ID=24, Data=bytearray(b'Hello123')
2024-07-23 15:41:13,055 Message sent: ID=249, Data=bytearray(b'Hello123')
2024-07-23 15:41:13,157 Message sent: ID=1886, Data=bytearray(b'Hello123')
2024-07-23 15:41:13,258 Message sent: ID=792, Data=bytearray(b'Hello123')
2024-07-23 15:41:13,360 Message sent: ID=1537, Data=bytearray(b'Hello123')
2024-07-23 15:41:13,463 Message sent: ID=277, Data=bytearray(b'Hello123')
2024-07-23 15:41:13,565 Message sent: ID=1923, Data=bytearray(b'Hello123')
2024-07-23 15:41:13,670 Message sent: ID=82, Data=bytearray(b'Hello123')
2024-07-23 15:41:13,773 Message sent: ID=998, Data=bytearray(b'Hello123')
2024-07-23 15:41:13,875 Message sent: ID=1711, Data=bytearray(b'Hello123')
2024-07-23 15:41:13,977 Message sent: ID=633, Data=bytearray(b'Hello123')
2024-07-23 15:41:14,079 Message sent: ID=33, Data=bytearray(b'Hello123')
2024-07-23 15:41:14,181 Message sent: ID=1011, Data=bytearray(b'Hello123')
2024-07-23 15:41:14,282 Message sent: ID=1600, Data=bytearray(b'Hello123')
2024-07-23 15:41:14,384 Message sent: ID=1935, Data=bytearray(b'Hello123')
2024-07-23 15:41:14,485 Message sent: ID=1530, Data=bytearray(b'Hello123')
2024-07-23 15:41:14,588 Message sent: ID=478, Data=bytearray(b'Hello123')
2024-07-23 15:41:14,690 Message sent: ID=282, Data=bytearray(b'Hello123')
2024-07-23 15:41:14,793 Message sent: ID=454, Data=bytearray(b'Hello123')
2024-07-23 15:41:14,896 Message sent: ID=791, Data=bytearray(b'Hello123')
2024-07-23 15:41:14,999 Message sent: ID=1506, Data=bytearray(b'Hello123')
2024-07-23 15:41:15,101 Message sent: ID=1855, Data=bytearray(b'Hello123')
2024-07-23 15:41:15,202 Message sent: ID=380, Data=bytearray(b'Hello123')
2024-07-23 15:41:15,304 Message sent: ID=621, Data=bytearray(b'Hello123')
2024-07-23 15:41:15,407 Message sent: ID=1684, Data=bytearray(b'Hello123')
2024-07-23 15:41:15,510 Message sent: ID=398, Data=bytearray(b'Hello123')
2024-07-23 15:41:15,612 Message sent: ID=1225, Data=bytearray(b'Hello123')
2024-07-23 15:41:15,714 Message sent: ID=321, Data=bytearray(b'Hello123')
2024-07-23 15:41:15,818 Message sent: ID=892, Data=bytearray(b'Hello123')
2024-07-23 15:41:15,920 Message sent: ID=1497, Data=bytearray(b'Hello123')
2024-07-23 15:41:16,024 Message sent: ID=1097, Data=bytearray(b'Hello123')
2024-07-23 15:41:16,126 Message sent: ID=1089, Data=bytearray(b'Hello123')
2024-07-23 15:41:16,229 Message sent: ID=2043, Data=bytearray(b'Hello123')
2024-07-23 15:41:16,333 Message sent: ID=1802, Data=bytearray(b'Hello123')
2024-07-23 15:41:16,436 Message sent: ID=1016, Data=bytearray(b'Hello123')
2024-07-23 15:41:16,538 Message sent: ID=320, Data=bytearray(b'Hello123')
2024-07-23 15:41:16,642 Message sent: ID=991, Data=bytearray(b'Hello123')
2024-07-23 15:41:16,743 Message sent: ID=1053, Data=bytearray(b'Hello123')
2024-07-23 15:41:16,846 Message sent: ID=808, Data=bytearray(b'Hello123')
2024-07-23 15:41:16,952 Message sent: ID=1574, Data=bytearray(b'Hello123')
2024-07-23 15:41:17,054 Message sent: ID=710, Data=bytearray(b'Hello123')
2024-07-23 15:41:17,157 Message sent: ID=648, Data=bytearray(b'Hello123')
2024-07-23 15:41:17,262 Message sent: ID=1298, Data=bytearray(b'Hello123')
2024-07-23 15:41:17,365 Message sent: ID=838, Data=bytearray(b'Hello123')
2024-07-23 15:41:17,467 Message sent: ID=1377, Data=bytearray(b'Hello123')
2024-07-23 15:41:17,571 Message sent: ID=613, Data=bytearray(b'Hello123')
2024-07-23 15:41:17,675 Message sent: ID=1335, Data=bytearray(b'Hello123')
2024-07-23 15:41:17,778 Message sent: ID=1554, Data=bytearray(b'Hello123')
2024-07-23 15:41:17,880 Message sent: ID=49, Data=bytearray(b'Hello123')
2024-07-23 15:41:17,985 Message sent: ID=1773, Data=bytearray(b'Hello123')
2024-07-23 15:41:18,087 Message sent: ID=81, Data=bytearray(b'Hello123')
2024-07-23 15:41:18,189 Message sent: ID=304, Data=bytearray(b'Hello123')
2024-07-23 15:41:18,292 Message sent: ID=684, Data=bytearray(b'Hello123')
2024-07-23 15:41:18,393 Message sent: ID=244, Data=bytearray(b'Hello123')
2024-07-23 15:41:18,494 Message sent: ID=266, Data=bytearray(b'Hello123')
2024-07-23 15:41:18,596 Message sent: ID=927, Data=bytearray(b'Hello123')
2024-07-23 15:41:18,697 Message sent: ID=1586, Data=bytearray(b'Hello123')
2024-07-23 15:41:18,800 Message sent: ID=395, Data=bytearray(b'Hello123')
2024-07-23 15:41:18,901 Message sent: ID=1526, Data=bytearray(b'Hello123')
2024-07-23 15:41:19,003 Message sent: ID=1700, Data=bytearray(b'Hello123')
2024-07-23 15:41:19,106 Message sent: ID=1690, Data=bytearray(b'Hello123')
2024-07-23 15:41:19,209 Message sent: ID=609, Data=bytearray(b'Hello123')
2024-07-23 15:41:19,310 Message sent: ID=1635, Data=bytearray(b'Hello123')
2024-07-23 15:41:19,411 Message sent: ID=1431, Data=bytearray(b'Hello123')
2024-07-23 15:41:19,514 Message sent: ID=922, Data=bytearray(b'Hello123')
2024-07-23 15:41:19,618 Message sent: ID=1279, Data=bytearray(b'Hello123')
2024-07-23 15:41:19,720 Message sent: ID=1201, Data=bytearray(b'Hello123')
2024-07-23 15:41:19,822 Message sent: ID=1802, Data=bytearray(b'Hello123')
2024-07-23 15:41:19,924 Message sent: ID=1219, Data=bytearray(b'Hello123')
2024-07-23 15:41:20,026 Message sent: ID=96, Data=bytearray(b'Hello123')
2024-07-23 15:41:20,128 Message sent: ID=1790, Data=bytearray(b'Hello123')
2024-07-23 15:41:20,229 Message sent: ID=208, Data=bytearray(b'Hello123')
2024-07-23 15:41:20,331 Message sent: ID=1620, Data=bytearray(b'Hello123')
2024-07-23 15:41:20,433 Message sent: ID=87, Data=bytearray(b'Hello123')
2024-07-23 15:41:20,535 Message sent: ID=588, Data=bytearray(b'Hello123')
2024-07-23 15:41:20,636 Message sent: ID=1290, Data=bytearray(b'Hello123')
2024-07-23 15:41:20,737 Message sent: ID=1775, Data=bytearray(b'Hello123')
2024-07-23 15:41:20,841 Message sent: ID=194, Data=bytearray(b'Hello123')
2024-07-23 15:41:20,944 Message sent: ID=1661, Data=bytearray(b'Hello123')
2024-07-23 15:41:21,046 Message sent: ID=55, Data=bytearray(b'Hello123')
2024-07-23 15:41:21,148 Message sent: ID=2025, Data=bytearray(b'Hello123')
2024-07-23 15:41:21,250 Message sent: ID=1720, Data=bytearray(b'Hello123')
2024-07-23 15:41:21,351 Message sent: ID=1457, Data=bytearray(b'Hello123')
2024-07-23 15:41:21,454 Message sent: ID=1848, Data=bytearray(b'Hello123')
2024-07-23 15:41:21,558 Message sent: ID=960, Data=bytearray(b'Hello123')
2024-07-23 15:41:21,662 Message sent: ID=239, Data=bytearray(b'Hello123')
2024-07-23 15:41:21,765 Message sent: ID=1045, Data=bytearray(b'Hello123')
2024-07-23 15:41:21,868 Message sent: ID=1979, Data=bytearray(b'Hello123')
2024-07-23 15:41:21,970 Message sent: ID=107, Data=bytearray(b'Hello123')
2024-07-23 15:41:22,073 Message sent: ID=226, Data=bytearray(b'Hello123')
2024-07-23 15:41:22,177 Message sent: ID=2027, Data=bytearray(b'Hello123')
2024-07-23 15:41:22,280 Message sent: ID=576, Data=bytearray(b'Hello123')
2024-07-23 15:41:22,383 Message sent: ID=1831, Data=bytearray(b'Hello123')
2024-07-23 15:41:22,485 Message sent: ID=1902, Data=bytearray(b'Hello123')
2024-07-23 15:41:22,588 Message sent: ID=1612, Data=bytearray(b'Hello123')
2024-07-23 15:41:22,689 Message sent: ID=1298, Data=bytearray(b'Hello123')
2024-07-23 15:41:22,791 Message sent: ID=1798, Data=bytearray(b'Hello123')
2024-07-23 15:41:22,892 Message sent: ID=1384, Data=bytearray(b'Hello123')
2024-07-23 15:41:22,994 Message sent: ID=320, Data=bytearray(b'Hello123')
2024-07-23 15:41:23,099 Message sent: ID=852, Data=bytearray(b'Hello123')
2024-07-23 15:41:23,202 Message sent: ID=508, Data=bytearray(b'Hello123')
2024-07-23 15:41:23,305 Message sent: ID=740, Data=bytearray(b'Hello123')
2024-07-23 15:41:23,413 Message sent: ID=1861, Data=bytearray(b'Hello123')
2024-07-23 15:41:23,522 Message sent: ID=1796, Data=bytearray(b'Hello123')
2024-07-23 15:41:23,624 Message sent: ID=952, Data=bytearray(b'Hello123')
2024-07-23 15:41:23,725 Message sent: ID=1140, Data=bytearray(b'Hello123')
2024-07-23 15:41:23,835 Message sent: ID=307, Data=bytearray(b'Hello123')
2024-07-23 15:41:23,938 Message sent: ID=1245, Data=bytearray(b'Hello123')
2024-07-23 15:41:24,040 Message sent: ID=26, Data=bytearray(b'Hello123')
2024-07-23 15:41:24,143 Message sent: ID=800, Data=bytearray(b'Hello123')
2024-07-23 15:41:24,247 Message sent: ID=981, Data=bytearray(b'Hello123')
2024-07-23 15:41:24,349 Message sent: ID=537, Data=bytearray(b'Hello123')
2024-07-23 15:41:24,451 Message sent: ID=1412, Data=bytearray(b'Hello123')
2024-07-23 15:41:24,553 Message sent: ID=1408, Data=bytearray(b'Hello123')
2024-07-23 15:41:24,655 Message sent: ID=812, Data=bytearray(b'Hello123')
2024-07-23 15:41:24,762 Message sent: ID=745, Data=bytearray(b'Hello123')
2024-07-23 15:41:24,863 Message sent: ID=1679, Data=bytearray(b'Hello123')
2024-07-23 15:41:24,964 Message sent: ID=1750, Data=bytearray(b'Hello123')
2024-07-23 15:41:25,065 Message sent: ID=585, Data=bytearray(b'Hello123')
2024-07-23 15:41:25,169 Message sent: ID=1397, Data=bytearray(b'Hello123')
2024-07-23 15:41:25,271 Message sent: ID=1688, Data=bytearray(b'Hello123')
2024-07-23 15:41:25,372 Message sent: ID=1073, Data=bytearray(b'Hello123')
2024-07-23 15:41:25,474 Message sent: ID=658, Data=bytearray(b'Hello123')
2024-07-23 15:41:25,577 Message sent: ID=743, Data=bytearray(b'Hello123')
2024-07-23 15:41:25,681 Message sent: ID=1697, Data=bytearray(b'Hello123')
2024-07-23 15:41:25,787 Message sent: ID=40, Data=bytearray(b'Hello123')
2024-07-23 15:41:25,889 Message sent: ID=758, Data=bytearray(b'Hello123')
2024-07-23 15:41:25,991 Message sent: ID=1211, Data=bytearray(b'Hello123')
2024-07-23 15:41:26,093 Message sent: ID=1239, Data=bytearray(b'Hello123')
2024-07-23 15:41:26,196 Message sent: ID=430, Data=bytearray(b'Hello123')
2024-07-23 15:41:26,297 Message sent: ID=1805, Data=bytearray(b'Hello123')
2024-07-23 15:41:26,400 Message sent: ID=894, Data=bytearray(b'Hello123')
2024-07-23 15:41:26,504 Message sent: ID=117, Data=bytearray(b'Hello123')
2024-07-23 15:41:26,607 Message sent: ID=313, Data=bytearray(b'Hello123')
2024-07-23 15:41:26,708 Message sent: ID=990, Data=bytearray(b'Hello123')
2024-07-23 15:41:26,811 Message sent: ID=397, Data=bytearray(b'Hello123')
2024-07-23 15:41:26,915 Message sent: ID=849, Data=bytearray(b'Hello123')
2024-07-23 15:41:27,018 Message sent: ID=1849, Data=bytearray(b'Hello123')
2024-07-23 15:41:27,120 Message sent: ID=1447, Data=bytearray(b'Hello123')
2024-07-23 15:41:27,223 Message sent: ID=1636, Data=bytearray(b'Hello123')
2024-07-23 15:41:27,324 Message sent: ID=1456, Data=bytearray(b'Hello123')
2024-07-23 15:41:27,426 Message sent: ID=1424, Data=bytearray(b'Hello123')
2024-07-23 15:41:27,528 Message sent: ID=709, Data=bytearray(b'Hello123')
2024-07-23 15:41:27,630 Message sent: ID=122, Data=bytearray(b'Hello123')
2024-07-23 15:41:27,731 Message sent: ID=290, Data=bytearray(b'Hello123')
2024-07-23 15:41:27,833 Message sent: ID=1466, Data=bytearray(b'Hello123')
2024-07-23 15:41:27,936 Message sent: ID=1849, Data=bytearray(b'Hello123')
2024-07-23 15:41:28,039 Message sent: ID=777, Data=bytearray(b'Hello123')
2024-07-23 15:41:28,140 Message sent: ID=1898, Data=bytearray(b'Hello123')
2024-07-23 15:41:28,243 Message sent: ID=1893, Data=bytearray(b'Hello123')
2024-07-23 15:41:28,345 Message sent: ID=1395, Data=bytearray(b'Hello123')
2024-07-23 15:41:28,447 Message sent: ID=247, Data=bytearray(b'Hello123')
2024-07-23 15:41:28,552 Message sent: ID=40, Data=bytearray(b'Hello123')
2024-07-23 15:41:28,653 Message sent: ID=1932, Data=bytearray(b'Hello123')
2024-07-23 15:41:28,755 Message sent: ID=1295, Data=bytearray(b'Hello123')
2024-07-23 15:41:28,856 Message sent: ID=703, Data=bytearray(b'Hello123')
2024-07-23 15:41:28,959 Message sent: ID=107, Data=bytearray(b'Hello123')
2024-07-23 15:41:29,062 Message sent: ID=483, Data=bytearray(b'Hello123')
2024-07-23 15:41:29,165 Message sent: ID=306, Data=bytearray(b'Hello123')
2024-07-23 15:41:29,267 Message sent: ID=1061, Data=bytearray(b'Hello123')
2024-07-23 15:41:29,368 Message sent: ID=26, Data=bytearray(b'Hello123')
2024-07-23 15:41:29,468 Message sent: ID=874, Data=bytearray(b'Hello123')
2024-07-23 15:41:29,571 Message sent: ID=748, Data=bytearray(b'Hello123')
2024-07-23 15:41:29,677 Message sent: ID=720, Data=bytearray(b'Hello123')
2024-07-23 15:41:29,781 Message sent: ID=921, Data=bytearray(b'Hello123')
2024-07-23 15:41:29,883 Message sent: ID=1967, Data=bytearray(b'Hello123')
2024-07-23 15:41:29,988 Message sent: ID=1793, Data=bytearray(b'Hello123')
2024-07-23 15:41:30,099 Message sent: ID=1863, Data=bytearray(b'Hello123')
2024-07-23 15:41:30,205 Message sent: ID=1096, Data=bytearray(b'Hello123')
2024-07-23 15:41:30,310 Message sent: ID=449, Data=bytearray(b'Hello123')
2024-07-23 15:41:30,416 Message sent: ID=534, Data=bytearray(b'Hello123')
2024-07-23 15:41:30,521 Message sent: ID=118, Data=bytearray(b'Hello123')
2024-07-23 15:41:30,624 Message sent: ID=1088, Data=bytearray(b'Hello123')
2024-07-23 15:41:30,727 Message sent: ID=1741, Data=bytearray(b'Hello123')
2024-07-23 15:41:30,832 Message sent: ID=146, Data=bytearray(b'Hello123')
2024-07-23 15:41:30,936 Message sent: ID=1490, Data=bytearray(b'Hello123')
2024-07-23 15:41:31,039 Message sent: ID=517, Data=bytearray(b'Hello123')
2024-07-23 15:41:31,141 Message sent: ID=1545, Data=bytearray(b'Hello123')
2024-07-23 15:41:31,242 Message sent: ID=1073, Data=bytearray(b'Hello123')
2024-07-23 15:41:31,344 Message sent: ID=1375, Data=bytearray(b'Hello123')
2024-07-23 15:41:31,446 Message sent: ID=853, Data=bytearray(b'Hello123')
2024-07-23 15:41:31,553 Message sent: ID=1547, Data=bytearray(b'Hello123')
2024-07-23 15:41:31,655 Message sent: ID=1709, Data=bytearray(b'Hello123')
2024-07-23 15:41:31,758 Message sent: ID=1730, Data=bytearray(b'Hello123')
2024-07-23 15:41:31,861 Message sent: ID=159, Data=bytearray(b'Hello123')
2024-07-23 15:41:31,963 Message sent: ID=859, Data=bytearray(b'Hello123')
2024-07-23 15:41:32,065 Message sent: ID=392, Data=bytearray(b'Hello123')
2024-07-23 15:41:32,166 Message sent: ID=1513, Data=bytearray(b'Hello123')
2024-07-23 15:41:32,268 Message sent: ID=33, Data=bytearray(b'Hello123')
2024-07-23 15:41:32,370 Message sent: ID=1704, Data=bytearray(b'Hello123')
2024-07-23 15:41:32,471 Message sent: ID=1668, Data=bytearray(b'Hello123')
2024-07-23 15:41:32,572 Message sent: ID=906, Data=bytearray(b'Hello123')
2024-07-23 15:41:32,674 Message sent: ID=97, Data=bytearray(b'Hello123')
2024-07-23 15:41:32,780 Message sent: ID=1608, Data=bytearray(b'Hello123')
2024-07-23 15:41:32,883 Message sent: ID=1126, Data=bytearray(b'Hello123')
2024-07-23 15:41:32,985 Message sent: ID=1243, Data=bytearray(b'Hello123')
2024-07-23 15:41:33,088 Message sent: ID=1438, Data=bytearray(b'Hello123')
2024-07-23 15:41:33,190 Message sent: ID=913, Data=bytearray(b'Hello123')
2024-07-23 15:41:33,292 Message sent: ID=1039, Data=bytearray(b'Hello123')
2024-07-23 15:41:33,394 Message sent: ID=289, Data=bytearray(b'Hello123')
2024-07-23 15:41:33,496 Message sent: ID=1988, Data=bytearray(b'Hello123')
2024-07-23 15:41:33,598 Message sent: ID=1913, Data=bytearray(b'Hello123')
2024-07-23 15:41:33,702 Message sent: ID=1217, Data=bytearray(b'Hello123')
2024-07-23 15:41:33,803 Message sent: ID=669, Data=bytearray(b'Hello123')
2024-07-23 15:41:33,905 Message sent: ID=1634, Data=bytearray(b'Hello123')
2024-07-23 15:41:34,008 Message sent: ID=687, Data=bytearray(b'Hello123')
2024-07-23 15:41:34,110 Message sent: ID=1527, Data=bytearray(b'Hello123')
2024-07-23 15:41:34,211 Message sent: ID=72, Data=bytearray(b'Hello123')
2024-07-23 15:41:34,313 Message sent: ID=697, Data=bytearray(b'Hello123')
2024-07-23 15:41:34,416 Message sent: ID=1676, Data=bytearray(b'Hello123')
2024-07-23 15:41:34,520 Message sent: ID=385, Data=bytearray(b'Hello123')
2024-07-23 15:41:34,622 Message sent: ID=432, Data=bytearray(b'Hello123')
2024-07-23 15:41:34,723 Message sent: ID=914, Data=bytearray(b'Hello123')
2024-07-23 15:41:34,825 Message sent: ID=1422, Data=bytearray(b'Hello123')
2024-07-23 15:41:34,927 Message sent: ID=1079, Data=bytearray(b'Hello123')
2024-07-23 15:41:35,030 Message sent: ID=797, Data=bytearray(b'Hello123')
2024-07-23 15:41:35,133 Message sent: ID=1897, Data=bytearray(b'Hello123')
2024-07-23 15:41:35,235 Message sent: ID=817, Data=bytearray(b'Hello123')
2024-07-23 15:41:35,338 Message sent: ID=1142, Data=bytearray(b'Hello123')
2024-07-23 15:41:35,441 Message sent: ID=685, Data=bytearray(b'Hello123')
2024-07-23 15:41:35,543 Message sent: ID=1852, Data=bytearray(b'Hello123')
2024-07-23 15:41:35,645 Message sent: ID=334, Data=bytearray(b'Hello123')
2024-07-23 15:41:35,748 Message sent: ID=1535, Data=bytearray(b'Hello123')
2024-07-23 15:41:35,850 Message sent: ID=1523, Data=bytearray(b'Hello123')
2024-07-23 15:41:35,952 Message sent: ID=675, Data=bytearray(b'Hello123')
2024-07-23 15:41:36,054 Message sent: ID=506, Data=bytearray(b'Hello123')
2024-07-23 15:41:36,156 Message sent: ID=878, Data=bytearray(b'Hello123')
2024-07-23 15:41:36,257 Message sent: ID=15, Data=bytearray(b'Hello123')
2024-07-23 15:41:36,360 Message sent: ID=1470, Data=bytearray(b'Hello123')
2024-07-23 15:41:36,462 Message sent: ID=442, Data=bytearray(b'Hello123')
2024-07-23 15:41:36,565 Message sent: ID=860, Data=bytearray(b'Hello123')
2024-07-23 15:41:36,666 Message sent: ID=672, Data=bytearray(b'Hello123')
2024-07-23 15:41:36,769 Message sent: ID=701, Data=bytearray(b'Hello123')
2024-07-23 15:41:36,871 Message sent: ID=895, Data=bytearray(b'Hello123')
2024-07-23 15:41:36,972 Message sent: ID=1139, Data=bytearray(b'Hello123')
2024-07-23 15:41:37,076 Message sent: ID=53, Data=bytearray(b'Hello123')
2024-07-23 15:41:37,180 Message sent: ID=917, Data=bytearray(b'Hello123')
2024-07-23 15:41:37,284 Message sent: ID=413, Data=bytearray(b'Hello123')
2024-07-23 15:41:37,387 Message sent: ID=609, Data=bytearray(b'Hello123')
2024-07-23 15:41:37,490 Message sent: ID=67, Data=bytearray(b'Hello123')
2024-07-23 15:41:37,593 Message sent: ID=258, Data=bytearray(b'Hello123')
2024-07-23 15:41:37,696 Message sent: ID=1683, Data=bytearray(b'Hello123')
2024-07-23 15:41:37,798 Message sent: ID=39, Data=bytearray(b'Hello123')
2024-07-23 15:41:37,899 Message sent: ID=9, Data=bytearray(b'Hello123')
2024-07-23 15:41:38,000 Message sent: ID=160, Data=bytearray(b'Hello123')
2024-07-23 15:41:38,100 Message sent: ID=659, Data=bytearray(b'Hello123')
2024-07-23 15:41:38,201 Message sent: ID=760, Data=bytearray(b'Hello123')
2024-07-23 15:41:38,303 Message sent: ID=2031, Data=bytearray(b'Hello123')
2024-07-23 15:41:38,404 Message sent: ID=698, Data=bytearray(b'Hello123')
2024-07-23 15:41:38,507 Message sent: ID=1764, Data=bytearray(b'Hello123')
2024-07-23 15:41:38,608 Message sent: ID=1235, Data=bytearray(b'Hello123')
2024-07-23 15:41:38,711 Message sent: ID=1465, Data=bytearray(b'Hello123')
2024-07-23 15:41:38,823 Message sent: ID=314, Data=bytearray(b'Hello123')
2024-07-23 15:41:38,926 Message sent: ID=238, Data=bytearray(b'Hello123')
2024-07-23 15:41:39,027 Message sent: ID=1945, Data=bytearray(b'Hello123')
2024-07-23 15:41:39,129 Message sent: ID=1919, Data=bytearray(b'Hello123')
2024-07-23 15:41:39,230 Message sent: ID=811, Data=bytearray(b'Hello123')
2024-07-23 15:41:39,333 Message sent: ID=1953, Data=bytearray(b'Hello123')
2024-07-23 15:41:39,435 Message sent: ID=595, Data=bytearray(b'Hello123')
2024-07-23 15:41:39,537 Message sent: ID=391, Data=bytearray(b'Hello123')
2024-07-23 15:41:39,638 Message sent: ID=1980, Data=bytearray(b'Hello123')
2024-07-23 15:41:39,740 Message sent: ID=815, Data=bytearray(b'Hello123')
2024-07-23 15:41:39,843 Message sent: ID=292, Data=bytearray(b'Hello123')
2024-07-23 15:41:39,945 Message sent: ID=376, Data=bytearray(b'Hello123')
2024-07-23 15:41:40,047 Message sent: ID=2005, Data=bytearray(b'Hello123')
2024-07-23 15:41:40,150 Message sent: ID=371, Data=bytearray(b'Hello123')
2024-07-23 15:41:40,252 Message sent: ID=1513, Data=bytearray(b'Hello123')
2024-07-23 15:41:40,356 Message sent: ID=2017, Data=bytearray(b'Hello123')
2024-07-23 15:41:40,468 Message sent: ID=1184, Data=bytearray(b'Hello123')
2024-07-23 15:41:40,576 Message sent: ID=414, Data=bytearray(b'Hello123')
2024-07-23 15:41:40,684 Message sent: ID=1727, Data=bytearray(b'Hello123')
2024-07-23 15:41:40,794 Message sent: ID=1636, Data=bytearray(b'Hello123')
2024-07-23 15:41:40,897 Message sent: ID=1949, Data=bytearray(b'Hello123')
2024-07-23 15:41:41,002 Message sent: ID=1803, Data=bytearray(b'Hello123')
2024-07-23 15:41:41,103 Message sent: ID=386, Data=bytearray(b'Hello123')
2024-07-23 15:41:41,206 Message sent: ID=1714, Data=bytearray(b'Hello123')
2024-07-23 15:41:41,308 Message sent: ID=1016, Data=bytearray(b'Hello123')
2024-07-23 15:41:41,410 Message sent: ID=1910, Data=bytearray(b'Hello123')
2024-07-23 15:41:41,512 Message sent: ID=1197, Data=bytearray(b'Hello123')
2024-07-23 15:41:41,615 Message sent: ID=892, Data=bytearray(b'Hello123')
2024-07-23 15:41:41,718 Message sent: ID=421, Data=bytearray(b'Hello123')
2024-07-23 15:41:41,821 Message sent: ID=241, Data=bytearray(b'Hello123')
2024-07-23 15:41:41,924 Message sent: ID=586, Data=bytearray(b'Hello123')
