2024-09-24 14:27:16,121 Created a socket
2024-09-24 14:27:20,735 CAN ID:865
Data:bytearray(b'.\xad\xc4\n\xf8z\xc7\xa7')
Origin:None
Destination:BCM
Status:None
Error:Abnormal message received
Latency:-1188121791265
2024-09-24 14:27:22,139 CAN ID:1875
Data:bytearray(b'\xa6F\xa5\x87!\x01cQ')
Origin:None
Destination:BCM
Status:None
Error:Abnormal message received
Latency:541931289139
2024-09-24 14:27:23,023 CAN ID:1966
Data:bytearray(b'\x8d\x15lj\xf0\x0c\x89\xda')
Origin:None
Destination:BCM
Status:None
Error:Abnormal message received
Latency:1367757643023
2024-09-24 14:27:24,633 CAN ID:797
Data:bytearray(b'\nJ\x08f\xaa\x8c\xc5\x9b')
Origin:None
Destination:BCM
Status:None
Error:Abnormal message received
Latency:485119890632
2024-09-24 14:27:25,983 CAN ID:1234
Data:bytearray(b'e\x19\xaa\xea\xd7\x84\xffX')
Origin:None
Destination:BCM
Status:None
Error:Abnormal message received
Latency:1296552806983
2024-09-24 14:27:26,681 CAN ID:763
Data:bytearray(b'\x0ft\x8f\x08Y\x10\xa4\x06')
Origin:None
Destination:BCM
Status:None
Error:Abnormal message received
Latency:-228346394319
2024-09-24 14:27:27,954 CAN ID:1419
Data:bytearray(b'\x00n\\&\xc8F\xbe\xfd')
Origin:None
Destination:BCM
Status:None
Error:Abnormal message received
Latency:-124348552047
2024-09-24 14:27:29,079 CAN ID:1998
Data:bytearray(b"h\xa9(H\xca\'\xc7\xf5")
Origin:None
Destination:BCM
Status:None
Error:Abnormal message received
Latency:-1110805128921
2024-09-24 14:27:30,700 CAN ID:814
Data:bytearray(b'\x86\x0b\xc2\x8fX\x95\xa9\x8f')
Origin:None
Destination:BCM
Status:None
Error:Abnormal message received
Latency:1529884394700
2024-09-24 14:27:31,952 CAN ID:50
Data:bytearray(b'\x96\xc6/\x04!\x85B[')
Origin:None
Destination:BCM
Status:None
Error:Abnormal message received
Latency:-1597785565048
2024-09-24 14:27:32,985 CAN ID:1380
Data:bytearray(b'\xd0\xaa\xe7\xf2;\xe8\xf6\xe3')
Origin:None
Destination:BCM
Status:None
Error:Abnormal message received
Latency:-1140143094015
2024-09-24 14:27:34,184 CAN ID:1358
Data:bytearray(b'B\r\xbaf\xeb\xcb6:')
Origin:None
Destination:BCM
Status:None
Error:Abnormal message received
Latency:1496864603184
2024-09-24 14:27:35,142 CAN ID:1479
Data:bytearray(b'|\xc8Z\xa82\xcf?\xd6')
Origin:None
Destination:BCM
Status:None
Error:Abnormal message received
Latency:-1634200042858
2024-09-24 14:27:35,689 CAN ID:1005
Data:bytearray(b'\x9a\x9a\xebX?)\x83\x08')
Origin:None
Destination:BCM
Status:None
Error:Abnormal message received
Latency:-871930359311
2024-09-24 14:27:36,240 CAN ID:1079
Data:bytearray(b'\xe2\xd9?\x03\x9e\xfe\x9c\xaa')
Origin:None
Destination:BCM
Status:None
Error:Abnormal message received
Latency:-1917601109760
2024-09-24 14:27:36,784 CAN ID:9
Data:bytearray(b'\x8b\xf9\xe9z\xc0W\xf9\xc8')
Origin:None
Destination:BCM
Status:None
Error:Abnormal message received
Latency:-2465643639216
2024-09-24 14:27:37,634 CAN ID:1176
Data:bytearray(b'6\x8bvq\xfc*\x83\xf0')
Origin:None
Destination:BCM
Status:None
Error:Abnormal message received
Latency:-612610994366
2024-09-24 14:27:38,280 CAN ID:893
Data:bytearray(b"\x81tJ\'o/\x84Y")
Origin:None
Destination:BCM
Status:None
Error:Abnormal message received
Latency:-223832356720
2024-09-24 14:27:38,821 CAN ID:1975
Data:bytearray(b'%\x1b\xbd@\x82\xad\x86\xaf')
Origin:None
Destination:BCM
Status:None
Error:Abnormal message received
Latency:1261796808821
2024-09-24 14:27:39,455 CAN ID:1979
Data:bytearray(b'/2z\xba\x1c\xc4h\xf5')
Origin:None
Destination:BCM
Status:None
Error:Abnormal message received
Latency:880280623455
2024-09-24 14:27:41,134 CAN ID:1361
Data:bytearray(b'\xf9\xa5\x10\n\x03\xbd=\xbc')
Origin:None
Destination:BCM
Status:None
Error:Abnormal message received
Latency:-1042107317866
2024-09-24 14:27:43,095 CAN ID:1358
Data:bytearray(b'\xda\xab<B\xa0\xe0\x90\xa0')
Origin:None
Destination:BCM
Status:None
Error:Abnormal message received
Latency:-1145668688905
2024-09-24 14:27:44,665 CAN ID:585
Data:bytearray(b'\x031{\x04\xc5Nqv')
Origin:None
Destination:BCM
Status:None
Error:Abnormal message received
Latency:897038731665
2024-09-24 14:27:46,115 CAN ID:470
Data:bytearray(b'\x8c\xf8\xe4M`"\xd3\xda')
Origin:None
Destination:BCM
Status:None
Error:Abnormal message received
Latency:-2448527117885
2024-09-24 14:27:47,913 CAN ID:1834
Data:bytearray(b'\xd4\xf9\xd6q\xff\xdc\t\xc5')
Origin:None
Destination:BCM
Status:None
Error:Abnormal message received
Latency:-2464396203087
2024-09-24 14:27:48,795 CAN ID:349
Data:bytearray(b'\xc5\x0e|\x8a\xfb\x0b\x9e9')
Origin:None
Destination:BCM
Status:None
Error:Abnormal message received
Latency:1484141401795
2024-09-24 14:27:50,421 CAN ID:1001
Data:bytearray(b'\x03\xf9\xbf\xb3Xl>\xc9')
Origin:None
Destination:BCM
Status:None
Error:Abnormal message received
Latency:-2462905601579
2024-09-24 14:27:51,595 CAN ID:1276
Data:bytearray(b'\xcb\xac\x05U\xe3j\x9a\x10')
Origin:None
Destination:BCM
Status:None
Error:Abnormal message received
Latency:-1158846347405
2024-09-24 14:27:52,441 CAN ID:266
Data:bytearray(b'|\x14\xff\xa9}\x8a{\x94')
Origin:None
Destination:BCM
Status:None
Error:Abnormal message received
Latency:1374885083441
2024-09-24 14:27:54,089 CAN ID:359
Data:bytearray(b'h\xe6"\xf67\xff!\xbd')
Origin:None
Destination:BCM
Status:None
Error:Abnormal message received
Latency:-2133866460911
2024-09-24 14:27:55,908 CAN ID:929
Data:bytearray(b'\xd0#\x92\x15oXb\x92')
Origin:None
Destination:BCM
Status:None
Error:Abnormal message received
Latency:1130408172908
2024-09-24 14:27:57,861 CAN ID:1616
Data:bytearray(b'Vc35\xeeT.\x89')
Origin:None
Destination:BCM
Status:None
Error:Abnormal message received
Latency:62883951861
2024-09-24 14:27:59,375 CAN ID:1478
Data:bytearray(b'\xf5}\x96\x8a\x046\xb9\x97')
Origin:None
Destination:BCM
Status:None
Error:Abnormal message received
Latency:-379833252625
2024-09-24 14:28:00,810 CAN ID:667
Data:bytearray(b'\xbc\xf0\x07\x1c\xd36\x8d+')
Origin:None
Destination:BCM
Status:None
Error:Abnormal message received
Latency:-2299813490190
2024-09-24 14:28:02,368 CAN ID:1378
Data:bytearray(b'\xe8~I\xc0\xc6j9\xfc')
Origin:None
Destination:BCM
Status:None
Error:Abnormal message received
Latency:-391578211633
2024-09-24 14:28:04,173 CAN ID:2016
Data:bytearray(b'3\x1f\xb4\xa8?\xf6\xbb\xa8')
Origin:None
Destination:BCM
Status:None
Error:Abnormal message received
Latency:1195251237173
2024-09-24 14:28:04,820 CAN ID:969
Data:bytearray(b'\x8d\x88\x06\xbc\xd1NI\xee')
Origin:None
Destination:BCM
Status:None
Error:Abnormal message received
Latency:-554958444180
2024-09-24 14:28:06,562 CAN ID:1276
Data:bytearray(b'\x97_\xf2\xc8\xaf{Yu')
Origin:None
Destination:BCM
Status:None
Error:Abnormal message received
Latency:117437879562
2024-09-24 14:28:07,214 CAN ID:1028
Data:bytearray(b'$\x93\x82\xf1U\xb0\xf0l')
Origin:None
Destination:BCM
Status:None
Error:Abnormal message received
Latency:-747647725786
2024-09-24 14:28:08,594 CAN ID:1349
Data:bytearray(b'i\x85\xe4L\xe4T8\xb5')
Origin:None
Destination:BCM
Status:None
Error:Abnormal message received
Latency:-519147131406
2024-09-24 14:28:10,166 CAN ID:754
Data:bytearray(b'rr(\x91\x19\xf5\xca\xa6')
Origin:None
Destination:BCM
Status:None
Error:Abnormal message received
Latency:-188076718834
2024-09-24 14:28:12,122 CAN ID:1296
Data:bytearray(b'\x9c\xf5|\xccdOg\xf3')
Origin:None
Destination:BCM
Status:None
Error:Abnormal message received
Latency:-2391412215878
2024-09-24 14:28:13,666 CAN ID:1395
Data:bytearray(b'\xd7e$-\x03B8\xb0')
Origin:None
Destination:BCM
Status:None
Error:Abnormal message received
Latency:30314858666
2024-09-24 14:28:14,359 CAN ID:810
Data:bytearray(b'5\n\xd1u!\xe8EM')
Origin:None
Destination:BCM
Status:None
Error:Abnormal message received
Latency:1545685325359
2024-09-24 14:28:15,188 CAN ID:1549
Data:bytearray(b'F\x14\xab\xa6Q\xdf\xd9\xba')
Origin:None
Destination:BCM
Status:None
Error:Abnormal message received
Latency:1380390942187
2024-09-24 14:28:16,531 CAN ID:1555
Data:bytearray(b'}\xfc\xdbr(b\xfd!')
Origin:None
Destination:BCM
Status:None
Error:Abnormal message received
Latency:-2515055543470
2024-09-24 14:28:17,841 CAN ID:378
Data:bytearray(b'\xaa\x90\xdd\xf7\xdc:\x8b\x8a')
Origin:None
Destination:BCM
Status:None
Error:Abnormal message received
Latency:-703281514159
2024-09-24 14:28:18,670 CAN ID:1026
Data:bytearray(b'i\xad#\x88(\x9eS\xd8')
Origin:None
Destination:BCM
Status:None
Error:Abnormal message received
Latency:-1177602485330
2024-09-24 14:28:20,554 CAN ID:201
Data:bytearray(b'+\xdb6\x8a\xe2\xc1\x03`')
Origin:None
Destination:BCM
Status:None
Error:Abnormal message received
Latency:-1950600301446
2024-09-24 14:28:21,589 CAN ID:952
Data:bytearray(b'3\xe4\xc5A\xd5\xa1$\xaa')
Origin:None
Destination:BCM
Status:None
Error:Abnormal message received
Latency:-2110948191411
2024-09-24 14:28:23,405 CAN ID:902
Data:bytearray(b'f\xa2\\\x9c\xa8\x92\xa6\x01')
Origin:None
Destination:BCM
Status:None
Error:Abnormal message received
Latency:-996793904595
2024-09-24 14:28:25,364 CAN ID:1499
Data:bytearray(b'j=;Z\xb3\xb6\xe3\xae')
Origin:None
Destination:BCM
Status:None
Error:Abnormal message received
Latency:699884486364
2024-09-24 14:28:26,817 CAN ID:1082
Data:bytearray(b'\xc0\x04.\xc6\xe4\x8cY\x85')
Origin:None
Destination:BCM
Status:None
Error:Abnormal message received
Latency:1657010070816
2024-09-24 14:28:28,749 CAN ID:1173
Data:bytearray(b'\x8eP\xe0o-\xf4v\xc8')
Origin:None
Destination:BCM
Status:None
Error:Abnormal message received
Latency:370298703749
2024-09-24 14:28:29,550 CAN ID:1751
Data:bytearray(b'\x12\xe8\xb0\xafDI`\x84')
Origin:None
Destination:BCM
Status:None
Error:Abnormal message received
Latency:-2176708806450
2024-09-24 14:28:30,397 CAN ID:1666
Data:bytearray(b'w^<\xaa\xad\xd4\xd8\xe6')
Origin:None
Destination:BCM
Status:None
Error:Abnormal message received
Latency:146150353397
2024-09-24 14:28:31,140 CAN ID:1769
Data:bytearray(b':\x14\xb4\xfc3\xbb\x17\xde')
Origin:None
Destination:BCM
Status:None
Error:Abnormal message received
Latency:1379779148139
2024-09-24 14:28:32,052 CAN ID:2043
Data:bytearray(b'\x99\x9f\xa2\x80\x147\xff\xb7')
Origin:None
Destination:BCM
Status:None
Error:Abnormal message received
Latency:-951042451948
2024-09-24 14:28:32,778 CAN ID:994
Data:bytearray(b'L\xbd/8.{\x98\xbe')
Origin:None
Destination:BCM
Status:None
Error:Abnormal message received
Latency:-1446803885222
2024-09-24 14:28:34,202 CAN ID:1824
Data:bytearray(b'\xdd;\xfe|\xcf\xed|T')
Origin:None
Destination:BCM
Status:None
Error:Abnormal message received
Latency:720650675202
2024-09-24 14:28:34,729 CAN ID:806
Data:bytearray(b'2e1\xbajd\r\xc5')
Origin:None
Destination:BCM
Status:None
Error:Abnormal message received
Latency:29426712729
2024-09-24 14:28:35,677 CAN ID:665
Data:bytearray(b'\x979\xb0d\xd0Yh\xe6')
Origin:None
Destination:BCM
Status:None
Error:Abnormal message received
Latency:759323059677
2024-09-24 14:28:36,343 CAN ID:1652
Data:bytearray(b'\x01\xb6\x14^\xb7\xa2\x89\xa2')
Origin:None
Destination:BCM
Status:None
Error:Abnormal message received
Latency:-1327603762657
2024-09-24 14:28:37,318 CAN ID:947
Data:bytearray(b'\x0b@\x82f\x01\x11\x9b\xdd')
Origin:None
Destination:BCM
Status:None
Error:Abnormal message received
Latency:644896900318
2024-09-24 14:28:39,057 CAN ID:1447
Data:bytearray(b"\xf8\xfa(\xdd\xd2\n\'\xee")
Origin:None
Destination:BCM
Status:None
Error:Abnormal message received
Latency:-2469797706943
2024-09-24 14:28:40,985 CAN ID:1108
Data:bytearray(b'{\xa3\xf3\x889\x7f\xa6\xf6')
Origin:None
Destination:BCM
Status:None
Error:Abnormal message received
Latency:-1023461808015
2024-09-24 14:28:41,771 CAN ID:1393
Data:bytearray(b'1\x1b\xc8"\xdd\xf5\xb5\xe1')
Origin:None
Destination:BCM
Status:None
Error:Abnormal message received
Latency:1261083564771
2024-09-24 14:28:43,395 CAN ID:467
Data:bytearray(b'\x9d.\x9b\x80\xfbk]=')
Origin:None
Destination:BCM
Status:None
Error:Abnormal message received
Latency:945241488395
2024-09-24 14:28:45,377 CAN ID:1664
Data:bytearray(b'\xafa\x14\xa6\xa8\x0c\xe3\xba')
Origin:None
Destination:BCM
Status:None
Error:Abnormal message received
Latency:98441189377
2024-09-24 14:28:47,099 CAN ID:860
Data:bytearray(b'\xb7 vf\rJC\xf3')
Origin:None
Destination:BCM
Status:None
Error:Abnormal message received
Latency:1182554242099
2024-09-24 14:28:47,663 CAN ID:63
Data:bytearray(b'\xc5ee\xcc\xbc\xf8Z\xb8')
Origin:None
Destination:BCM
Status:None
Error:Abnormal message received
Latency:26014163663
2024-09-24 14:28:49,248 CAN ID:1713
Data:bytearray(b'F\xbf\xbb\x18p\xfb=\x1b')
Origin:None
Destination:BCM
Status:None
Error:Abnormal message received
Latency:-1489525214752
2024-09-24 14:28:50,657 CAN ID:155
Data:bytearray(b'\x1f\xac]\x0e\xd5\x19a\x89')
Origin:None
Destination:BCM
Status:None
Error:Abnormal message received
Latency:-1164595266343
2024-09-24 14:28:51,629 CAN ID:259
Data:bytearray(b'\x00\x84iE\xcb\xa8H\x95')
Origin:None
Destination:BCM
Status:None
Error:Abnormal message received
Latency:-494307127371
2024-09-24 14:28:52,164 CAN ID:352
Data:bytearray(b'\x13\x1f\x91\xdf-\x9e5\xec')
Origin:None
Destination:BCM
Status:None
Error:Abnormal message received
Latency:1197530983164
2024-09-24 14:28:54,037 CAN ID:2029
Data:bytearray(b'W\xa6\r\x15`q3b')
Origin:None
Destination:BCM
Status:None
Error:Abnormal message received
Latency:-1058690761963
2024-09-24 14:28:54,842 CAN ID:1461
Data:bytearray(b'\xc4F\xb9\xcd6\xa8\xb5\x90')
Origin:None
Destination:BCM
Status:None
Error:Abnormal message received
Latency:540602720842
2024-09-24 14:28:55,987 CAN ID:1863
Data:bytearray(b'\xdd\x1eT\x1d\x9e\x9c+Q')
Origin:None
Destination:BCM
Status:None
Error:Abnormal message received
Latency:1218355449987
2024-09-24 14:28:57,652 CAN ID:1212
Data:bytearray(b'\x99\x12\xc1\x0f2\xb8\xcb\x1a')
Origin:None
Destination:BCM
Status:None
Error:Abnormal message received
Latency:1412542311652
2024-09-24 14:28:59,111 CAN ID:1714
Data:bytearray(b'r\x9e\x02C0qp\xd3')
Origin:None
Destination:BCM
Status:None
Error:Abnormal message received
Latency:-923763860889
2024-09-24 14:29:00,496 CAN ID:794
Data:bytearray(b'\x00oI\x88\x7f\x06\xa7T')
Origin:None
Destination:BCM
Status:None
Error:Abnormal message received
Latency:-139905506504
2024-09-24 14:29:01,516 CAN ID:182
Data:bytearray(b'\xea\x9ce\xb0\xc5b\xea\x9b')
Origin:None
Destination:BCM
Status:None
Error:Abnormal message received
Latency:-896725543484
2024-09-24 14:29:02,135 CAN ID:1808
Data:bytearray(b'd\x88\xc8}\xfd\x8e\xbf\xbc')
Origin:None
Destination:BCM
Status:None
Error:Abnormal message received
Latency:-567656286865
2024-09-24 14:29:03,807 CAN ID:1871
Data:bytearray(b'T\x12\x83\xe0\xac.\xc0F')
Origin:None
Destination:BCM
Status:None
Error:Abnormal message received
Latency:1416551923807
2024-09-24 14:29:04,529 CAN ID:1687
Data:bytearray(b'a\x1c\xe0\xe9\xdd\xf5\xb2\x8e')
Origin:None
Destination:BCM
Status:None
Error:Abnormal message received
Latency:1242682563528
2024-09-24 14:29:05,712 CAN ID:2027
Data:bytearray(b'\x0e\x04K\x1d\x02\xf7\x12E')
Origin:None
Destination:BCM
Status:None
Error:Abnormal message received
Latency:1655153055712
2024-09-24 14:29:07,495 CAN ID:982
Data:bytearray(b'!\xc32\xe9f\xb4\x17\xb4')
Origin:None
Destination:BCM
Status:None
Error:Abnormal message received
Latency:-1547709122505
2024-09-24 14:29:09,213 CAN ID:1253
Data:bytearray(b'\xf9\xb5\xad\x06\xdf\xb1\xb2\x98')
Origin:None
Destination:BCM
Status:None
Error:Abnormal message received
Latency:-1320831033787
2024-09-24 14:29:10,549 CAN ID:1782
Data:bytearray(b'Z\x9e\x1a\xec\x81\xd0\xb7\x06')
Origin:None
Destination:BCM
Status:None
Error:Abnormal message received
Latency:-925380058451
2024-09-24 14:29:12,270 CAN ID:1958
Data:bytearray(b'T\xfe\xc9\x9d\x82\xc6\xa6a')
Origin:None
Destination:BCM
Status:None
Error:Abnormal message received
Latency:-2547441369730
2024-09-24 14:29:13,633 CAN ID:1533
Data:bytearray(b'\x01\x9f\xc8#\x92\x9f\xa4\xf0')
Origin:None
Destination:BCM
Status:None
Error:Abnormal message received
Latency:-953509096367
2024-09-24 14:29:14,905 CAN ID:1355
Data:bytearray(b'Y9W\xdb\xca\xbf)\x0e')
Origin:None
Destination:BCM
Status:None
Error:Abnormal message received
Latency:765125344905
2024-09-24 14:29:15,758 CAN ID:1098
Data:bytearray(b'F>J\xaaJZ\x9b\xa0')
Origin:None
Destination:BCM
Status:None
Error:Abnormal message received
Latency:682103905758
2024-09-24 14:29:17,418 CAN ID:698
Data:bytearray(b'\xda\x83\xd9\x11\xd0#\xfd*')
Origin:None
Destination:BCM
Status:None
Error:Abnormal message received
Latency:-484856610582
2024-09-24 14:29:19,237 CAN ID:1227
Data:bytearray(b'n\x91\xa9\xf2\x1b?\xe6\n')
Origin:None
Destination:BCM
Status:None
Error:Abnormal message received
Latency:-716649323763
2024-09-24 14:29:31,834 KeyboardInterrupt detected, exiting gracefully.
2024-09-24 14:29:31,835 Cleaning up resources...
2024-09-24 14:29:31,837 Latency Statistics:
2024-09-24 14:29:31,837 Mean: -309424966720.14 ms
2024-09-24 14:29:31,838 Median: -391578211633.00 ms
2024-09-24 14:29:31,838 Min: -2547441369730.00 ms
2024-09-24 14:29:31,838 Max: 1657010070816.00 ms
2024-09-24 14:29:31,838 Std_dev: 1258138165959.59 ms
2024-09-24 14:29:31,838 Cleanup complete. Exiting program.
