2024-09-26 13:23:01,253 Created a socket
2024-09-26 13:23:04,412 CAN ID:1024
Data:bytearray(b'\x01f\xf5R(\xc8\xd2\xf6')
Origin:HCM
Destination:BCM
Status:Headlights ON
Error:None
Latency:412
2024-09-26 13:23:08,290 CAN ID:256
Data:bytearray(b'\x04f\xf5R,6Z\xaa')
Origin:BSM
Destination:BCM
Status:Belt is OFF
Error:None
Latency:290
2024-09-26 13:23:09,822 CAN ID:1024
Data:bytearray(b'\x00f\xf5R-\x0f\x98a')
Origin:HCM
Destination:BCM
Status:Headlights OFF
Error:None
Latency:822
2024-09-26 13:23:09,894 CAN ID:256
Data:bytearray(b'\x05f\xf5R-\xdc\xe3f')
Origin:BSM
Destination:BCM
Status:Belt is ON
Error:None
Latency:894
2024-09-26 13:23:09,923 CAN ID:1024
Data:bytearray(b'\x01f\xf5R-\xad;\xc6')
Origin:HCM
Destination:BCM
Status:Headlights ON
Error:None
Latency:923
2024-09-26 13:23:09,994 CAN ID:256
Data:bytearray(b'\x04f\xf5R-e\xe4\xe4')
Origin:BSM
Destination:BCM
Status:Belt is OFF
Error:None
Latency:994
2024-09-26 13:23:10,124 CAN ID:1024
Data:bytearray(b'\x00f\xf5R.\x07\xff\xdc')
Origin:HCM
Destination:BCM
Status:Headlights OFF
Error:None
Latency:124
2024-09-26 13:23:10,225 CAN ID:1024
Data:bytearray(b'\x01f\xf5R.7\x10#')
Origin:HCM
Destination:BCM
Status:Headlights ON
Error:None
Latency:225
2024-09-26 13:23:10,927 CAN ID:1024
Data:bytearray(b'\x00f\xf5R.\x07\xff\xdc')
Origin:HCM
Destination:BCM
Status:Headlights OFF
Error:None
Latency:927
2024-09-26 13:23:11,128 CAN ID:1024
Data:bytearray(b'\x01f\xf5R/l:\x14')
Origin:HCM
Destination:BCM
Status:Headlights ON
Error:None
Latency:128
2024-09-26 13:23:11,378 CAN ID:512
Data:bytearray(b'\x03f\xf5R//$\xc5')
Origin:DCM
Destination:BCM
Status:Door is Locked
Error:None
Latency:378
2024-09-26 13:23:11,630 CAN ID:1024
Data:bytearray(b'\x00f\xf5R/S\xd8\x99')
Origin:HCM
Destination:BCM
Status:Headlights OFF
Error:None
Latency:630
2024-09-26 13:23:11,730 CAN ID:1024
Data:bytearray(b'\x01f\xf5R/l:\x14')
Origin:HCM
Destination:BCM
Status:Headlights ON
Error:None
Latency:730
2024-09-26 13:23:11,900 CAN ID:256
Data:bytearray(b'\x05f\xf5R/>\xb8\x96')
Origin:BSM
Destination:BCM
Status:Belt is ON
Error:None
Latency:900
2024-09-26 13:23:12,001 CAN ID:256
Data:bytearray(b'\x04f\xf5R/\xa3\xb0\x9b')
Origin:BSM
Destination:BCM
Status:Belt is OFF
Error:None
Latency:1001
2024-09-26 13:23:12,031 CAN ID:1024
Data:bytearray(b'\x00f\xf5R0\xe2\xd5H')
Origin:HCM
Destination:BCM
Status:Headlights OFF
Error:None
Latency:31
2024-09-26 13:23:12,102 CAN ID:256
Data:bytearray(b'\x05f\xf5R0`\x96\xe7')
Origin:BSM
Destination:BCM
Status:Belt is ON
Error:None
Latency:102
2024-09-26 13:23:12,134 CAN ID:1024
Data:bytearray(b'\x01f\xf5R0\xb9\xf2?')
Origin:HCM
Destination:BCM
Status:Headlights ON
Error:None
Latency:134
2024-09-26 13:23:12,202 CAN ID:256
Data:bytearray(b'\x04f\xf5R06\x1e\x91')
Origin:BSM
Destination:BCM
Status:Belt is OFF
Error:None
Latency:202
2024-09-26 13:23:12,303 CAN ID:256
Data:bytearray(b'\x05f\xf5R0`\x96\xe7')
Origin:BSM
Destination:BCM
Status:Belt is ON
Error:None
Latency:303
2024-09-26 13:23:12,334 CAN ID:1024
Data:bytearray(b'\x00f\xf5R0\xe2\xd5H')
Origin:HCM
Destination:BCM
Status:Headlights OFF
Error:None
Latency:334
2024-09-26 13:23:12,404 CAN ID:256
Data:bytearray(b'\x04f\xf5R06\x1e\x91')
Origin:BSM
Destination:BCM
Status:Belt is OFF
Error:None
Latency:404
2024-09-26 13:23:12,435 CAN ID:1024
Data:bytearray(b'\x01f\xf5R0\xb9\xf2?')
Origin:HCM
Destination:BCM
Status:Headlights ON
Error:None
Latency:435
2024-09-26 13:23:12,636 CAN ID:1024
Data:bytearray(b'\x00f\xf5R0\xe2\xd5H')
Origin:HCM
Destination:BCM
Status:Headlights OFF
Error:None
Latency:636
2024-09-26 13:23:12,737 CAN ID:1024
Data:bytearray(b'\x01f\xf5R0\xb9\xf2?')
Origin:HCM
Destination:BCM
Status:Headlights ON
Error:None
Latency:737
2024-09-26 13:23:12,905 CAN ID:256
Data:bytearray(b'\x05f\xf5R0`\x96\xe7')
Origin:BSM
Destination:BCM
Status:Belt is ON
Error:None
Latency:905
2024-09-26 13:23:13,106 CAN ID:256
Data:bytearray(b'\x04f\xf5R1\x8a\xa1T')
Origin:BSM
Destination:BCM
Status:Belt is OFF
Error:None
Latency:106
2024-09-26 13:23:13,138 CAN ID:1024
Data:bytearray(b'\x00f\xf5R1*\xfe\xf2')
Origin:HCM
Destination:BCM
Status:Headlights OFF
Error:None
Latency:138
2024-09-26 13:23:13,210 CAN ID:256
Data:bytearray(b'\x05f\xf5R1\x8e\x06]')
Origin:BSM
Destination:BCM
Status:Belt is ON
Error:None
Latency:210
2024-09-26 13:23:13,238 CAN ID:1024
Data:bytearray(b'\x01f\xf5R1&\xd5\x91')
Origin:HCM
Destination:BCM
Status:Headlights ON
Error:None
Latency:238
2024-09-26 13:23:13,308 CAN ID:256
Data:bytearray(b'\x04f\xf5R1\x8a\xa1T')
Origin:BSM
Destination:BCM
Status:Belt is OFF
Error:None
Latency:308
2024-09-26 13:23:13,439 CAN ID:1024
Data:bytearray(b'\x00f\xf5R1*\xfe\xf2')
Origin:HCM
Destination:BCM
Status:Headlights OFF
Error:None
Latency:439
2024-09-26 13:23:13,609 CAN ID:256
Data:bytearray(b'\x05f\xf5R1\x8e\x06]')
Origin:BSM
Destination:BCM
Status:Belt is ON
Error:None
Latency:609
2024-09-26 13:23:13,640 CAN ID:1024
Data:bytearray(b'\x01f\xf5R1&\xd5\x91')
Origin:HCM
Destination:BCM
Status:Headlights ON
Error:None
Latency:640
2024-09-26 13:23:13,709 CAN ID:256
Data:bytearray(b'\x04f\xf5R1\x8a\xa1T')
Origin:BSM
Destination:BCM
Status:Belt is OFF
Error:None
Latency:709
2024-09-26 13:23:14,010 CAN ID:256
Data:bytearray(b'\x05f\xf5R2\x94\x98\xfb')
Origin:BSM
Destination:BCM
Status:Belt is ON
Error:None
Latency:10
2024-09-26 13:23:14,041 CAN ID:1024
Data:bytearray(b'\x00f\xf5R2Fc\xcb')
Origin:HCM
Destination:BCM
Status:Headlights OFF
Error:None
Latency:41
2024-09-26 13:23:14,096 CAN ID:512
Data:bytearray(b'\x02f\xf5R2&\xd9\x10')
Origin:DCM
Destination:BCM
Status:Door is Unlocked
Error:None
Latency:96
2024-09-26 13:23:14,111 CAN ID:256
Data:bytearray(b'\x04f\xf5R2\xf6\xc9s')
Origin:BSM
Destination:BCM
Status:Belt is OFF
Error:None
Latency:111
2024-09-26 13:23:14,142 CAN ID:1024
Data:bytearray(b'\x01f\xf5R2\xfc\x80\xdf')
Origin:HCM
Destination:BCM
Status:Headlights ON
Error:None
Latency:142
2024-09-26 13:23:14,243 CAN ID:1024
Data:bytearray(b'\x00f\xf5R2Fc\xcb')
Origin:HCM
Destination:BCM
Status:Headlights OFF
Error:None
Latency:243
2024-09-26 13:23:14,312 CAN ID:256
Data:bytearray(b'\x05f\xf5R2\x94\x98\xfb')
Origin:BSM
Destination:BCM
Status:Belt is ON
Error:None
Latency:312
2024-09-26 13:23:14,412 CAN ID:256
Data:bytearray(b'\x04f\xf5R2\xf6\xc9s')
Origin:BSM
Destination:BCM
Status:Belt is OFF
Error:None
Latency:412
2024-09-26 13:23:14,444 CAN ID:1024
Data:bytearray(b'\x01f\xf5R2\xfc\x80\xdf')
Origin:HCM
Destination:BCM
Status:Headlights ON
Error:None
Latency:444
2024-09-26 13:23:14,745 CAN ID:1024
Data:bytearray(b'\x00f\xf5R2Fc\xcb')
Origin:HCM
Destination:BCM
Status:Headlights OFF
Error:None
Latency:745
2024-09-26 13:23:14,814 CAN ID:256
Data:bytearray(b'\x05f\xf5R2\x94\x98\xfb')
Origin:BSM
Destination:BCM
Status:Belt is ON
Error:None
Latency:814
2024-09-26 13:23:14,846 CAN ID:1024
Data:bytearray(b'\x01f\xf5R2\xfc\x80\xdf')
Origin:HCM
Destination:BCM
Status:Headlights ON
Error:None
Latency:846
2024-09-26 13:23:14,914 CAN ID:256
Data:bytearray(b'\x04f\xf5R2\xf6\xc9s')
Origin:BSM
Destination:BCM
Status:Belt is OFF
Error:None
Latency:914
2024-09-26 13:23:14,947 CAN ID:1024
Data:bytearray(b'\x00f\xf5R2Fc\xcb')
Origin:HCM
Destination:BCM
Status:Headlights OFF
Error:None
Latency:947
2024-09-26 13:23:15,015 CAN ID:256
Data:bytearray(b'\x05f\xf5R3\xf5\xe9\x18')
Origin:BSM
Destination:BCM
Status:Belt is ON
Error:None
Latency:15
2024-09-26 13:23:15,116 CAN ID:256
Data:bytearray(b'\x04f\xf5R3\x07\x8c\x94')
Origin:BSM
Destination:BCM
Status:Belt is OFF
Error:None
Latency:116
2024-09-26 13:23:15,147 CAN ID:1024
Data:bytearray(b'\x01f\xf5R3\xc6\xef\xd4')
Origin:HCM
Destination:BCM
Status:Headlights ON
Error:None
Latency:147
2024-09-26 13:23:15,248 CAN ID:1024
Data:bytearray(b'\x00f\xf5R3\xbb|\xf8')
Origin:HCM
Destination:BCM
Status:Headlights OFF
Error:None
Latency:248
2024-09-26 13:23:15,349 CAN ID:1024
Data:bytearray(b'\x01f\xf5R3\xc6\xef\xd4')
Origin:HCM
Destination:BCM
Status:Headlights ON
Error:None
Latency:349
2024-09-26 13:23:15,416 CAN ID:256
Data:bytearray(b'\x05f\xf5R3\xf5\xe9\x18')
Origin:BSM
Destination:BCM
Status:Belt is ON
Error:None
Latency:416
2024-09-26 13:23:15,517 CAN ID:256
Data:bytearray(b'\x04f\xf5R3\x07\x8c\x94')
Origin:BSM
Destination:BCM
Status:Belt is OFF
Error:None
Latency:517
2024-09-26 13:23:15,650 CAN ID:1024
Data:bytearray(b'\x00f\xf5R3\xbb|\xf8')
Origin:HCM
Destination:BCM
Status:Headlights OFF
Error:None
Latency:650
2024-09-26 13:23:15,951 CAN ID:1024
Data:bytearray(b'\x01f\xf5R3\xc6\xef\xd4')
Origin:HCM
Destination:BCM
Status:Headlights ON
Error:None
Latency:951
2024-09-26 13:23:16,152 CAN ID:1024
Data:bytearray(b'\x00f\xf5R4\xee\x99\xf0')
Origin:HCM
Destination:BCM
Status:Headlights OFF
Error:None
Latency:152
2024-09-26 13:23:16,252 CAN ID:1024
Data:bytearray(b'\x01f\xf5R4\xdc\x81I')
Origin:HCM
Destination:BCM
Status:Headlights ON
Error:None
Latency:252
2024-09-26 13:23:16,354 CAN ID:1024
Data:bytearray(b'\x00f\xf5R4\xee\x99\xf0')
Origin:HCM
Destination:BCM
Status:Headlights OFF
Error:None
Latency:354
2024-09-26 13:23:16,426 CAN ID:512
Data:bytearray(b'\x03f\xf5R4\x95*\x19')
Origin:DCM
Destination:BCM
Status:Door is Locked
Error:None
Latency:426
2024-09-26 13:23:16,455 CAN ID:1024
Data:bytearray(b'\x01f\xf5R4\xdc\x81I')
Origin:HCM
Destination:BCM
Status:Headlights ON
Error:None
Latency:455
2024-09-26 13:23:16,557 CAN ID:1024
Data:bytearray(b'\x00f\xf5R4\xee\x99\xf0')
Origin:HCM
Destination:BCM
Status:Headlights OFF
Error:None
Latency:557
2024-09-26 13:23:16,630 CAN ID:512
Data:bytearray(b'\x02f\xf5R4\xa2\xfa\xbd')
Origin:DCM
Destination:BCM
Status:Door is Unlocked
Error:None
Latency:630
2024-09-26 13:23:16,858 CAN ID:1024
Data:bytearray(b'\x01f\xf5R4\xdc\x81I')
Origin:HCM
Destination:BCM
Status:Headlights ON
Error:None
Latency:858
2024-09-26 13:23:16,922 CAN ID:256
Data:bytearray(b'\x05f\xf5R4\xbd\xbb\r')
Origin:BSM
Destination:BCM
Status:Belt is ON
Error:None
Latency:922
2024-09-26 13:23:16,960 CAN ID:1024
Data:bytearray(b'\x00f\xf5R4\xee\x99\xf0')
Origin:HCM
Destination:BCM
Status:Headlights OFF
Error:None
Latency:960
2024-09-26 13:23:17,023 CAN ID:256
Data:bytearray(b'\x04f\xf5R5\xe9\x08\xc8')
Origin:BSM
Destination:BCM
Status:Belt is OFF
Error:None
Latency:23
2024-09-26 13:23:17,061 CAN ID:1024
Data:bytearray(b'\x01f\xf5R5\x97C2')
Origin:HCM
Destination:BCM
Status:Headlights ON
Error:None
Latency:61
2024-09-26 13:23:17,563 CAN ID:1024
Data:bytearray(b'\x00f\xf5R5\x08@"')
Origin:HCM
Destination:BCM
Status:Headlights OFF
Error:None
Latency:563
2024-09-26 13:23:17,725 CAN ID:256
Data:bytearray(b'\x05f\xf5R5=\xc9h')
Origin:BSM
Destination:BCM
Status:Belt is ON
Error:None
Latency:725
2024-09-26 13:23:17,765 CAN ID:1024
Data:bytearray(b'\x01f\xf5R5\x97C2')
Origin:HCM
Destination:BCM
Status:Headlights ON
Error:None
Latency:765
2024-09-26 13:23:17,827 CAN ID:256
Data:bytearray(b'\x04f\xf5R5\xe9\x08\xc8')
Origin:BSM
Destination:BCM
Status:Belt is OFF
Error:None
Latency:827
2024-09-26 13:23:18,066 CAN ID:1024
Data:bytearray(b'\x00f\xf5R6~Q\x8b')
Origin:HCM
Destination:BCM
Status:Headlights OFF
Error:None
Latency:66
2024-09-26 13:23:18,168 CAN ID:1024
Data:bytearray(b'\x01f\xf5R6\xe4\x89\xa1')
Origin:HCM
Destination:BCM
Status:Headlights ON
Error:None
Latency:168
2024-09-26 13:23:18,228 CAN ID:256
Data:bytearray(b'\x05f\xf5R6\xb9b\xb5')
Origin:BSM
Destination:BCM
Status:Belt is ON
Error:None
Latency:228
2024-09-26 13:23:18,330 CAN ID:256
Data:bytearray(b'\x04f\xf5R6\t\xc8!')
Origin:BSM
Destination:BCM
Status:Belt is OFF
Error:None
Latency:330
2024-09-26 13:23:18,570 CAN ID:1024
Data:bytearray(b'\x00f\xf5R6~Q\x8b')
Origin:HCM
Destination:BCM
Status:Headlights OFF
Error:None
Latency:570
2024-09-26 13:23:18,632 CAN ID:256
Data:bytearray(b'\x05f\xf5R6\xb9b\xb5')
Origin:BSM
Destination:BCM
Status:Belt is ON
Error:None
Latency:632
2024-09-26 13:23:18,671 CAN ID:1024
Data:bytearray(b'\x01f\xf5R6\xe4\x89\xa1')
Origin:HCM
Destination:BCM
Status:Headlights ON
Error:None
Latency:671
2024-09-26 13:23:18,688 CAN ID:512
Data:bytearray(b'\x03f\xf5R6\xcf\x85\xa6')
Origin:DCM
Destination:BCM
Status:Door is Locked
Error:None
Latency:688
2024-09-26 13:23:18,772 CAN ID:1024
Data:bytearray(b'\x00f\xf5R6~Q\x8b')
Origin:HCM
Destination:BCM
Status:Headlights OFF
Error:None
Latency:772
2024-09-26 13:23:18,836 CAN ID:512
Data:bytearray(b'\x02f\xf5R6\xacQ\xaf')
Origin:DCM
Destination:BCM
Status:Door is Unlocked
Error:None
Latency:836
2024-09-26 13:23:18,874 CAN ID:1024
Data:bytearray(b'\x01f\xf5R6\xe4\x89\xa1')
Origin:HCM
Destination:BCM
Status:Headlights ON
Error:None
Latency:874
2024-09-26 13:23:18,934 CAN ID:256
Data:bytearray(b'\x04f\xf5R6\t\xc8!')
Origin:BSM
Destination:BCM
Status:Belt is OFF
Error:None
Latency:933
2024-09-26 13:23:18,975 CAN ID:1024
Data:bytearray(b'\x00f\xf5R6~Q\x8b')
Origin:HCM
Destination:BCM
Status:Headlights OFF
Error:None
Latency:975
2024-09-26 13:23:19,176 CAN ID:1024
Data:bytearray(b'\x01f\xf5R7\xadZ\xdf')
Origin:HCM
Destination:BCM
Status:Headlights ON
Error:None
Latency:176
2024-09-26 13:23:19,278 CAN ID:1024
Data:bytearray(b'\x00f\xf5R7\xb2\xb0\x83')
Origin:HCM
Destination:BCM
Status:Headlights OFF
Error:None
Latency:278
2024-09-26 13:23:19,379 CAN ID:1024
Data:bytearray(b'\x01f\xf5R7\xadZ\xdf')
Origin:HCM
Destination:BCM
Status:Headlights ON
Error:None
Latency:379
2024-09-26 13:23:19,436 CAN ID:256
Data:bytearray(b'\x05f\xf5R7\x91)k')
Origin:BSM
Destination:BCM
Status:Belt is ON
Error:None
Latency:436
2024-09-26 13:23:19,480 CAN ID:1024
Data:bytearray(b'\x00f\xf5R7\xb2\xb0\x83')
Origin:HCM
Destination:BCM
Status:Headlights OFF
Error:None
Latency:480
2024-09-26 13:23:19,537 CAN ID:256
Data:bytearray(b'\x04f\xf5R7i\xa9i')
Origin:BSM
Destination:BCM
Status:Belt is OFF
Error:None
Latency:537
2024-09-26 13:23:19,781 CAN ID:1024
Data:bytearray(b'\x01f\xf5R7\xadZ\xdf')
Origin:HCM
Destination:BCM
Status:Headlights ON
Error:None
Latency:781
2024-09-26 13:23:19,838 CAN ID:256
Data:bytearray(b'\x05f\xf5R7\x91)k')
Origin:BSM
Destination:BCM
Status:Belt is ON
Error:None
Latency:837
2024-09-26 13:23:20,039 CAN ID:256
Data:bytearray(b'\x04f\xf5R8\xd6\xe2J')
Origin:BSM
Destination:BCM
Status:Belt is OFF
Error:None
Latency:39
2024-09-26 13:23:20,082 CAN ID:1024
Data:bytearray(b'\x00f\xf5R8\xe13y')
Origin:HCM
Destination:BCM
Status:Headlights OFF
Error:None
Latency:82
2024-09-26 13:23:20,183 CAN ID:1024
Data:bytearray(b'\x01f\xf5R8\xc4\xca\xd7')
Origin:HCM
Destination:BCM
Status:Headlights ON
Error:None
Latency:183
2024-09-26 13:23:20,239 CAN ID:256
Data:bytearray(b'\x05f\xf5R8\xaaL\xaa')
Origin:BSM
Destination:BCM
Status:Belt is ON
Error:None
Latency:239
2024-09-26 13:23:20,284 CAN ID:1024
Data:bytearray(b'\x00f\xf5R8\xe13y')
Origin:HCM
Destination:BCM
Status:Headlights OFF
Error:None
Latency:284
2024-09-26 13:23:20,440 CAN ID:256
Data:bytearray(b'\x04f\xf5R8\xd6\xe2J')
Origin:BSM
Destination:BCM
Status:Belt is OFF
Error:None
Latency:440
2024-09-26 13:23:20,485 CAN ID:1024
Data:bytearray(b'\x01f\xf5R8\xc4\xca\xd7')
Origin:HCM
Destination:BCM
Status:Headlights ON
Error:None
Latency:484
2024-09-26 13:23:20,585 CAN ID:1024
Data:bytearray(b'\x00f\xf5R8\xe13y')
Origin:HCM
Destination:BCM
Status:Headlights OFF
Error:None
Latency:585
2024-09-26 13:23:20,641 CAN ID:256
Data:bytearray(b'\x05f\xf5R8\xaaL\xaa')
Origin:BSM
Destination:BCM
Status:Belt is ON
Error:None
Latency:641
2024-09-26 13:23:20,686 CAN ID:1024
Data:bytearray(b'\x01f\xf5R8\xc4\xca\xd7')
Origin:HCM
Destination:BCM
Status:Headlights ON
Error:None
Latency:686
2024-09-26 13:23:20,742 CAN ID:256
Data:bytearray(b'\x04f\xf5R8\xd6\xe2J')
Origin:BSM
Destination:BCM
Status:Belt is OFF
Error:None
Latency:742
2024-09-26 13:23:20,843 CAN ID:256
Data:bytearray(b'\x05f\xf5R8\xaaL\xaa')
Origin:BSM
Destination:BCM
Status:Belt is ON
Error:None
Latency:843
2024-09-26 13:23:20,890 CAN ID:512
Data:bytearray(b'\x03f\xf5R8(@\xa4')
Origin:DCM
Destination:BCM
Status:Door is Locked
Error:None
Latency:890
2024-09-26 13:23:21,087 CAN ID:1024
Data:bytearray(b'\x00f\xf5R9n9\xd9')
Origin:HCM
Destination:BCM
Status:Headlights OFF
Error:None
Latency:87
2024-09-26 13:23:21,145 CAN ID:256
Data:bytearray(b'\x04f\xf5R9\x0f?p')
Origin:BSM
Destination:BCM
Status:Belt is OFF
Error:None
Latency:145
2024-09-26 13:23:21,188 CAN ID:1024
Data:bytearray(b'\x01f\xf5R9\xec\x03\xfd')
Origin:HCM
Destination:BCM
Status:Headlights ON
Error:None
Latency:188
2024-09-26 13:23:21,289 CAN ID:1024
Data:bytearray(b'\x00f\xf5R9n9\xd9')
Origin:HCM
Destination:BCM
Status:Headlights OFF
Error:None
Latency:288
2024-09-26 13:23:21,345 CAN ID:256
Data:bytearray(b'\x05f\xf5R9sb\xae')
Origin:BSM
Destination:BCM
Status:Belt is ON
Error:None
Latency:345
2024-09-26 13:23:21,389 CAN ID:1024
Data:bytearray(b'\x01f\xf5R9\xec\x03\xfd')
Origin:HCM
Destination:BCM
Status:Headlights ON
Error:None
Latency:389
2024-09-26 13:23:21,690 CAN ID:1024
Data:bytearray(b'\x00f\xf5R9n9\xd9')
Origin:HCM
Destination:BCM
Status:Headlights OFF
Error:None
Latency:690
2024-09-26 13:23:21,746 CAN ID:256
Data:bytearray(b'\x04f\xf5R9\x0f?p')
Origin:BSM
Destination:BCM
Status:Belt is OFF
Error:None
Latency:746
2024-09-26 13:23:21,791 CAN ID:1024
Data:bytearray(b'\x01f\xf5R9\xec\x03\xfd')
Origin:HCM
Destination:BCM
Status:Headlights ON
Error:None
Latency:791
2024-09-26 13:23:21,847 CAN ID:256
Data:bytearray(b'\x05f\xf5R9sb\xae')
Origin:BSM
Destination:BCM
Status:Belt is ON
Error:None
Latency:847
2024-09-26 13:23:21,891 CAN ID:1024
Data:bytearray(b'\x00f\xf5R9n9\xd9')
Origin:HCM
Destination:BCM
Status:Headlights OFF
Error:None
Latency:891
2024-09-26 13:23:21,948 CAN ID:256
Data:bytearray(b'\x04f\xf5R9\x0f?p')
Origin:BSM
Destination:BCM
Status:Belt is OFF
Error:None
Latency:948
2024-09-26 13:23:22,149 CAN ID:256
Data:bytearray(b'\x05f\xf5R:U\xacr')
Origin:BSM
Destination:BCM
Status:Belt is ON
Error:None
Latency:149
2024-09-26 13:23:22,249 CAN ID:256
Data:bytearray(b'\x04f\xf5R:/\x14L')
Origin:BSM
Destination:BCM
Status:Belt is OFF
Error:None
Latency:249
2024-09-26 13:23:22,293 CAN ID:1024
Data:bytearray(b'\x01f\xf5R:\xba\xc0\xd3')
Origin:HCM
Destination:BCM
Status:Headlights ON
Error:None
Latency:293
2024-09-26 13:23:22,394 CAN ID:1024
Data:bytearray(b'\x00f\xf5R:G\x85\xc6')
Origin:HCM
Destination:BCM
Status:Headlights OFF
Error:None
Latency:394
2024-09-26 13:23:22,595 CAN ID:1024
Data:bytearray(b'\x01f\xf5R:\xba\xc0\xd3')
Origin:HCM
Destination:BCM
Status:Headlights ON
Error:None
Latency:595
2024-09-26 13:23:22,695 CAN ID:1024
Data:bytearray(b'\x00f\xf5R:G\x85\xc6')
Origin:HCM
Destination:BCM
Status:Headlights OFF
Error:None
Latency:695
2024-09-26 13:23:22,751 CAN ID:256
Data:bytearray(b'\x05f\xf5R:U\xacr')
Origin:BSM
Destination:BCM
Status:Belt is ON
Error:None
Latency:751
2024-09-26 13:23:22,896 CAN ID:1024
Data:bytearray(b'\x01f\xf5R:\xba\xc0\xd3')
Origin:HCM
Destination:BCM
Status:Headlights ON
Error:None
Latency:896
2024-09-26 13:23:22,952 CAN ID:256
Data:bytearray(b'\x04f\xf5R:/\x14L')
Origin:BSM
Destination:BCM
Status:Belt is OFF
Error:None
Latency:951
2024-09-26 13:23:22,997 CAN ID:1024
Data:bytearray(b'\x00f\xf5R:G\x85\xc6')
Origin:HCM
Destination:BCM
Status:Headlights OFF
Error:None
Latency:997
2024-09-26 13:23:23,098 CAN ID:1024
Data:bytearray(b'\x01f\xf5R;\x9e\xa6\xba')
Origin:HCM
Destination:BCM
Status:Headlights ON
Error:None
Latency:98
2024-09-26 13:23:23,253 CAN ID:256
Data:bytearray(b'\x05f\xf5R;u\x08s')
Origin:BSM
Destination:BCM
Status:Belt is ON
Error:None
Latency:253
2024-09-26 13:23:23,399 CAN ID:1024
Data:bytearray(b'\x00f\xf5R;3\x91\x1a')
Origin:HCM
Destination:BCM
Status:Headlights OFF
Error:None
Latency:399
2024-09-26 13:23:23,599 CAN ID:1024
Data:bytearray(b'\x01f\xf5R;\x9e\xa6\xba')
Origin:HCM
Destination:BCM
Status:Headlights ON
Error:None
Latency:599
2024-09-26 13:23:23,700 CAN ID:1024
Data:bytearray(b'\x00f\xf5R;3\x91\x1a')
Origin:HCM
Destination:BCM
Status:Headlights OFF
Error:None
Latency:700
2024-09-26 13:23:23,901 CAN ID:1024
Data:bytearray(b'\x01f\xf5R;\x9e\xa6\xba')
Origin:HCM
Destination:BCM
Status:Headlights ON
Error:None
Latency:901
2024-09-26 13:23:23,954 CAN ID:256
Data:bytearray(b'\x04f\xf5R;0Z\x89')
Origin:BSM
Destination:BCM
Status:Belt is OFF
Error:None
Latency:954
2024-09-26 13:23:24,002 CAN ID:1024
Data:bytearray(b'\x00f\xf5R<\x88\xfe\xdf')
Origin:HCM
Destination:BCM
Status:Headlights OFF
Error:None
Latency:2
2024-09-26 13:23:24,103 CAN ID:1024
Data:bytearray(b'\x01f\xf5R<F\x99\xea')
Origin:HCM
Destination:BCM
Status:Headlights ON
Error:None
Latency:103
2024-09-26 13:23:24,155 CAN ID:256
Data:bytearray(b'\x05f\xf5R<\x95N\t')
Origin:BSM
Destination:BCM
Status:Belt is ON
Error:None
Latency:155
2024-09-26 13:23:24,203 CAN ID:1024
Data:bytearray(b'\x00f\xf5R<\x88\xfe\xdf')
Origin:HCM
Destination:BCM
Status:Headlights OFF
Error:None
Latency:203
2024-09-26 13:23:24,356 CAN ID:256
Data:bytearray(b'\x04f\xf5R<\xba\x1b\xf6')
Origin:BSM
Destination:BCM
Status:Belt is OFF
Error:None
Latency:356
2024-09-26 13:23:24,457 CAN ID:256
Data:bytearray(b'\x05f\xf5R<\x95N\t')
Origin:BSM
Destination:BCM
Status:Belt is ON
Error:None
Latency:457
2024-09-26 13:23:24,604 CAN ID:1024
Data:bytearray(b'\x01f\xf5R<F\x99\xea')
Origin:HCM
Destination:BCM
Status:Headlights ON
Error:None
Latency:604
2024-09-26 13:23:24,806 CAN ID:1024
Data:bytearray(b'\x00f\xf5R<\x88\xfe\xdf')
Origin:HCM
Destination:BCM
Status:Headlights OFF
Error:None
Latency:806
2024-09-26 13:23:24,859 CAN ID:256
Data:bytearray(b'\x04f\xf5R<\xba\x1b\xf6')
Origin:BSM
Destination:BCM
Status:Belt is OFF
Error:None
Latency:859
2024-09-26 13:23:24,961 CAN ID:256
Data:bytearray(b'\x05f\xf5R<\x95N\t')
Origin:BSM
Destination:BCM
Status:Belt is ON
Error:None
Latency:961
2024-09-26 13:23:25,109 CAN ID:1024
Data:bytearray(b'\x01f\xf5R=nv\xde')
Origin:HCM
Destination:BCM
Status:Headlights ON
Error:None
Latency:109
2024-09-26 13:23:25,163 CAN ID:256
Data:bytearray(b'\x04f\xf5R=\xf0\x0bK')
Origin:BSM
Destination:BCM
Status:Belt is OFF
Error:None
Latency:162
2024-09-26 13:23:25,309 CAN ID:1024
Data:bytearray(b'\x00f\xf5R=\xb7\xbb\xfb')
Origin:HCM
Destination:BCM
Status:Headlights OFF
Error:None
Latency:309
2024-09-26 13:23:25,564 CAN ID:256
Data:bytearray(b'\x05f\xf5R=\xcc\xf9\xb7')
Origin:BSM
Destination:BCM
Status:Belt is ON
Error:None
Latency:564
2024-09-26 13:23:25,665 CAN ID:256
Data:bytearray(b'\x04f\xf5R=\xf0\x0bK')
Origin:BSM
Destination:BCM
Status:Belt is OFF
Error:None
Latency:665
2024-09-26 13:23:25,767 CAN ID:256
Data:bytearray(b'\x05f\xf5R=\xcc\xf9\xb7')
Origin:BSM
Destination:BCM
Status:Belt is ON
Error:None
Latency:766
2024-09-26 13:23:25,868 CAN ID:256
Data:bytearray(b'\x04f\xf5R=\xf0\x0bK')
Origin:BSM
Destination:BCM
Status:Belt is OFF
Error:None
Latency:868
2024-09-26 13:23:25,969 CAN ID:256
Data:bytearray(b'\x05f\xf5R=\xcc\xf9\xb7')
Origin:BSM
Destination:BCM
Status:Belt is ON
Error:None
Latency:969
2024-09-26 13:23:26,071 CAN ID:256
Data:bytearray(b'\x04f\xf5R>\x94\x15E')
Origin:BSM
Destination:BCM
Status:Belt is OFF
Error:None
Latency:71
2024-09-26 13:23:26,114 CAN ID:1024
Data:bytearray(b'\x01f\xf5R>|>\xac')
Origin:HCM
Destination:BCM
Status:Headlights ON
Error:None
Latency:114
2024-09-26 13:23:26,215 CAN ID:1024
Data:bytearray(b'\x00f\xf5R>W\xd4\xe1')
Origin:HCM
Destination:BCM
Status:Headlights OFF
Error:None
Latency:215
2024-09-26 13:23:26,473 CAN ID:256
Data:bytearray(b'\x05f\xf5R>\xf8YF')
Origin:BSM
Destination:BCM
Status:Belt is ON
Error:None
Latency:473
2024-09-26 13:23:26,575 CAN ID:256
Data:bytearray(b'\x04f\xf5R>\x94\x15E')
Origin:BSM
Destination:BCM
Status:Belt is OFF
Error:None
Latency:575
2024-09-26 13:23:26,676 CAN ID:256
Data:bytearray(b'\x05f\xf5R>\xf8YF')
Origin:BSM
Destination:BCM
Status:Belt is ON
Error:None
Latency:676
2024-09-26 13:23:26,777 CAN ID:256
Data:bytearray(b'\x04f\xf5R>\x94\x15E')
Origin:BSM
Destination:BCM
Status:Belt is OFF
Error:None
Latency:777
2024-09-26 13:23:26,817 CAN ID:1024
Data:bytearray(b'\x01f\xf5R>|>\xac')
Origin:HCM
Destination:BCM
Status:Headlights ON
Error:None
Latency:817
2024-09-26 13:23:26,980 CAN ID:256
Data:bytearray(b'\x05f\xf5R>\xf8YF')
Origin:BSM
Destination:BCM
Status:Belt is ON
Error:None
Latency:980
2024-09-26 13:23:27,022 CAN ID:1024
Data:bytearray(b'\x00f\xf5R?r\xd80')
Origin:HCM
Destination:BCM
Status:Headlights OFF
Error:None
Latency:22
2024-09-26 13:23:27,181 CAN ID:256
Data:bytearray(b'\x04f\xf5R?:K\xbe')
Origin:BSM
Destination:BCM
Status:Belt is OFF
Error:None
Latency:181
2024-09-26 13:23:27,382 CAN ID:256
Data:bytearray(b'\x05f\xf5R?\xd8\xc11')
Origin:BSM
Destination:BCM
Status:Belt is ON
Error:None
Latency:382
2024-09-26 13:23:27,483 CAN ID:256
Data:bytearray(b'\x04f\xf5R?:K\xbe')
Origin:BSM
Destination:BCM
Status:Belt is OFF
Error:None
Latency:483
2024-09-26 13:23:27,525 CAN ID:1024
Data:bytearray(b'\x01f\xf5R?\xa6\xc9}')
Origin:HCM
Destination:BCM
Status:Headlights ON
Error:None
Latency:525
2024-09-26 13:23:27,626 CAN ID:1024
Data:bytearray(b'\x00f\xf5R?r\xd80')
Origin:HCM
Destination:BCM
Status:Headlights OFF
Error:None
Latency:626
2024-09-26 13:23:27,684 CAN ID:256
Data:bytearray(b'\x05f\xf5R?\xd8\xc11')
Origin:BSM
Destination:BCM
Status:Belt is ON
Error:None
Latency:684
2024-09-26 13:23:27,884 CAN ID:256
Data:bytearray(b'\x04f\xf5R?:K\xbe')
Origin:BSM
Destination:BCM
Status:Belt is OFF
Error:None
Latency:884
2024-09-26 13:23:27,985 CAN ID:256
Data:bytearray(b'\x05f\xf5R?\xd8\xc11')
Origin:BSM
Destination:BCM
Status:Belt is ON
Error:None
Latency:985
2024-09-26 13:23:28,186 CAN ID:256
Data:bytearray(b'\x04f\xf5R@\x9a\x85.')
Origin:BSM
Destination:BCM
Status:Belt is OFF
Error:None
Latency:186
2024-09-26 13:23:28,227 CAN ID:1024
Data:bytearray(b'\x01f\xf5R@\xbf\x8f\xfe')
Origin:HCM
Destination:BCM
Status:Headlights ON
Error:None
Latency:227
2024-09-26 13:23:28,328 CAN ID:1024
Data:bytearray(b'\x00f\xf5R@\x10\xfe\xfb')
Origin:HCM
Destination:BCM
Status:Headlights OFF
Error:None
Latency:328
2024-09-26 13:23:28,387 CAN ID:256
Data:bytearray(b'\x05f\xf5R@9\xe0O')
Origin:BSM
Destination:BCM
Status:Belt is ON
Error:None
Latency:387
2024-09-26 13:23:28,489 CAN ID:256
Data:bytearray(b'\x04f\xf5R@\x9a\x85.')
Origin:BSM
Destination:BCM
Status:Belt is OFF
Error:None
Latency:489
2024-09-26 13:23:28,629 CAN ID:1024
Data:bytearray(b'\x01f\xf5R@\xbf\x8f\xfe')
Origin:HCM
Destination:BCM
Status:Headlights ON
Error:None
Latency:629
2024-09-26 13:23:28,688 CAN ID:256
Data:bytearray(b'\x05f\xf5R@9\xe0O')
Origin:BSM
Destination:BCM
Status:Belt is ON
Error:None
Latency:688
2024-09-26 13:23:28,730 CAN ID:1024
Data:bytearray(b'\x00f\xf5R@\x10\xfe\xfb')
Origin:HCM
Destination:BCM
Status:Headlights OFF
Error:None
Latency:730
2024-09-26 13:23:28,889 CAN ID:256
Data:bytearray(b'\x04f\xf5R@\x9a\x85.')
Origin:BSM
Destination:BCM
Status:Belt is OFF
Error:None
Latency:889
2024-09-26 13:23:29,190 CAN ID:256
Data:bytearray(b'\x05f\xf5RA\xfa\xf2\xbe')
Origin:BSM
Destination:BCM
Status:Belt is ON
Error:None
Latency:190
2024-09-26 13:23:29,291 CAN ID:256
Data:bytearray(b'\x04f\xf5RA\xaf\xa9\x1a')
Origin:BSM
Destination:BCM
Status:Belt is OFF
Error:None
Latency:291
2024-09-26 13:23:29,392 CAN ID:256
Data:bytearray(b'\x05f\xf5RA\xfa\xf2\xbe')
Origin:BSM
Destination:BCM
Status:Belt is ON
Error:None
Latency:392
2024-09-26 13:23:29,593 CAN ID:256
Data:bytearray(b'\x04f\xf5RA\xaf\xa9\x1a')
Origin:BSM
Destination:BCM
Status:Belt is OFF
Error:None
Latency:593
2024-09-26 13:23:29,693 CAN ID:256
Data:bytearray(b'\x05f\xf5RA\xfa\xf2\xbe')
Origin:BSM
Destination:BCM
Status:Belt is ON
Error:None
Latency:693
2024-09-26 13:23:29,794 CAN ID:256
Data:bytearray(b'\x04f\xf5RA\xaf\xa9\x1a')
Origin:BSM
Destination:BCM
Status:Belt is OFF
Error:None
Latency:794
2024-09-26 13:23:29,832 CAN ID:1024
Data:bytearray(b'\x01f\xf5RA\xc0\xd3\xcd')
Origin:HCM
Destination:BCM
Status:Headlights ON
Error:None
Latency:832
2024-09-26 13:23:29,895 CAN ID:256
Data:bytearray(b'\x05f\xf5RA\xfa\xf2\xbe')
Origin:BSM
Destination:BCM
Status:Belt is ON
Error:None
Latency:895
2024-09-26 13:23:29,932 CAN ID:1024
Data:bytearray(b'\x00f\xf5RA\xc1B\x13')
Origin:HCM
Destination:BCM
Status:Headlights OFF
Error:None
Latency:932
2024-09-26 13:23:30,033 CAN ID:1024
Data:bytearray(b'\x01f\xf5RB_\xa0\x95')
Origin:HCM
Destination:BCM
Status:Headlights ON
Error:None
Latency:33
2024-09-26 13:23:30,096 CAN ID:256
Data:bytearray(b'\x04f\xf5RB<w|')
Origin:BSM
Destination:BCM
Status:Belt is OFF
Error:None
Latency:96
2024-09-26 13:23:30,134 CAN ID:1024
Data:bytearray(b'\x00f\xf5RBj\xe4\xfe')
Origin:HCM
Destination:BCM
Status:Headlights OFF
Error:None
Latency:134
2024-09-26 13:23:30,196 CAN ID:256
Data:bytearray(b'\x05f\xf5RBth\t')
Origin:BSM
Destination:BCM
Status:Belt is ON
Error:None
Latency:196
2024-09-26 13:23:30,297 CAN ID:256
Data:bytearray(b'\x04f\xf5RB<w|')
Origin:BSM
Destination:BCM
Status:Belt is OFF
Error:None
Latency:297
2024-09-26 13:23:30,398 CAN ID:256
Data:bytearray(b'\x05f\xf5RBth\t')
Origin:BSM
Destination:BCM
Status:Belt is ON
Error:None
Latency:398
2024-09-26 13:23:30,799 CAN ID:256
Data:bytearray(b'\x04f\xf5RB<w|')
Origin:BSM
Destination:BCM
Status:Belt is OFF
Error:None
Latency:799
2024-09-26 13:23:30,900 CAN ID:256
Data:bytearray(b'\x05f\xf5RBth\t')
Origin:BSM
Destination:BCM
Status:Belt is ON
Error:None
Latency:900
2024-09-26 13:23:31,201 CAN ID:256
Data:bytearray(b'\x04f\xf5RC\x88\xaea')
Origin:BSM
Destination:BCM
Status:Belt is OFF
Error:None
Latency:201
2024-09-26 13:23:31,502 CAN ID:256
Data:bytearray(b'\x05f\xf5RC\x8ei\xa0')
Origin:BSM
Destination:BCM
Status:Belt is ON
Error:None
Latency:502
2024-09-26 13:23:32,640 CAN ID:1024
Data:bytearray(b'\x01f\xf5RD\x89\xaa\xbc')
Origin:HCM
Destination:BCM
Status:Headlights ON
Error:None
Latency:639
2024-09-26 13:23:32,741 CAN ID:1024
Data:bytearray(b'\x00f\xf5RD\xb6\xbc\xc5')
Origin:HCM
Destination:BCM
Status:Headlights OFF
Error:None
Latency:740
2024-09-26 13:23:33,308 CAN ID:256
Data:bytearray(b'\x04f\xf5RE\xf4\xf2d')
Origin:BSM
Destination:BCM
Status:Belt is OFF
Error:None
Latency:307
2024-09-26 13:23:33,507 CAN ID:256
Data:bytearray(b'\x05f\xf5RE\xbc~ ')
Origin:BSM
Destination:BCM
Status:Belt is ON
Error:None
Latency:507
2024-09-26 13:23:33,644 CAN ID:1024
Data:bytearray(b'\x01f\xf5REYAX')
Origin:HCM
Destination:BCM
Status:Headlights ON
Error:None
Latency:644
2024-09-26 13:23:33,745 CAN ID:1024
Data:bytearray(b'\x00f\xf5RE\xa9#\xb9')
Origin:HCM
Destination:BCM
Status:Headlights OFF
Error:None
Latency:745
2024-09-26 13:23:33,909 CAN ID:256
Data:bytearray(b'\x04f\xf5RE\xf4\xf2d')
Origin:BSM
Destination:BCM
Status:Belt is OFF
Error:None
Latency:909
2024-09-26 13:23:34,014 CAN ID:256
Data:bytearray(b'\x05f\xf5RF#\xedA')
Origin:BSM
Destination:BCM
Status:Belt is ON
Error:None
Latency:14
2024-09-26 13:23:34,817 CAN ID:256
Data:bytearray(b'\x04f\xf5RF%\xe1\x8a')
Origin:BSM
Destination:BCM
Status:Belt is OFF
Error:None
Latency:817
2024-09-26 13:23:35,019 CAN ID:256
Data:bytearray(b'\x05f\xf5RG\xe0\x1b\x82')
Origin:BSM
Destination:BCM
Status:Belt is ON
Error:None
Latency:19
2024-09-26 13:23:35,219 CAN ID:256
Data:bytearray(b'\x04f\xf5RG\xda\xea}')
Origin:BSM
Destination:BCM
Status:Belt is OFF
Error:None
Latency:219
2024-09-26 13:23:35,321 CAN ID:256
Data:bytearray(b'\x05f\xf5RG\xe0\x1b\x82')
Origin:BSM
Destination:BCM
Status:Belt is ON
Error:None
Latency:320
2024-09-26 13:23:36,724 CAN ID:256
Data:bytearray(b'\x04f\xf5RH\x9e\xed\xe8')
Origin:BSM
Destination:BCM
Status:Belt is OFF
Error:None
Latency:724
2024-09-26 13:23:36,824 CAN ID:256
Data:bytearray(b'\x05f\xf5RHL\xa1\xde')
Origin:BSM
Destination:BCM
Status:Belt is ON
Error:None
Latency:824
2024-09-26 13:23:38,271 KeyboardInterrupt detected, exiting gracefully.
2024-09-26 13:23:38,272 Cleaning up resources...
2024-09-26 13:23:38,274 Latency Statistics:
2024-09-26 13:23:38,277 Mean: 504.95 ms
2024-09-26 13:23:38,279 Median: 489.00 ms
2024-09-26 13:23:38,280 Min: 2.00 ms
2024-09-26 13:23:38,282 Max: 1001.00 ms
2024-09-26 13:23:38,286 Std_dev: 299.86 ms
2024-09-26 13:23:38,287 Cleanup complete. Exiting program.
