2024-09-24 15:28:05,672 CAN ID:1624
Data:bytearray(b'X\x00\x00\x00\x00\x00\x00\x00')
Origin:None
Destination:BCM
Status:None
Error:MAC verification failed
Latency:0
2024-09-24 15:28:05,676 CAN ID:1625
Data:bytearray(b'Y\x00\x00\x00\x00\x00\x00\x00')
Origin:None
Destination:BCM
Status:None
Error:MAC verification failed
Latency:0
2024-09-24 15:28:05,677 CAN ID:1626
Data:bytearray(b'Z\x00\x00\x00\x00\x00\x00\x00')
Origin:None
Destination:BCM
Status:None
Error:MAC verification failed
Latency:0
2024-09-24 15:28:05,678 CAN ID:1627
Data:bytearray(b'[\x00\x00\x00\x00\x00\x00\x00')
Origin:None
Destination:BCM
Status:None
Error:MAC verification failed
Latency:0
2024-09-24 15:28:05,681 CAN ID:1628
Data:bytearray(b'\\\x00\x00\x00\x00\x00\x00\x00')
Origin:None
Destination:BCM
Status:None
Error:MAC verification failed
Latency:0
2024-09-24 15:28:05,683 CAN ID:1629
Data:bytearray(b']\x00\x00\x00\x00\x00\x00\x00')
Origin:None
Destination:BCM
Status:None
Error:MAC verification failed
Latency:0
2024-09-24 15:28:05,683 CAN ID:1630
Data:bytearray(b'^\x00\x00\x00\x00\x00\x00\x00')
Origin:None
Destination:BCM
Status:None
Error:MAC verification failed
Latency:0
2024-09-24 15:28:05,684 CAN ID:1631
Data:bytearray(b'_\x00\x00\x00\x00\x00\x00\x00')
Origin:None
Destination:BCM
Status:None
Error:MAC verification failed
Latency:0
2024-09-24 15:28:05,685 CAN ID:1632
Data:bytearray(b'`\x00\x00\x00\x00\x00\x00\x00')
Origin:None
Destination:BCM
Status:None
Error:MAC verification failed
Latency:0
2024-09-24 15:28:05,686 CAN ID:1633
Data:bytearray(b'a\x00\x00\x00\x00\x00\x00\x00')
Origin:None
Destination:BCM
Status:None
Error:MAC verification failed
Latency:0
2024-09-24 15:28:05,687 CAN ID:1634
Data:bytearray(b'b\x00\x00\x00\x00\x00\x00\x00')
Origin:None
Destination:BCM
Status:None
Error:MAC verification failed
Latency:0
2024-09-24 15:28:05,688 CAN ID:1635
Data:bytearray(b'c\x00\x00\x00\x00\x00\x00\x00')
Origin:None
Destination:BCM
Status:None
Error:MAC verification failed
Latency:0
2024-09-24 15:28:05,689 CAN ID:1636
Data:bytearray(b'd\x00\x00\x00\x00\x00\x00\x00')
Origin:None
Destination:BCM
Status:None
Error:MAC verification failed
Latency:0
2024-09-24 15:28:05,690 CAN ID:1637
Data:bytearray(b'e\x00\x00\x00\x00\x00\x00\x00')
Origin:None
Destination:BCM
Status:None
Error:MAC verification failed
Latency:0
2024-09-24 15:28:05,692 CAN ID:1638
Data:bytearray(b'f\x00\x00\x00\x00\x00\x00\x00')
Origin:None
Destination:BCM
Status:None
Error:MAC verification failed
Latency:0
2024-09-24 15:28:05,693 CAN ID:1639
Data:bytearray(b'g\x00\x00\x00\x00\x00\x00\x00')
Origin:None
Destination:BCM
Status:None
Error:MAC verification failed
Latency:0
2024-09-24 15:28:05,694 CAN ID:1640
Data:bytearray(b'h\x00\x00\x00\x00\x00\x00\x00')
Origin:None
Destination:BCM
Status:None
Error:MAC verification failed
Latency:0
2024-09-24 15:28:05,695 CAN ID:1641
Data:bytearray(b'i\x00\x00\x00\x00\x00\x00\x00')
Origin:None
Destination:BCM
Status:None
Error:MAC verification failed
Latency:0
2024-09-24 15:28:05,697 CAN ID:1642
Data:bytearray(b'j\x00\x00\x00\x00\x00\x00\x00')
Origin:None
Destination:BCM
Status:None
Error:MAC verification failed
Latency:0
2024-09-24 15:28:05,698 CAN ID:1643
Data:bytearray(b'k\x00\x00\x00\x00\x00\x00\x00')
Origin:None
Destination:BCM
Status:None
Error:MAC verification failed
Latency:0
2024-09-24 15:28:05,699 CAN ID:1644
Data:bytearray(b'l\x00\x00\x00\x00\x00\x00\x00')
Origin:None
Destination:BCM
Status:None
Error:MAC verification failed
Latency:0
2024-09-24 15:28:05,701 CAN ID:1645
Data:bytearray(b'm\x00\x00\x00\x00\x00\x00\x00')
Origin:None
Destination:BCM
Status:None
Error:MAC verification failed
Latency:0
2024-09-24 15:28:05,702 CAN ID:1646
Data:bytearray(b'n\x00\x00\x00\x00\x00\x00\x00')
Origin:None
Destination:BCM
Status:None
Error:MAC verification failed
Latency:0
2024-09-24 15:28:05,703 CAN ID:1647
Data:bytearray(b'o\x00\x00\x00\x00\x00\x00\x00')
Origin:None
Destination:BCM
Status:None
Error:MAC verification failed
Latency:0
2024-09-24 15:28:05,704 CAN ID:1648
Data:bytearray(b'p\x00\x00\x00\x00\x00\x00\x00')
Origin:None
Destination:BCM
Status:None
Error:MAC verification failed
Latency:0
2024-09-24 15:28:05,706 CAN ID:1649
Data:bytearray(b'q\x00\x00\x00\x00\x00\x00\x00')
Origin:None
Destination:BCM
Status:None
Error:MAC verification failed
Latency:0
2024-09-24 15:28:05,707 CAN ID:1650
Data:bytearray(b'r\x00\x00\x00\x00\x00\x00\x00')
Origin:None
Destination:BCM
Status:None
Error:MAC verification failed
Latency:0
2024-09-24 15:28:05,708 CAN ID:1651
Data:bytearray(b's\x00\x00\x00\x00\x00\x00\x00')
Origin:None
Destination:BCM
Status:None
Error:MAC verification failed
Latency:0
2024-09-24 15:28:05,709 CAN ID:1652
Data:bytearray(b't\x00\x00\x00\x00\x00\x00\x00')
Origin:None
Destination:BCM
Status:None
Error:MAC verification failed
Latency:0
2024-09-24 15:28:05,711 CAN ID:1653
Data:bytearray(b'u\x00\x00\x00\x00\x00\x00\x00')
Origin:None
Destination:BCM
Status:None
Error:MAC verification failed
Latency:0
2024-09-24 15:28:05,712 CAN ID:1654
Data:bytearray(b'v\x00\x00\x00\x00\x00\x00\x00')
Origin:None
Destination:BCM
Status:None
Error:MAC verification failed
Latency:0
2024-09-24 15:28:05,713 CAN ID:1655
Data:bytearray(b'w\x00\x00\x00\x00\x00\x00\x00')
Origin:None
Destination:BCM
Status:None
Error:MAC verification failed
Latency:0
2024-09-24 15:28:05,714 CAN ID:1656
Data:bytearray(b'x\x00\x00\x00\x00\x00\x00\x00')
Origin:None
Destination:BCM
Status:None
Error:MAC verification failed
Latency:0
2024-09-24 15:28:05,716 CAN ID:1657
Data:bytearray(b'y\x00\x00\x00\x00\x00\x00\x00')
Origin:None
Destination:BCM
Status:None
Error:MAC verification failed
Latency:0
2024-09-24 15:28:05,717 CAN ID:1658
Data:bytearray(b'z\x00\x00\x00\x00\x00\x00\x00')
Origin:None
Destination:BCM
Status:None
Error:MAC verification failed
Latency:0
2024-09-24 15:28:05,718 CAN ID:1659
Data:bytearray(b'{\x00\x00\x00\x00\x00\x00\x00')
Origin:None
Destination:BCM
Status:None
Error:MAC verification failed
Latency:0
2024-09-24 15:28:05,719 CAN ID:1660
Data:bytearray(b'|\x00\x00\x00\x00\x00\x00\x00')
Origin:None
Destination:BCM
Status:None
Error:MAC verification failed
Latency:0
2024-09-24 15:28:05,721 CAN ID:1661
Data:bytearray(b'}\x00\x00\x00\x00\x00\x00\x00')
Origin:None
Destination:BCM
Status:None
Error:MAC verification failed
Latency:0
2024-09-24 15:28:05,722 CAN ID:1662
Data:bytearray(b'~\x00\x00\x00\x00\x00\x00\x00')
Origin:None
Destination:BCM
Status:None
Error:MAC verification failed
Latency:0
2024-09-24 15:28:05,723 CAN ID:1663
Data:bytearray(b'\x7f\x00\x00\x00\x00\x00\x00\x00')
Origin:None
Destination:BCM
Status:None
Error:MAC verification failed
Latency:0
2024-09-24 15:28:05,724 CAN ID:1664
Data:bytearray(b'\x80\x00\x00\x00\x00\x00\x00\x00')
Origin:None
Destination:BCM
Status:None
Error:MAC verification failed
Latency:0
2024-09-24 15:28:05,726 CAN ID:1665
Data:bytearray(b'\x81\x00\x00\x00\x00\x00\x00\x00')
Origin:None
Destination:BCM
Status:None
Error:MAC verification failed
Latency:0
2024-09-24 15:28:05,727 CAN ID:1666
Data:bytearray(b'\x82\x00\x00\x00\x00\x00\x00\x00')
Origin:None
Destination:BCM
Status:None
Error:MAC verification failed
Latency:0
2024-09-24 15:28:05,728 CAN ID:1667
Data:bytearray(b'\x83\x00\x00\x00\x00\x00\x00\x00')
Origin:None
Destination:BCM
Status:None
Error:MAC verification failed
Latency:0
2024-09-24 15:28:05,730 CAN ID:1668
Data:bytearray(b'\x84\x00\x00\x00\x00\x00\x00\x00')
Origin:None
Destination:BCM
Status:None
Error:MAC verification failed
Latency:0
2024-09-24 15:28:05,731 CAN ID:1669
Data:bytearray(b'\x85\x00\x00\x00\x00\x00\x00\x00')
Origin:None
Destination:BCM
Status:None
Error:MAC verification failed
Latency:0
2024-09-24 15:28:05,732 CAN ID:1670
Data:bytearray(b'\x86\x00\x00\x00\x00\x00\x00\x00')
Origin:None
Destination:BCM
Status:None
Error:MAC verification failed
Latency:0
2024-09-24 15:28:05,733 CAN ID:1671
Data:bytearray(b'\x87\x00\x00\x00\x00\x00\x00\x00')
Origin:None
Destination:BCM
Status:None
Error:MAC verification failed
Latency:0
2024-09-24 15:28:05,734 CAN ID:1672
Data:bytearray(b'\x88\x00\x00\x00\x00\x00\x00\x00')
Origin:None
Destination:BCM
Status:None
Error:MAC verification failed
Latency:0
2024-09-24 15:28:05,736 CAN ID:1673
Data:bytearray(b'\x89\x00\x00\x00\x00\x00\x00\x00')
Origin:None
Destination:BCM
Status:None
Error:MAC verification failed
Latency:0
2024-09-24 15:28:05,737 CAN ID:1674
Data:bytearray(b'\x8a\x00\x00\x00\x00\x00\x00\x00')
Origin:None
Destination:BCM
Status:None
Error:MAC verification failed
Latency:0
2024-09-24 15:28:05,738 CAN ID:1675
Data:bytearray(b'\x8b\x00\x00\x00\x00\x00\x00\x00')
Origin:None
Destination:BCM
Status:None
Error:MAC verification failed
Latency:0
2024-09-24 15:28:05,739 CAN ID:1676
Data:bytearray(b'\x8c\x00\x00\x00\x00\x00\x00\x00')
Origin:None
Destination:BCM
Status:None
Error:MAC verification failed
Latency:0
2024-09-24 15:28:05,741 CAN ID:1677
Data:bytearray(b'\x8d\x00\x00\x00\x00\x00\x00\x00')
Origin:None
Destination:BCM
Status:None
Error:MAC verification failed
Latency:0
2024-09-24 15:28:05,742 CAN ID:1678
Data:bytearray(b'\x8e\x00\x00\x00\x00\x00\x00\x00')
Origin:None
Destination:BCM
Status:None
Error:MAC verification failed
Latency:0
2024-09-24 15:28:05,743 CAN ID:1679
Data:bytearray(b'\x8f\x00\x00\x00\x00\x00\x00\x00')
Origin:None
Destination:BCM
Status:None
Error:MAC verification failed
Latency:0
2024-09-24 15:28:05,745 CAN ID:1680
Data:bytearray(b'\x90\x00\x00\x00\x00\x00\x00\x00')
Origin:None
Destination:BCM
Status:None
Error:MAC verification failed
Latency:0
2024-09-24 15:28:05,746 CAN ID:1681
Data:bytearray(b'\x91\x00\x00\x00\x00\x00\x00\x00')
Origin:None
Destination:BCM
Status:None
Error:MAC verification failed
Latency:0
2024-09-24 15:28:05,747 CAN ID:1682
Data:bytearray(b'\x92\x00\x00\x00\x00\x00\x00\x00')
Origin:None
Destination:BCM
Status:None
Error:MAC verification failed
Latency:0
2024-09-24 15:28:05,749 CAN ID:1683
Data:bytearray(b'\x93\x00\x00\x00\x00\x00\x00\x00')
Origin:None
Destination:BCM
Status:None
Error:MAC verification failed
Latency:0
2024-09-24 15:28:05,752 CAN ID:1684
Data:bytearray(b'\x94\x00\x00\x00\x00\x00\x00\x00')
Origin:None
Destination:BCM
Status:None
Error:MAC verification failed
Latency:0
2024-09-24 15:28:05,757 CAN ID:1685
Data:bytearray(b'\x95\x00\x00\x00\x00\x00\x00\x00')
Origin:None
Destination:BCM
Status:None
Error:MAC verification failed
Latency:0
2024-09-24 15:28:05,759 CAN ID:1686
Data:bytearray(b'\x96\x00\x00\x00\x00\x00\x00\x00')
Origin:None
Destination:BCM
Status:None
Error:MAC verification failed
Latency:0
2024-09-24 15:28:05,760 CAN ID:1687
Data:bytearray(b'\x97\x00\x00\x00\x00\x00\x00\x00')
Origin:None
Destination:BCM
Status:None
Error:MAC verification failed
Latency:0
2024-09-24 15:28:05,761 CAN ID:1688
Data:bytearray(b'\x98\x00\x00\x00\x00\x00\x00\x00')
Origin:None
Destination:BCM
Status:None
Error:MAC verification failed
Latency:0
2024-09-24 15:28:05,762 CAN ID:1689
Data:bytearray(b'\x99\x00\x00\x00\x00\x00\x00\x00')
Origin:None
Destination:BCM
Status:None
Error:MAC verification failed
Latency:0
2024-09-24 15:28:05,764 CAN ID:1690
Data:bytearray(b'\x9a\x00\x00\x00\x00\x00\x00\x00')
Origin:None
Destination:BCM
Status:None
Error:MAC verification failed
Latency:0
2024-09-24 15:28:05,765 CAN ID:1691
Data:bytearray(b'\x9b\x00\x00\x00\x00\x00\x00\x00')
Origin:None
Destination:BCM
Status:None
Error:MAC verification failed
Latency:0
2024-09-24 15:28:05,765 CAN ID:1692
Data:bytearray(b'\x9c\x00\x00\x00\x00\x00\x00\x00')
Origin:None
Destination:BCM
Status:None
Error:MAC verification failed
Latency:0
2024-09-24 15:28:05,766 CAN ID:1693
Data:bytearray(b'\x9d\x00\x00\x00\x00\x00\x00\x00')
Origin:None
Destination:BCM
Status:None
Error:MAC verification failed
Latency:0
2024-09-24 15:28:05,767 CAN ID:1694
Data:bytearray(b'\x9e\x00\x00\x00\x00\x00\x00\x00')
Origin:None
Destination:BCM
Status:None
Error:MAC verification failed
Latency:0
2024-09-24 15:28:05,767 CAN ID:1695
Data:bytearray(b'\x9f\x00\x00\x00\x00\x00\x00\x00')
Origin:None
Destination:BCM
Status:None
Error:MAC verification failed
Latency:0
2024-09-24 15:28:05,768 CAN ID:1696
Data:bytearray(b'\xa0\x00\x00\x00\x00\x00\x00\x00')
Origin:None
Destination:BCM
Status:None
Error:MAC verification failed
Latency:0
2024-09-24 15:28:05,768 CAN ID:1697
Data:bytearray(b'\xa1\x00\x00\x00\x00\x00\x00\x00')
Origin:None
Destination:BCM
Status:None
Error:MAC verification failed
Latency:0
2024-09-24 15:28:05,769 CAN ID:1698
Data:bytearray(b'\xa2\x00\x00\x00\x00\x00\x00\x00')
Origin:None
Destination:BCM
Status:None
Error:MAC verification failed
Latency:0
2024-09-24 15:28:05,770 CAN ID:1699
Data:bytearray(b'\xa3\x00\x00\x00\x00\x00\x00\x00')
Origin:None
Destination:BCM
Status:None
Error:MAC verification failed
Latency:0
2024-09-24 15:28:05,770 CAN ID:1700
Data:bytearray(b'\xa4\x00\x00\x00\x00\x00\x00\x00')
Origin:None
Destination:BCM
Status:None
Error:MAC verification failed
Latency:0
2024-09-24 15:28:05,772 CAN ID:1701
Data:bytearray(b'\xa5\x00\x00\x00\x00\x00\x00\x00')
Origin:None
Destination:BCM
Status:None
Error:MAC verification failed
Latency:0
2024-09-24 15:28:05,773 CAN ID:1702
Data:bytearray(b'\xa6\x00\x00\x00\x00\x00\x00\x00')
Origin:None
Destination:BCM
Status:None
Error:MAC verification failed
Latency:0
2024-09-24 15:28:05,774 CAN ID:1703
Data:bytearray(b'\xa7\x00\x00\x00\x00\x00\x00\x00')
Origin:None
Destination:BCM
Status:None
Error:MAC verification failed
Latency:0
2024-09-24 15:28:05,775 CAN ID:1704
Data:bytearray(b'\xa8\x00\x00\x00\x00\x00\x00\x00')
Origin:None
Destination:BCM
Status:None
Error:MAC verification failed
Latency:0
2024-09-24 15:28:05,777 CAN ID:1705
Data:bytearray(b'\xa9\x00\x00\x00\x00\x00\x00\x00')
Origin:None
Destination:BCM
Status:None
Error:MAC verification failed
Latency:0
2024-09-24 15:28:05,778 CAN ID:1706
Data:bytearray(b'\xaa\x00\x00\x00\x00\x00\x00\x00')
Origin:None
Destination:BCM
Status:None
Error:MAC verification failed
Latency:0
2024-09-24 15:28:05,779 CAN ID:1707
Data:bytearray(b'\xab\x00\x00\x00\x00\x00\x00\x00')
Origin:None
Destination:BCM
Status:None
Error:MAC verification failed
Latency:0
2024-09-24 15:28:05,780 CAN ID:1708
Data:bytearray(b'\xac\x00\x00\x00\x00\x00\x00\x00')
Origin:None
Destination:BCM
Status:None
Error:MAC verification failed
Latency:0
2024-09-24 15:28:05,782 CAN ID:1709
Data:bytearray(b'\xad\x00\x00\x00\x00\x00\x00\x00')
Origin:None
Destination:BCM
Status:None
Error:MAC verification failed
Latency:0
2024-09-24 15:28:05,783 CAN ID:1710
Data:bytearray(b'\xae\x00\x00\x00\x00\x00\x00\x00')
Origin:None
Destination:BCM
Status:None
Error:MAC verification failed
Latency:0
2024-09-24 15:28:05,784 CAN ID:1711
Data:bytearray(b'\xaf\x00\x00\x00\x00\x00\x00\x00')
Origin:None
Destination:BCM
Status:None
Error:MAC verification failed
Latency:0
2024-09-24 15:28:05,786 CAN ID:1712
Data:bytearray(b'\xb0\x00\x00\x00\x00\x00\x00\x00')
Origin:None
Destination:BCM
Status:None
Error:MAC verification failed
Latency:0
2024-09-24 15:28:05,788 CAN ID:1713
Data:bytearray(b'\xb1\x00\x00\x00\x00\x00\x00\x00')
Origin:None
Destination:BCM
Status:None
Error:MAC verification failed
Latency:0
2024-09-24 15:28:05,789 CAN ID:1714
Data:bytearray(b'\xb2\x00\x00\x00\x00\x00\x00\x00')
Origin:None
Destination:BCM
Status:None
Error:MAC verification failed
Latency:0
2024-09-24 15:28:05,790 CAN ID:1715
Data:bytearray(b'\xb3\x00\x00\x00\x00\x00\x00\x00')
Origin:None
Destination:BCM
Status:None
Error:MAC verification failed
Latency:0
2024-09-24 15:28:05,792 CAN ID:1716
Data:bytearray(b'\xb4\x00\x00\x00\x00\x00\x00\x00')
Origin:None
Destination:BCM
Status:None
Error:MAC verification failed
Latency:0
2024-09-24 15:28:05,793 CAN ID:1717
Data:bytearray(b'\xb5\x00\x00\x00\x00\x00\x00\x00')
Origin:None
Destination:BCM
Status:None
Error:MAC verification failed
Latency:0
2024-09-24 15:28:05,794 CAN ID:1718
Data:bytearray(b'\xb6\x00\x00\x00\x00\x00\x00\x00')
Origin:None
Destination:BCM
Status:None
Error:MAC verification failed
Latency:0
2024-09-24 15:28:05,795 CAN ID:1719
Data:bytearray(b'\xb7\x00\x00\x00\x00\x00\x00\x00')
Origin:None
Destination:BCM
Status:None
Error:MAC verification failed
Latency:0
2024-09-24 15:28:05,797 CAN ID:1720
Data:bytearray(b'\xb8\x00\x00\x00\x00\x00\x00\x00')
Origin:None
Destination:BCM
Status:None
Error:MAC verification failed
Latency:0
2024-09-24 15:28:05,798 CAN ID:1721
Data:bytearray(b'\xb9\x00\x00\x00\x00\x00\x00\x00')
Origin:None
Destination:BCM
Status:None
Error:MAC verification failed
Latency:0
2024-09-24 15:28:05,799 CAN ID:1722
Data:bytearray(b'\xba\x00\x00\x00\x00\x00\x00\x00')
Origin:None
Destination:BCM
Status:None
Error:MAC verification failed
Latency:0
2024-09-24 15:28:05,800 CAN ID:1723
Data:bytearray(b'\xbb\x00\x00\x00\x00\x00\x00\x00')
Origin:None
Destination:BCM
Status:None
Error:MAC verification failed
Latency:0
2024-09-24 15:28:05,802 CAN ID:1724
Data:bytearray(b'\xbc\x00\x00\x00\x00\x00\x00\x00')
Origin:None
Destination:BCM
Status:None
Error:MAC verification failed
Latency:0
2024-09-24 15:28:05,803 CAN ID:1725
Data:bytearray(b'\xbd\x00\x00\x00\x00\x00\x00\x00')
Origin:None
Destination:BCM
Status:None
Error:MAC verification failed
Latency:0
2024-09-24 15:28:05,804 CAN ID:1726
Data:bytearray(b'\xbe\x00\x00\x00\x00\x00\x00\x00')
Origin:None
Destination:BCM
Status:None
Error:MAC verification failed
Latency:0
2024-09-24 15:28:05,805 CAN ID:1727
Data:bytearray(b'\xbf\x00\x00\x00\x00\x00\x00\x00')
Origin:None
Destination:BCM
Status:None
Error:MAC verification failed
Latency:0
2024-09-24 15:28:05,807 CAN ID:1728
Data:bytearray(b'\xc0\x00\x00\x00\x00\x00\x00\x00')
Origin:None
Destination:BCM
Status:None
Error:MAC verification failed
Latency:0
2024-09-24 15:28:05,809 CAN ID:1729
Data:bytearray(b'\xc1\x00\x00\x00\x00\x00\x00\x00')
Origin:None
Destination:BCM
Status:None
Error:MAC verification failed
Latency:0
2024-09-24 15:28:05,810 CAN ID:1730
Data:bytearray(b'\xc2\x00\x00\x00\x00\x00\x00\x00')
Origin:None
Destination:BCM
Status:None
Error:MAC verification failed
Latency:0
2024-09-24 15:28:05,811 CAN ID:1731
Data:bytearray(b'\xc3\x00\x00\x00\x00\x00\x00\x00')
Origin:None
Destination:BCM
Status:None
Error:MAC verification failed
Latency:0
2024-09-24 15:28:05,812 CAN ID:1732
Data:bytearray(b'\xc4\x00\x00\x00\x00\x00\x00\x00')
Origin:None
Destination:BCM
Status:None
Error:MAC verification failed
Latency:0
2024-09-24 15:28:05,813 CAN ID:1733
Data:bytearray(b'\xc5\x00\x00\x00\x00\x00\x00\x00')
Origin:None
Destination:BCM
Status:None
Error:MAC verification failed
Latency:0
2024-09-24 15:28:05,814 CAN ID:1734
Data:bytearray(b'\xc6\x00\x00\x00\x00\x00\x00\x00')
Origin:None
Destination:BCM
Status:None
Error:MAC verification failed
Latency:0
2024-09-24 15:28:05,815 CAN ID:1735
Data:bytearray(b'\xc7\x00\x00\x00\x00\x00\x00\x00')
Origin:None
Destination:BCM
Status:None
Error:MAC verification failed
Latency:0
2024-09-24 15:28:05,817 CAN ID:1736
Data:bytearray(b'\xc8\x00\x00\x00\x00\x00\x00\x00')
Origin:None
Destination:BCM
Status:None
Error:MAC verification failed
Latency:0
2024-09-24 15:28:05,818 CAN ID:1737
Data:bytearray(b'\xc9\x00\x00\x00\x00\x00\x00\x00')
Origin:None
Destination:BCM
Status:None
Error:MAC verification failed
Latency:0
2024-09-24 15:28:05,819 CAN ID:1738
Data:bytearray(b'\xca\x00\x00\x00\x00\x00\x00\x00')
Origin:None
Destination:BCM
Status:None
Error:MAC verification failed
Latency:0
2024-09-24 15:28:05,820 CAN ID:1739
Data:bytearray(b'\xcb\x00\x00\x00\x00\x00\x00\x00')
Origin:None
Destination:BCM
Status:None
Error:MAC verification failed
Latency:0
2024-09-24 15:28:05,822 CAN ID:1740
Data:bytearray(b'\xcc\x00\x00\x00\x00\x00\x00\x00')
Origin:None
Destination:BCM
Status:None
Error:MAC verification failed
Latency:0
2024-09-24 15:28:05,823 CAN ID:1741
Data:bytearray(b'\xcd\x00\x00\x00\x00\x00\x00\x00')
Origin:None
Destination:BCM
Status:None
Error:MAC verification failed
Latency:0
2024-09-24 15:28:05,824 CAN ID:1742
Data:bytearray(b'\xce\x00\x00\x00\x00\x00\x00\x00')
Origin:None
Destination:BCM
Status:None
Error:MAC verification failed
Latency:0
2024-09-24 15:28:05,825 CAN ID:1743
Data:bytearray(b'\xcf\x00\x00\x00\x00\x00\x00\x00')
Origin:None
Destination:BCM
Status:None
Error:MAC verification failed
Latency:0
2024-09-24 15:28:05,827 CAN ID:1744
Data:bytearray(b'\xd0\x00\x00\x00\x00\x00\x00\x00')
Origin:None
Destination:BCM
Status:None
Error:MAC verification failed
Latency:0
2024-09-24 15:28:05,828 CAN ID:1745
Data:bytearray(b'\xd1\x00\x00\x00\x00\x00\x00\x00')
Origin:None
Destination:BCM
Status:None
Error:MAC verification failed
Latency:0
2024-09-24 15:28:05,829 CAN ID:1746
Data:bytearray(b'\xd2\x00\x00\x00\x00\x00\x00\x00')
Origin:None
Destination:BCM
Status:None
Error:MAC verification failed
Latency:0
2024-09-24 15:28:05,830 CAN ID:1747
Data:bytearray(b'\xd3\x00\x00\x00\x00\x00\x00\x00')
Origin:None
Destination:BCM
Status:None
Error:MAC verification failed
Latency:0
2024-09-24 15:28:05,832 CAN ID:1748
Data:bytearray(b'\xd4\x00\x00\x00\x00\x00\x00\x00')
Origin:None
Destination:BCM
Status:None
Error:MAC verification failed
Latency:0
2024-09-24 15:28:05,833 CAN ID:1749
Data:bytearray(b'\xd5\x00\x00\x00\x00\x00\x00\x00')
Origin:None
Destination:BCM
Status:None
Error:MAC verification failed
Latency:0
2024-09-24 15:28:05,834 CAN ID:1750
Data:bytearray(b'\xd6\x00\x00\x00\x00\x00\x00\x00')
Origin:None
Destination:BCM
Status:None
Error:MAC verification failed
Latency:0
2024-09-24 15:28:05,835 CAN ID:1751
Data:bytearray(b'\xd7\x00\x00\x00\x00\x00\x00\x00')
Origin:None
Destination:BCM
Status:None
Error:MAC verification failed
Latency:0
2024-09-24 15:28:05,837 CAN ID:1752
Data:bytearray(b'\xd8\x00\x00\x00\x00\x00\x00\x00')
Origin:None
Destination:BCM
Status:None
Error:MAC verification failed
Latency:0
2024-09-24 15:28:05,838 CAN ID:1753
Data:bytearray(b'\xd9\x00\x00\x00\x00\x00\x00\x00')
Origin:None
Destination:BCM
Status:None
Error:MAC verification failed
Latency:0
2024-09-24 15:28:05,839 CAN ID:1754
Data:bytearray(b'\xda\x00\x00\x00\x00\x00\x00\x00')
Origin:None
Destination:BCM
Status:None
Error:MAC verification failed
Latency:0
2024-09-24 15:28:05,840 CAN ID:1755
Data:bytearray(b'\xdb\x00\x00\x00\x00\x00\x00\x00')
Origin:None
Destination:BCM
Status:None
Error:MAC verification failed
Latency:0
2024-09-24 15:28:05,842 CAN ID:1756
Data:bytearray(b'\xdc\x00\x00\x00\x00\x00\x00\x00')
Origin:None
Destination:BCM
Status:None
Error:MAC verification failed
Latency:0
2024-09-24 15:28:05,843 CAN ID:1757
Data:bytearray(b'\xdd\x00\x00\x00\x00\x00\x00\x00')
Origin:None
Destination:BCM
Status:None
Error:MAC verification failed
Latency:0
2024-09-24 15:28:05,844 CAN ID:1758
Data:bytearray(b'\xde\x00\x00\x00\x00\x00\x00\x00')
Origin:None
Destination:BCM
Status:None
Error:MAC verification failed
Latency:0
2024-09-24 15:28:05,845 CAN ID:1759
Data:bytearray(b'\xdf\x00\x00\x00\x00\x00\x00\x00')
Origin:None
Destination:BCM
Status:None
Error:MAC verification failed
Latency:0
2024-09-24 15:28:05,847 CAN ID:1760
Data:bytearray(b'\xe0\x00\x00\x00\x00\x00\x00\x00')
Origin:None
Destination:BCM
Status:None
Error:MAC verification failed
Latency:0
2024-09-24 15:28:05,848 CAN ID:1761
Data:bytearray(b'\xe1\x00\x00\x00\x00\x00\x00\x00')
Origin:None
Destination:BCM
Status:None
Error:MAC verification failed
Latency:0
2024-09-24 15:28:05,849 CAN ID:1762
Data:bytearray(b'\xe2\x00\x00\x00\x00\x00\x00\x00')
Origin:None
Destination:BCM
Status:None
Error:MAC verification failed
Latency:0
2024-09-24 15:28:05,850 CAN ID:1763
Data:bytearray(b'\xe3\x00\x00\x00\x00\x00\x00\x00')
Origin:None
Destination:BCM
Status:None
Error:MAC verification failed
Latency:0
2024-09-24 15:28:05,852 CAN ID:1764
Data:bytearray(b'\xe4\x00\x00\x00\x00\x00\x00\x00')
Origin:None
Destination:BCM
Status:None
Error:MAC verification failed
Latency:0
2024-09-24 15:28:05,853 CAN ID:1765
Data:bytearray(b'\xe5\x00\x00\x00\x00\x00\x00\x00')
Origin:None
Destination:BCM
Status:None
Error:MAC verification failed
Latency:0
2024-09-24 15:28:05,854 CAN ID:1766
Data:bytearray(b'\xe6\x00\x00\x00\x00\x00\x00\x00')
Origin:None
Destination:BCM
Status:None
Error:MAC verification failed
Latency:0
2024-09-24 15:28:05,855 CAN ID:1767
Data:bytearray(b'\xe7\x00\x00\x00\x00\x00\x00\x00')
Origin:None
Destination:BCM
Status:None
Error:MAC verification failed
Latency:0
2024-09-24 15:28:05,857 CAN ID:1768
Data:bytearray(b'\xe8\x00\x00\x00\x00\x00\x00\x00')
Origin:None
Destination:BCM
Status:None
Error:MAC verification failed
Latency:0
2024-09-24 15:28:05,858 CAN ID:1769
Data:bytearray(b'\xe9\x00\x00\x00\x00\x00\x00\x00')
Origin:None
Destination:BCM
Status:None
Error:MAC verification failed
Latency:0
2024-09-24 15:28:05,859 CAN ID:1770
Data:bytearray(b'\xea\x00\x00\x00\x00\x00\x00\x00')
Origin:None
Destination:BCM
Status:None
Error:MAC verification failed
Latency:0
2024-09-24 15:28:05,860 CAN ID:1771
Data:bytearray(b'\xeb\x00\x00\x00\x00\x00\x00\x00')
Origin:None
Destination:BCM
Status:None
Error:MAC verification failed
Latency:0
2024-09-24 15:28:05,862 CAN ID:1772
Data:bytearray(b'\xec\x00\x00\x00\x00\x00\x00\x00')
Origin:None
Destination:BCM
Status:None
Error:MAC verification failed
Latency:0
2024-09-24 15:28:05,863 CAN ID:1773
Data:bytearray(b'\xed\x00\x00\x00\x00\x00\x00\x00')
Origin:None
Destination:BCM
Status:None
Error:MAC verification failed
Latency:0
2024-09-24 15:28:05,864 CAN ID:1774
Data:bytearray(b'\xee\x00\x00\x00\x00\x00\x00\x00')
Origin:None
Destination:BCM
Status:None
Error:MAC verification failed
Latency:0
2024-09-24 15:28:05,865 CAN ID:1775
Data:bytearray(b'\xef\x00\x00\x00\x00\x00\x00\x00')
Origin:None
Destination:BCM
Status:None
Error:MAC verification failed
Latency:0
2024-09-24 15:28:05,867 CAN ID:1776
Data:bytearray(b'\xf0\x00\x00\x00\x00\x00\x00\x00')
Origin:None
Destination:BCM
Status:None
Error:MAC verification failed
Latency:0
2024-09-24 15:28:05,868 CAN ID:1777
Data:bytearray(b'\xf1\x00\x00\x00\x00\x00\x00\x00')
Origin:None
Destination:BCM
Status:None
Error:MAC verification failed
Latency:0
2024-09-24 15:28:05,869 CAN ID:1778
Data:bytearray(b'\xf2\x00\x00\x00\x00\x00\x00\x00')
Origin:None
Destination:BCM
Status:None
Error:MAC verification failed
Latency:0
2024-09-24 15:28:05,870 CAN ID:1779
Data:bytearray(b'\xf3\x00\x00\x00\x00\x00\x00\x00')
Origin:None
Destination:BCM
Status:None
Error:MAC verification failed
Latency:0
2024-09-24 15:28:05,872 CAN ID:1780
Data:bytearray(b'\xf4\x00\x00\x00\x00\x00\x00\x00')
Origin:None
Destination:BCM
Status:None
Error:MAC verification failed
Latency:0
2024-09-24 15:28:05,873 CAN ID:1781
Data:bytearray(b'\xf5\x00\x00\x00\x00\x00\x00\x00')
Origin:None
Destination:BCM
Status:None
Error:MAC verification failed
Latency:0
2024-09-24 15:28:05,874 CAN ID:1782
Data:bytearray(b'\xf6\x00\x00\x00\x00\x00\x00\x00')
Origin:None
Destination:BCM
Status:None
Error:MAC verification failed
Latency:0
2024-09-24 15:28:05,875 CAN ID:1783
Data:bytearray(b'\xf7\x00\x00\x00\x00\x00\x00\x00')
Origin:None
Destination:BCM
Status:None
Error:MAC verification failed
Latency:0
2024-09-24 15:28:05,877 CAN ID:1784
Data:bytearray(b'\xf8\x00\x00\x00\x00\x00\x00\x00')
Origin:None
Destination:BCM
Status:None
Error:MAC verification failed
Latency:0
2024-09-24 15:28:05,878 CAN ID:1785
Data:bytearray(b'\xf9\x00\x00\x00\x00\x00\x00\x00')
Origin:None
Destination:BCM
Status:None
Error:MAC verification failed
Latency:0
2024-09-24 15:28:05,879 CAN ID:1786
Data:bytearray(b'\xfa\x00\x00\x00\x00\x00\x00\x00')
Origin:None
Destination:BCM
Status:None
Error:MAC verification failed
Latency:0
2024-09-24 15:28:05,880 CAN ID:1787
Data:bytearray(b'\xfb\x00\x00\x00\x00\x00\x00\x00')
Origin:None
Destination:BCM
Status:None
Error:MAC verification failed
Latency:0
2024-09-24 15:28:05,882 CAN ID:1788
Data:bytearray(b'\xfc\x00\x00\x00\x00\x00\x00\x00')
Origin:None
Destination:BCM
Status:None
Error:MAC verification failed
Latency:0
2024-09-24 15:28:05,883 CAN ID:1789
Data:bytearray(b'\xfd\x00\x00\x00\x00\x00\x00\x00')
Origin:None
Destination:BCM
Status:None
Error:MAC verification failed
Latency:0
2024-09-24 15:28:05,884 CAN ID:1790
Data:bytearray(b'\xfe\x00\x00\x00\x00\x00\x00\x00')
Origin:None
Destination:BCM
Status:None
Error:MAC verification failed
Latency:0
2024-09-24 15:28:05,885 CAN ID:1791
Data:bytearray(b'\xff\x00\x00\x00\x00\x00\x00\x00')
Origin:None
Destination:BCM
Status:None
Error:MAC verification failed
Latency:0
2024-09-24 15:28:05,886 CAN ID:1792
Data:bytearray(b'\x00\x00\x00\x00\x00\x00\x00\x00')
Origin:None
Destination:BCM
Status:None
Error:MAC verification failed
Latency:0
2024-09-24 15:28:05,888 CAN ID:1793
Data:bytearray(b'\x01\x00\x00\x00\x00\x00\x00\x00')
Origin:None
Destination:BCM
Status:None
Error:MAC verification failed
Latency:0
2024-09-24 15:28:05,889 CAN ID:1794
Data:bytearray(b'\x02\x00\x00\x00\x00\x00\x00\x00')
Origin:None
Destination:BCM
Status:None
Error:MAC verification failed
Latency:0
2024-09-24 15:28:05,891 CAN ID:1795
Data:bytearray(b'\x03\x00\x00\x00\x00\x00\x00\x00')
Origin:None
Destination:BCM
Status:None
Error:MAC verification failed
Latency:0
2024-09-24 15:28:05,892 CAN ID:1796
Data:bytearray(b'\x04\x00\x00\x00\x00\x00\x00\x00')
Origin:None
Destination:BCM
Status:None
Error:MAC verification failed
Latency:0
2024-09-24 15:28:05,893 CAN ID:1797
Data:bytearray(b'\x05\x00\x00\x00\x00\x00\x00\x00')
Origin:None
Destination:BCM
Status:None
Error:MAC verification failed
Latency:0
2024-09-24 15:28:05,895 CAN ID:1798
Data:bytearray(b'\x06\x00\x00\x00\x00\x00\x00\x00')
Origin:None
Destination:BCM
Status:None
Error:MAC verification failed
Latency:0
2024-09-24 15:28:05,896 CAN ID:1799
Data:bytearray(b'\x07\x00\x00\x00\x00\x00\x00\x00')
Origin:None
Destination:BCM
Status:None
Error:MAC verification failed
Latency:0
2024-09-24 15:28:05,897 CAN ID:1800
Data:bytearray(b'\x08\x00\x00\x00\x00\x00\x00\x00')
Origin:None
Destination:BCM
Status:None
Error:MAC verification failed
Latency:0
2024-09-24 15:28:05,899 CAN ID:1801
Data:bytearray(b'\t\x00\x00\x00\x00\x00\x00\x00')
Origin:None
Destination:BCM
Status:None
Error:MAC verification failed
Latency:0
2024-09-24 15:28:05,900 CAN ID:1802
Data:bytearray(b'\n\x00\x00\x00\x00\x00\x00\x00')
Origin:None
Destination:BCM
Status:None
Error:MAC verification failed
Latency:0
2024-09-24 15:28:05,901 CAN ID:1803
Data:bytearray(b'\x0b\x00\x00\x00\x00\x00\x00\x00')
Origin:None
Destination:BCM
Status:None
Error:MAC verification failed
Latency:0
2024-09-24 15:28:05,902 CAN ID:1804
Data:bytearray(b'\x0c\x00\x00\x00\x00\x00\x00\x00')
Origin:None
Destination:BCM
Status:None
Error:MAC verification failed
Latency:0
2024-09-24 15:28:05,903 CAN ID:1805
Data:bytearray(b'\r\x00\x00\x00\x00\x00\x00\x00')
Origin:None
Destination:BCM
Status:None
Error:MAC verification failed
Latency:0
2024-09-24 15:28:05,905 CAN ID:1806
Data:bytearray(b'\x0e\x00\x00\x00\x00\x00\x00\x00')
Origin:None
Destination:BCM
Status:None
Error:MAC verification failed
Latency:0
2024-09-24 15:28:05,906 CAN ID:1807
Data:bytearray(b'\x0f\x00\x00\x00\x00\x00\x00\x00')
Origin:None
Destination:BCM
Status:None
Error:MAC verification failed
Latency:0
2024-09-24 15:28:05,907 CAN ID:1808
Data:bytearray(b'\x10\x00\x00\x00\x00\x00\x00\x00')
Origin:None
Destination:BCM
Status:None
Error:MAC verification failed
Latency:0
2024-09-24 15:28:05,908 CAN ID:1809
Data:bytearray(b'\x11\x00\x00\x00\x00\x00\x00\x00')
Origin:None
Destination:BCM
Status:None
Error:MAC verification failed
Latency:0
2024-09-24 15:28:05,910 CAN ID:1810
Data:bytearray(b'\x12\x00\x00\x00\x00\x00\x00\x00')
Origin:None
Destination:BCM
Status:None
Error:MAC verification failed
Latency:0
2024-09-24 15:28:05,911 CAN ID:1811
Data:bytearray(b'\x13\x00\x00\x00\x00\x00\x00\x00')
Origin:None
Destination:BCM
Status:None
Error:MAC verification failed
Latency:0
2024-09-24 15:28:05,912 CAN ID:1812
Data:bytearray(b'\x14\x00\x00\x00\x00\x00\x00\x00')
Origin:None
Destination:BCM
Status:None
Error:MAC verification failed
Latency:0
2024-09-24 15:28:05,914 CAN ID:1813
Data:bytearray(b'\x15\x00\x00\x00\x00\x00\x00\x00')
Origin:None
Destination:BCM
Status:None
Error:MAC verification failed
Latency:0
2024-09-24 15:28:05,915 CAN ID:1814
Data:bytearray(b'\x16\x00\x00\x00\x00\x00\x00\x00')
Origin:None
Destination:BCM
Status:None
Error:MAC verification failed
Latency:0
2024-09-24 15:28:05,916 CAN ID:1815
Data:bytearray(b'\x17\x00\x00\x00\x00\x00\x00\x00')
Origin:None
Destination:BCM
Status:None
Error:MAC verification failed
Latency:0
2024-09-24 15:28:05,917 CAN ID:1816
Data:bytearray(b'\x18\x00\x00\x00\x00\x00\x00\x00')
Origin:None
Destination:BCM
Status:None
Error:MAC verification failed
Latency:0
2024-09-24 15:28:05,919 CAN ID:1817
Data:bytearray(b'\x19\x00\x00\x00\x00\x00\x00\x00')
Origin:None
Destination:BCM
Status:None
Error:MAC verification failed
Latency:0
2024-09-24 15:28:05,920 CAN ID:1818
Data:bytearray(b'\x1a\x00\x00\x00\x00\x00\x00\x00')
Origin:None
Destination:BCM
Status:None
Error:MAC verification failed
Latency:0
2024-09-24 15:28:05,921 CAN ID:1819
Data:bytearray(b'\x1b\x00\x00\x00\x00\x00\x00\x00')
Origin:None
Destination:BCM
Status:None
Error:MAC verification failed
Latency:0
2024-09-24 15:28:05,922 CAN ID:1820
Data:bytearray(b'\x1c\x00\x00\x00\x00\x00\x00\x00')
Origin:None
Destination:BCM
Status:None
Error:MAC verification failed
Latency:0
2024-09-24 15:28:05,924 CAN ID:1821
Data:bytearray(b'\x1d\x00\x00\x00\x00\x00\x00\x00')
Origin:None
Destination:BCM
Status:None
Error:MAC verification failed
Latency:0
2024-09-24 15:28:05,925 CAN ID:1822
Data:bytearray(b'\x1e\x00\x00\x00\x00\x00\x00\x00')
Origin:None
Destination:BCM
Status:None
Error:MAC verification failed
Latency:0
2024-09-24 15:28:05,927 CAN ID:1823
Data:bytearray(b'\x1f\x00\x00\x00\x00\x00\x00\x00')
Origin:None
Destination:BCM
Status:None
Error:MAC verification failed
Latency:0
2024-09-24 15:28:05,928 CAN ID:1824
Data:bytearray(b' \x00\x00\x00\x00\x00\x00\x00')
Origin:None
Destination:BCM
Status:None
Error:MAC verification failed
Latency:0
2024-09-24 15:28:05,929 CAN ID:1825
Data:bytearray(b'!\x00\x00\x00\x00\x00\x00\x00')
Origin:None
Destination:BCM
Status:None
Error:MAC verification failed
Latency:0
2024-09-24 15:28:05,930 CAN ID:1826
Data:bytearray(b'"\x00\x00\x00\x00\x00\x00\x00')
Origin:None
Destination:BCM
Status:None
Error:MAC verification failed
Latency:0
2024-09-24 15:28:05,932 CAN ID:1827
Data:bytearray(b'#\x00\x00\x00\x00\x00\x00\x00')
Origin:None
Destination:BCM
Status:None
Error:MAC verification failed
Latency:0
2024-09-24 15:28:05,933 CAN ID:1828
Data:bytearray(b'$\x00\x00\x00\x00\x00\x00\x00')
Origin:None
Destination:BCM
Status:None
Error:MAC verification failed
Latency:0
2024-09-24 15:28:05,934 CAN ID:1829
Data:bytearray(b'%\x00\x00\x00\x00\x00\x00\x00')
Origin:None
Destination:BCM
Status:None
Error:MAC verification failed
Latency:0
2024-09-24 15:28:05,936 CAN ID:1830
Data:bytearray(b'&\x00\x00\x00\x00\x00\x00\x00')
Origin:None
Destination:BCM
Status:None
Error:MAC verification failed
Latency:0
2024-09-24 15:28:05,937 CAN ID:1831
Data:bytearray(b"\'\x00\x00\x00\x00\x00\x00\x00")
Origin:None
Destination:BCM
Status:None
Error:MAC verification failed
Latency:0
2024-09-24 15:28:05,938 CAN ID:1832
Data:bytearray(b'(\x00\x00\x00\x00\x00\x00\x00')
Origin:None
Destination:BCM
Status:None
Error:MAC verification failed
Latency:0
2024-09-24 15:28:05,940 CAN ID:1833
Data:bytearray(b')\x00\x00\x00\x00\x00\x00\x00')
Origin:None
Destination:BCM
Status:None
Error:MAC verification failed
Latency:0
2024-09-24 15:28:05,941 CAN ID:1834
Data:bytearray(b'*\x00\x00\x00\x00\x00\x00\x00')
Origin:None
Destination:BCM
Status:None
Error:MAC verification failed
Latency:0
2024-09-24 15:28:05,942 CAN ID:1835
Data:bytearray(b'+\x00\x00\x00\x00\x00\x00\x00')
Origin:None
Destination:BCM
Status:None
Error:MAC verification failed
Latency:0
2024-09-24 15:28:05,943 CAN ID:1836
Data:bytearray(b',\x00\x00\x00\x00\x00\x00\x00')
Origin:None
Destination:BCM
Status:None
Error:MAC verification failed
Latency:0
2024-09-24 15:28:05,945 CAN ID:1837
Data:bytearray(b'-\x00\x00\x00\x00\x00\x00\x00')
Origin:None
Destination:BCM
Status:None
Error:MAC verification failed
Latency:0
2024-09-24 15:28:05,946 CAN ID:1838
Data:bytearray(b'.\x00\x00\x00\x00\x00\x00\x00')
Origin:None
Destination:BCM
Status:None
Error:MAC verification failed
Latency:0
2024-09-24 15:28:05,947 CAN ID:1839
Data:bytearray(b'/\x00\x00\x00\x00\x00\x00\x00')
Origin:None
Destination:BCM
Status:None
Error:MAC verification failed
Latency:0
2024-09-24 15:28:05,948 CAN ID:1840
Data:bytearray(b'0\x00\x00\x00\x00\x00\x00\x00')
Origin:None
Destination:BCM
Status:None
Error:MAC verification failed
Latency:0
2024-09-24 15:28:05,950 CAN ID:1841
Data:bytearray(b'1\x00\x00\x00\x00\x00\x00\x00')
Origin:None
Destination:BCM
Status:None
Error:MAC verification failed
Latency:0
2024-09-24 15:28:05,951 CAN ID:1842
Data:bytearray(b'2\x00\x00\x00\x00\x00\x00\x00')
Origin:None
Destination:BCM
Status:None
Error:MAC verification failed
Latency:0
2024-09-24 15:28:05,952 CAN ID:1843
Data:bytearray(b'3\x00\x00\x00\x00\x00\x00\x00')
Origin:None
Destination:BCM
Status:None
Error:MAC verification failed
Latency:0
2024-09-24 15:28:05,953 CAN ID:1844
Data:bytearray(b'4\x00\x00\x00\x00\x00\x00\x00')
Origin:None
Destination:BCM
Status:None
Error:MAC verification failed
Latency:0
2024-09-24 15:28:05,955 CAN ID:1845
Data:bytearray(b'5\x00\x00\x00\x00\x00\x00\x00')
Origin:None
Destination:BCM
Status:None
Error:MAC verification failed
Latency:0
2024-09-24 15:28:05,956 CAN ID:1846
Data:bytearray(b'6\x00\x00\x00\x00\x00\x00\x00')
Origin:None
Destination:BCM
Status:None
Error:MAC verification failed
Latency:0
2024-09-24 15:28:05,957 CAN ID:1847
Data:bytearray(b'7\x00\x00\x00\x00\x00\x00\x00')
Origin:None
Destination:BCM
Status:None
Error:MAC verification failed
Latency:0
2024-09-24 15:28:05,958 CAN ID:1848
Data:bytearray(b'8\x00\x00\x00\x00\x00\x00\x00')
Origin:None
Destination:BCM
Status:None
Error:MAC verification failed
Latency:0
2024-09-24 15:28:05,960 CAN ID:1849
Data:bytearray(b'9\x00\x00\x00\x00\x00\x00\x00')
Origin:None
Destination:BCM
Status:None
Error:MAC verification failed
Latency:0
2024-09-24 15:28:05,961 CAN ID:1850
Data:bytearray(b':\x00\x00\x00\x00\x00\x00\x00')
Origin:None
Destination:BCM
Status:None
Error:MAC verification failed
Latency:0
2024-09-24 15:28:05,962 CAN ID:1851
Data:bytearray(b';\x00\x00\x00\x00\x00\x00\x00')
Origin:None
Destination:BCM
Status:None
Error:MAC verification failed
Latency:0
2024-09-24 15:28:05,964 CAN ID:1852
Data:bytearray(b'<\x00\x00\x00\x00\x00\x00\x00')
Origin:None
Destination:BCM
Status:None
Error:MAC verification failed
Latency:0
2024-09-24 15:28:05,965 CAN ID:1853
Data:bytearray(b'=\x00\x00\x00\x00\x00\x00\x00')
Origin:None
Destination:BCM
Status:None
Error:MAC verification failed
Latency:0
2024-09-24 15:28:05,966 CAN ID:1854
Data:bytearray(b'>\x00\x00\x00\x00\x00\x00\x00')
Origin:None
Destination:BCM
Status:None
Error:MAC verification failed
Latency:0
2024-09-24 15:28:05,967 CAN ID:1855
Data:bytearray(b'?\x00\x00\x00\x00\x00\x00\x00')
Origin:None
Destination:BCM
Status:None
Error:MAC verification failed
Latency:0
2024-09-24 15:28:05,969 CAN ID:1856
Data:bytearray(b'@\x00\x00\x00\x00\x00\x00\x00')
Origin:None
Destination:BCM
Status:None
Error:MAC verification failed
Latency:0
2024-09-24 15:28:05,970 CAN ID:1857
Data:bytearray(b'A\x00\x00\x00\x00\x00\x00\x00')
Origin:None
Destination:BCM
Status:None
Error:MAC verification failed
Latency:0
2024-09-24 15:28:05,971 CAN ID:1858
Data:bytearray(b'B\x00\x00\x00\x00\x00\x00\x00')
Origin:None
Destination:BCM
Status:None
Error:MAC verification failed
Latency:0
2024-09-24 15:28:05,972 CAN ID:1859
Data:bytearray(b'C\x00\x00\x00\x00\x00\x00\x00')
Origin:None
Destination:BCM
Status:None
Error:MAC verification failed
Latency:0
2024-09-24 15:28:05,974 CAN ID:1860
Data:bytearray(b'D\x00\x00\x00\x00\x00\x00\x00')
Origin:None
Destination:BCM
Status:None
Error:MAC verification failed
Latency:0
2024-09-24 15:28:05,975 CAN ID:1861
Data:bytearray(b'E\x00\x00\x00\x00\x00\x00\x00')
Origin:None
Destination:BCM
Status:None
Error:MAC verification failed
Latency:0
2024-09-24 15:28:05,976 CAN ID:1862
Data:bytearray(b'F\x00\x00\x00\x00\x00\x00\x00')
Origin:None
Destination:BCM
Status:None
Error:MAC verification failed
Latency:0
2024-09-24 15:28:05,977 CAN ID:1863
Data:bytearray(b'G\x00\x00\x00\x00\x00\x00\x00')
Origin:None
Destination:BCM
Status:None
Error:MAC verification failed
Latency:0
2024-09-24 15:28:05,979 CAN ID:1864
Data:bytearray(b'H\x00\x00\x00\x00\x00\x00\x00')
Origin:None
Destination:BCM
Status:None
Error:MAC verification failed
Latency:0
2024-09-24 15:28:05,980 CAN ID:1865
Data:bytearray(b'I\x00\x00\x00\x00\x00\x00\x00')
Origin:None
Destination:BCM
Status:None
Error:MAC verification failed
Latency:0
2024-09-24 15:28:05,981 CAN ID:1866
Data:bytearray(b'J\x00\x00\x00\x00\x00\x00\x00')
Origin:None
Destination:BCM
Status:None
Error:MAC verification failed
Latency:0
2024-09-24 15:28:05,982 CAN ID:1867
Data:bytearray(b'K\x00\x00\x00\x00\x00\x00\x00')
Origin:None
Destination:BCM
Status:None
Error:MAC verification failed
Latency:0
2024-09-24 15:28:05,984 CAN ID:1868
Data:bytearray(b'L\x00\x00\x00\x00\x00\x00\x00')
Origin:None
Destination:BCM
Status:None
Error:MAC verification failed
Latency:0
2024-09-24 15:28:05,985 CAN ID:1869
Data:bytearray(b'M\x00\x00\x00\x00\x00\x00\x00')
Origin:None
Destination:BCM
Status:None
Error:MAC verification failed
Latency:0
2024-09-24 15:28:05,986 CAN ID:1870
Data:bytearray(b'N\x00\x00\x00\x00\x00\x00\x00')
Origin:None
Destination:BCM
Status:None
Error:MAC verification failed
Latency:0
2024-09-24 15:28:05,988 CAN ID:1871
Data:bytearray(b'O\x00\x00\x00\x00\x00\x00\x00')
Origin:None
Destination:BCM
Status:None
Error:MAC verification failed
Latency:0
2024-09-24 15:28:05,989 CAN ID:1872
Data:bytearray(b'P\x00\x00\x00\x00\x00\x00\x00')
Origin:None
Destination:BCM
Status:None
Error:MAC verification failed
Latency:0
2024-09-24 15:28:05,990 CAN ID:1873
Data:bytearray(b'Q\x00\x00\x00\x00\x00\x00\x00')
Origin:None
Destination:BCM
Status:None
Error:MAC verification failed
Latency:0
2024-09-24 15:28:05,992 CAN ID:1874
Data:bytearray(b'R\x00\x00\x00\x00\x00\x00\x00')
Origin:None
Destination:BCM
Status:None
Error:MAC verification failed
Latency:0
2024-09-24 15:28:05,993 CAN ID:1875
Data:bytearray(b'S\x00\x00\x00\x00\x00\x00\x00')
Origin:None
Destination:BCM
Status:None
Error:MAC verification failed
Latency:0
2024-09-24 15:28:05,994 CAN ID:1876
Data:bytearray(b'T\x00\x00\x00\x00\x00\x00\x00')
Origin:None
Destination:BCM
Status:None
Error:MAC verification failed
Latency:0
2024-09-24 15:28:05,995 CAN ID:1877
Data:bytearray(b'U\x00\x00\x00\x00\x00\x00\x00')
Origin:None
Destination:BCM
Status:None
Error:MAC verification failed
Latency:0
2024-09-24 15:28:05,997 CAN ID:1878
Data:bytearray(b'V\x00\x00\x00\x00\x00\x00\x00')
Origin:None
Destination:BCM
Status:None
Error:MAC verification failed
Latency:0
2024-09-24 15:28:05,998 CAN ID:1879
Data:bytearray(b'W\x00\x00\x00\x00\x00\x00\x00')
Origin:None
Destination:BCM
Status:None
Error:MAC verification failed
Latency:0
2024-09-24 15:28:05,999 CAN ID:1880
Data:bytearray(b'X\x00\x00\x00\x00\x00\x00\x00')
Origin:None
Destination:BCM
Status:None
Error:MAC verification failed
Latency:0
2024-09-24 15:28:06,001 CAN ID:1881
Data:bytearray(b'Y\x00\x00\x00\x00\x00\x00\x00')
Origin:None
Destination:BCM
Status:None
Error:MAC verification failed
Latency:0
2024-09-24 15:28:06,002 CAN ID:1882
Data:bytearray(b'Z\x00\x00\x00\x00\x00\x00\x00')
Origin:None
Destination:BCM
Status:None
Error:MAC verification failed
Latency:0
2024-09-24 15:28:06,003 CAN ID:1883
Data:bytearray(b'[\x00\x00\x00\x00\x00\x00\x00')
Origin:None
Destination:BCM
Status:None
Error:MAC verification failed
Latency:0
2024-09-24 15:28:06,004 CAN ID:1884
Data:bytearray(b'\\\x00\x00\x00\x00\x00\x00\x00')
Origin:None
Destination:BCM
Status:None
Error:MAC verification failed
Latency:0
2024-09-24 15:28:06,006 CAN ID:1885
Data:bytearray(b']\x00\x00\x00\x00\x00\x00\x00')
Origin:None
Destination:BCM
Status:None
Error:MAC verification failed
Latency:0
2024-09-24 15:28:06,007 CAN ID:1886
Data:bytearray(b'^\x00\x00\x00\x00\x00\x00\x00')
Origin:None
Destination:BCM
Status:None
Error:MAC verification failed
Latency:0
2024-09-24 15:28:06,008 CAN ID:1887
Data:bytearray(b'_\x00\x00\x00\x00\x00\x00\x00')
Origin:None
Destination:BCM
Status:None
Error:MAC verification failed
Latency:0
2024-09-24 15:28:06,010 CAN ID:1888
Data:bytearray(b'`\x00\x00\x00\x00\x00\x00\x00')
Origin:None
Destination:BCM
Status:None
Error:MAC verification failed
Latency:0
2024-09-24 15:28:06,011 CAN ID:1889
Data:bytearray(b'a\x00\x00\x00\x00\x00\x00\x00')
Origin:None
Destination:BCM
Status:None
Error:MAC verification failed
Latency:0
2024-09-24 15:28:06,012 CAN ID:1890
Data:bytearray(b'b\x00\x00\x00\x00\x00\x00\x00')
Origin:None
Destination:BCM
Status:None
Error:MAC verification failed
Latency:0
2024-09-24 15:28:06,013 CAN ID:1891
Data:bytearray(b'c\x00\x00\x00\x00\x00\x00\x00')
Origin:None
Destination:BCM
Status:None
Error:MAC verification failed
Latency:0
2024-09-24 15:28:06,014 CAN ID:1892
Data:bytearray(b'd\x00\x00\x00\x00\x00\x00\x00')
Origin:None
Destination:BCM
Status:None
Error:MAC verification failed
Latency:0
2024-09-24 15:28:06,016 CAN ID:1893
Data:bytearray(b'e\x00\x00\x00\x00\x00\x00\x00')
Origin:None
Destination:BCM
Status:None
Error:MAC verification failed
Latency:0
2024-09-24 15:28:06,017 CAN ID:1894
Data:bytearray(b'f\x00\x00\x00\x00\x00\x00\x00')
Origin:None
Destination:BCM
Status:None
Error:MAC verification failed
Latency:0
2024-09-24 15:28:06,018 CAN ID:1895
Data:bytearray(b'g\x00\x00\x00\x00\x00\x00\x00')
Origin:None
Destination:BCM
Status:None
Error:MAC verification failed
Latency:0
2024-09-24 15:28:06,019 CAN ID:1896
Data:bytearray(b'h\x00\x00\x00\x00\x00\x00\x00')
Origin:None
Destination:BCM
Status:None
Error:MAC verification failed
Latency:0
2024-09-24 15:28:06,021 CAN ID:1897
Data:bytearray(b'i\x00\x00\x00\x00\x00\x00\x00')
Origin:None
Destination:BCM
Status:None
Error:MAC verification failed
Latency:0
2024-09-24 15:28:06,022 CAN ID:1898
Data:bytearray(b'j\x00\x00\x00\x00\x00\x00\x00')
Origin:None
Destination:BCM
Status:None
Error:MAC verification failed
Latency:0
2024-09-24 15:28:06,023 CAN ID:1899
Data:bytearray(b'k\x00\x00\x00\x00\x00\x00\x00')
Origin:None
Destination:BCM
Status:None
Error:MAC verification failed
Latency:0
2024-09-24 15:28:06,024 CAN ID:1900
Data:bytearray(b'l\x00\x00\x00\x00\x00\x00\x00')
Origin:None
Destination:BCM
Status:None
Error:MAC verification failed
Latency:0
2024-09-24 15:28:06,026 CAN ID:1901
Data:bytearray(b'm\x00\x00\x00\x00\x00\x00\x00')
Origin:None
Destination:BCM
Status:None
Error:MAC verification failed
Latency:0
2024-09-24 15:28:06,027 CAN ID:1902
Data:bytearray(b'n\x00\x00\x00\x00\x00\x00\x00')
Origin:None
Destination:BCM
Status:None
Error:MAC verification failed
Latency:0
2024-09-24 15:28:06,028 CAN ID:1903
Data:bytearray(b'o\x00\x00\x00\x00\x00\x00\x00')
Origin:None
Destination:BCM
Status:None
Error:MAC verification failed
Latency:0
2024-09-24 15:28:06,029 CAN ID:1904
Data:bytearray(b'p\x00\x00\x00\x00\x00\x00\x00')
Origin:None
Destination:BCM
Status:None
Error:MAC verification failed
Latency:0
2024-09-24 15:28:06,031 CAN ID:1905
Data:bytearray(b'q\x00\x00\x00\x00\x00\x00\x00')
Origin:None
Destination:BCM
Status:None
Error:MAC verification failed
Latency:0
2024-09-24 15:28:06,032 CAN ID:1906
Data:bytearray(b'r\x00\x00\x00\x00\x00\x00\x00')
Origin:None
Destination:BCM
Status:None
Error:MAC verification failed
Latency:0
2024-09-24 15:28:06,033 CAN ID:1907
Data:bytearray(b's\x00\x00\x00\x00\x00\x00\x00')
Origin:None
Destination:BCM
Status:None
Error:MAC verification failed
Latency:0
2024-09-24 15:28:06,034 CAN ID:1908
Data:bytearray(b't\x00\x00\x00\x00\x00\x00\x00')
Origin:None
Destination:BCM
Status:None
Error:MAC verification failed
Latency:0
2024-09-24 15:28:06,036 CAN ID:1909
Data:bytearray(b'u\x00\x00\x00\x00\x00\x00\x00')
Origin:None
Destination:BCM
Status:None
Error:MAC verification failed
Latency:0
2024-09-24 15:28:06,037 CAN ID:1910
Data:bytearray(b'v\x00\x00\x00\x00\x00\x00\x00')
Origin:None
Destination:BCM
Status:None
Error:MAC verification failed
Latency:0
2024-09-24 15:28:06,038 CAN ID:1911
Data:bytearray(b'w\x00\x00\x00\x00\x00\x00\x00')
Origin:None
Destination:BCM
Status:None
Error:MAC verification failed
Latency:0
2024-09-24 15:28:06,040 CAN ID:1912
Data:bytearray(b'x\x00\x00\x00\x00\x00\x00\x00')
Origin:None
Destination:BCM
Status:None
Error:MAC verification failed
Latency:0
2024-09-24 15:28:06,041 CAN ID:1913
Data:bytearray(b'y\x00\x00\x00\x00\x00\x00\x00')
Origin:None
Destination:BCM
Status:None
Error:MAC verification failed
Latency:0
2024-09-24 15:28:06,042 CAN ID:1914
Data:bytearray(b'z\x00\x00\x00\x00\x00\x00\x00')
Origin:None
Destination:BCM
Status:None
Error:MAC verification failed
Latency:0
2024-09-24 15:28:06,043 CAN ID:1915
Data:bytearray(b'{\x00\x00\x00\x00\x00\x00\x00')
Origin:None
Destination:BCM
Status:None
Error:MAC verification failed
Latency:0
2024-09-24 15:28:06,045 CAN ID:1916
Data:bytearray(b'|\x00\x00\x00\x00\x00\x00\x00')
Origin:None
Destination:BCM
Status:None
Error:MAC verification failed
Latency:0
2024-09-24 15:28:06,046 CAN ID:1917
Data:bytearray(b'}\x00\x00\x00\x00\x00\x00\x00')
Origin:None
Destination:BCM
Status:None
Error:MAC verification failed
Latency:0
2024-09-24 15:28:06,047 CAN ID:1918
Data:bytearray(b'~\x00\x00\x00\x00\x00\x00\x00')
Origin:None
Destination:BCM
Status:None
Error:MAC verification failed
Latency:0
2024-09-24 15:28:06,048 CAN ID:1919
Data:bytearray(b'\x7f\x00\x00\x00\x00\x00\x00\x00')
Origin:None
Destination:BCM
Status:None
Error:MAC verification failed
Latency:0
2024-09-24 15:28:06,050 CAN ID:1920
Data:bytearray(b'\x80\x00\x00\x00\x00\x00\x00\x00')
Origin:None
Destination:BCM
Status:None
Error:MAC verification failed
Latency:0
2024-09-24 15:28:06,051 CAN ID:1921
Data:bytearray(b'\x81\x00\x00\x00\x00\x00\x00\x00')
Origin:None
Destination:BCM
Status:None
Error:MAC verification failed
Latency:0
2024-09-24 15:28:06,052 CAN ID:1922
Data:bytearray(b'\x82\x00\x00\x00\x00\x00\x00\x00')
Origin:None
Destination:BCM
Status:None
Error:MAC verification failed
Latency:0
2024-09-24 15:28:06,053 CAN ID:1923
Data:bytearray(b'\x83\x00\x00\x00\x00\x00\x00\x00')
Origin:None
Destination:BCM
Status:None
Error:MAC verification failed
Latency:0
2024-09-24 15:28:06,055 CAN ID:1924
Data:bytearray(b'\x84\x00\x00\x00\x00\x00\x00\x00')
Origin:None
Destination:BCM
Status:None
Error:MAC verification failed
Latency:0
2024-09-24 15:28:06,056 CAN ID:1925
Data:bytearray(b'\x85\x00\x00\x00\x00\x00\x00\x00')
Origin:None
Destination:BCM
Status:None
Error:MAC verification failed
Latency:0
2024-09-24 15:28:06,057 CAN ID:1926
Data:bytearray(b'\x86\x00\x00\x00\x00\x00\x00\x00')
Origin:None
Destination:BCM
Status:None
Error:MAC verification failed
Latency:0
2024-09-24 15:28:06,058 CAN ID:1927
Data:bytearray(b'\x87\x00\x00\x00\x00\x00\x00\x00')
Origin:None
Destination:BCM
Status:None
Error:MAC verification failed
Latency:0
2024-09-24 15:28:06,060 CAN ID:1928
Data:bytearray(b'\x88\x00\x00\x00\x00\x00\x00\x00')
Origin:None
Destination:BCM
Status:None
Error:MAC verification failed
Latency:0
2024-09-24 15:28:06,061 CAN ID:1929
Data:bytearray(b'\x89\x00\x00\x00\x00\x00\x00\x00')
Origin:None
Destination:BCM
Status:None
Error:MAC verification failed
Latency:0
2024-09-24 15:28:06,062 CAN ID:1930
Data:bytearray(b'\x8a\x00\x00\x00\x00\x00\x00\x00')
Origin:None
Destination:BCM
Status:None
Error:MAC verification failed
Latency:0
2024-09-24 15:28:06,063 CAN ID:1931
Data:bytearray(b'\x8b\x00\x00\x00\x00\x00\x00\x00')
Origin:None
Destination:BCM
Status:None
Error:MAC verification failed
Latency:0
2024-09-24 15:28:06,065 CAN ID:1932
Data:bytearray(b'\x8c\x00\x00\x00\x00\x00\x00\x00')
Origin:None
Destination:BCM
Status:None
Error:MAC verification failed
Latency:0
2024-09-24 15:28:06,066 CAN ID:1933
Data:bytearray(b'\x8d\x00\x00\x00\x00\x00\x00\x00')
Origin:None
Destination:BCM
Status:None
Error:MAC verification failed
Latency:0
2024-09-24 15:28:06,067 CAN ID:1934
Data:bytearray(b'\x8e\x00\x00\x00\x00\x00\x00\x00')
Origin:None
Destination:BCM
Status:None
Error:MAC verification failed
Latency:0
2024-09-24 15:28:06,068 CAN ID:1935
Data:bytearray(b'\x8f\x00\x00\x00\x00\x00\x00\x00')
Origin:None
Destination:BCM
Status:None
Error:MAC verification failed
Latency:0
2024-09-24 15:28:06,070 CAN ID:1936
Data:bytearray(b'\x90\x00\x00\x00\x00\x00\x00\x00')
Origin:None
Destination:BCM
Status:None
Error:MAC verification failed
Latency:0
2024-09-24 15:28:06,071 CAN ID:1937
Data:bytearray(b'\x91\x00\x00\x00\x00\x00\x00\x00')
Origin:None
Destination:BCM
Status:None
Error:MAC verification failed
Latency:0
2024-09-24 15:28:06,072 CAN ID:1938
Data:bytearray(b'\x92\x00\x00\x00\x00\x00\x00\x00')
Origin:None
Destination:BCM
Status:None
Error:MAC verification failed
Latency:0
2024-09-24 15:28:06,073 CAN ID:1939
Data:bytearray(b'\x93\x00\x00\x00\x00\x00\x00\x00')
Origin:None
Destination:BCM
Status:None
Error:MAC verification failed
Latency:0
2024-09-24 15:28:06,075 CAN ID:1940
Data:bytearray(b'\x94\x00\x00\x00\x00\x00\x00\x00')
Origin:None
Destination:BCM
Status:None
Error:MAC verification failed
Latency:0
2024-09-24 15:28:06,076 CAN ID:1941
Data:bytearray(b'\x95\x00\x00\x00\x00\x00\x00\x00')
Origin:None
Destination:BCM
Status:None
Error:MAC verification failed
Latency:0
2024-09-24 15:28:06,077 CAN ID:1942
Data:bytearray(b'\x96\x00\x00\x00\x00\x00\x00\x00')
Origin:None
Destination:BCM
Status:None
Error:MAC verification failed
Latency:0
2024-09-24 15:28:06,078 CAN ID:1943
Data:bytearray(b'\x97\x00\x00\x00\x00\x00\x00\x00')
Origin:None
Destination:BCM
Status:None
Error:MAC verification failed
Latency:0
2024-09-24 15:28:06,080 CAN ID:1944
Data:bytearray(b'\x98\x00\x00\x00\x00\x00\x00\x00')
Origin:None
Destination:BCM
Status:None
Error:MAC verification failed
Latency:0
2024-09-24 15:28:06,081 CAN ID:1945
Data:bytearray(b'\x99\x00\x00\x00\x00\x00\x00\x00')
Origin:None
Destination:BCM
Status:None
Error:MAC verification failed
Latency:0
2024-09-24 15:28:06,082 CAN ID:1946
Data:bytearray(b'\x9a\x00\x00\x00\x00\x00\x00\x00')
Origin:None
Destination:BCM
Status:None
Error:MAC verification failed
Latency:0
2024-09-24 15:28:06,083 CAN ID:1947
Data:bytearray(b'\x9b\x00\x00\x00\x00\x00\x00\x00')
Origin:None
Destination:BCM
Status:None
Error:MAC verification failed
Latency:0
2024-09-24 15:28:06,085 CAN ID:1948
Data:bytearray(b'\x9c\x00\x00\x00\x00\x00\x00\x00')
Origin:None
Destination:BCM
Status:None
Error:MAC verification failed
Latency:0
2024-09-24 15:28:06,086 CAN ID:1949
Data:bytearray(b'\x9d\x00\x00\x00\x00\x00\x00\x00')
Origin:None
Destination:BCM
Status:None
Error:MAC verification failed
Latency:0
2024-09-24 15:28:06,087 CAN ID:1950
Data:bytearray(b'\x9e\x00\x00\x00\x00\x00\x00\x00')
Origin:None
Destination:BCM
Status:None
Error:MAC verification failed
Latency:0
2024-09-24 15:28:06,088 CAN ID:1951
Data:bytearray(b'\x9f\x00\x00\x00\x00\x00\x00\x00')
Origin:None
Destination:BCM
Status:None
Error:MAC verification failed
Latency:0
2024-09-24 15:28:06,090 CAN ID:1952
Data:bytearray(b'\xa0\x00\x00\x00\x00\x00\x00\x00')
Origin:None
Destination:BCM
Status:None
Error:MAC verification failed
Latency:0
2024-09-24 15:28:06,091 CAN ID:1953
Data:bytearray(b'\xa1\x00\x00\x00\x00\x00\x00\x00')
Origin:None
Destination:BCM
Status:None
Error:MAC verification failed
Latency:0
2024-09-24 15:28:06,092 CAN ID:1954
Data:bytearray(b'\xa2\x00\x00\x00\x00\x00\x00\x00')
Origin:None
Destination:BCM
Status:None
Error:MAC verification failed
Latency:0
2024-09-24 15:28:06,094 CAN ID:1955
Data:bytearray(b'\xa3\x00\x00\x00\x00\x00\x00\x00')
Origin:None
Destination:BCM
Status:None
Error:MAC verification failed
Latency:0
2024-09-24 15:28:06,095 CAN ID:1956
Data:bytearray(b'\xa4\x00\x00\x00\x00\x00\x00\x00')
Origin:None
Destination:BCM
Status:None
Error:MAC verification failed
Latency:0
2024-09-24 15:28:06,097 CAN ID:1957
Data:bytearray(b'\xa5\x00\x00\x00\x00\x00\x00\x00')
Origin:None
Destination:BCM
Status:None
Error:MAC verification failed
Latency:0
2024-09-24 15:28:06,098 CAN ID:1958
Data:bytearray(b'\xa6\x00\x00\x00\x00\x00\x00\x00')
Origin:None
Destination:BCM
Status:None
Error:MAC verification failed
Latency:0
2024-09-24 15:28:06,100 CAN ID:1959
Data:bytearray(b'\xa7\x00\x00\x00\x00\x00\x00\x00')
Origin:None
Destination:BCM
Status:None
Error:MAC verification failed
Latency:0
2024-09-24 15:28:06,101 CAN ID:1960
Data:bytearray(b'\xa8\x00\x00\x00\x00\x00\x00\x00')
Origin:None
Destination:BCM
Status:None
Error:MAC verification failed
Latency:0
2024-09-24 15:28:06,102 CAN ID:1961
Data:bytearray(b'\xa9\x00\x00\x00\x00\x00\x00\x00')
Origin:None
Destination:BCM
Status:None
Error:MAC verification failed
Latency:0
2024-09-24 15:28:06,104 CAN ID:1962
Data:bytearray(b'\xaa\x00\x00\x00\x00\x00\x00\x00')
Origin:None
Destination:BCM
Status:None
Error:MAC verification failed
Latency:0
2024-09-24 15:28:06,105 CAN ID:1963
Data:bytearray(b'\xab\x00\x00\x00\x00\x00\x00\x00')
Origin:None
Destination:BCM
Status:None
Error:MAC verification failed
Latency:0
2024-09-24 15:28:06,106 CAN ID:1964
Data:bytearray(b'\xac\x00\x00\x00\x00\x00\x00\x00')
Origin:None
Destination:BCM
Status:None
Error:MAC verification failed
Latency:0
2024-09-24 15:28:06,108 CAN ID:1965
Data:bytearray(b'\xad\x00\x00\x00\x00\x00\x00\x00')
Origin:None
Destination:BCM
Status:None
Error:MAC verification failed
Latency:0
2024-09-24 15:28:06,109 CAN ID:1966
Data:bytearray(b'\xae\x00\x00\x00\x00\x00\x00\x00')
Origin:None
Destination:BCM
Status:None
Error:MAC verification failed
Latency:0
2024-09-24 15:28:06,110 CAN ID:1967
Data:bytearray(b'\xaf\x00\x00\x00\x00\x00\x00\x00')
Origin:None
Destination:BCM
Status:None
Error:MAC verification failed
Latency:0
2024-09-24 15:28:06,112 CAN ID:1968
Data:bytearray(b'\xb0\x00\x00\x00\x00\x00\x00\x00')
Origin:None
Destination:BCM
Status:None
Error:MAC verification failed
Latency:0
2024-09-24 15:28:06,113 CAN ID:1969
Data:bytearray(b'\xb1\x00\x00\x00\x00\x00\x00\x00')
Origin:None
Destination:BCM
Status:None
Error:MAC verification failed
Latency:0
2024-09-24 15:28:06,114 CAN ID:1970
Data:bytearray(b'\xb2\x00\x00\x00\x00\x00\x00\x00')
Origin:None
Destination:BCM
Status:None
Error:MAC verification failed
Latency:0
2024-09-24 15:28:06,116 CAN ID:1971
Data:bytearray(b'\xb3\x00\x00\x00\x00\x00\x00\x00')
Origin:None
Destination:BCM
Status:None
Error:MAC verification failed
Latency:0
2024-09-24 15:28:06,117 CAN ID:1972
Data:bytearray(b'\xb4\x00\x00\x00\x00\x00\x00\x00')
Origin:None
Destination:BCM
Status:None
Error:MAC verification failed
Latency:0
2024-09-24 15:28:06,118 CAN ID:1973
Data:bytearray(b'\xb5\x00\x00\x00\x00\x00\x00\x00')
Origin:None
Destination:BCM
Status:None
Error:MAC verification failed
Latency:0
2024-09-24 15:28:06,119 CAN ID:1974
Data:bytearray(b'\xb6\x00\x00\x00\x00\x00\x00\x00')
Origin:None
Destination:BCM
Status:None
Error:MAC verification failed
Latency:0
2024-09-24 15:28:06,120 CAN ID:1975
Data:bytearray(b'\xb7\x00\x00\x00\x00\x00\x00\x00')
Origin:None
Destination:BCM
Status:None
Error:MAC verification failed
Latency:0
2024-09-24 15:28:06,122 CAN ID:1976
Data:bytearray(b'\xb8\x00\x00\x00\x00\x00\x00\x00')
Origin:None
Destination:BCM
Status:None
Error:MAC verification failed
Latency:0
2024-09-24 15:28:06,123 CAN ID:1977
Data:bytearray(b'\xb9\x00\x00\x00\x00\x00\x00\x00')
Origin:None
Destination:BCM
Status:None
Error:MAC verification failed
Latency:0
2024-09-24 15:28:06,124 CAN ID:1978
Data:bytearray(b'\xba\x00\x00\x00\x00\x00\x00\x00')
Origin:None
Destination:BCM
Status:None
Error:MAC verification failed
Latency:0
2024-09-24 15:28:06,126 CAN ID:1979
Data:bytearray(b'\xbb\x00\x00\x00\x00\x00\x00\x00')
Origin:None
Destination:BCM
Status:None
Error:MAC verification failed
Latency:0
2024-09-24 15:28:06,127 CAN ID:1980
Data:bytearray(b'\xbc\x00\x00\x00\x00\x00\x00\x00')
Origin:None
Destination:BCM
Status:None
Error:MAC verification failed
Latency:0
2024-09-24 15:28:06,128 CAN ID:1981
Data:bytearray(b'\xbd\x00\x00\x00\x00\x00\x00\x00')
Origin:None
Destination:BCM
Status:None
Error:MAC verification failed
Latency:0
2024-09-24 15:28:06,129 CAN ID:1982
Data:bytearray(b'\xbe\x00\x00\x00\x00\x00\x00\x00')
Origin:None
Destination:BCM
Status:None
Error:MAC verification failed
Latency:0
2024-09-24 15:28:06,131 CAN ID:1983
Data:bytearray(b'\xbf\x00\x00\x00\x00\x00\x00\x00')
Origin:None
Destination:BCM
Status:None
Error:MAC verification failed
Latency:0
2024-09-24 15:28:06,132 CAN ID:1984
Data:bytearray(b'\xc0\x00\x00\x00\x00\x00\x00\x00')
Origin:None
Destination:BCM
Status:None
Error:MAC verification failed
Latency:0
2024-09-24 15:28:06,133 CAN ID:1985
Data:bytearray(b'\xc1\x00\x00\x00\x00\x00\x00\x00')
Origin:None
Destination:BCM
Status:None
Error:MAC verification failed
Latency:0
2024-09-24 15:28:06,134 CAN ID:1986
Data:bytearray(b'\xc2\x00\x00\x00\x00\x00\x00\x00')
Origin:None
Destination:BCM
Status:None
Error:MAC verification failed
Latency:0
2024-09-24 15:28:06,136 CAN ID:1987
Data:bytearray(b'\xc3\x00\x00\x00\x00\x00\x00\x00')
Origin:None
Destination:BCM
Status:None
Error:MAC verification failed
Latency:0
2024-09-24 15:28:06,137 CAN ID:1988
Data:bytearray(b'\xc4\x00\x00\x00\x00\x00\x00\x00')
Origin:None
Destination:BCM
Status:None
Error:MAC verification failed
Latency:0
2024-09-24 15:28:06,138 CAN ID:1989
Data:bytearray(b'\xc5\x00\x00\x00\x00\x00\x00\x00')
Origin:None
Destination:BCM
Status:None
Error:MAC verification failed
Latency:0
2024-09-24 15:28:06,139 CAN ID:1990
Data:bytearray(b'\xc6\x00\x00\x00\x00\x00\x00\x00')
Origin:None
Destination:BCM
Status:None
Error:MAC verification failed
Latency:0
2024-09-24 15:28:06,141 CAN ID:1991
Data:bytearray(b'\xc7\x00\x00\x00\x00\x00\x00\x00')
Origin:None
Destination:BCM
Status:None
Error:MAC verification failed
Latency:0
2024-09-24 15:28:06,142 CAN ID:1992
Data:bytearray(b'\xc8\x00\x00\x00\x00\x00\x00\x00')
Origin:None
Destination:BCM
Status:None
Error:MAC verification failed
Latency:0
2024-09-24 15:28:06,143 CAN ID:1993
Data:bytearray(b'\xc9\x00\x00\x00\x00\x00\x00\x00')
Origin:None
Destination:BCM
Status:None
Error:MAC verification failed
Latency:0
2024-09-24 15:28:06,144 CAN ID:1994
Data:bytearray(b'\xca\x00\x00\x00\x00\x00\x00\x00')
Origin:None
Destination:BCM
Status:None
Error:MAC verification failed
Latency:0
2024-09-24 15:28:06,146 CAN ID:1995
Data:bytearray(b'\xcb\x00\x00\x00\x00\x00\x00\x00')
Origin:None
Destination:BCM
Status:None
Error:MAC verification failed
Latency:0
2024-09-24 15:28:06,147 CAN ID:1996
Data:bytearray(b'\xcc\x00\x00\x00\x00\x00\x00\x00')
Origin:None
Destination:BCM
Status:None
Error:MAC verification failed
Latency:0
2024-09-24 15:28:06,148 CAN ID:1997
Data:bytearray(b'\xcd\x00\x00\x00\x00\x00\x00\x00')
Origin:None
Destination:BCM
Status:None
Error:MAC verification failed
Latency:0
2024-09-24 15:28:06,149 CAN ID:1998
Data:bytearray(b'\xce\x00\x00\x00\x00\x00\x00\x00')
Origin:None
Destination:BCM
Status:None
Error:MAC verification failed
Latency:0
2024-09-24 15:28:06,151 CAN ID:1999
Data:bytearray(b'\xcf\x00\x00\x00\x00\x00\x00\x00')
Origin:None
Destination:BCM
Status:None
Error:MAC verification failed
Latency:0
2024-09-24 15:28:06,152 CAN ID:2000
Data:bytearray(b'\xd0\x00\x00\x00\x00\x00\x00\x00')
Origin:None
Destination:BCM
Status:None
Error:MAC verification failed
Latency:0
2024-09-24 15:28:06,153 CAN ID:2001
Data:bytearray(b'\xd1\x00\x00\x00\x00\x00\x00\x00')
Origin:None
Destination:BCM
Status:None
Error:MAC verification failed
Latency:0
2024-09-24 15:28:06,154 CAN ID:2002
Data:bytearray(b'\xd2\x00\x00\x00\x00\x00\x00\x00')
Origin:None
Destination:BCM
Status:None
Error:MAC verification failed
Latency:0
2024-09-24 15:28:06,156 CAN ID:2003
Data:bytearray(b'\xd3\x00\x00\x00\x00\x00\x00\x00')
Origin:None
Destination:BCM
Status:None
Error:MAC verification failed
Latency:0
2024-09-24 15:28:06,157 CAN ID:2004
Data:bytearray(b'\xd4\x00\x00\x00\x00\x00\x00\x00')
Origin:None
Destination:BCM
Status:None
Error:MAC verification failed
Latency:0
2024-09-24 15:28:06,158 CAN ID:2005
Data:bytearray(b'\xd5\x00\x00\x00\x00\x00\x00\x00')
Origin:None
Destination:BCM
Status:None
Error:MAC verification failed
Latency:0
2024-09-24 15:28:06,159 CAN ID:2006
Data:bytearray(b'\xd6\x00\x00\x00\x00\x00\x00\x00')
Origin:None
Destination:BCM
Status:None
Error:MAC verification failed
Latency:0
2024-09-24 15:28:06,161 CAN ID:2007
Data:bytearray(b'\xd7\x00\x00\x00\x00\x00\x00\x00')
Origin:None
Destination:BCM
Status:None
Error:MAC verification failed
Latency:0
2024-09-24 15:28:06,162 CAN ID:2008
Data:bytearray(b'\xd8\x00\x00\x00\x00\x00\x00\x00')
Origin:None
Destination:BCM
Status:None
Error:MAC verification failed
Latency:0
2024-09-24 15:28:06,163 CAN ID:2009
Data:bytearray(b'\xd9\x00\x00\x00\x00\x00\x00\x00')
Origin:None
Destination:BCM
Status:None
Error:MAC verification failed
Latency:0
2024-09-24 15:28:06,164 CAN ID:2010
Data:bytearray(b'\xda\x00\x00\x00\x00\x00\x00\x00')
Origin:None
Destination:BCM
Status:None
Error:MAC verification failed
Latency:0
2024-09-24 15:28:06,166 CAN ID:2011
Data:bytearray(b'\xdb\x00\x00\x00\x00\x00\x00\x00')
Origin:None
Destination:BCM
Status:None
Error:MAC verification failed
Latency:0
2024-09-24 15:28:06,167 CAN ID:2012
Data:bytearray(b'\xdc\x00\x00\x00\x00\x00\x00\x00')
Origin:None
Destination:BCM
Status:None
Error:MAC verification failed
Latency:0
2024-09-24 15:28:06,168 CAN ID:2013
Data:bytearray(b'\xdd\x00\x00\x00\x00\x00\x00\x00')
Origin:None
Destination:BCM
Status:None
Error:MAC verification failed
Latency:0
2024-09-24 15:28:06,169 CAN ID:2014
Data:bytearray(b'\xde\x00\x00\x00\x00\x00\x00\x00')
Origin:None
Destination:BCM
Status:None
Error:MAC verification failed
Latency:0
2024-09-24 15:28:06,171 CAN ID:2015
Data:bytearray(b'\xdf\x00\x00\x00\x00\x00\x00\x00')
Origin:None
Destination:BCM
Status:None
Error:MAC verification failed
Latency:0
2024-09-24 15:28:06,172 CAN ID:2016
Data:bytearray(b'\xe0\x00\x00\x00\x00\x00\x00\x00')
Origin:None
Destination:BCM
Status:None
Error:MAC verification failed
Latency:0
2024-09-24 15:28:06,173 CAN ID:2017
Data:bytearray(b'\xe1\x00\x00\x00\x00\x00\x00\x00')
Origin:None
Destination:BCM
Status:None
Error:MAC verification failed
Latency:0
2024-09-24 15:28:06,174 CAN ID:2018
Data:bytearray(b'\xe2\x00\x00\x00\x00\x00\x00\x00')
Origin:None
Destination:BCM
Status:None
Error:MAC verification failed
Latency:0
2024-09-24 15:28:06,176 CAN ID:2019
Data:bytearray(b'\xe3\x00\x00\x00\x00\x00\x00\x00')
Origin:None
Destination:BCM
Status:None
Error:MAC verification failed
Latency:0
2024-09-24 15:28:06,177 CAN ID:2020
Data:bytearray(b'\xe4\x00\x00\x00\x00\x00\x00\x00')
Origin:None
Destination:BCM
Status:None
Error:MAC verification failed
Latency:0
2024-09-24 15:28:06,179 CAN ID:2021
Data:bytearray(b'\xe5\x00\x00\x00\x00\x00\x00\x00')
Origin:None
Destination:BCM
Status:None
Error:MAC verification failed
Latency:0
2024-09-24 15:28:06,181 CAN ID:2022
Data:bytearray(b'\xe6\x00\x00\x00\x00\x00\x00\x00')
Origin:None
Destination:BCM
Status:None
Error:MAC verification failed
Latency:0
2024-09-24 15:28:06,182 CAN ID:2023
Data:bytearray(b'\xe7\x00\x00\x00\x00\x00\x00\x00')
Origin:None
Destination:BCM
Status:None
Error:MAC verification failed
Latency:0
2024-09-24 15:28:06,185 CAN ID:2024
Data:bytearray(b'\xe8\x00\x00\x00\x00\x00\x00\x00')
Origin:None
Destination:BCM
Status:None
Error:MAC verification failed
Latency:0
2024-09-24 15:28:06,186 CAN ID:2025
Data:bytearray(b'\xe9\x00\x00\x00\x00\x00\x00\x00')
Origin:None
Destination:BCM
Status:None
Error:MAC verification failed
Latency:0
2024-09-24 15:28:06,188 CAN ID:2026
Data:bytearray(b'\xea\x00\x00\x00\x00\x00\x00\x00')
Origin:None
Destination:BCM
Status:None
Error:MAC verification failed
Latency:0
2024-09-24 15:28:06,189 CAN ID:2027
Data:bytearray(b'\xeb\x00\x00\x00\x00\x00\x00\x00')
Origin:None
Destination:BCM
Status:None
Error:MAC verification failed
Latency:0
2024-09-24 15:28:06,190 CAN ID:2028
Data:bytearray(b'\xec\x00\x00\x00\x00\x00\x00\x00')
Origin:None
Destination:BCM
Status:None
Error:MAC verification failed
Latency:0
2024-09-24 15:28:06,192 CAN ID:2029
Data:bytearray(b'\xed\x00\x00\x00\x00\x00\x00\x00')
Origin:None
Destination:BCM
Status:None
Error:MAC verification failed
Latency:0
2024-09-24 15:28:06,193 CAN ID:2030
Data:bytearray(b'\xee\x00\x00\x00\x00\x00\x00\x00')
Origin:None
Destination:BCM
Status:None
Error:MAC verification failed
Latency:0
2024-09-24 15:28:06,194 CAN ID:2031
Data:bytearray(b'\xef\x00\x00\x00\x00\x00\x00\x00')
Origin:None
Destination:BCM
Status:None
Error:MAC verification failed
Latency:0
2024-09-24 15:28:06,196 CAN ID:2032
Data:bytearray(b'\xf0\x00\x00\x00\x00\x00\x00\x00')
Origin:None
Destination:BCM
Status:None
Error:MAC verification failed
Latency:0
2024-09-24 15:28:06,197 CAN ID:2033
Data:bytearray(b'\xf1\x00\x00\x00\x00\x00\x00\x00')
Origin:None
Destination:BCM
Status:None
Error:MAC verification failed
Latency:0
2024-09-24 15:28:06,198 CAN ID:2034
Data:bytearray(b'\xf2\x00\x00\x00\x00\x00\x00\x00')
Origin:None
Destination:BCM
Status:None
Error:MAC verification failed
Latency:0
2024-09-24 15:28:06,199 CAN ID:2035
Data:bytearray(b'\xf3\x00\x00\x00\x00\x00\x00\x00')
Origin:None
Destination:BCM
Status:None
Error:MAC verification failed
Latency:0
2024-09-24 15:28:06,201 CAN ID:2036
Data:bytearray(b'\xf4\x00\x00\x00\x00\x00\x00\x00')
Origin:None
Destination:BCM
Status:None
Error:MAC verification failed
Latency:0
2024-09-24 15:28:06,202 CAN ID:2037
Data:bytearray(b'\xf5\x00\x00\x00\x00\x00\x00\x00')
Origin:None
Destination:BCM
Status:None
Error:MAC verification failed
Latency:0
2024-09-24 15:28:06,203 CAN ID:2038
Data:bytearray(b'\xf6\x00\x00\x00\x00\x00\x00\x00')
Origin:None
Destination:BCM
Status:None
Error:MAC verification failed
Latency:0
2024-09-24 15:28:06,205 CAN ID:2039
Data:bytearray(b'\xf7\x00\x00\x00\x00\x00\x00\x00')
Origin:None
Destination:BCM
Status:None
Error:MAC verification failed
Latency:0
2024-09-24 15:28:06,206 CAN ID:2040
Data:bytearray(b'\xf8\x00\x00\x00\x00\x00\x00\x00')
Origin:None
Destination:BCM
Status:None
Error:MAC verification failed
Latency:0
2024-09-24 15:28:06,207 CAN ID:2041
Data:bytearray(b'\xf9\x00\x00\x00\x00\x00\x00\x00')
Origin:None
Destination:BCM
Status:None
Error:MAC verification failed
Latency:0
2024-09-24 15:28:06,209 CAN ID:2042
Data:bytearray(b'\xfa\x00\x00\x00\x00\x00\x00\x00')
Origin:None
Destination:BCM
Status:None
Error:MAC verification failed
Latency:0
2024-09-24 15:28:06,210 CAN ID:2043
Data:bytearray(b'\xfb\x00\x00\x00\x00\x00\x00\x00')
Origin:None
Destination:BCM
Status:None
Error:MAC verification failed
Latency:0
2024-09-24 15:28:06,211 CAN ID:2044
Data:bytearray(b'\xfc\x00\x00\x00\x00\x00\x00\x00')
Origin:None
Destination:BCM
Status:None
Error:MAC verification failed
Latency:0
2024-09-24 15:28:06,212 CAN ID:2045
Data:bytearray(b'\xfd\x00\x00\x00\x00\x00\x00\x00')
Origin:None
Destination:BCM
Status:None
Error:MAC verification failed
Latency:0
2024-09-24 15:28:06,213 CAN ID:2046
Data:bytearray(b'\xfe\x00\x00\x00\x00\x00\x00\x00')
Origin:None
Destination:BCM
Status:None
Error:MAC verification failed
Latency:0
2024-09-24 15:28:06,215 CAN ID:2047
Data:bytearray(b'\xff\x00\x00\x00\x00\x00\x00\x00')
Origin:None
Destination:BCM
Status:None
Error:MAC verification failed
Latency:0
2024-09-24 15:28:13,574 KeyboardInterrupt detected, exiting gracefully.
2024-09-24 15:28:13,574 Cleaning up resources...
2024-09-24 15:28:13,575 No latency values recorded.
2024-09-24 15:28:13,575 Cleanup complete. Exiting program.
