2024-09-24 15:41:11,580 Created a socket
2024-09-24 15:41:17,479 CAN ID:256
Data:bytearray(b'\x04f\xf2\xcf\x8d!\xdc\x15')
Origin:BSM
Destination:BCM
Status:Belt is OFF
Error:MAC verification successful
Latency:479
2024-09-24 15:41:18,588 CAN ID:256
Data:bytearray(b'\x05f\xf2\xcf\x8e\x08\xef\x7f')
Origin:BSM
Destination:BCM
Status:Belt is ON
Error:MAC verification successful
Latency:588
2024-09-24 15:41:18,700 CAN ID:256
Data:bytearray(b'\x04f\xf2\xcf\x8e\x89\x9e\xf5')
Origin:BSM
Destination:BCM
Status:Belt is OFF
Error:MAC verification successful
Latency:700
2024-09-24 15:41:18,903 CAN ID:256
Data:bytearray(b'\x05f\xf2\xcf\x8e\x08\xef\x7f')
Origin:BSM
Destination:BCM
Status:Belt is ON
Error:MAC verification successful
Latency:903
2024-09-24 15:41:19,006 CAN ID:256
Data:bytearray(b'\x04f\xf2\xcf\x8f#\xec\r')
Origin:BSM
Destination:BCM
Status:Belt is OFF
Error:MAC verification successful
Latency:6
2024-09-24 15:41:19,562 CAN ID:1024
Data:bytearray(b'\x01f\xf2\xcf\x8f\x03\x11\xf6')
Origin:HCM
Destination:BCM
Status:Headlights ON
Error:MAC verification successful
Latency:562
2024-09-24 15:41:20,332 CAN ID:256
Data:bytearray(b'\x05f\xf2\xcf\x90\x07!\xd4')
Origin:BSM
Destination:BCM
Status:Belt is ON
Error:MAC verification successful
Latency:332
2024-09-24 15:41:20,436 CAN ID:256
Data:bytearray(b'\x04f\xf2\xcf\x90\x1f<\x07')
Origin:BSM
Destination:BCM
Status:Belt is OFF
Error:MAC verification successful
Latency:436
2024-09-24 15:41:21,102 CAN ID:512
Data:bytearray(b'\x03f\xf2\xcf\x91\xdb{\x0f')
Origin:DCM
Destination:BCM
Status:Door is Locked
Error:MAC verification successful
Latency:102
2024-09-24 15:41:21,445 CAN ID:256
Data:bytearray(b'\x05f\xf2\xcf\x91\xc0\x8e6')
Origin:BSM
Destination:BCM
Status:Belt is ON
Error:MAC verification successful
Latency:445
2024-09-24 15:41:21,546 CAN ID:256
Data:bytearray(b'\x04f\xf2\xcf\x91y\xf7\xcf')
Origin:BSM
Destination:BCM
Status:Belt is OFF
Error:MAC verification successful
Latency:546
2024-09-24 15:41:21,848 CAN ID:256
Data:bytearray(b'\x05f\xf2\xcf\x91\xc0\x8e6')
Origin:BSM
Destination:BCM
Status:Belt is ON
Error:MAC verification successful
Latency:848
2024-09-24 15:41:21,951 CAN ID:256
Data:bytearray(b'\x04f\xf2\xcf\x91y\xf7\xcf')
Origin:BSM
Destination:BCM
Status:Belt is OFF
Error:MAC verification successful
Latency:951
2024-09-24 15:41:21,982 CAN ID:1024
Data:bytearray(b'\x00f\xf2\xcf\x91\xbda\xf8')
Origin:HCM
Destination:BCM
Status:Headlights OFF
Error:MAC verification successful
Latency:982
2024-09-24 15:41:22,043 CAN ID:512
Data:bytearray(b'\x02f\xf2\xcf\x92B{c')
Origin:DCM
Destination:BCM
Status:Door is Unlocked
Error:MAC verification successful
Latency:43
2024-09-24 15:41:22,089 CAN ID:1024
Data:bytearray(b'\x01f\xf2\xcf\x92\xd1)Y')
Origin:HCM
Destination:BCM
Status:Headlights ON
Error:MAC verification successful
Latency:89
2024-09-24 15:41:22,254 CAN ID:256
Data:bytearray(b'\x05f\xf2\xcf\x92\x00\x80\x89')
Origin:BSM
Destination:BCM
Status:Belt is ON
Error:MAC verification successful
Latency:254
2024-09-24 15:41:22,356 CAN ID:256
Data:bytearray(b'\x04f\xf2\xcf\x92I\x08p')
Origin:BSM
Destination:BCM
Status:Belt is OFF
Error:MAC verification successful
Latency:355
2024-09-24 15:41:22,560 CAN ID:256
Data:bytearray(b'\x05f\xf2\xcf\x92\x00\x80\x89')
Origin:BSM
Destination:BCM
Status:Belt is ON
Error:MAC verification successful
Latency:560
2024-09-24 15:41:22,697 CAN ID:1024
Data:bytearray(b'\x00f\xf2\xcf\x92tS\xe3')
Origin:HCM
Destination:BCM
Status:Headlights OFF
Error:MAC verification successful
Latency:697
2024-09-24 15:41:22,762 CAN ID:256
Data:bytearray(b'\x04f\xf2\xcf\x92I\x08p')
Origin:BSM
Destination:BCM
Status:Belt is OFF
Error:MAC verification successful
Latency:762
2024-09-24 15:41:22,949 CAN ID:512
Data:bytearray(b'\x03f\xf2\xcf\x92>E\x06')
Origin:DCM
Destination:BCM
Status:Door is Locked
Error:MAC verification successful
Latency:949
2024-09-24 15:41:22,999 CAN ID:1024
Data:bytearray(b'\x01f\xf2\xcf\x92\xd1)Y')
Origin:HCM
Destination:BCM
Status:Headlights ON
Error:MAC verification successful
Latency:999
2024-09-24 15:41:23,267 CAN ID:256
Data:bytearray(b'\x05f\xf2\xcf\x93\xbd\x81\r')
Origin:BSM
Destination:BCM
Status:Belt is ON
Error:MAC verification successful
Latency:267
2024-09-24 15:41:23,369 CAN ID:256
Data:bytearray(b'\x04f\xf2\xcf\x93\xb8#\x89')
Origin:BSM
Destination:BCM
Status:Belt is OFF
Error:MAC verification successful
Latency:369
2024-09-24 15:41:23,732 CAN ID:512
Data:bytearray(b'\x02f\xf2\xcf\x93\xa9\x83H')
Origin:DCM
Destination:BCM
Status:Door is Unlocked
Error:MAC verification successful
Latency:732
2024-09-24 15:41:24,372 CAN ID:256
Data:bytearray(b'\x05f\xf2\xcf\x94\x9af\xb1')
Origin:BSM
Destination:BCM
Status:Belt is ON
Error:MAC verification successful
Latency:372
2024-09-24 15:41:24,506 CAN ID:1024
Data:bytearray(b'\x00f\xf2\xcf\x94\xd5\xb8\xef')
Origin:HCM
Destination:BCM
Status:Headlights OFF
Error:MAC verification successful
Latency:506
2024-09-24 15:41:24,574 CAN ID:256
Data:bytearray(b'\x04f\xf2\xcf\x94\t1/')
Origin:BSM
Destination:BCM
Status:Belt is OFF
Error:MAC verification successful
Latency:574
2024-09-24 15:41:24,607 CAN ID:1024
Data:bytearray(b'\x01f\xf2\xcf\x94h\x8a\x10')
Origin:HCM
Destination:BCM
Status:Headlights ON
Error:MAC verification successful
Latency:607
2024-09-24 15:41:24,774 CAN ID:256
Data:bytearray(b'\x05f\xf2\xcf\x94\x9af\xb1')
Origin:BSM
Destination:BCM
Status:Belt is ON
Error:MAC verification successful
Latency:774
2024-09-24 15:41:24,976 CAN ID:256
Data:bytearray(b'\x04f\xf2\xcf\x94\t1/')
Origin:BSM
Destination:BCM
Status:Belt is OFF
Error:MAC verification successful
Latency:976
2024-09-24 15:41:25,609 CAN ID:1024
Data:bytearray(b'\x00f\xf2\xcf\x95\x95\x9cL')
Origin:HCM
Destination:BCM
Status:Headlights OFF
Error:MAC verification successful
Latency:609
2024-09-24 15:41:25,710 CAN ID:1024
Data:bytearray(b'\x01f\xf2\xcf\x95=\xbc\x05')
Origin:HCM
Destination:BCM
Status:Headlights ON
Error:MAC verification successful
Latency:710
2024-09-24 15:41:25,811 CAN ID:1024
Data:bytearray(b'\x00f\xf2\xcf\x95\x95\x9cL')
Origin:HCM
Destination:BCM
Status:Headlights OFF
Error:MAC verification successful
Latency:811
2024-09-24 15:41:25,912 CAN ID:1024
Data:bytearray(b'\x01f\xf2\xcf\x95=\xbc\x05')
Origin:HCM
Destination:BCM
Status:Headlights ON
Error:MAC verification successful
Latency:912
2024-09-24 15:41:26,012 CAN ID:1024
Data:bytearray(b'\x00f\xf2\xcf\x96\xf6\x1c\x0e')
Origin:HCM
Destination:BCM
Status:Headlights OFF
Error:MAC verification successful
Latency:12
2024-09-24 15:41:26,113 CAN ID:1024
Data:bytearray(b'\x01f\xf2\xcf\x96< K')
Origin:HCM
Destination:BCM
Status:Headlights ON
Error:MAC verification successful
Latency:113
2024-09-24 15:41:26,179 CAN ID:256
Data:bytearray(b'\x05f\xf2\xcf\x96\x9aD\x80')
Origin:BSM
Destination:BCM
Status:Belt is ON
Error:MAC verification successful
Latency:179
2024-09-24 15:41:26,215 CAN ID:1024
Data:bytearray(b'\x00f\xf2\xcf\x96\xf6\x1c\x0e')
Origin:HCM
Destination:BCM
Status:Headlights OFF
Error:MAC verification successful
Latency:215
2024-09-24 15:41:26,280 CAN ID:256
Data:bytearray(b'\x04f\xf2\xcf\x96\xd0\xea\x88')
Origin:BSM
Destination:BCM
Status:Belt is OFF
Error:MAC verification successful
Latency:279
2024-09-24 15:41:26,316 CAN ID:1024
Data:bytearray(b'\x01f\xf2\xcf\x96< K')
Origin:HCM
Destination:BCM
Status:Headlights ON
Error:MAC verification successful
Latency:316
2024-09-24 15:41:26,596 CAN ID:512
Data:bytearray(b'\x03f\xf2\xcf\x96 (\x99')
Origin:DCM
Destination:BCM
Status:Door is Locked
Error:MAC verification successful
Latency:596
2024-09-24 15:41:26,718 CAN ID:1024
Data:bytearray(b'\x00f\xf2\xcf\x96\xf6\x1c\x0e')
Origin:HCM
Destination:BCM
Status:Headlights OFF
Error:MAC verification successful
Latency:718
2024-09-24 15:41:26,881 CAN ID:256
Data:bytearray(b'\x05f\xf2\xcf\x96\x9aD\x80')
Origin:BSM
Destination:BCM
Status:Belt is ON
Error:MAC verification successful
Latency:881
2024-09-24 15:41:26,919 CAN ID:1024
Data:bytearray(b'\x01f\xf2\xcf\x96< K')
Origin:HCM
Destination:BCM
Status:Headlights ON
Error:MAC verification successful
Latency:919
2024-09-24 15:41:27,082 CAN ID:256
Data:bytearray(b'\x04f\xf2\xcf\x97\xa8\x9b=')
Origin:BSM
Destination:BCM
Status:Belt is OFF
Error:MAC verification successful
Latency:82
2024-09-24 15:41:27,321 CAN ID:1024
Data:bytearray(b'\x00f\xf2\xcf\x97h\xd2\xc9')
Origin:HCM
Destination:BCM
Status:Headlights OFF
Error:MAC verification successful
Latency:321
2024-09-24 15:41:27,421 CAN ID:1024
Data:bytearray(b'\x01f\xf2\xcf\x97\xd1\xb6\xa3')
Origin:HCM
Destination:BCM
Status:Headlights ON
Error:MAC verification successful
Latency:421
2024-09-24 15:41:27,822 CAN ID:1024
Data:bytearray(b'\x00f\xf2\xcf\x97h\xd2\xc9')
Origin:HCM
Destination:BCM
Status:Headlights OFF
Error:MAC verification successful
Latency:822
2024-09-24 15:41:27,923 CAN ID:1024
Data:bytearray(b'\x01f\xf2\xcf\x97\xd1\xb6\xa3')
Origin:HCM
Destination:BCM
Status:Headlights ON
Error:MAC verification successful
Latency:923
2024-09-24 15:41:27,984 CAN ID:256
Data:bytearray(b'\x05f\xf2\xcf\x97+\xb8\x80')
Origin:BSM
Destination:BCM
Status:Belt is ON
Error:MAC verification successful
Latency:984
2024-09-24 15:41:28,024 CAN ID:1024
Data:bytearray(b'\x00f\xf2\xcf\x98\x16\xab\xd4')
Origin:HCM
Destination:BCM
Status:Headlights OFF
Error:MAC verification successful
Latency:24
2024-09-24 15:41:28,085 CAN ID:256
Data:bytearray(b'\x04f\xf2\xcf\x98v\xe3\x82')
Origin:BSM
Destination:BCM
Status:Belt is OFF
Error:MAC verification successful
Latency:85
2024-09-24 15:41:28,125 CAN ID:1024
Data:bytearray(b'\x01f\xf2\xcf\x98\n\xa4\xe6')
Origin:HCM
Destination:BCM
Status:Headlights ON
Error:MAC verification successful
Latency:125
2024-09-24 15:41:28,286 CAN ID:256
Data:bytearray(b'\x05f\xf2\xcf\x98\xdf3\xf0')
Origin:BSM
Destination:BCM
Status:Belt is ON
Error:MAC verification successful
Latency:286
2024-09-24 15:41:28,387 CAN ID:256
Data:bytearray(b'\x04f\xf2\xcf\x98v\xe3\x82')
Origin:BSM
Destination:BCM
Status:Belt is OFF
Error:MAC verification successful
Latency:387
2024-09-24 15:41:28,488 CAN ID:256
Data:bytearray(b'\x05f\xf2\xcf\x98\xdf3\xf0')
Origin:BSM
Destination:BCM
Status:Belt is ON
Error:MAC verification successful
Latency:488
2024-09-24 15:41:28,526 CAN ID:1024
Data:bytearray(b'\x00f\xf2\xcf\x98\x16\xab\xd4')
Origin:HCM
Destination:BCM
Status:Headlights OFF
Error:MAC verification successful
Latency:526
2024-09-24 15:41:28,589 CAN ID:256
Data:bytearray(b'\x04f\xf2\xcf\x98v\xe3\x82')
Origin:BSM
Destination:BCM
Status:Belt is OFF
Error:MAC verification successful
Latency:589
2024-09-24 15:41:28,627 CAN ID:1024
Data:bytearray(b'\x01f\xf2\xcf\x98\n\xa4\xe6')
Origin:HCM
Destination:BCM
Status:Headlights ON
Error:MAC verification successful
Latency:627
2024-09-24 15:41:28,728 CAN ID:1024
Data:bytearray(b'\x00f\xf2\xcf\x98\x16\xab\xd4')
Origin:HCM
Destination:BCM
Status:Headlights OFF
Error:MAC verification successful
Latency:728
2024-09-24 15:41:28,792 CAN ID:256
Data:bytearray(b'\x05f\xf2\xcf\x98\xdf3\xf0')
Origin:BSM
Destination:BCM
Status:Belt is ON
Error:MAC verification successful
Latency:792
2024-09-24 15:41:28,832 CAN ID:1024
Data:bytearray(b'\x01f\xf2\xcf\x98\n\xa4\xe6')
Origin:HCM
Destination:BCM
Status:Headlights ON
Error:MAC verification successful
Latency:832
2024-09-24 15:41:28,893 CAN ID:256
Data:bytearray(b'\x04f\xf2\xcf\x98v\xe3\x82')
Origin:BSM
Destination:BCM
Status:Belt is OFF
Error:MAC verification successful
Latency:893
2024-09-24 15:41:28,997 CAN ID:256
Data:bytearray(b'\x05f\xf2\xcf\x98\xdf3\xf0')
Origin:BSM
Destination:BCM
Status:Belt is ON
Error:MAC verification successful
Latency:996
2024-09-24 15:41:29,100 CAN ID:256
Data:bytearray(b'\x04f\xf2\xcf\x99`\xde\x1b')
Origin:BSM
Destination:BCM
Status:Belt is OFF
Error:MAC verification successful
Latency:100
2024-09-24 15:41:29,135 CAN ID:1024
Data:bytearray(b'\x00f\xf2\xcf\x99\x9d\xe7G')
Origin:HCM
Destination:BCM
Status:Headlights OFF
Error:MAC verification successful
Latency:135
2024-09-24 15:41:29,302 CAN ID:256
Data:bytearray(b'\x05f\xf2\xcf\x99\xd7\x9a>')
Origin:BSM
Destination:BCM
Status:Belt is ON
Error:MAC verification successful
Latency:302
2024-09-24 15:41:29,337 CAN ID:1024
Data:bytearray(b'\x01f\xf2\xcf\x99d\xa0\xca')
Origin:HCM
Destination:BCM
Status:Headlights ON
Error:MAC verification successful
Latency:337
2024-09-24 15:41:29,503 CAN ID:256
Data:bytearray(b'\x04f\xf2\xcf\x99`\xde\x1b')
Origin:BSM
Destination:BCM
Status:Belt is OFF
Error:MAC verification successful
Latency:503
2024-09-24 15:41:29,704 CAN ID:256
Data:bytearray(b'\x05f\xf2\xcf\x99\xd7\x9a>')
Origin:BSM
Destination:BCM
Status:Belt is ON
Error:MAC verification successful
Latency:704
2024-09-24 15:41:29,940 CAN ID:1024
Data:bytearray(b'\x00f\xf2\xcf\x99\x9d\xe7G')
Origin:HCM
Destination:BCM
Status:Headlights OFF
Error:MAC verification successful
Latency:940
2024-09-24 15:41:30,010 CAN ID:256
Data:bytearray(b'\x04f\xf2\xcf\x9a\x9eL\xfe')
Origin:BSM
Destination:BCM
Status:Belt is OFF
Error:MAC verification successful
Latency:10
2024-09-24 15:41:30,043 CAN ID:1024
Data:bytearray(b'\x01f\xf2\xcf\x9a\xf97\x82')
Origin:HCM
Destination:BCM
Status:Headlights ON
Error:MAC verification successful
Latency:42
2024-09-24 15:41:30,213 CAN ID:256
Data:bytearray(b'\x05f\xf2\xcf\x9at\x1fg')
Origin:BSM
Destination:BCM
Status:Belt is ON
Error:MAC verification successful
Latency:213
2024-09-24 15:41:30,245 CAN ID:1024
Data:bytearray(b'\x00f\xf2\xcf\x9a\x91\x19\xa7')
Origin:HCM
Destination:BCM
Status:Headlights OFF
Error:MAC verification successful
Latency:245
2024-09-24 15:41:30,316 CAN ID:256
Data:bytearray(b'\x04f\xf2\xcf\x9a\x9eL\xfe')
Origin:BSM
Destination:BCM
Status:Belt is OFF
Error:MAC verification successful
Latency:315
2024-09-24 15:41:30,347 CAN ID:1024
Data:bytearray(b'\x01f\xf2\xcf\x9a\xf97\x82')
Origin:HCM
Destination:BCM
Status:Headlights ON
Error:MAC verification successful
Latency:347
2024-09-24 15:41:30,451 CAN ID:1024
Data:bytearray(b'\x00f\xf2\xcf\x9a\x91\x19\xa7')
Origin:HCM
Destination:BCM
Status:Headlights OFF
Error:MAC verification successful
Latency:451
2024-09-24 15:41:30,653 CAN ID:1024
Data:bytearray(b'\x01f\xf2\xcf\x9a\xf97\x82')
Origin:HCM
Destination:BCM
Status:Headlights ON
Error:MAC verification successful
Latency:653
2024-09-24 15:41:30,721 CAN ID:256
Data:bytearray(b'\x05f\xf2\xcf\x9at\x1fg')
Origin:BSM
Destination:BCM
Status:Belt is ON
Error:MAC verification successful
Latency:721
2024-09-24 15:41:30,757 CAN ID:1024
Data:bytearray(b'\x00f\xf2\xcf\x9a\x91\x19\xa7')
Origin:HCM
Destination:BCM
Status:Headlights OFF
Error:MAC verification successful
Latency:757
2024-09-24 15:41:30,859 CAN ID:1024
Data:bytearray(b'\x01f\xf2\xcf\x9a\xf97\x82')
Origin:HCM
Destination:BCM
Status:Headlights ON
Error:MAC verification successful
Latency:859
2024-09-24 15:41:30,961 CAN ID:1024
Data:bytearray(b'\x00f\xf2\xcf\x9a\x91\x19\xa7')
Origin:HCM
Destination:BCM
Status:Headlights OFF
Error:MAC verification successful
Latency:961
2024-09-24 15:41:31,122 CAN ID:256
Data:bytearray(b'\x04f\xf2\xcf\x9b\xd6\xe4\x15')
Origin:BSM
Destination:BCM
Status:Belt is OFF
Error:MAC verification successful
Latency:122
2024-09-24 15:41:31,224 CAN ID:256
Data:bytearray(b'\x05f\xf2\xcf\x9b\xf6&\x83')
Origin:BSM
Destination:BCM
Status:Belt is ON
Error:MAC verification successful
Latency:224
2024-09-24 15:41:31,263 CAN ID:1024
Data:bytearray(b"\x01f\xf2\xcf\x9b\'\xf4g")
Origin:HCM
Destination:BCM
Status:Headlights ON
Error:MAC verification successful
Latency:263
2024-09-24 15:41:31,326 CAN ID:256
Data:bytearray(b'\x04f\xf2\xcf\x9b\xd6\xe4\x15')
Origin:BSM
Destination:BCM
Status:Belt is OFF
Error:MAC verification successful
Latency:326
2024-09-24 15:41:31,367 CAN ID:1024
Data:bytearray(b'\x00f\xf2\xcf\x9b\x08VL')
Origin:HCM
Destination:BCM
Status:Headlights OFF
Error:MAC verification successful
Latency:367
2024-09-24 15:41:31,428 CAN ID:256
Data:bytearray(b'\x05f\xf2\xcf\x9b\xf6&\x83')
Origin:BSM
Destination:BCM
Status:Belt is ON
Error:MAC verification successful
Latency:428
2024-09-24 15:41:31,531 CAN ID:256
Data:bytearray(b'\x04f\xf2\xcf\x9b\xd6\xe4\x15')
Origin:BSM
Destination:BCM
Status:Belt is OFF
Error:MAC verification successful
Latency:530
2024-09-24 15:41:31,569 CAN ID:1024
Data:bytearray(b"\x01f\xf2\xcf\x9b\'\xf4g")
Origin:HCM
Destination:BCM
Status:Headlights ON
Error:MAC verification successful
Latency:569
2024-09-24 15:41:31,833 CAN ID:256
Data:bytearray(b'\x05f\xf2\xcf\x9b\xf6&\x83')
Origin:BSM
Destination:BCM
Status:Belt is ON
Error:MAC verification successful
Latency:833
2024-09-24 15:41:31,873 CAN ID:1024
Data:bytearray(b'\x00f\xf2\xcf\x9b\x08VL')
Origin:HCM
Destination:BCM
Status:Headlights OFF
Error:MAC verification successful
Latency:873
2024-09-24 15:41:31,937 CAN ID:256
Data:bytearray(b'\x04f\xf2\xcf\x9b\xd6\xe4\x15')
Origin:BSM
Destination:BCM
Status:Belt is OFF
Error:MAC verification successful
Latency:937
2024-09-24 15:41:32,042 CAN ID:256
Data:bytearray(b'\x05f\xf2\xcf\x9c\x88\xd44')
Origin:BSM
Destination:BCM
Status:Belt is ON
Error:MAC verification successful
Latency:42
2024-09-24 15:41:32,251 CAN ID:256
Data:bytearray(b'\x04f\xf2\xcf\x9c\xcf\x06\xb6')
Origin:BSM
Destination:BCM
Status:Belt is OFF
Error:MAC verification successful
Latency:251
2024-09-24 15:41:32,281 CAN ID:1024
Data:bytearray(b'\x01f\xf2\xcf\x9c\x97\xa5\xee')
Origin:HCM
Destination:BCM
Status:Headlights ON
Error:MAC verification successful
Latency:281
2024-09-24 15:41:32,384 CAN ID:1024
Data:bytearray(b'\x00f\xf2\xcf\x9cUN[')
Origin:HCM
Destination:BCM
Status:Headlights OFF
Error:MAC verification successful
Latency:384
2024-09-24 15:41:32,459 CAN ID:256
Data:bytearray(b'\x05f\xf2\xcf\x9c\x88\xd44')
Origin:BSM
Destination:BCM
Status:Belt is ON
Error:MAC verification successful
Latency:459
2024-09-24 15:41:32,492 CAN ID:1024
Data:bytearray(b'\x01f\xf2\xcf\x9c\x97\xa5\xee')
Origin:HCM
Destination:BCM
Status:Headlights ON
Error:MAC verification successful
Latency:492
2024-09-24 15:41:32,599 CAN ID:1024
Data:bytearray(b'\x00f\xf2\xcf\x9cUN[')
Origin:HCM
Destination:BCM
Status:Headlights OFF
Error:MAC verification successful
Latency:599
2024-09-24 15:41:32,765 CAN ID:256
Data:bytearray(b'\x04f\xf2\xcf\x9c\xcf\x06\xb6')
Origin:BSM
Destination:BCM
Status:Belt is OFF
Error:MAC verification successful
Latency:765
2024-09-24 15:41:32,871 CAN ID:256
Data:bytearray(b'\x05f\xf2\xcf\x9c\x88\xd44')
Origin:BSM
Destination:BCM
Status:Belt is ON
Error:MAC verification successful
Latency:871
2024-09-24 15:41:32,905 CAN ID:1024
Data:bytearray(b'\x01f\xf2\xcf\x9c\x97\xa5\xee')
Origin:HCM
Destination:BCM
Status:Headlights ON
Error:MAC verification successful
Latency:905
2024-09-24 15:41:33,209 CAN ID:1024
Data:bytearray(b'\x00f\xf2\xcf\x9dU\xcb\x9b')
Origin:HCM
Destination:BCM
Status:Headlights OFF
Error:MAC verification successful
Latency:209
2024-09-24 15:41:33,312 CAN ID:1024
Data:bytearray(b'\x01f\xf2\xcf\x9d mE')
Origin:HCM
Destination:BCM
Status:Headlights ON
Error:MAC verification successful
Latency:312
2024-09-24 15:41:33,382 CAN ID:256
Data:bytearray(b'\x04f\xf2\xcf\x9d\xa1\x01[')
Origin:BSM
Destination:BCM
Status:Belt is OFF
Error:MAC verification successful
Latency:382
2024-09-24 15:41:33,687 CAN ID:256
Data:bytearray(b'\x05f\xf2\xcf\x9d\x87k\xbb')
Origin:BSM
Destination:BCM
Status:Belt is ON
Error:MAC verification successful
Latency:687
2024-09-24 15:41:33,892 CAN ID:256
Data:bytearray(b'\x04f\xf2\xcf\x9d\xa1\x01[')
Origin:BSM
Destination:BCM
Status:Belt is OFF
Error:MAC verification successful
Latency:892
2024-09-24 15:41:34,020 CAN ID:1024
Data:bytearray(b'\x00f\xf2\xcf\x9eV\xae7')
Origin:HCM
Destination:BCM
Status:Headlights OFF
Error:MAC verification successful
Latency:20
2024-09-24 15:41:34,125 CAN ID:1024
Data:bytearray(b'\x01f\xf2\xcf\x9e%3\x80')
Origin:HCM
Destination:BCM
Status:Headlights ON
Error:MAC verification successful
Latency:125
2024-09-24 15:41:34,499 CAN ID:256
Data:bytearray(b'\x05f\xf2\xcf\x9ec\xd6\xea')
Origin:BSM
Destination:BCM
Status:Belt is ON
Error:MAC verification successful
Latency:498
2024-09-24 15:41:34,532 CAN ID:1024
Data:bytearray(b'\x00f\xf2\xcf\x9eV\xae7')
Origin:HCM
Destination:BCM
Status:Headlights OFF
Error:MAC verification successful
Latency:532
2024-09-24 15:41:34,601 CAN ID:256
Data:bytearray(b'\x04f\xf2\xcf\x9e\xf8\x19X')
Origin:BSM
Destination:BCM
Status:Belt is OFF
Error:MAC verification successful
Latency:601
2024-09-24 15:41:34,702 CAN ID:256
Data:bytearray(b'\x05f\xf2\xcf\x9ec\xd6\xea')
Origin:BSM
Destination:BCM
Status:Belt is ON
Error:MAC verification successful
Latency:702
2024-09-24 15:41:34,833 CAN ID:1024
Data:bytearray(b'\x01f\xf2\xcf\x9e%3\x80')
Origin:HCM
Destination:BCM
Status:Headlights ON
Error:MAC verification successful
Latency:833
2024-09-24 15:41:34,935 CAN ID:1024
Data:bytearray(b'\x00f\xf2\xcf\x9eV\xae7')
Origin:HCM
Destination:BCM
Status:Headlights OFF
Error:MAC verification successful
Latency:935
2024-09-24 15:41:35,003 CAN ID:256
Data:bytearray(b'\x04f\xf2\xcf\x9fd\xd8\xa0')
Origin:BSM
Destination:BCM
Status:Belt is OFF
Error:MAC verification successful
Latency:3
2024-09-24 15:41:35,104 CAN ID:256
Data:bytearray(b'\x05f\xf2\xcf\x9fs&\xd8')
Origin:BSM
Destination:BCM
Status:Belt is ON
Error:MAC verification successful
Latency:104
2024-09-24 15:41:35,206 CAN ID:256
Data:bytearray(b'\x04f\xf2\xcf\x9fd\xd8\xa0')
Origin:BSM
Destination:BCM
Status:Belt is OFF
Error:MAC verification successful
Latency:206
2024-09-24 15:41:35,338 CAN ID:1024
Data:bytearray(b'\x01f\xf2\xcf\x9f\xeb+\xb7')
Origin:HCM
Destination:BCM
Status:Headlights ON
Error:MAC verification successful
Latency:337
2024-09-24 15:41:35,408 CAN ID:256
Data:bytearray(b'\x05f\xf2\xcf\x9fs&\xd8')
Origin:BSM
Destination:BCM
Status:Belt is ON
Error:MAC verification successful
Latency:407
2024-09-24 15:41:35,509 CAN ID:256
Data:bytearray(b'\x04f\xf2\xcf\x9fd\xd8\xa0')
Origin:BSM
Destination:BCM
Status:Belt is OFF
Error:MAC verification successful
Latency:509
2024-09-24 15:41:35,539 CAN ID:1024
Data:bytearray(b'\x00f\xf2\xcf\x9f"\xb6\x9a')
Origin:HCM
Destination:BCM
Status:Headlights OFF
Error:MAC verification successful
Latency:539
2024-09-24 15:41:35,711 CAN ID:256
Data:bytearray(b'\x05f\xf2\xcf\x9fs&\xd8')
Origin:BSM
Destination:BCM
Status:Belt is ON
Error:MAC verification successful
Latency:711
2024-09-24 15:41:35,941 CAN ID:1024
Data:bytearray(b'\x01f\xf2\xcf\x9f\xeb+\xb7')
Origin:HCM
Destination:BCM
Status:Headlights ON
Error:MAC verification successful
Latency:940
2024-09-24 15:41:36,142 CAN ID:1024
Data:bytearray(b'\x00f\xf2\xcf\xa0\x10\xeb#')
Origin:HCM
Destination:BCM
Status:Headlights OFF
Error:MAC verification successful
Latency:142
2024-09-24 15:41:36,343 CAN ID:1024
Data:bytearray(b'\x01f\xf2\xcf\xa0\xabS{')
Origin:HCM
Destination:BCM
Status:Headlights ON
Error:MAC verification successful
Latency:343
2024-09-24 15:41:36,444 CAN ID:1024
Data:bytearray(b'\x00f\xf2\xcf\xa0\x10\xeb#')
Origin:HCM
Destination:BCM
Status:Headlights OFF
Error:MAC verification successful
Latency:444
2024-09-24 15:41:36,745 CAN ID:1024
Data:bytearray(b'\x01f\xf2\xcf\xa0\xabS{')
Origin:HCM
Destination:BCM
Status:Headlights ON
Error:MAC verification successful
Latency:745
2024-09-24 15:41:36,814 CAN ID:256
Data:bytearray(b'\x04f\xf2\xcf\xa0\x9d\x83\x85')
Origin:BSM
Destination:BCM
Status:Belt is OFF
Error:MAC verification successful
Latency:814
2024-09-24 15:41:36,846 CAN ID:1024
Data:bytearray(b'\x00f\xf2\xcf\xa0\x10\xeb#')
Origin:HCM
Destination:BCM
Status:Headlights OFF
Error:MAC verification successful
Latency:846
2024-09-24 15:41:36,914 CAN ID:256
Data:bytearray(b'\x05f\xf2\xcf\xa0\xfd*!')
Origin:BSM
Destination:BCM
Status:Belt is ON
Error:MAC verification successful
Latency:914
2024-09-24 15:41:37,048 CAN ID:1024
Data:bytearray(b'\x01f\xf2\xcf\xa1\x04\xba\xbf')
Origin:HCM
Destination:BCM
Status:Headlights ON
Error:MAC verification successful
Latency:48
2024-09-24 15:41:37,116 CAN ID:256
Data:bytearray(b'\x04f\xf2\xcf\xa12\xa6\xdd')
Origin:BSM
Destination:BCM
Status:Belt is OFF
Error:MAC verification successful
Latency:116
2024-09-24 15:41:37,149 CAN ID:1024
Data:bytearray(b'\x00f\xf2\xcf\xa1\x8e\x82d')
Origin:HCM
Destination:BCM
Status:Headlights OFF
Error:MAC verification successful
Latency:149
2024-09-24 15:41:37,217 CAN ID:256
Data:bytearray(b'\x05f\xf2\xcf\xa1FHs')
Origin:BSM
Destination:BCM
Status:Belt is ON
Error:MAC verification successful
Latency:217
2024-09-24 15:41:37,249 CAN ID:1024
Data:bytearray(b'\x01f\xf2\xcf\xa1\x04\xba\xbf')
Origin:HCM
Destination:BCM
Status:Headlights ON
Error:MAC verification successful
Latency:249
2024-09-24 15:41:37,350 CAN ID:1024
Data:bytearray(b'\x00f\xf2\xcf\xa1\x8e\x82d')
Origin:HCM
Destination:BCM
Status:Headlights OFF
Error:MAC verification successful
Latency:350
2024-09-24 15:41:37,418 CAN ID:256
Data:bytearray(b'\x04f\xf2\xcf\xa12\xa6\xdd')
Origin:BSM
Destination:BCM
Status:Belt is OFF
Error:MAC verification successful
Latency:418
2024-09-24 15:41:37,519 CAN ID:256
Data:bytearray(b'\x05f\xf2\xcf\xa1FHs')
Origin:BSM
Destination:BCM
Status:Belt is ON
Error:MAC verification successful
Latency:518
2024-09-24 15:41:37,719 CAN ID:256
Data:bytearray(b'\x04f\xf2\xcf\xa12\xa6\xdd')
Origin:BSM
Destination:BCM
Status:Belt is OFF
Error:MAC verification successful
Latency:719
2024-09-24 15:41:37,920 CAN ID:256
Data:bytearray(b'\x05f\xf2\xcf\xa1FHs')
Origin:BSM
Destination:BCM
Status:Belt is ON
Error:MAC verification successful
Latency:920
2024-09-24 15:41:37,952 CAN ID:1024
Data:bytearray(b'\x01f\xf2\xcf\xa1\x04\xba\xbf')
Origin:HCM
Destination:BCM
Status:Headlights ON
Error:MAC verification successful
Latency:952
2024-09-24 15:41:38,021 CAN ID:256
Data:bytearray(b'\x04f\xf2\xcf\xa2\xb0{E')
Origin:BSM
Destination:BCM
Status:Belt is OFF
Error:MAC verification successful
Latency:21
2024-09-24 15:41:38,052 CAN ID:1024
Data:bytearray(b'\x00f\xf2\xcf\xa2\xf1x\xfb')
Origin:HCM
Destination:BCM
Status:Headlights OFF
Error:MAC verification successful
Latency:52
2024-09-24 15:41:38,122 CAN ID:256
Data:bytearray(b'\x05f\xf2\xcf\xa2\x1cZ\xf2')
Origin:BSM
Destination:BCM
Status:Belt is ON
Error:MAC verification successful
Latency:122
2024-09-24 15:41:38,254 CAN ID:1024
Data:bytearray(b'\x01f\xf2\xcf\xa22\xe2y')
Origin:HCM
Destination:BCM
Status:Headlights ON
Error:MAC verification successful
Latency:254
2024-09-24 15:41:38,324 CAN ID:256
Data:bytearray(b'\x04f\xf2\xcf\xa2\xb0{E')
Origin:BSM
Destination:BCM
Status:Belt is OFF
Error:MAC verification successful
Latency:324
2024-09-24 15:41:38,355 CAN ID:1024
Data:bytearray(b'\x00f\xf2\xcf\xa2\xf1x\xfb')
Origin:HCM
Destination:BCM
Status:Headlights OFF
Error:MAC verification successful
Latency:355
2024-09-24 15:41:38,425 CAN ID:256
Data:bytearray(b'\x05f\xf2\xcf\xa2\x1cZ\xf2')
Origin:BSM
Destination:BCM
Status:Belt is ON
Error:MAC verification successful
Latency:425
2024-09-24 15:41:38,526 CAN ID:256
Data:bytearray(b'\x04f\xf2\xcf\xa2\xb0{E')
Origin:BSM
Destination:BCM
Status:Belt is OFF
Error:MAC verification successful
Latency:526
2024-09-24 15:41:38,627 CAN ID:256
Data:bytearray(b'\x05f\xf2\xcf\xa2\x1cZ\xf2')
Origin:BSM
Destination:BCM
Status:Belt is ON
Error:MAC verification successful
Latency:627
2024-09-24 15:41:38,760 CAN ID:1024
Data:bytearray(b'\x01f\xf2\xcf\xa22\xe2y')
Origin:HCM
Destination:BCM
Status:Headlights ON
Error:MAC verification successful
Latency:760
2024-09-24 15:41:38,928 CAN ID:256
Data:bytearray(b'\x04f\xf2\xcf\xa2\xb0{E')
Origin:BSM
Destination:BCM
Status:Belt is OFF
Error:MAC verification successful
Latency:928
2024-09-24 15:41:39,029 CAN ID:256
Data:bytearray(b'\x05f\xf2\xcf\xa32\xb6c')
Origin:BSM
Destination:BCM
Status:Belt is ON
Error:MAC verification successful
Latency:29
2024-09-24 15:41:39,061 CAN ID:1024
Data:bytearray(b'\x00f\xf2\xcf\xa3\x01\xd7\xb3')
Origin:HCM
Destination:BCM
Status:Headlights OFF
Error:MAC verification successful
Latency:61
2024-09-24 15:41:39,130 CAN ID:256
Data:bytearray(b'\x04f\xf2\xcf\xa3~\x80\t')
Origin:BSM
Destination:BCM
Status:Belt is OFF
Error:MAC verification successful
Latency:130
2024-09-24 15:41:39,332 CAN ID:256
Data:bytearray(b'\x05f\xf2\xcf\xa32\xb6c')
Origin:BSM
Destination:BCM
Status:Belt is ON
Error:MAC verification successful
Latency:332
2024-09-24 15:41:39,364 CAN ID:1024
Data:bytearray(b'\x01f\xf2\xcf\xa3\x84{`')
Origin:HCM
Destination:BCM
Status:Headlights ON
Error:MAC verification successful
Latency:364
2024-09-24 15:41:39,468 CAN ID:1024
Data:bytearray(b'\x00f\xf2\xcf\xa3\x01\xd7\xb3')
Origin:HCM
Destination:BCM
Status:Headlights OFF
Error:MAC verification successful
Latency:468
2024-09-24 15:41:39,569 CAN ID:1024
Data:bytearray(b'\x01f\xf2\xcf\xa3\x84{`')
Origin:HCM
Destination:BCM
Status:Headlights ON
Error:MAC verification successful
Latency:569
2024-09-24 15:41:39,633 CAN ID:256
Data:bytearray(b'\x04f\xf2\xcf\xa3~\x80\t')
Origin:BSM
Destination:BCM
Status:Belt is OFF
Error:MAC verification successful
Latency:633
2024-09-24 15:41:39,734 CAN ID:256
Data:bytearray(b'\x05f\xf2\xcf\xa32\xb6c')
Origin:BSM
Destination:BCM
Status:Belt is ON
Error:MAC verification successful
Latency:734
2024-09-24 15:41:39,771 CAN ID:1024
Data:bytearray(b'\x00f\xf2\xcf\xa3\x01\xd7\xb3')
Origin:HCM
Destination:BCM
Status:Headlights OFF
Error:MAC verification successful
Latency:771
2024-09-24 15:41:39,872 CAN ID:1024
Data:bytearray(b'\x01f\xf2\xcf\xa3\x84{`')
Origin:HCM
Destination:BCM
Status:Headlights ON
Error:MAC verification successful
Latency:872
2024-09-24 15:41:40,078 CAN ID:1024
Data:bytearray(b'\x00f\xf2\xcf\xa4*\x03S')
Origin:HCM
Destination:BCM
Status:Headlights OFF
Error:MAC verification successful
Latency:78
2024-09-24 15:41:40,179 CAN ID:1024
Data:bytearray(b'\x01f\xf2\xcf\xa4\xd5\xbf\xc9')
Origin:HCM
Destination:BCM
Status:Headlights ON
Error:MAC verification successful
Latency:179
2024-09-24 15:41:40,281 CAN ID:1024
Data:bytearray(b'\x00f\xf2\xcf\xa4*\x03S')
Origin:HCM
Destination:BCM
Status:Headlights OFF
Error:MAC verification successful
Latency:281
2024-09-24 15:41:40,689 CAN ID:1024
Data:bytearray(b'\x01f\xf2\xcf\xa4\xd5\xbf\xc9')
Origin:HCM
Destination:BCM
Status:Headlights ON
Error:MAC verification successful
Latency:689
2024-09-24 15:41:40,897 CAN ID:1024
Data:bytearray(b'\x00f\xf2\xcf\xa4*\x03S')
Origin:HCM
Destination:BCM
Status:Headlights OFF
Error:MAC verification successful
Latency:897
2024-09-24 15:41:41,000 CAN ID:1024
Data:bytearray(b'\x01f\xf2\xcf\xa4\xd5\xbf\xc9')
Origin:HCM
Destination:BCM
Status:Headlights ON
Error:MAC verification successful
Latency:1000
2024-09-24 15:41:41,102 CAN ID:1024
Data:bytearray(b'\x00f\xf2\xcf\xa5*\x96P')
Origin:HCM
Destination:BCM
Status:Headlights OFF
Error:MAC verification successful
Latency:102
2024-09-24 15:41:41,205 CAN ID:1024
Data:bytearray(b'\x01f\xf2\xcf\xa5\x83Lk')
Origin:HCM
Destination:BCM
Status:Headlights ON
Error:MAC verification successful
Latency:205
2024-09-24 15:41:41,509 CAN ID:1024
Data:bytearray(b'\x00f\xf2\xcf\xa5*\x96P')
Origin:HCM
Destination:BCM
Status:Headlights OFF
Error:MAC verification successful
Latency:509
2024-09-24 15:41:42,115 CAN ID:1024
Data:bytearray(b'\x01f\xf2\xcf\xa6\x91\x03\xdf')
Origin:HCM
Destination:BCM
Status:Headlights ON
Error:MAC verification successful
Latency:115
2024-09-24 15:41:42,218 CAN ID:1024
Data:bytearray(b'\x00f\xf2\xcf\xa6C5i')
Origin:HCM
Destination:BCM
Status:Headlights OFF
Error:MAC verification successful
Latency:218
2024-09-24 15:41:42,324 CAN ID:1024
Data:bytearray(b'\x01f\xf2\xcf\xa6\x91\x03\xdf')
Origin:HCM
Destination:BCM
Status:Headlights ON
Error:MAC verification successful
Latency:324
2024-09-24 15:41:42,362 CAN ID:256
Data:bytearray(b'\x04f\xf2\xcf\xa6\xb6\x9eT')
Origin:BSM
Destination:BCM
Status:Belt is OFF
Error:MAC verification successful
Latency:361
2024-09-24 15:41:42,431 CAN ID:1024
Data:bytearray(b'\x00f\xf2\xcf\xa6C5i')
Origin:HCM
Destination:BCM
Status:Headlights OFF
Error:MAC verification successful
Latency:431
2024-09-24 15:41:42,567 CAN ID:256
Data:bytearray(b'\x05f\xf2\xcf\xa6\xe1\x1c\x7f')
Origin:BSM
Destination:BCM
Status:Belt is ON
Error:MAC verification successful
Latency:567
2024-09-24 15:41:42,839 CAN ID:1024
Data:bytearray(b'\x01f\xf2\xcf\xa6\x91\x03\xdf')
Origin:HCM
Destination:BCM
Status:Headlights ON
Error:MAC verification successful
Latency:839
2024-09-24 15:41:43,041 CAN ID:1024
Data:bytearray(b'\x00f\xf2\xcf\xa7\x1f\xc7K')
Origin:HCM
Destination:BCM
Status:Headlights OFF
Error:MAC verification successful
Latency:41
2024-09-24 15:41:43,243 CAN ID:1024
Data:bytearray(b'\x01f\xf2\xcf\xa7\x00\xb20')
Origin:HCM
Destination:BCM
Status:Headlights ON
Error:MAC verification successful
Latency:243
2024-09-24 15:41:43,347 CAN ID:1024
Data:bytearray(b'\x00f\xf2\xcf\xa7\x1f\xc7K')
Origin:HCM
Destination:BCM
Status:Headlights OFF
Error:MAC verification successful
Latency:346
2024-09-24 15:41:43,549 CAN ID:1024
Data:bytearray(b'\x01f\xf2\xcf\xa7\x00\xb20')
Origin:HCM
Destination:BCM
Status:Headlights ON
Error:MAC verification successful
Latency:549
2024-09-24 15:41:43,577 CAN ID:256
Data:bytearray(b'\x04f\xf2\xcf\xa7O\xbe\xb7')
Origin:BSM
Destination:BCM
Status:Belt is OFF
Error:MAC verification successful
Latency:577
2024-09-24 15:41:43,650 CAN ID:1024
Data:bytearray(b'\x00f\xf2\xcf\xa7\x1f\xc7K')
Origin:HCM
Destination:BCM
Status:Headlights OFF
Error:MAC verification successful
Latency:650
2024-09-24 15:41:43,751 CAN ID:1024
Data:bytearray(b'\x01f\xf2\xcf\xa7\x00\xb20')
Origin:HCM
Destination:BCM
Status:Headlights ON
Error:MAC verification successful
Latency:751
2024-09-24 15:41:43,777 CAN ID:256
Data:bytearray(b'\x05f\xf2\xcf\xa7Y\x1fy')
Origin:BSM
Destination:BCM
Status:Belt is ON
Error:MAC verification successful
Latency:777
2024-09-24 15:41:43,852 CAN ID:1024
Data:bytearray(b'\x00f\xf2\xcf\xa7\x1f\xc7K')
Origin:HCM
Destination:BCM
Status:Headlights OFF
Error:MAC verification successful
Latency:852
2024-09-24 15:41:44,580 CAN ID:256
Data:bytearray(b'\x04f\xf2\xcf\xa8\x04\xfd\x9f')
Origin:BSM
Destination:BCM
Status:Belt is OFF
Error:MAC verification successful
Latency:580
2024-09-24 15:41:44,681 CAN ID:256
Data:bytearray(b'\x05f\xf2\xcf\xa8\x10\x8a0')
Origin:BSM
Destination:BCM
Status:Belt is ON
Error:MAC verification successful
Latency:681
2024-09-24 15:41:45,083 CAN ID:256
Data:bytearray(b'\x04f\xf2\xcf\xa9 XF')
Origin:BSM
Destination:BCM
Status:Belt is OFF
Error:MAC verification successful
Latency:83
2024-09-24 15:41:45,185 CAN ID:256
Data:bytearray(b'\x05f\xf2\xcf\xa9\xc9\x1bk')
Origin:BSM
Destination:BCM
Status:Belt is ON
Error:MAC verification successful
Latency:185
2024-09-24 15:41:45,587 CAN ID:256
Data:bytearray(b'\x04f\xf2\xcf\xa9 XF')
Origin:BSM
Destination:BCM
Status:Belt is OFF
Error:MAC verification successful
Latency:586
2024-09-24 15:41:45,591 CAN ID:256
Data:bytearray(b'\x04f\xf2\xcf\x8d!\xdc\x15')
Origin:BSM
Destination:BCM
Status:Belt is OFF
Error:MAC verification successful
Latency:28591
2024-09-24 15:41:45,602 CAN ID:256
Data:bytearray(b'\x05f\xf2\xcf\x8e\x08\xef\x7f')
Origin:BSM
Destination:BCM
Status:Belt is ON
Error:MAC verification successful
Latency:27602
2024-09-24 15:41:45,613 CAN ID:256
Data:bytearray(b'\x04f\xf2\xcf\x8e\x89\x9e\xf5')
Origin:BSM
Destination:BCM
Status:Belt is OFF
Error:MAC verification successful
Latency:27612
2024-09-24 15:41:45,624 CAN ID:256
Data:bytearray(b'\x05f\xf2\xcf\x8e\x08\xef\x7f')
Origin:BSM
Destination:BCM
Status:Belt is ON
Error:MAC verification successful
Latency:27623
2024-09-24 15:41:45,634 CAN ID:256
Data:bytearray(b'\x04f\xf2\xcf\x8f#\xec\r')
Origin:BSM
Destination:BCM
Status:Belt is OFF
Error:MAC verification successful
Latency:26634
2024-09-24 15:41:45,646 CAN ID:1024
Data:bytearray(b'\x01f\xf2\xcf\x8f\x03\x11\xf6')
Origin:HCM
Destination:BCM
Status:Headlights ON
Error:MAC verification successful
Latency:26646
2024-09-24 15:41:45,658 CAN ID:256
Data:bytearray(b'\x05f\xf2\xcf\x90\x07!\xd4')
Origin:BSM
Destination:BCM
Status:Belt is ON
Error:MAC verification successful
Latency:25658
2024-09-24 15:41:45,669 CAN ID:256
Data:bytearray(b'\x04f\xf2\xcf\x90\x1f<\x07')
Origin:BSM
Destination:BCM
Status:Belt is OFF
Error:MAC verification successful
Latency:25669
2024-09-24 15:41:45,679 CAN ID:512
Data:bytearray(b'\x03f\xf2\xcf\x91\xdb{\x0f')
Origin:DCM
Destination:BCM
Status:Door is Locked
Error:MAC verification successful
Latency:24679
2024-09-24 15:41:45,689 CAN ID:256
Data:bytearray(b'\x05f\xf2\xcf\xa9\xc9\x1bk')
Origin:BSM
Destination:BCM
Status:Belt is ON
Error:MAC verification successful
Latency:688
2024-09-24 15:41:45,690 CAN ID:256
Data:bytearray(b'\x05f\xf2\xcf\x91\xc0\x8e6')
Origin:BSM
Destination:BCM
Status:Belt is ON
Error:MAC verification successful
Latency:24690
2024-09-24 15:41:45,700 CAN ID:256
Data:bytearray(b'\x04f\xf2\xcf\x91y\xf7\xcf')
Origin:BSM
Destination:BCM
Status:Belt is OFF
Error:MAC verification successful
Latency:24700
2024-09-24 15:41:45,710 CAN ID:256
Data:bytearray(b'\x05f\xf2\xcf\x91\xc0\x8e6')
Origin:BSM
Destination:BCM
Status:Belt is ON
Error:MAC verification successful
Latency:24710
2024-09-24 15:41:45,721 CAN ID:256
Data:bytearray(b'\x04f\xf2\xcf\x91y\xf7\xcf')
Origin:BSM
Destination:BCM
Status:Belt is OFF
Error:MAC verification successful
Latency:24721
2024-09-24 15:41:45,731 CAN ID:1024
Data:bytearray(b'\x00f\xf2\xcf\x91\xbda\xf8')
Origin:HCM
Destination:BCM
Status:Headlights OFF
Error:MAC verification successful
Latency:24731
2024-09-24 15:41:45,742 CAN ID:512
Data:bytearray(b'\x02f\xf2\xcf\x92B{c')
Origin:DCM
Destination:BCM
Status:Door is Unlocked
Error:MAC verification successful
Latency:23742
2024-09-24 15:41:45,752 CAN ID:1024
Data:bytearray(b'\x01f\xf2\xcf\x92\xd1)Y')
Origin:HCM
Destination:BCM
Status:Headlights ON
Error:MAC verification successful
Latency:23752
2024-09-24 15:41:45,763 CAN ID:256
Data:bytearray(b'\x05f\xf2\xcf\x92\x00\x80\x89')
Origin:BSM
Destination:BCM
Status:Belt is ON
Error:MAC verification successful
Latency:23763
2024-09-24 15:41:45,773 CAN ID:256
Data:bytearray(b'\x04f\xf2\xcf\x92I\x08p')
Origin:BSM
Destination:BCM
Status:Belt is OFF
Error:MAC verification successful
Latency:23773
2024-09-24 15:41:45,784 CAN ID:256
Data:bytearray(b'\x05f\xf2\xcf\x92\x00\x80\x89')
Origin:BSM
Destination:BCM
Status:Belt is ON
Error:MAC verification successful
Latency:23784
2024-09-24 15:41:45,795 CAN ID:1024
Data:bytearray(b'\x00f\xf2\xcf\x92tS\xe3')
Origin:HCM
Destination:BCM
Status:Headlights OFF
Error:MAC verification successful
Latency:23795
2024-09-24 15:41:45,805 CAN ID:256
Data:bytearray(b'\x04f\xf2\xcf\x92I\x08p')
Origin:BSM
Destination:BCM
Status:Belt is OFF
Error:MAC verification successful
Latency:23805
2024-09-24 15:41:45,816 CAN ID:512
Data:bytearray(b'\x03f\xf2\xcf\x92>E\x06')
Origin:DCM
Destination:BCM
Status:Door is Locked
Error:MAC verification successful
Latency:23816
2024-09-24 15:41:45,827 CAN ID:1024
Data:bytearray(b'\x01f\xf2\xcf\x92\xd1)Y')
Origin:HCM
Destination:BCM
Status:Headlights ON
Error:MAC verification successful
Latency:23827
2024-09-24 15:41:45,837 CAN ID:256
Data:bytearray(b'\x05f\xf2\xcf\x93\xbd\x81\r')
Origin:BSM
Destination:BCM
Status:Belt is ON
Error:MAC verification successful
Latency:22837
2024-09-24 15:41:45,848 CAN ID:256
Data:bytearray(b'\x04f\xf2\xcf\x93\xb8#\x89')
Origin:BSM
Destination:BCM
Status:Belt is OFF
Error:MAC verification successful
Latency:22848
2024-09-24 15:41:45,858 CAN ID:512
Data:bytearray(b'\x02f\xf2\xcf\x93\xa9\x83H')
Origin:DCM
Destination:BCM
Status:Door is Unlocked
Error:MAC verification successful
Latency:22858
2024-09-24 15:41:45,869 CAN ID:256
Data:bytearray(b'\x05f\xf2\xcf\x94\x9af\xb1')
Origin:BSM
Destination:BCM
Status:Belt is ON
Error:MAC verification successful
Latency:21869
2024-09-24 15:41:45,879 CAN ID:1024
Data:bytearray(b'\x00f\xf2\xcf\x94\xd5\xb8\xef')
Origin:HCM
Destination:BCM
Status:Headlights OFF
Error:MAC verification successful
Latency:21879
2024-09-24 15:41:45,890 CAN ID:256
Data:bytearray(b'\x04f\xf2\xcf\x94\t1/')
Origin:BSM
Destination:BCM
Status:Belt is OFF
Error:MAC verification successful
Latency:21890
2024-09-24 15:41:45,900 CAN ID:1024
Data:bytearray(b'\x01f\xf2\xcf\x94h\x8a\x10')
Origin:HCM
Destination:BCM
Status:Headlights ON
Error:MAC verification successful
Latency:21900
2024-09-24 15:41:45,911 CAN ID:256
Data:bytearray(b'\x05f\xf2\xcf\x94\x9af\xb1')
Origin:BSM
Destination:BCM
Status:Belt is ON
Error:MAC verification successful
Latency:21911
2024-09-24 15:41:45,921 CAN ID:256
Data:bytearray(b'\x04f\xf2\xcf\x94\t1/')
Origin:BSM
Destination:BCM
Status:Belt is OFF
Error:MAC verification successful
Latency:21921
2024-09-24 15:41:45,931 CAN ID:1024
Data:bytearray(b'\x00f\xf2\xcf\x95\x95\x9cL')
Origin:HCM
Destination:BCM
Status:Headlights OFF
Error:MAC verification successful
Latency:20931
2024-09-24 15:41:45,942 CAN ID:1024
Data:bytearray(b'\x01f\xf2\xcf\x95=\xbc\x05')
Origin:HCM
Destination:BCM
Status:Headlights ON
Error:MAC verification successful
Latency:20942
2024-09-24 15:41:45,952 CAN ID:1024
Data:bytearray(b'\x00f\xf2\xcf\x95\x95\x9cL')
Origin:HCM
Destination:BCM
Status:Headlights OFF
Error:MAC verification successful
Latency:20952
2024-09-24 15:41:45,962 CAN ID:1024
Data:bytearray(b'\x01f\xf2\xcf\x95=\xbc\x05')
Origin:HCM
Destination:BCM
Status:Headlights ON
Error:MAC verification successful
Latency:20962
2024-09-24 15:41:45,973 CAN ID:1024
Data:bytearray(b'\x00f\xf2\xcf\x96\xf6\x1c\x0e')
Origin:HCM
Destination:BCM
Status:Headlights OFF
Error:MAC verification successful
Latency:19973
2024-09-24 15:41:45,983 CAN ID:1024
Data:bytearray(b'\x01f\xf2\xcf\x96< K')
Origin:HCM
Destination:BCM
Status:Headlights ON
Error:MAC verification successful
Latency:19983
2024-09-24 15:41:45,993 CAN ID:256
Data:bytearray(b'\x05f\xf2\xcf\x96\x9aD\x80')
Origin:BSM
Destination:BCM
Status:Belt is ON
Error:MAC verification successful
Latency:19993
2024-09-24 15:41:46,003 CAN ID:1024
Data:bytearray(b'\x00f\xf2\xcf\x96\xf6\x1c\x0e')
Origin:HCM
Destination:BCM
Status:Headlights OFF
Error:MAC verification successful
Latency:20003
2024-09-24 15:41:46,014 CAN ID:256
Data:bytearray(b'\x04f\xf2\xcf\x96\xd0\xea\x88')
Origin:BSM
Destination:BCM
Status:Belt is OFF
Error:MAC verification successful
Latency:20014
2024-09-24 15:41:46,024 CAN ID:1024
Data:bytearray(b'\x01f\xf2\xcf\x96< K')
Origin:HCM
Destination:BCM
Status:Headlights ON
Error:MAC verification successful
Latency:20024
2024-09-24 15:41:46,034 CAN ID:512
Data:bytearray(b'\x03f\xf2\xcf\x96 (\x99')
Origin:DCM
Destination:BCM
Status:Door is Locked
Error:MAC verification successful
Latency:20034
2024-09-24 15:41:46,045 CAN ID:1024
Data:bytearray(b'\x00f\xf2\xcf\x96\xf6\x1c\x0e')
Origin:HCM
Destination:BCM
Status:Headlights OFF
Error:MAC verification successful
Latency:20044
2024-09-24 15:41:46,055 CAN ID:256
Data:bytearray(b'\x05f\xf2\xcf\x96\x9aD\x80')
Origin:BSM
Destination:BCM
Status:Belt is ON
Error:MAC verification successful
Latency:20055
2024-09-24 15:41:46,065 CAN ID:1024
Data:bytearray(b'\x01f\xf2\xcf\x96< K')
Origin:HCM
Destination:BCM
Status:Headlights ON
Error:MAC verification successful
Latency:20065
2024-09-24 15:41:46,076 CAN ID:256
Data:bytearray(b'\x04f\xf2\xcf\x97\xa8\x9b=')
Origin:BSM
Destination:BCM
Status:Belt is OFF
Error:MAC verification successful
Latency:19076
2024-09-24 15:41:46,086 CAN ID:1024
Data:bytearray(b'\x00f\xf2\xcf\x97h\xd2\xc9')
Origin:HCM
Destination:BCM
Status:Headlights OFF
Error:MAC verification successful
Latency:19086
2024-09-24 15:41:46,097 CAN ID:1024
Data:bytearray(b'\x01f\xf2\xcf\x97\xd1\xb6\xa3')
Origin:HCM
Destination:BCM
Status:Headlights ON
Error:MAC verification successful
Latency:19097
2024-09-24 15:41:46,107 CAN ID:1024
Data:bytearray(b'\x00f\xf2\xcf\x97h\xd2\xc9')
Origin:HCM
Destination:BCM
Status:Headlights OFF
Error:MAC verification successful
Latency:19107
2024-09-24 15:41:46,117 CAN ID:1024
Data:bytearray(b'\x01f\xf2\xcf\x97\xd1\xb6\xa3')
Origin:HCM
Destination:BCM
Status:Headlights ON
Error:MAC verification successful
Latency:19117
2024-09-24 15:41:46,128 CAN ID:256
Data:bytearray(b'\x05f\xf2\xcf\x97+\xb8\x80')
Origin:BSM
Destination:BCM
Status:Belt is ON
Error:MAC verification successful
Latency:19128
2024-09-24 15:41:46,138 CAN ID:1024
Data:bytearray(b'\x00f\xf2\xcf\x98\x16\xab\xd4')
Origin:HCM
Destination:BCM
Status:Headlights OFF
Error:MAC verification successful
Latency:18138
2024-09-24 15:41:46,148 CAN ID:256
Data:bytearray(b'\x04f\xf2\xcf\x98v\xe3\x82')
Origin:BSM
Destination:BCM
Status:Belt is OFF
Error:MAC verification successful
Latency:18148
2024-09-24 15:41:46,158 CAN ID:1024
Data:bytearray(b'\x01f\xf2\xcf\x98\n\xa4\xe6')
Origin:HCM
Destination:BCM
Status:Headlights ON
Error:MAC verification successful
Latency:18158
2024-09-24 15:41:46,169 CAN ID:256
Data:bytearray(b'\x05f\xf2\xcf\x98\xdf3\xf0')
Origin:BSM
Destination:BCM
Status:Belt is ON
Error:MAC verification successful
Latency:18169
2024-09-24 15:41:46,179 CAN ID:256
Data:bytearray(b'\x04f\xf2\xcf\x98v\xe3\x82')
Origin:BSM
Destination:BCM
Status:Belt is OFF
Error:MAC verification successful
Latency:18179
2024-09-24 15:41:46,189 CAN ID:256
Data:bytearray(b'\x05f\xf2\xcf\x98\xdf3\xf0')
Origin:BSM
Destination:BCM
Status:Belt is ON
Error:MAC verification successful
Latency:18189
2024-09-24 15:41:46,200 CAN ID:1024
Data:bytearray(b'\x00f\xf2\xcf\x98\x16\xab\xd4')
Origin:HCM
Destination:BCM
Status:Headlights OFF
Error:MAC verification successful
Latency:18200
2024-09-24 15:41:46,210 CAN ID:256
Data:bytearray(b'\x04f\xf2\xcf\x98v\xe3\x82')
Origin:BSM
Destination:BCM
Status:Belt is OFF
Error:MAC verification successful
Latency:18210
2024-09-24 15:41:46,220 CAN ID:1024
Data:bytearray(b'\x01f\xf2\xcf\x98\n\xa4\xe6')
Origin:HCM
Destination:BCM
Status:Headlights ON
Error:MAC verification successful
Latency:18220
2024-09-24 15:41:46,230 CAN ID:1024
Data:bytearray(b'\x00f\xf2\xcf\x98\x16\xab\xd4')
Origin:HCM
Destination:BCM
Status:Headlights OFF
Error:MAC verification successful
Latency:18230
2024-09-24 15:41:46,241 CAN ID:256
Data:bytearray(b'\x05f\xf2\xcf\x98\xdf3\xf0')
Origin:BSM
Destination:BCM
Status:Belt is ON
Error:MAC verification successful
Latency:18241
2024-09-24 15:41:46,251 CAN ID:1024
Data:bytearray(b'\x01f\xf2\xcf\x98\n\xa4\xe6')
Origin:HCM
Destination:BCM
Status:Headlights ON
Error:MAC verification successful
Latency:18251
2024-09-24 15:41:46,262 CAN ID:256
Data:bytearray(b'\x04f\xf2\xcf\x98v\xe3\x82')
Origin:BSM
Destination:BCM
Status:Belt is OFF
Error:MAC verification successful
Latency:18262
2024-09-24 15:41:46,272 CAN ID:256
Data:bytearray(b'\x05f\xf2\xcf\x98\xdf3\xf0')
Origin:BSM
Destination:BCM
Status:Belt is ON
Error:MAC verification successful
Latency:18272
2024-09-24 15:41:46,282 CAN ID:256
Data:bytearray(b'\x04f\xf2\xcf\x99`\xde\x1b')
Origin:BSM
Destination:BCM
Status:Belt is OFF
Error:MAC verification successful
Latency:17282
2024-09-24 15:41:46,292 CAN ID:1024
Data:bytearray(b'\x00f\xf2\xcf\x99\x9d\xe7G')
Origin:HCM
Destination:BCM
Status:Headlights OFF
Error:MAC verification successful
Latency:17292
2024-09-24 15:41:46,303 CAN ID:256
Data:bytearray(b'\x05f\xf2\xcf\x99\xd7\x9a>')
Origin:BSM
Destination:BCM
Status:Belt is ON
Error:MAC verification successful
Latency:17303
2024-09-24 15:41:46,313 CAN ID:1024
Data:bytearray(b'\x01f\xf2\xcf\x99d\xa0\xca')
Origin:HCM
Destination:BCM
Status:Headlights ON
Error:MAC verification successful
Latency:17313
2024-09-24 15:41:46,324 CAN ID:256
Data:bytearray(b'\x04f\xf2\xcf\x99`\xde\x1b')
Origin:BSM
Destination:BCM
Status:Belt is OFF
Error:MAC verification successful
Latency:17324
2024-09-24 15:41:46,334 CAN ID:256
Data:bytearray(b'\x05f\xf2\xcf\x99\xd7\x9a>')
Origin:BSM
Destination:BCM
Status:Belt is ON
Error:MAC verification successful
Latency:17334
2024-09-24 15:41:46,345 CAN ID:1024
Data:bytearray(b'\x00f\xf2\xcf\x99\x9d\xe7G')
Origin:HCM
Destination:BCM
Status:Headlights OFF
Error:MAC verification successful
Latency:17345
2024-09-24 15:41:46,355 CAN ID:256
Data:bytearray(b'\x04f\xf2\xcf\x9a\x9eL\xfe')
Origin:BSM
Destination:BCM
Status:Belt is OFF
Error:MAC verification successful
Latency:16355
2024-09-24 15:41:46,365 CAN ID:1024
Data:bytearray(b'\x01f\xf2\xcf\x9a\xf97\x82')
Origin:HCM
Destination:BCM
Status:Headlights ON
Error:MAC verification successful
Latency:16365
2024-09-24 15:41:46,376 CAN ID:256
Data:bytearray(b'\x05f\xf2\xcf\x9at\x1fg')
Origin:BSM
Destination:BCM
Status:Belt is ON
Error:MAC verification successful
Latency:16376
2024-09-24 15:41:46,386 CAN ID:1024
Data:bytearray(b'\x00f\xf2\xcf\x9a\x91\x19\xa7')
Origin:HCM
Destination:BCM
Status:Headlights OFF
Error:MAC verification successful
Latency:16386
2024-09-24 15:41:46,396 CAN ID:256
Data:bytearray(b'\x04f\xf2\xcf\x9a\x9eL\xfe')
Origin:BSM
Destination:BCM
Status:Belt is OFF
Error:MAC verification successful
Latency:16396
2024-09-24 15:41:46,406 CAN ID:1024
Data:bytearray(b'\x01f\xf2\xcf\x9a\xf97\x82')
Origin:HCM
Destination:BCM
Status:Headlights ON
Error:MAC verification successful
Latency:16406
2024-09-24 15:41:46,417 CAN ID:1024
Data:bytearray(b'\x00f\xf2\xcf\x9a\x91\x19\xa7')
Origin:HCM
Destination:BCM
Status:Headlights OFF
Error:MAC verification successful
Latency:16417
2024-09-24 15:41:46,427 CAN ID:1024
Data:bytearray(b'\x01f\xf2\xcf\x9a\xf97\x82')
Origin:HCM
Destination:BCM
Status:Headlights ON
Error:MAC verification successful
Latency:16427
2024-09-24 15:41:46,437 CAN ID:256
Data:bytearray(b'\x05f\xf2\xcf\x9at\x1fg')
Origin:BSM
Destination:BCM
Status:Belt is ON
Error:MAC verification successful
Latency:16437
2024-09-24 15:41:46,447 CAN ID:1024
Data:bytearray(b'\x00f\xf2\xcf\x9a\x91\x19\xa7')
Origin:HCM
Destination:BCM
Status:Headlights OFF
Error:MAC verification successful
Latency:16447
2024-09-24 15:41:46,458 CAN ID:1024
Data:bytearray(b'\x01f\xf2\xcf\x9a\xf97\x82')
Origin:HCM
Destination:BCM
Status:Headlights ON
Error:MAC verification successful
Latency:16458
2024-09-24 15:41:46,468 CAN ID:1024
Data:bytearray(b'\x00f\xf2\xcf\x9a\x91\x19\xa7')
Origin:HCM
Destination:BCM
Status:Headlights OFF
Error:MAC verification successful
Latency:16468
2024-09-24 15:41:46,478 CAN ID:256
Data:bytearray(b'\x04f\xf2\xcf\x9b\xd6\xe4\x15')
Origin:BSM
Destination:BCM
Status:Belt is OFF
Error:MAC verification successful
Latency:15478
2024-09-24 15:41:46,489 CAN ID:256
Data:bytearray(b'\x05f\xf2\xcf\x9b\xf6&\x83')
Origin:BSM
Destination:BCM
Status:Belt is ON
Error:MAC verification successful
Latency:15489
2024-09-24 15:41:46,500 CAN ID:1024
Data:bytearray(b"\x01f\xf2\xcf\x9b\'\xf4g")
Origin:HCM
Destination:BCM
Status:Headlights ON
Error:MAC verification successful
Latency:15500
2024-09-24 15:41:46,510 CAN ID:256
Data:bytearray(b'\x04f\xf2\xcf\x9b\xd6\xe4\x15')
Origin:BSM
Destination:BCM
Status:Belt is OFF
Error:MAC verification successful
Latency:15510
2024-09-24 15:41:46,521 CAN ID:1024
Data:bytearray(b'\x00f\xf2\xcf\x9b\x08VL')
Origin:HCM
Destination:BCM
Status:Headlights OFF
Error:MAC verification successful
Latency:15521
2024-09-24 15:41:46,531 CAN ID:256
Data:bytearray(b'\x05f\xf2\xcf\x9b\xf6&\x83')
Origin:BSM
Destination:BCM
Status:Belt is ON
Error:MAC verification successful
Latency:15531
2024-09-24 15:41:46,542 CAN ID:256
Data:bytearray(b'\x04f\xf2\xcf\x9b\xd6\xe4\x15')
Origin:BSM
Destination:BCM
Status:Belt is OFF
Error:MAC verification successful
Latency:15542
2024-09-24 15:41:46,552 CAN ID:1024
Data:bytearray(b"\x01f\xf2\xcf\x9b\'\xf4g")
Origin:HCM
Destination:BCM
Status:Headlights ON
Error:MAC verification successful
Latency:15552
2024-09-24 15:41:46,562 CAN ID:256
Data:bytearray(b'\x05f\xf2\xcf\x9b\xf6&\x83')
Origin:BSM
Destination:BCM
Status:Belt is ON
Error:MAC verification successful
Latency:15562
2024-09-24 15:41:46,573 CAN ID:1024
Data:bytearray(b'\x00f\xf2\xcf\x9b\x08VL')
Origin:HCM
Destination:BCM
Status:Headlights OFF
Error:MAC verification successful
Latency:15572
2024-09-24 15:41:46,585 CAN ID:256
Data:bytearray(b'\x04f\xf2\xcf\x9b\xd6\xe4\x15')
Origin:BSM
Destination:BCM
Status:Belt is OFF
Error:MAC verification successful
Latency:15585
2024-09-24 15:41:46,594 CAN ID:256
Data:bytearray(b'\x05f\xf2\xcf\x9c\x88\xd44')
Origin:BSM
Destination:BCM
Status:Belt is ON
Error:MAC verification successful
Latency:14594
2024-09-24 15:41:46,605 CAN ID:256
Data:bytearray(b'\x04f\xf2\xcf\x9c\xcf\x06\xb6')
Origin:BSM
Destination:BCM
Status:Belt is OFF
Error:MAC verification successful
Latency:14605
2024-09-24 15:41:46,616 CAN ID:1024
Data:bytearray(b'\x01f\xf2\xcf\x9c\x97\xa5\xee')
Origin:HCM
Destination:BCM
Status:Headlights ON
Error:MAC verification successful
Latency:14616
2024-09-24 15:41:46,630 CAN ID:1024
Data:bytearray(b'\x00f\xf2\xcf\x9cUN[')
Origin:HCM
Destination:BCM
Status:Headlights OFF
Error:MAC verification successful
Latency:14630
2024-09-24 15:41:46,641 CAN ID:256
Data:bytearray(b'\x05f\xf2\xcf\x9c\x88\xd44')
Origin:BSM
Destination:BCM
Status:Belt is ON
Error:MAC verification successful
Latency:14641
2024-09-24 15:41:46,652 CAN ID:1024
Data:bytearray(b'\x01f\xf2\xcf\x9c\x97\xa5\xee')
Origin:HCM
Destination:BCM
Status:Headlights ON
Error:MAC verification successful
Latency:14652
2024-09-24 15:41:46,663 CAN ID:1024
Data:bytearray(b'\x00f\xf2\xcf\x9cUN[')
Origin:HCM
Destination:BCM
Status:Headlights OFF
Error:MAC verification successful
Latency:14663
2024-09-24 15:41:46,673 CAN ID:256
Data:bytearray(b'\x04f\xf2\xcf\x9c\xcf\x06\xb6')
Origin:BSM
Destination:BCM
Status:Belt is OFF
Error:MAC verification successful
Latency:14673
2024-09-24 15:41:46,684 CAN ID:256
Data:bytearray(b'\x05f\xf2\xcf\x9c\x88\xd44')
Origin:BSM
Destination:BCM
Status:Belt is ON
Error:MAC verification successful
Latency:14684
2024-09-24 15:41:46,694 CAN ID:1024
Data:bytearray(b'\x01f\xf2\xcf\x9c\x97\xa5\xee')
Origin:HCM
Destination:BCM
Status:Headlights ON
Error:MAC verification successful
Latency:14694
2024-09-24 15:41:46,705 CAN ID:1024
Data:bytearray(b'\x00f\xf2\xcf\x9dU\xcb\x9b')
Origin:HCM
Destination:BCM
Status:Headlights OFF
Error:MAC verification successful
Latency:13705
2024-09-24 15:41:46,715 CAN ID:1024
Data:bytearray(b'\x01f\xf2\xcf\x9d mE')
Origin:HCM
Destination:BCM
Status:Headlights ON
Error:MAC verification successful
Latency:13715
2024-09-24 15:41:46,725 CAN ID:256
Data:bytearray(b'\x04f\xf2\xcf\x9d\xa1\x01[')
Origin:BSM
Destination:BCM
Status:Belt is OFF
Error:MAC verification successful
Latency:13725
2024-09-24 15:41:46,736 CAN ID:256
Data:bytearray(b'\x05f\xf2\xcf\x9d\x87k\xbb')
Origin:BSM
Destination:BCM
Status:Belt is ON
Error:MAC verification successful
Latency:13736
2024-09-24 15:41:46,746 CAN ID:256
Data:bytearray(b'\x04f\xf2\xcf\x9d\xa1\x01[')
Origin:BSM
Destination:BCM
Status:Belt is OFF
Error:MAC verification successful
Latency:13746
2024-09-24 15:41:46,756 CAN ID:1024
Data:bytearray(b'\x00f\xf2\xcf\x9eV\xae7')
Origin:HCM
Destination:BCM
Status:Headlights OFF
Error:MAC verification successful
Latency:12756
2024-09-24 15:41:46,767 CAN ID:1024
Data:bytearray(b'\x01f\xf2\xcf\x9e%3\x80')
Origin:HCM
Destination:BCM
Status:Headlights ON
Error:MAC verification successful
Latency:12767
2024-09-24 15:41:46,777 CAN ID:256
Data:bytearray(b'\x05f\xf2\xcf\x9ec\xd6\xea')
Origin:BSM
Destination:BCM
Status:Belt is ON
Error:MAC verification successful
Latency:12777
2024-09-24 15:41:46,787 CAN ID:1024
Data:bytearray(b'\x00f\xf2\xcf\x9eV\xae7')
Origin:HCM
Destination:BCM
Status:Headlights OFF
Error:MAC verification successful
Latency:12787
2024-09-24 15:41:46,798 CAN ID:256
Data:bytearray(b'\x04f\xf2\xcf\x9e\xf8\x19X')
Origin:BSM
Destination:BCM
Status:Belt is OFF
Error:MAC verification successful
Latency:12798
2024-09-24 15:41:46,808 CAN ID:256
Data:bytearray(b'\x05f\xf2\xcf\x9ec\xd6\xea')
Origin:BSM
Destination:BCM
Status:Belt is ON
Error:MAC verification successful
Latency:12808
2024-09-24 15:41:46,821 CAN ID:1024
Data:bytearray(b'\x01f\xf2\xcf\x9e%3\x80')
Origin:HCM
Destination:BCM
Status:Headlights ON
Error:MAC verification successful
Latency:12821
2024-09-24 15:41:46,829 CAN ID:1024
Data:bytearray(b'\x00f\xf2\xcf\x9eV\xae7')
Origin:HCM
Destination:BCM
Status:Headlights OFF
Error:MAC verification successful
Latency:12829
2024-09-24 15:41:46,840 CAN ID:256
Data:bytearray(b'\x04f\xf2\xcf\x9fd\xd8\xa0')
Origin:BSM
Destination:BCM
Status:Belt is OFF
Error:MAC verification successful
Latency:11840
2024-09-24 15:41:46,850 CAN ID:256
Data:bytearray(b'\x05f\xf2\xcf\x9fs&\xd8')
Origin:BSM
Destination:BCM
Status:Belt is ON
Error:MAC verification successful
Latency:11850
2024-09-24 15:41:46,862 CAN ID:256
Data:bytearray(b'\x04f\xf2\xcf\x9fd\xd8\xa0')
Origin:BSM
Destination:BCM
Status:Belt is OFF
Error:MAC verification successful
Latency:11862
2024-09-24 15:41:46,872 CAN ID:1024
Data:bytearray(b'\x01f\xf2\xcf\x9f\xeb+\xb7')
Origin:HCM
Destination:BCM
Status:Headlights ON
Error:MAC verification successful
Latency:11872
2024-09-24 15:41:46,881 CAN ID:256
Data:bytearray(b'\x05f\xf2\xcf\x9fs&\xd8')
Origin:BSM
Destination:BCM
Status:Belt is ON
Error:MAC verification successful
Latency:11881
2024-09-24 15:41:46,892 CAN ID:256
Data:bytearray(b'\x04f\xf2\xcf\x9fd\xd8\xa0')
Origin:BSM
Destination:BCM
Status:Belt is OFF
Error:MAC verification successful
Latency:11892
2024-09-24 15:41:46,902 CAN ID:1024
Data:bytearray(b'\x00f\xf2\xcf\x9f"\xb6\x9a')
Origin:HCM
Destination:BCM
Status:Headlights OFF
Error:MAC verification successful
Latency:11902
2024-09-24 15:41:46,912 CAN ID:256
Data:bytearray(b'\x05f\xf2\xcf\x9fs&\xd8')
Origin:BSM
Destination:BCM
Status:Belt is ON
Error:MAC verification successful
Latency:11912
2024-09-24 15:41:46,923 CAN ID:1024
Data:bytearray(b'\x01f\xf2\xcf\x9f\xeb+\xb7')
Origin:HCM
Destination:BCM
Status:Headlights ON
Error:MAC verification successful
Latency:11923
2024-09-24 15:41:46,933 CAN ID:1024
Data:bytearray(b'\x00f\xf2\xcf\xa0\x10\xeb#')
Origin:HCM
Destination:BCM
Status:Headlights OFF
Error:MAC verification successful
Latency:10933
2024-09-24 15:41:46,944 CAN ID:1024
Data:bytearray(b'\x01f\xf2\xcf\xa0\xabS{')
Origin:HCM
Destination:BCM
Status:Headlights ON
Error:MAC verification successful
Latency:10944
2024-09-24 15:41:46,954 CAN ID:1024
Data:bytearray(b'\x00f\xf2\xcf\xa0\x10\xeb#')
Origin:HCM
Destination:BCM
Status:Headlights OFF
Error:MAC verification successful
Latency:10954
2024-09-24 15:41:46,964 CAN ID:1024
Data:bytearray(b'\x01f\xf2\xcf\xa0\xabS{')
Origin:HCM
Destination:BCM
Status:Headlights ON
Error:MAC verification successful
Latency:10964
2024-09-24 15:41:46,975 CAN ID:256
Data:bytearray(b'\x04f\xf2\xcf\xa0\x9d\x83\x85')
Origin:BSM
Destination:BCM
Status:Belt is OFF
Error:MAC verification successful
Latency:10975
2024-09-24 15:41:46,986 CAN ID:1024
Data:bytearray(b'\x00f\xf2\xcf\xa0\x10\xeb#')
Origin:HCM
Destination:BCM
Status:Headlights OFF
Error:MAC verification successful
Latency:10985
2024-09-24 15:41:46,995 CAN ID:256
Data:bytearray(b'\x05f\xf2\xcf\xa0\xfd*!')
Origin:BSM
Destination:BCM
Status:Belt is ON
Error:MAC verification successful
Latency:10995
2024-09-24 15:41:47,005 CAN ID:1024
Data:bytearray(b'\x01f\xf2\xcf\xa1\x04\xba\xbf')
Origin:HCM
Destination:BCM
Status:Headlights ON
Error:MAC verification successful
Latency:10005
2024-09-24 15:41:47,016 CAN ID:256
Data:bytearray(b'\x04f\xf2\xcf\xa12\xa6\xdd')
Origin:BSM
Destination:BCM
Status:Belt is OFF
Error:MAC verification successful
Latency:10016
2024-09-24 15:41:47,026 CAN ID:1024
Data:bytearray(b'\x00f\xf2\xcf\xa1\x8e\x82d')
Origin:HCM
Destination:BCM
Status:Headlights OFF
Error:MAC verification successful
Latency:10026
2024-09-24 15:41:47,037 CAN ID:256
Data:bytearray(b'\x05f\xf2\xcf\xa1FHs')
Origin:BSM
Destination:BCM
Status:Belt is ON
Error:MAC verification successful
Latency:10037
2024-09-24 15:41:47,049 CAN ID:1024
Data:bytearray(b'\x01f\xf2\xcf\xa1\x04\xba\xbf')
Origin:HCM
Destination:BCM
Status:Headlights ON
Error:MAC verification successful
Latency:10049
2024-09-24 15:41:47,060 CAN ID:1024
Data:bytearray(b'\x00f\xf2\xcf\xa1\x8e\x82d')
Origin:HCM
Destination:BCM
Status:Headlights OFF
Error:MAC verification successful
Latency:10060
2024-09-24 15:41:47,063 CAN ID:1024
Data:bytearray(b'\x01f\xf2\xcf\xab\xb0\xe0\x1f')
Origin:HCM
Destination:BCM
Status:Headlights ON
Error:MAC verification successful
Latency:63
2024-09-24 15:41:47,068 CAN ID:256
Data:bytearray(b'\x04f\xf2\xcf\xa12\xa6\xdd')
Origin:BSM
Destination:BCM
Status:Belt is OFF
Error:MAC verification successful
Latency:10068
2024-09-24 15:41:47,078 CAN ID:256
Data:bytearray(b'\x05f\xf2\xcf\xa1FHs')
Origin:BSM
Destination:BCM
Status:Belt is ON
Error:MAC verification successful
Latency:10078
2024-09-24 15:41:47,092 CAN ID:256
Data:bytearray(b'\x04f\xf2\xcf\xa12\xa6\xdd')
Origin:BSM
Destination:BCM
Status:Belt is OFF
Error:MAC verification successful
Latency:10092
2024-09-24 15:41:47,099 CAN ID:256
Data:bytearray(b'\x05f\xf2\xcf\xa1FHs')
Origin:BSM
Destination:BCM
Status:Belt is ON
Error:MAC verification successful
Latency:10099
2024-09-24 15:41:47,110 CAN ID:1024
Data:bytearray(b'\x01f\xf2\xcf\xa1\x04\xba\xbf')
Origin:HCM
Destination:BCM
Status:Headlights ON
Error:MAC verification successful
Latency:10110
2024-09-24 15:41:47,121 CAN ID:256
Data:bytearray(b'\x04f\xf2\xcf\xa2\xb0{E')
Origin:BSM
Destination:BCM
Status:Belt is OFF
Error:MAC verification successful
Latency:9120
2024-09-24 15:41:47,131 CAN ID:1024
Data:bytearray(b'\x00f\xf2\xcf\xa2\xf1x\xfb')
Origin:HCM
Destination:BCM
Status:Headlights OFF
Error:MAC verification successful
Latency:9131
2024-09-24 15:41:47,141 CAN ID:256
Data:bytearray(b'\x05f\xf2\xcf\xa2\x1cZ\xf2')
Origin:BSM
Destination:BCM
Status:Belt is ON
Error:MAC verification successful
Latency:9141
2024-09-24 15:41:47,152 CAN ID:1024
Data:bytearray(b'\x01f\xf2\xcf\xa22\xe2y')
Origin:HCM
Destination:BCM
Status:Headlights ON
Error:MAC verification successful
Latency:9152
2024-09-24 15:41:47,162 CAN ID:256
Data:bytearray(b'\x04f\xf2\xcf\xa2\xb0{E')
Origin:BSM
Destination:BCM
Status:Belt is OFF
Error:MAC verification successful
Latency:9162
2024-09-24 15:41:47,164 CAN ID:1024
Data:bytearray(b'\x00f\xf2\xcf\xab:\x10-')
Origin:HCM
Destination:BCM
Status:Headlights OFF
Error:MAC verification successful
Latency:164
2024-09-24 15:41:47,172 CAN ID:1024
Data:bytearray(b'\x00f\xf2\xcf\xa2\xf1x\xfb')
Origin:HCM
Destination:BCM
Status:Headlights OFF
Error:MAC verification successful
Latency:9172
2024-09-24 15:41:47,183 CAN ID:256
Data:bytearray(b'\x05f\xf2\xcf\xa2\x1cZ\xf2')
Origin:BSM
Destination:BCM
Status:Belt is ON
Error:MAC verification successful
Latency:9183
2024-09-24 15:41:47,193 CAN ID:256
Data:bytearray(b'\x04f\xf2\xcf\xa2\xb0{E')
Origin:BSM
Destination:BCM
Status:Belt is OFF
Error:MAC verification successful
Latency:9193
2024-09-24 15:41:47,204 CAN ID:256
Data:bytearray(b'\x05f\xf2\xcf\xa2\x1cZ\xf2')
Origin:BSM
Destination:BCM
Status:Belt is ON
Error:MAC verification successful
Latency:9204
2024-09-24 15:41:47,214 CAN ID:1024
Data:bytearray(b'\x01f\xf2\xcf\xa22\xe2y')
Origin:HCM
Destination:BCM
Status:Headlights ON
Error:MAC verification successful
Latency:9214
2024-09-24 15:41:47,224 CAN ID:256
Data:bytearray(b'\x04f\xf2\xcf\xa2\xb0{E')
Origin:BSM
Destination:BCM
Status:Belt is OFF
Error:MAC verification successful
Latency:9224
2024-09-24 15:41:47,235 CAN ID:256
Data:bytearray(b'\x05f\xf2\xcf\xa32\xb6c')
Origin:BSM
Destination:BCM
Status:Belt is ON
Error:MAC verification successful
Latency:8235
2024-09-24 15:41:47,245 CAN ID:1024
Data:bytearray(b'\x00f\xf2\xcf\xa3\x01\xd7\xb3')
Origin:HCM
Destination:BCM
Status:Headlights OFF
Error:MAC verification successful
Latency:8245
2024-09-24 15:41:47,256 CAN ID:256
Data:bytearray(b'\x04f\xf2\xcf\xa3~\x80\t')
Origin:BSM
Destination:BCM
Status:Belt is OFF
Error:MAC verification successful
Latency:8256
2024-09-24 15:41:47,266 CAN ID:256
Data:bytearray(b'\x05f\xf2\xcf\xa32\xb6c')
Origin:BSM
Destination:BCM
Status:Belt is ON
Error:MAC verification successful
Latency:8266
2024-09-24 15:41:47,277 CAN ID:1024
Data:bytearray(b'\x01f\xf2\xcf\xa3\x84{`')
Origin:HCM
Destination:BCM
Status:Headlights ON
Error:MAC verification successful
Latency:8277
2024-09-24 15:41:47,288 CAN ID:1024
Data:bytearray(b'\x00f\xf2\xcf\xa3\x01\xd7\xb3')
Origin:HCM
Destination:BCM
Status:Headlights OFF
Error:MAC verification successful
Latency:8288
2024-09-24 15:41:47,298 CAN ID:1024
Data:bytearray(b'\x01f\xf2\xcf\xa3\x84{`')
Origin:HCM
Destination:BCM
Status:Headlights ON
Error:MAC verification successful
Latency:8298
2024-09-24 15:41:47,308 CAN ID:256
Data:bytearray(b'\x04f\xf2\xcf\xa3~\x80\t')
Origin:BSM
Destination:BCM
Status:Belt is OFF
Error:MAC verification successful
Latency:8308
2024-09-24 15:41:47,319 CAN ID:256
Data:bytearray(b'\x05f\xf2\xcf\xa32\xb6c')
Origin:BSM
Destination:BCM
Status:Belt is ON
Error:MAC verification successful
Latency:8319
2024-09-24 15:41:47,329 CAN ID:1024
Data:bytearray(b'\x00f\xf2\xcf\xa3\x01\xd7\xb3')
Origin:HCM
Destination:BCM
Status:Headlights OFF
Error:MAC verification successful
Latency:8329
2024-09-24 15:41:47,340 CAN ID:1024
Data:bytearray(b'\x01f\xf2\xcf\xa3\x84{`')
Origin:HCM
Destination:BCM
Status:Headlights ON
Error:MAC verification successful
Latency:8340
2024-09-24 15:41:47,351 CAN ID:1024
Data:bytearray(b'\x00f\xf2\xcf\xa4*\x03S')
Origin:HCM
Destination:BCM
Status:Headlights OFF
Error:MAC verification successful
Latency:7351
2024-09-24 15:41:47,361 CAN ID:1024
Data:bytearray(b'\x01f\xf2\xcf\xa4\xd5\xbf\xc9')
Origin:HCM
Destination:BCM
Status:Headlights ON
Error:MAC verification successful
Latency:7361
2024-09-24 15:41:47,371 CAN ID:1024
Data:bytearray(b'\x00f\xf2\xcf\xa4*\x03S')
Origin:HCM
Destination:BCM
Status:Headlights OFF
Error:MAC verification successful
Latency:7371
2024-09-24 15:41:47,382 CAN ID:1024
Data:bytearray(b'\x01f\xf2\xcf\xa4\xd5\xbf\xc9')
Origin:HCM
Destination:BCM
Status:Headlights ON
Error:MAC verification successful
Latency:7382
2024-09-24 15:41:47,392 CAN ID:1024
Data:bytearray(b'\x00f\xf2\xcf\xa4*\x03S')
Origin:HCM
Destination:BCM
Status:Headlights OFF
Error:MAC verification successful
Latency:7392
2024-09-24 15:41:47,403 CAN ID:1024
Data:bytearray(b'\x01f\xf2\xcf\xa4\xd5\xbf\xc9')
Origin:HCM
Destination:BCM
Status:Headlights ON
Error:MAC verification successful
Latency:7403
2024-09-24 15:41:47,413 CAN ID:1024
Data:bytearray(b'\x00f\xf2\xcf\xa5*\x96P')
Origin:HCM
Destination:BCM
Status:Headlights OFF
Error:MAC verification successful
Latency:6413
2024-09-24 15:41:47,424 CAN ID:1024
Data:bytearray(b'\x01f\xf2\xcf\xa5\x83Lk')
Origin:HCM
Destination:BCM
Status:Headlights ON
Error:MAC verification successful
Latency:6424
2024-09-24 15:41:47,434 CAN ID:1024
Data:bytearray(b'\x00f\xf2\xcf\xa5*\x96P')
Origin:HCM
Destination:BCM
Status:Headlights OFF
Error:MAC verification successful
Latency:6434
2024-09-24 15:41:47,444 CAN ID:1024
Data:bytearray(b'\x01f\xf2\xcf\xa6\x91\x03\xdf')
Origin:HCM
Destination:BCM
Status:Headlights ON
Error:MAC verification successful
Latency:5444
2024-09-24 15:41:47,455 CAN ID:1024
Data:bytearray(b'\x00f\xf2\xcf\xa6C5i')
Origin:HCM
Destination:BCM
Status:Headlights OFF
Error:MAC verification successful
Latency:5455
2024-09-24 15:41:47,465 CAN ID:1024
Data:bytearray(b'\x01f\xf2\xcf\xa6\x91\x03\xdf')
Origin:HCM
Destination:BCM
Status:Headlights ON
Error:MAC verification successful
Latency:5465
2024-09-24 15:41:47,475 CAN ID:256
Data:bytearray(b'\x04f\xf2\xcf\xa6\xb6\x9eT')
Origin:BSM
Destination:BCM
Status:Belt is OFF
Error:MAC verification successful
Latency:5475
2024-09-24 15:41:47,486 CAN ID:1024
Data:bytearray(b'\x00f\xf2\xcf\xa6C5i')
Origin:HCM
Destination:BCM
Status:Headlights OFF
Error:MAC verification successful
Latency:5486
2024-09-24 15:41:47,496 CAN ID:256
Data:bytearray(b'\x05f\xf2\xcf\xa6\xe1\x1c\x7f')
Origin:BSM
Destination:BCM
Status:Belt is ON
Error:MAC verification successful
Latency:5496
2024-09-24 15:41:47,507 CAN ID:1024
Data:bytearray(b'\x01f\xf2\xcf\xa6\x91\x03\xdf')
Origin:HCM
Destination:BCM
Status:Headlights ON
Error:MAC verification successful
Latency:5507
2024-09-24 15:41:47,517 CAN ID:1024
Data:bytearray(b'\x00f\xf2\xcf\xa7\x1f\xc7K')
Origin:HCM
Destination:BCM
Status:Headlights OFF
Error:MAC verification successful
Latency:4517
2024-09-24 15:41:47,528 CAN ID:1024
Data:bytearray(b'\x01f\xf2\xcf\xa7\x00\xb20')
Origin:HCM
Destination:BCM
Status:Headlights ON
Error:MAC verification successful
Latency:4528
2024-09-24 15:41:47,538 CAN ID:1024
Data:bytearray(b'\x00f\xf2\xcf\xa7\x1f\xc7K')
Origin:HCM
Destination:BCM
Status:Headlights OFF
Error:MAC verification successful
Latency:4538
2024-09-24 15:41:47,548 CAN ID:1024
Data:bytearray(b'\x01f\xf2\xcf\xa7\x00\xb20')
Origin:HCM
Destination:BCM
Status:Headlights ON
Error:MAC verification successful
Latency:4548
2024-09-24 15:41:47,559 CAN ID:256
Data:bytearray(b'\x04f\xf2\xcf\xa7O\xbe\xb7')
Origin:BSM
Destination:BCM
Status:Belt is OFF
Error:MAC verification successful
Latency:4559
2024-09-24 15:41:47,569 CAN ID:1024
Data:bytearray(b'\x00f\xf2\xcf\xa7\x1f\xc7K')
Origin:HCM
Destination:BCM
Status:Headlights OFF
Error:MAC verification successful
Latency:4569
2024-09-24 15:41:47,579 CAN ID:1024
Data:bytearray(b'\x01f\xf2\xcf\xa7\x00\xb20')
Origin:HCM
Destination:BCM
Status:Headlights ON
Error:MAC verification successful
Latency:4579
2024-09-24 15:41:47,590 CAN ID:256
Data:bytearray(b'\x05f\xf2\xcf\xa7Y\x1fy')
Origin:BSM
Destination:BCM
Status:Belt is ON
Error:MAC verification successful
Latency:4590
2024-09-24 15:41:47,601 CAN ID:1024
Data:bytearray(b'\x00f\xf2\xcf\xa7\x1f\xc7K')
Origin:HCM
Destination:BCM
Status:Headlights OFF
Error:MAC verification successful
Latency:4600
2024-09-24 15:41:47,611 CAN ID:256
Data:bytearray(b'\x04f\xf2\xcf\xa8\x04\xfd\x9f')
Origin:BSM
Destination:BCM
Status:Belt is OFF
Error:MAC verification successful
Latency:3611
2024-09-24 15:41:47,621 CAN ID:256
Data:bytearray(b'\x05f\xf2\xcf\xa8\x10\x8a0')
Origin:BSM
Destination:BCM
Status:Belt is ON
Error:MAC verification successful
Latency:3621
2024-09-24 15:41:47,632 CAN ID:256
Data:bytearray(b'\x04f\xf2\xcf\xa9 XF')
Origin:BSM
Destination:BCM
Status:Belt is OFF
Error:MAC verification successful
Latency:2632
2024-09-24 15:41:47,642 CAN ID:256
Data:bytearray(b'\x05f\xf2\xcf\xa9\xc9\x1bk')
Origin:BSM
Destination:BCM
Status:Belt is ON
Error:MAC verification successful
Latency:2642
2024-09-24 15:41:47,869 CAN ID:1024
Data:bytearray(b'\x01f\xf2\xcf\xab\xb0\xe0\x1f')
Origin:HCM
Destination:BCM
Status:Headlights ON
Error:MAC verification successful
Latency:869
2024-09-24 15:41:47,971 CAN ID:1024
Data:bytearray(b'\x00f\xf2\xcf\xab:\x10-')
Origin:HCM
Destination:BCM
Status:Headlights OFF
Error:MAC verification successful
Latency:970
2024-09-24 15:41:48,071 CAN ID:1024
Data:bytearray(b'\x01f\xf2\xcf\xac\x1b\xbd\xd5')
Origin:HCM
Destination:BCM
Status:Headlights ON
Error:MAC verification successful
Latency:71
2024-09-24 15:41:48,173 CAN ID:1024
Data:bytearray(b'\x00f\xf2\xcf\xacxx\xe6')
Origin:HCM
Destination:BCM
Status:Headlights OFF
Error:MAC verification successful
Latency:173
2024-09-24 15:41:49,376 CAN ID:1024
Data:bytearray(b'\x01f\xf2\xcf\xad\x1e\xd9\x17')
Origin:HCM
Destination:BCM
Status:Headlights ON
Error:MAC verification successful
Latency:376
2024-09-24 15:41:49,477 CAN ID:1024
Data:bytearray(b'\x00f\xf2\xcf\xad\xb7\x8a\x9c')
Origin:HCM
Destination:BCM
Status:Headlights OFF
Error:MAC verification successful
Latency:477
2024-09-24 15:42:16,295 KeyboardInterrupt detected, exiting gracefully.
2024-09-24 15:42:16,296 Cleaning up resources...
2024-09-24 15:42:16,298 Latency Statistics:
2024-09-24 15:42:16,298 Mean: 7379.29 ms
2024-09-24 15:42:16,298 Median: 979.00 ms
2024-09-24 15:42:16,298 Min: 3.00 ms
2024-09-24 15:42:16,299 Max: 28591.00 ms
2024-09-24 15:42:16,299 Std_dev: 8305.69 ms
2024-09-24 15:42:16,299 Cleanup complete. Exiting program.
