2024-09-24 15:50:37,184 Created a socket
2024-09-24 15:50:40,626 CAN ID:512
Data:bytearray(b'\x03f\xf2\xd1\xc0g\xa3\x9f')
Origin:DCM
Destination:BCM
Status:Door is Locked
Error:MAC verification successful
Latency:626
2024-09-24 15:50:42,759 CAN ID:512
Data:bytearray(b'\x02f\xf2\xd1\xc2\xdbqb')
Origin:DCM
Destination:BCM
Status:Door is Unlocked
Error:MAC verification successful
Latency:759
2024-09-24 15:50:45,453 CAN ID:512
Data:bytearray(b'\x03f\xf2\xd1\xc5]\x0c\xfe')
Origin:DCM
Destination:BCM
Status:Door is Locked
Error:MAC verification successful
Latency:453
2024-09-24 15:50:48,213 CAN ID:512
Data:bytearray(b'\x02f\xf2\xd1\xc8\x03E\xf6')
Origin:DCM
Destination:BCM
Status:Door is Unlocked
Error:MAC verification successful
Latency:213
2024-09-24 15:50:51,146 CAN ID:512
Data:bytearray(b'\x03f\xf2\xd1\xcb\x13\xc5\xba')
Origin:DCM
Destination:BCM
Status:Door is Locked
Error:MAC verification successful
Latency:146
2024-09-24 15:51:07,286 CAN ID:512
Data:bytearray(b'\x03f\xf2\xd1\xc0g\xa3\x9f')
Origin:DCM
Destination:BCM
Status:Door is Locked
Error:MAC verification successful
Latency:27286
2024-09-24 15:51:07,297 CAN ID:512
Data:bytearray(b'\x02f\xf2\xd1\xc2\xdbqb')
Origin:DCM
Destination:BCM
Status:Door is Unlocked
Error:MAC verification successful
Latency:25297
2024-09-24 15:51:07,308 CAN ID:512
Data:bytearray(b'\x03f\xf2\xd1\xc5]\x0c\xfe')
Origin:DCM
Destination:BCM
Status:Door is Locked
Error:MAC verification successful
Latency:22308
2024-09-24 15:51:07,319 CAN ID:512
Data:bytearray(b'\x02f\xf2\xd1\xc8\x03E\xf6')
Origin:DCM
Destination:BCM
Status:Door is Unlocked
Error:MAC verification successful
Latency:19319
2024-09-24 15:51:07,330 CAN ID:512
Data:bytearray(b'\x03f\xf2\xd1\xcb\x13\xc5\xba')
Origin:DCM
Destination:BCM
Status:Door is Locked
Error:MAC verification successful
Latency:16330
2024-09-24 15:51:21,785 KeyboardInterrupt detected, exiting gracefully.
2024-09-24 15:51:21,786 Cleaning up resources...
2024-09-24 15:51:21,787 Latency Statistics:
2024-09-24 15:51:21,788 Mean: 11273.70 ms
2024-09-24 15:51:21,788 Median: 8544.50 ms
2024-09-24 15:51:21,788 Min: 146.00 ms
2024-09-24 15:51:21,789 Max: 27286.00 ms
2024-09-24 15:51:21,789 Std_dev: 11190.53 ms
2024-09-24 15:51:21,789 Cleanup complete. Exiting program.
