2024-09-24 14:40:42,940 Created a socket
2024-09-24 14:40:42,984 CAN ID:0
Data:bytearray(b'\x00\x00\x00\x00\x00\x00\x00\x02')
Origin:None
Destination:BCM
Status:None
Error:Abnormal message received
Latency:1727185242984
2024-09-24 14:40:43,985 CAN ID:0
Data:bytearray(b'\x00\x00\x00\x00\x00\x00\x00\x03')
Origin:None
Destination:BCM
Status:None
Error:Abnormal message received
Latency:1727185243985
2024-09-24 14:40:44,986 CAN ID:0
Data:bytearray(b'\x00\x00\x00\x00\x00\x00\x00\x04')
Origin:None
Destination:BCM
Status:None
Error:Abnormal message received
Latency:1727185244986
2024-09-24 14:40:45,986 CAN ID:0
Data:bytearray(b'\x00\x00\x00\x00\x00\x00\x00\x05')
Origin:None
Destination:BCM
Status:None
Error:Abnormal message received
Latency:1727185245986
2024-09-24 14:40:46,987 CAN ID:0
Data:bytearray(b'\x00\x00\x00\x00\x00\x00\x00\x06')
Origin:None
Destination:BCM
Status:None
Error:Abnormal message received
Latency:1727185246987
2024-09-24 14:40:47,988 CAN ID:0
Data:bytearray(b'\x00\x00\x00\x00\x00\x00\x00\x07')
Origin:None
Destination:BCM
Status:None
Error:Abnormal message received
Latency:1727185247988
2024-09-24 14:40:48,989 CAN ID:0
Data:bytearray(b'\x00\x00\x00\x00\x00\x00\x00\x08')
Origin:None
Destination:BCM
Status:None
Error:Abnormal message received
Latency:1727185248988
2024-09-24 14:40:49,989 CAN ID:0
Data:bytearray(b'\x00\x00\x00\x00\x00\x00\x00\t')
Origin:None
Destination:BCM
Status:None
Error:Abnormal message received
Latency:1727185249989
2024-09-24 14:40:50,990 CAN ID:0
Data:bytearray(b'\x00\x00\x00\x00\x00\x00\x00\n')
Origin:None
Destination:BCM
Status:None
Error:Abnormal message received
Latency:1727185250990
2024-09-24 14:40:51,990 CAN ID:0
Data:bytearray(b'\x00\x00\x00\x00\x00\x00\x00\x0b')
Origin:None
Destination:BCM
Status:None
Error:Abnormal message received
Latency:1727185251990
2024-09-24 14:40:52,991 CAN ID:0
Data:bytearray(b'\x00\x00\x00\x00\x00\x00\x00\x0c')
Origin:None
Destination:BCM
Status:None
Error:Abnormal message received
Latency:1727185252991
2024-09-24 14:40:53,992 CAN ID:0
Data:bytearray(b'\x00\x00\x00\x00\x00\x00\x00\r')
Origin:None
Destination:BCM
Status:None
Error:Abnormal message received
Latency:1727185253991
2024-09-24 14:40:54,992 CAN ID:0
Data:bytearray(b'\x00\x00\x00\x00\x00\x00\x00\x0e')
Origin:None
Destination:BCM
Status:None
Error:Abnormal message received
Latency:1727185254992
2024-09-24 14:40:55,993 CAN ID:0
Data:bytearray(b'\x00\x00\x00\x00\x00\x00\x00\x0f')
Origin:None
Destination:BCM
Status:None
Error:Abnormal message received
Latency:1727185255993
2024-09-24 14:40:56,993 CAN ID:0
Data:bytearray(b'\x00\x00\x00\x00\x00\x00\x00\x10')
Origin:None
Destination:BCM
Status:None
Error:Abnormal message received
Latency:1727185256993
2024-09-24 14:40:57,994 CAN ID:0
Data:bytearray(b'\x00\x00\x00\x00\x00\x00\x00\x11')
Origin:None
Destination:BCM
Status:None
Error:Abnormal message received
Latency:1727185257994
2024-09-24 14:40:58,995 CAN ID:0
Data:bytearray(b'\x00\x00\x00\x00\x00\x00\x00\x12')
Origin:None
Destination:BCM
Status:None
Error:Abnormal message received
Latency:1727185258995
2024-09-24 14:40:59,995 CAN ID:0
Data:bytearray(b'\x00\x00\x00\x00\x00\x00\x00\x13')
Origin:None
Destination:BCM
Status:None
Error:Abnormal message received
Latency:1727185259995
2024-09-24 14:41:00,996 CAN ID:0
Data:bytearray(b'\x00\x00\x00\x00\x00\x00\x00\x14')
Origin:None
Destination:BCM
Status:None
Error:Abnormal message received
Latency:1727185260996
2024-09-24 14:41:01,997 CAN ID:0
Data:bytearray(b'\x00\x00\x00\x00\x00\x00\x00\x15')
Origin:None
Destination:BCM
Status:None
Error:Abnormal message received
Latency:1727185261997
2024-09-24 14:41:02,997 CAN ID:0
Data:bytearray(b'\x00\x00\x00\x00\x00\x00\x00\x16')
Origin:None
Destination:BCM
Status:None
Error:Abnormal message received
Latency:1727185262997
2024-09-24 14:41:03,998 CAN ID:0
Data:bytearray(b'\x00\x00\x00\x00\x00\x00\x00\x17')
Origin:None
Destination:BCM
Status:None
Error:Abnormal message received
Latency:1727185263998
2024-09-24 14:41:04,999 CAN ID:0
Data:bytearray(b'\x00\x00\x00\x00\x00\x00\x00\x18')
Origin:None
Destination:BCM
Status:None
Error:Abnormal message received
Latency:1727185264999
2024-09-24 14:41:05,999 CAN ID:0
Data:bytearray(b'\x00\x00\x00\x00\x00\x00\x00\x19')
Origin:None
Destination:BCM
Status:None
Error:Abnormal message received
Latency:1727185265999
2024-09-24 14:41:07,003 CAN ID:0
Data:bytearray(b'\x00\x00\x00\x00\x00\x00\x00\x1a')
Origin:None
Destination:BCM
Status:None
Error:Abnormal message received
Latency:1727185267003
2024-09-24 14:41:08,000 CAN ID:0
Data:bytearray(b'\x00\x00\x00\x00\x00\x00\x00\x1b')
Origin:None
Destination:BCM
Status:None
Error:Abnormal message received
Latency:1727185268000
2024-09-24 14:41:09,001 CAN ID:0
Data:bytearray(b'\x00\x00\x00\x00\x00\x00\x00\x1c')
Origin:None
Destination:BCM
Status:None
Error:Abnormal message received
Latency:1727185269001
2024-09-24 14:41:10,002 CAN ID:0
Data:bytearray(b'\x00\x00\x00\x00\x00\x00\x00\x1d')
Origin:None
Destination:BCM
Status:None
Error:Abnormal message received
Latency:1727185270002
2024-09-24 14:41:11,002 CAN ID:0
Data:bytearray(b'\x00\x00\x00\x00\x00\x00\x00\x1e')
Origin:None
Destination:BCM
Status:None
Error:Abnormal message received
Latency:1727185271002
2024-09-24 14:41:12,003 CAN ID:0
Data:bytearray(b'\x00\x00\x00\x00\x00\x00\x00\x1f')
Origin:None
Destination:BCM
Status:None
Error:Abnormal message received
Latency:1727185272003
2024-09-24 14:41:13,004 CAN ID:0
Data:bytearray(b'\x00\x00\x00\x00\x00\x00\x00 ')
Origin:None
Destination:BCM
Status:None
Error:Abnormal message received
Latency:1727185273004
2024-09-24 14:41:14,015 CAN ID:0
Data:bytearray(b'\x00\x00\x00\x00\x00\x00\x00!')
Origin:None
Destination:BCM
Status:None
Error:Abnormal message received
Latency:1727185274015
2024-09-24 14:41:15,006 CAN ID:0
Data:bytearray(b'\x00\x00\x00\x00\x00\x00\x00"')
Origin:None
Destination:BCM
Status:None
Error:Abnormal message received
Latency:1727185275006
2024-09-24 14:41:16,006 CAN ID:0
Data:bytearray(b'\x00\x00\x00\x00\x00\x00\x00#')
Origin:None
Destination:BCM
Status:None
Error:Abnormal message received
Latency:1727185276006
2024-09-24 14:41:17,020 CAN ID:0
Data:bytearray(b'\x00\x00\x00\x00\x00\x00\x00$')
Origin:None
Destination:BCM
Status:None
Error:Abnormal message received
Latency:1727185277020
2024-09-24 14:41:18,008 CAN ID:0
Data:bytearray(b'\x00\x00\x00\x00\x00\x00\x00%')
Origin:None
Destination:BCM
Status:None
Error:Abnormal message received
Latency:1727185278007
2024-09-24 14:41:19,008 CAN ID:0
Data:bytearray(b'\x00\x00\x00\x00\x00\x00\x00&')
Origin:None
Destination:BCM
Status:None
Error:Abnormal message received
Latency:1727185279008
2024-09-24 14:41:20,008 CAN ID:0
Data:bytearray(b"\x00\x00\x00\x00\x00\x00\x00\'")
Origin:None
Destination:BCM
Status:None
Error:Abnormal message received
Latency:1727185280008
2024-09-24 14:41:21,009 CAN ID:0
Data:bytearray(b'\x00\x00\x00\x00\x00\x00\x00(')
Origin:None
Destination:BCM
Status:None
Error:Abnormal message received
Latency:1727185281009
2024-09-24 14:41:22,010 CAN ID:0
Data:bytearray(b'\x00\x00\x00\x00\x00\x00\x00)')
Origin:None
Destination:BCM
Status:None
Error:Abnormal message received
Latency:1727185282010
2024-09-24 14:41:23,010 CAN ID:0
Data:bytearray(b'\x00\x00\x00\x00\x00\x00\x00*')
Origin:None
Destination:BCM
Status:None
Error:Abnormal message received
Latency:1727185283010
2024-09-24 14:41:24,014 CAN ID:0
Data:bytearray(b'\x00\x00\x00\x00\x00\x00\x00+')
Origin:None
Destination:BCM
Status:None
Error:Abnormal message received
Latency:1727185284014
2024-09-24 14:41:25,011 CAN ID:0
Data:bytearray(b'\x00\x00\x00\x00\x00\x00\x00,')
Origin:None
Destination:BCM
Status:None
Error:Abnormal message received
Latency:1727185285011
2024-09-24 14:41:26,012 CAN ID:0
Data:bytearray(b'\x00\x00\x00\x00\x00\x00\x00-')
Origin:None
Destination:BCM
Status:None
Error:Abnormal message received
Latency:1727185286012
2024-09-24 14:41:27,013 CAN ID:0
Data:bytearray(b'\x00\x00\x00\x00\x00\x00\x00.')
Origin:None
Destination:BCM
Status:None
Error:Abnormal message received
Latency:1727185287013
2024-09-24 14:41:28,013 CAN ID:0
Data:bytearray(b'\x00\x00\x00\x00\x00\x00\x00/')
Origin:None
Destination:BCM
Status:None
Error:Abnormal message received
Latency:1727185288013
2024-09-24 14:41:29,014 CAN ID:0
Data:bytearray(b'\x00\x00\x00\x00\x00\x00\x000')
Origin:None
Destination:BCM
Status:None
Error:Abnormal message received
Latency:1727185289014
2024-09-24 14:41:30,015 CAN ID:0
Data:bytearray(b'\x00\x00\x00\x00\x00\x00\x001')
Origin:None
Destination:BCM
Status:None
Error:Abnormal message received
Latency:1727185290015
2024-09-24 14:41:31,015 CAN ID:0
Data:bytearray(b'\x00\x00\x00\x00\x00\x00\x002')
Origin:None
Destination:BCM
Status:None
Error:Abnormal message received
Latency:1727185291015
2024-09-24 14:41:32,016 CAN ID:0
Data:bytearray(b'\x00\x00\x00\x00\x00\x00\x003')
Origin:None
Destination:BCM
Status:None
Error:Abnormal message received
Latency:1727185292016
2024-09-24 14:41:33,016 CAN ID:0
Data:bytearray(b'\x00\x00\x00\x00\x00\x00\x004')
Origin:None
Destination:BCM
Status:None
Error:Abnormal message received
Latency:1727185293016
2024-09-24 14:41:34,017 CAN ID:0
Data:bytearray(b'\x00\x00\x00\x00\x00\x00\x005')
Origin:None
Destination:BCM
Status:None
Error:Abnormal message received
Latency:1727185294017
2024-09-24 14:41:35,018 CAN ID:0
Data:bytearray(b'\x00\x00\x00\x00\x00\x00\x006')
Origin:None
Destination:BCM
Status:None
Error:Abnormal message received
Latency:1727185295018
2024-09-24 14:41:36,018 CAN ID:0
Data:bytearray(b'\x00\x00\x00\x00\x00\x00\x007')
Origin:None
Destination:BCM
Status:None
Error:Abnormal message received
Latency:1727185296018
2024-09-24 14:41:37,019 CAN ID:0
Data:bytearray(b'\x00\x00\x00\x00\x00\x00\x008')
Origin:None
Destination:BCM
Status:None
Error:Abnormal message received
Latency:1727185297019
2024-09-24 14:41:38,019 CAN ID:0
Data:bytearray(b'\x00\x00\x00\x00\x00\x00\x009')
Origin:None
Destination:BCM
Status:None
Error:Abnormal message received
Latency:1727185298019
2024-09-24 14:41:39,021 CAN ID:0
Data:bytearray(b'\x00\x00\x00\x00\x00\x00\x00:')
Origin:None
Destination:BCM
Status:None
Error:Abnormal message received
Latency:1727185299020
2024-09-24 14:41:40,022 CAN ID:0
Data:bytearray(b'\x00\x00\x00\x00\x00\x00\x00;')
Origin:None
Destination:BCM
Status:None
Error:Abnormal message received
Latency:1727185300022
2024-09-24 14:41:41,022 CAN ID:0
Data:bytearray(b'\x00\x00\x00\x00\x00\x00\x00<')
Origin:None
Destination:BCM
Status:None
Error:Abnormal message received
Latency:1727185301022
2024-09-24 14:41:42,022 CAN ID:0
Data:bytearray(b'\x00\x00\x00\x00\x00\x00\x00=')
Origin:None
Destination:BCM
Status:None
Error:Abnormal message received
Latency:1727185302022
2024-09-24 14:41:43,025 CAN ID:0
Data:bytearray(b'\x00\x00\x00\x00\x00\x00\x00>')
Origin:None
Destination:BCM
Status:None
Error:Abnormal message received
Latency:1727185303024
2024-09-24 14:41:44,023 CAN ID:0
Data:bytearray(b'\x00\x00\x00\x00\x00\x00\x00?')
Origin:None
Destination:BCM
Status:None
Error:Abnormal message received
Latency:1727185304023
2024-09-24 14:41:45,024 CAN ID:0
Data:bytearray(b'\x00\x00\x00\x00\x00\x00\x00@')
Origin:None
Destination:BCM
Status:None
Error:Abnormal message received
Latency:1727185305024
2024-09-24 14:41:46,025 CAN ID:0
Data:bytearray(b'\x00\x00\x00\x00\x00\x00\x00A')
Origin:None
Destination:BCM
Status:None
Error:Abnormal message received
Latency:1727185306024
2024-09-24 14:41:47,025 CAN ID:0
Data:bytearray(b'\x00\x00\x00\x00\x00\x00\x00B')
Origin:None
Destination:BCM
Status:None
Error:Abnormal message received
Latency:1727185307025
2024-09-24 14:41:48,026 CAN ID:0
Data:bytearray(b'\x00\x00\x00\x00\x00\x00\x00C')
Origin:None
Destination:BCM
Status:None
Error:Abnormal message received
Latency:1727185308026
2024-09-24 14:41:49,026 CAN ID:0
Data:bytearray(b'\x00\x00\x00\x00\x00\x00\x00D')
Origin:None
Destination:BCM
Status:None
Error:Abnormal message received
Latency:1727185309026
2024-09-24 14:41:50,028 CAN ID:0
Data:bytearray(b'\x00\x00\x00\x00\x00\x00\x00E')
Origin:None
Destination:BCM
Status:None
Error:Abnormal message received
Latency:1727185310027
2024-09-24 14:41:51,028 CAN ID:0
Data:bytearray(b'\x00\x00\x00\x00\x00\x00\x00F')
Origin:None
Destination:BCM
Status:None
Error:Abnormal message received
Latency:1727185311028
2024-09-24 14:41:52,028 CAN ID:0
Data:bytearray(b'\x00\x00\x00\x00\x00\x00\x00G')
Origin:None
Destination:BCM
Status:None
Error:Abnormal message received
Latency:1727185312028
2024-09-24 14:41:53,029 CAN ID:0
Data:bytearray(b'\x00\x00\x00\x00\x00\x00\x00H')
Origin:None
Destination:BCM
Status:None
Error:Abnormal message received
Latency:1727185313029
2024-09-24 14:41:54,029 CAN ID:0
Data:bytearray(b'\x00\x00\x00\x00\x00\x00\x00I')
Origin:None
Destination:BCM
Status:None
Error:Abnormal message received
Latency:1727185314029
2024-09-24 14:41:55,030 CAN ID:0
Data:bytearray(b'\x00\x00\x00\x00\x00\x00\x00J')
Origin:None
Destination:BCM
Status:None
Error:Abnormal message received
Latency:1727185315030
2024-09-24 14:41:56,031 CAN ID:0
Data:bytearray(b'\x00\x00\x00\x00\x00\x00\x00K')
Origin:None
Destination:BCM
Status:None
Error:Abnormal message received
Latency:1727185316031
2024-09-24 14:41:57,031 CAN ID:0
Data:bytearray(b'\x00\x00\x00\x00\x00\x00\x00L')
Origin:None
Destination:BCM
Status:None
Error:Abnormal message received
Latency:1727185317031
2024-09-24 14:41:58,032 CAN ID:0
Data:bytearray(b'\x00\x00\x00\x00\x00\x00\x00M')
Origin:None
Destination:BCM
Status:None
Error:Abnormal message received
Latency:1727185318032
2024-09-24 14:41:59,032 CAN ID:0
Data:bytearray(b'\x00\x00\x00\x00\x00\x00\x00N')
Origin:None
Destination:BCM
Status:None
Error:Abnormal message received
Latency:1727185319032
2024-09-24 14:42:00,034 CAN ID:0
Data:bytearray(b'\x00\x00\x00\x00\x00\x00\x00O')
Origin:None
Destination:BCM
Status:None
Error:Abnormal message received
Latency:1727185320034
2024-09-24 14:42:01,034 CAN ID:0
Data:bytearray(b'\x00\x00\x00\x00\x00\x00\x00P')
Origin:None
Destination:BCM
Status:None
Error:Abnormal message received
Latency:1727185321034
2024-09-24 14:42:02,035 CAN ID:0
Data:bytearray(b'\x00\x00\x00\x00\x00\x00\x00Q')
Origin:None
Destination:BCM
Status:None
Error:Abnormal message received
Latency:1727185322035
2024-09-24 14:42:02,592 KeyboardInterrupt detected, exiting gracefully.
2024-09-24 14:42:02,593 Cleaning up resources...
2024-09-24 14:42:02,598 Latency Statistics:
2024-09-24 14:42:02,600 Mean: 1727185282510.06 ms
2024-09-24 14:42:02,601 Median: 1727185282510.00 ms
2024-09-24 14:42:02,602 Min: 1727185242984.00 ms
2024-09-24 14:42:02,602 Max: 1727185322035.00 ms
2024-09-24 14:42:02,603 Std_dev: 23106.77 ms
2024-09-24 14:42:02,606 Cleanup complete. Exiting program.
