2024-09-24 15:29:04,275 Created a socket
2024-09-24 15:29:18,125 CAN ID:350
Data:bytearray(b'\xe2\xdd?\x14aD_h')
Origin:None
Destination:BCM
Status:None
Error:MAC verification failed
Latency:0
2024-09-24 15:29:18,639 CAN ID:270
Data:bytearray(b'Q\x0eki[o\x81E')
Origin:None
Destination:BCM
Status:None
Error:MAC verification failed
Latency:0
2024-09-24 15:29:19,348 CAN ID:382
Data:bytearray(b'Vu\xc7=\x03\xf6\x8df')
Origin:None
Destination:BCM
Status:None
Error:MAC verification failed
Latency:0
2024-09-24 15:29:20,964 CAN ID:453
Data:bytearray(b'\xb1\x1a_\\N\xbe\xe7I')
Origin:None
Destination:BCM
Status:None
Error:MAC verification failed
Latency:0
2024-09-24 15:29:21,824 CAN ID:599
Data:bytearray(b'Q\x81\xaf^\x9d^\xd3_')
Origin:None
Destination:BCM
Status:None
Error:MAC verification failed
Latency:0
2024-09-24 15:29:23,598 CAN ID:929
Data:bytearray(b'\xe0\xa5\xa0\x043\xfb{\x8e')
Origin:None
Destination:BCM
Status:None
Error:MAC verification failed
Latency:0
2024-09-24 15:29:24,850 CAN ID:1981
Data:bytearray(b'Aw%\xd9\xf4\x1d"?')
Origin:None
Destination:BCM
Status:None
Error:MAC verification failed
Latency:0
2024-09-24 15:29:25,616 CAN ID:350
Data:bytearray(b'#\x903]\x1a\xd4\xda\xa1')
Origin:None
Destination:BCM
Status:None
Error:MAC verification failed
Latency:0
2024-09-24 15:29:27,242 CAN ID:1647
Data:bytearray(b'\xd7\xe8\x9fg}=\x82P')
Origin:None
Destination:BCM
Status:None
Error:MAC verification failed
Latency:0
2024-09-24 15:29:28,825 CAN ID:132
Data:bytearray(b'$\x1e|\xb1On\x9b\xe1')
Origin:None
Destination:BCM
Status:None
Error:MAC verification failed
Latency:0
2024-09-24 15:29:29,631 CAN ID:205
Data:bytearray(b'\xd6`\xf7\xcb\x9b\xffk\xfc')
Origin:None
Destination:BCM
Status:None
Error:MAC verification failed
Latency:0
2024-09-24 15:29:31,219 CAN ID:419
Data:bytearray(b'z\xd1\x97\xd6\x1b?\xea{')
Origin:None
Destination:BCM
Status:None
Error:MAC verification failed
Latency:0
2024-09-24 15:29:32,907 CAN ID:1244
Data:bytearray(b' x\xe8z\x82M\xbcq')
Origin:None
Destination:BCM
Status:None
Error:MAC verification failed
Latency:0
2024-09-24 15:29:34,525 CAN ID:390
Data:bytearray(b'\x9f\n@.\xca+*\x8f')
Origin:None
Destination:BCM
Status:None
Error:MAC verification failed
Latency:0
2024-09-24 15:29:36,169 CAN ID:633
Data:bytearray(b'\xa4\x96m\x92$s\xff\xb6')
Origin:None
Destination:BCM
Status:None
Error:MAC verification failed
Latency:0
2024-09-24 15:29:36,738 CAN ID:774
Data:bytearray(b'\xaa\xdc\x99\xa1\n\x87\xf6j')
Origin:None
Destination:BCM
Status:None
Error:MAC verification failed
Latency:0
2024-09-24 15:29:38,174 CAN ID:2033
Data:bytearray(b'\xa1z\xfe\xf4\x86xa\x1a')
Origin:None
Destination:BCM
Status:None
Error:MAC verification failed
Latency:0
2024-09-24 15:29:39,426 CAN ID:1350
Data:bytearray(b'\x8f\xa7\xe7@\xd6\x9d\xaa1')
Origin:None
Destination:BCM
Status:None
Error:MAC verification failed
Latency:0
2024-09-24 15:29:40,041 CAN ID:879
Data:bytearray(b'\x1b*\xbaS\xdd\xc8\xc7 ')
Origin:None
Destination:BCM
Status:None
Error:MAC verification failed
Latency:0
2024-09-24 15:29:41,077 CAN ID:575
Data:bytearray(b'\xab\x1a\x02^\x12m\x85#')
Origin:None
Destination:BCM
Status:None
Error:MAC verification failed
Latency:0
2024-09-24 15:29:41,945 CAN ID:1412
Data:bytearray(b'\x10\xec\xc0!/\xd1\xe0\xaa')
Origin:None
Destination:BCM
Status:None
Error:MAC verification failed
Latency:0
2024-09-24 15:29:42,649 CAN ID:644
Data:bytearray(b'p8\xbf\xe2$\xfb\xc3Q')
Origin:None
Destination:BCM
Status:None
Error:MAC verification failed
Latency:0
2024-09-24 15:29:43,551 CAN ID:65
Data:bytearray(b's\xc7F\x9d1@\xd7\xc2')
Origin:None
Destination:BCM
Status:None
Error:MAC verification failed
Latency:0
2024-09-24 15:29:45,231 CAN ID:475
Data:bytearray(b'l=j\xb3\xa9\xaf\xba%')
Origin:None
Destination:BCM
Status:None
Error:MAC verification failed
Latency:0
2024-09-24 15:29:47,139 CAN ID:2007
Data:bytearray(b'\xfc\x92\xfeR\xea\xa3\xb8S')
Origin:None
Destination:BCM
Status:None
Error:MAC verification failed
Latency:0
2024-09-24 15:29:48,842 CAN ID:210
Data:bytearray(b'\xb7\xbd\xad\xd3h\xbc\xfdW')
Origin:None
Destination:BCM
Status:None
Error:MAC verification failed
Latency:0
2024-09-24 15:29:50,186 CAN ID:1228
Data:bytearray(b';f\xc36\xed\xd30\xe0')
Origin:None
Destination:BCM
Status:None
Error:MAC verification failed
Latency:0
2024-09-24 15:29:51,527 CAN ID:77
Data:bytearray(b'{\xb0\x1a6W\xd1\x8e\xde')
Origin:None
Destination:BCM
Status:None
Error:MAC verification failed
Latency:0
2024-09-24 15:29:53,373 CAN ID:1646
Data:bytearray(b'\xf6\x1d\xe8\xdf\n\x95\xa6y')
Origin:None
Destination:BCM
Status:None
Error:MAC verification failed
Latency:0
2024-09-24 15:29:55,252 CAN ID:333
Data:bytearray(b'\xa8\xc6\xd83\x16\x18\xc11')
Origin:None
Destination:BCM
Status:None
Error:MAC verification failed
Latency:0
2024-09-24 15:29:56,938 CAN ID:274
Data:bytearray(b'\xc21M\xd0\xcf9M9')
Origin:None
Destination:BCM
Status:None
Error:MAC verification failed
Latency:0
2024-09-24 15:29:58,844 CAN ID:73
Data:bytearray(b'\xa1u|8C\xd9\xcbK')
Origin:None
Destination:BCM
Status:None
Error:MAC verification failed
Latency:0
2024-09-24 15:29:59,645 CAN ID:211
Data:bytearray(b'\r\x185\x851\xdcuK')
Origin:None
Destination:BCM
Status:None
Error:MAC verification failed
Latency:0
2024-09-24 15:30:01,333 CAN ID:850
Data:bytearray(b'\xceU.\xfa\xaa5V7')
Origin:None
Destination:BCM
Status:None
Error:MAC verification failed
Latency:0
2024-09-24 15:30:02,146 CAN ID:1372
Data:bytearray(b'U\xd5M]&\xff=G')
Origin:None
Destination:BCM
Status:None
Error:MAC verification failed
Latency:0
2024-09-24 15:30:03,243 CAN ID:284
Data:bytearray(b'"\xadfdagg\x80')
Origin:None
Destination:BCM
Status:None
Error:MAC verification failed
Latency:0
2024-09-24 15:30:03,855 CAN ID:795
Data:bytearray(b'\x9b\xc8(\xa4b\xb7\xa8\xe0')
Origin:None
Destination:BCM
Status:None
Error:MAC verification failed
Latency:0
2024-09-24 15:30:04,860 CAN ID:1174
Data:bytearray(b'\r\xf0\xa3Pw\x0b\xdaE')
Origin:None
Destination:BCM
Status:None
Error:MAC verification failed
Latency:0
2024-09-24 15:30:06,411 CAN ID:656
Data:bytearray(b'\xcc9\xce2\xa90SI')
Origin:None
Destination:BCM
Status:None
Error:MAC verification failed
Latency:0
2024-09-24 15:30:08,404 CAN ID:958
Data:bytearray(b'\xdfP\xdc8HPO\x9e')
Origin:None
Destination:BCM
Status:None
Error:MAC verification failed
Latency:0
2024-09-24 15:30:09,303 CAN ID:639
Data:bytearray(b'\xb2+\x85nE?C\xbb')
Origin:None
Destination:BCM
Status:None
Error:MAC verification failed
Latency:0
2024-09-24 15:30:10,811 CAN ID:863
Data:bytearray(b'\x9e\x1e%j\xc5\xa9\xaaS')
Origin:None
Destination:BCM
Status:None
Error:MAC verification failed
Latency:0
2024-09-24 15:30:11,326 CAN ID:1665
Data:bytearray(b'$\x97\xfb\xf2i\x9a\xdbO')
Origin:None
Destination:BCM
Status:None
Error:MAC verification failed
Latency:0
2024-09-24 15:30:12,476 CAN ID:992
Data:bytearray(b'\x7f!\x9d\x12U\xfa\xd4\x03')
Origin:None
Destination:BCM
Status:None
Error:MAC verification failed
Latency:0
2024-09-24 15:30:13,703 CAN ID:1288
Data:bytearray(b'\x01\xcf~\x03pm]\x9e')
Origin:None
Destination:BCM
Status:None
Error:MAC verification failed
Latency:0
2024-09-24 15:30:14,655 CAN ID:671
Data:bytearray(b'\x95 \xc7\xcd\x87\xe8\xa0N')
Origin:None
Destination:BCM
Status:None
Error:MAC verification failed
Latency:0
2024-09-24 15:30:16,020 CAN ID:1848
Data:bytearray(b'\xf5w&\xfb\n\xce\xe1\x1b')
Origin:None
Destination:BCM
Status:None
Error:MAC verification failed
Latency:0
2024-09-24 15:30:17,019 CAN ID:1197
Data:bytearray(b'\xd1<k\xc6%N\x99\x94')
Origin:None
Destination:BCM
Status:None
Error:MAC verification failed
Latency:0
2024-09-24 15:30:17,535 CAN ID:2001
Data:bytearray(b'\x10\xfa\xd2\xc9{7\x9bL')
Origin:None
Destination:BCM
Status:None
Error:MAC verification failed
Latency:0
2024-09-24 15:30:19,067 CAN ID:1277
Data:bytearray(b'\xfa\x00z\xf1\xbd\x8a+C')
Origin:None
Destination:BCM
Status:None
Error:MAC verification failed
Latency:0
2024-09-24 15:30:20,496 CAN ID:972
Data:bytearray(b'\x98\x8a\xbd\xe3\x16]V\xd4')
Origin:None
Destination:BCM
Status:None
Error:MAC verification failed
Latency:0
2024-09-24 15:30:21,062 CAN ID:1570
Data:bytearray(b')(\x1f\xf1\xca$N\x0b')
Origin:None
Destination:BCM
Status:None
Error:MAC verification failed
Latency:0
2024-09-24 15:30:21,824 CAN ID:1982
Data:bytearray(b'\xef\xd6\xe5\xab\xb6\xbd,\x12')
Origin:None
Destination:BCM
Status:None
Error:MAC verification failed
Latency:0
2024-09-24 15:30:22,910 CAN ID:1996
Data:bytearray(b'\xc7\xd4iB\x009\xaf!')
Origin:None
Destination:BCM
Status:None
Error:MAC verification failed
Latency:0
2024-09-24 15:30:24,433 CAN ID:1771
Data:bytearray(b'\xd5\x9e\xed\\\x9b\x03\xbe\x04')
Origin:None
Destination:BCM
Status:None
Error:MAC verification failed
Latency:0
2024-09-24 15:30:25,110 CAN ID:658
Data:bytearray(b'R\xc0\x02^T\x90\xe09')
Origin:None
Destination:BCM
Status:None
Error:MAC verification failed
Latency:0
2024-09-24 15:30:26,558 CAN ID:685
Data:bytearray(b'\xf3\xd3\x0eM\t\xef^7')
Origin:None
Destination:BCM
Status:None
Error:MAC verification failed
Latency:0
2024-09-24 15:30:27,081 CAN ID:1727
Data:bytearray(b'\x1f\xe6\x1fKK\x14\x06\x83')
Origin:None
Destination:BCM
Status:None
Error:MAC verification failed
Latency:0
2024-09-24 15:30:27,806 CAN ID:1704
Data:bytearray(b'\x88]\x94\x93t\xe8]\xc6')
Origin:None
Destination:BCM
Status:None
Error:MAC verification failed
Latency:0
2024-09-24 15:30:29,287 CAN ID:1279
Data:bytearray(b'\xfe\x1d\xd9\xb1I\xff\x9b^')
Origin:None
Destination:BCM
Status:None
Error:MAC verification failed
Latency:0
2024-09-24 15:30:30,603 CAN ID:838
Data:bytearray(b'G#\r\x81\x8fj\xf1R')
Origin:None
Destination:BCM
Status:None
Error:MAC verification failed
Latency:0
2024-09-24 15:30:31,382 CAN ID:719
Data:bytearray(b'\xb9D\xf4J\xdfu\xd3,')
Origin:None
Destination:BCM
Status:None
Error:MAC verification failed
Latency:0
2024-09-24 15:30:33,353 CAN ID:613
Data:bytearray(b'\x8d3\xbf\x1fL\x83z\xa3')
Origin:None
Destination:BCM
Status:None
Error:MAC verification failed
Latency:0
2024-09-24 15:30:35,087 CAN ID:302
Data:bytearray(b'\xabv\xdfyp=\xb2\x91')
Origin:None
Destination:BCM
Status:None
Error:MAC verification failed
Latency:0
2024-09-24 15:30:35,945 CAN ID:1217
Data:bytearray(b'\xe5:\x9f\xa5\xc2\x97\xa0\xc6')
Origin:None
Destination:BCM
Status:None
Error:MAC verification failed
Latency:0
2024-09-24 15:30:36,503 CAN ID:741
Data:bytearray(b'\xd7 \x1a\xe8\xd4\xa8\xcd^')
Origin:None
Destination:BCM
Status:None
Error:MAC verification failed
Latency:0
2024-09-24 15:30:38,481 CAN ID:1889
Data:bytearray(b'\x97\xfd\x8eve\xedz\x8a')
Origin:None
Destination:BCM
Status:None
Error:MAC verification failed
Latency:0
2024-09-24 15:30:39,689 CAN ID:1016
Data:bytearray(b'_H\xa02-\xd5@\xb3')
Origin:None
Destination:BCM
Status:None
Error:MAC verification failed
Latency:0
2024-09-24 15:30:40,508 CAN ID:967
Data:bytearray(b'\xa8!\xca\x9c\x04\xbf\x0e\x8b')
Origin:None
Destination:BCM
Status:None
Error:MAC verification failed
Latency:0
2024-09-24 15:30:42,419 CAN ID:1331
Data:bytearray(b'IJ\xdfB\xb3W\x83H')
Origin:None
Destination:BCM
Status:None
Error:MAC verification failed
Latency:0
2024-09-24 15:30:43,720 CAN ID:558
Data:bytearray(b'T\xa9\x82\x8167w\x8f')
Origin:None
Destination:BCM
Status:None
Error:MAC verification failed
Latency:0
2024-09-24 15:30:44,913 CAN ID:184
Data:bytearray(b'u\xb6\r\xf6x6\xa5T')
Origin:None
Destination:BCM
Status:None
Error:MAC verification failed
Latency:0
2024-09-24 15:30:46,602 CAN ID:2016
Data:bytearray(b'\x1e\xda\x89\x9d\x1es\xed\xf6')
Origin:None
Destination:BCM
Status:None
Error:MAC verification failed
Latency:0
2024-09-24 15:30:47,723 CAN ID:244
Data:bytearray(b'D\xd0\xff\x14^\x8f\xedk')
Origin:None
Destination:BCM
Status:None
Error:MAC verification failed
Latency:0
2024-09-24 15:30:48,534 CAN ID:484
Data:bytearray(b'\x83\xea\xe54\\nv\x10')
Origin:None
Destination:BCM
Status:None
Error:MAC verification failed
Latency:0
2024-09-24 15:30:49,364 CAN ID:1108
Data:bytearray(b'\xe3\xbd\xec/a&\xd2\xd0')
Origin:None
Destination:BCM
Status:None
Error:MAC verification failed
Latency:0
2024-09-24 15:30:50,187 CAN ID:766
Data:bytearray(b'GV\xe9\xd6\xf7M\xf3\xe1')
Origin:None
Destination:BCM
Status:None
Error:MAC verification failed
Latency:0
2024-09-24 15:30:50,860 CAN ID:293
Data:bytearray(b'\xd8\xda\xdd\xf2\x17\xd7\x8f\xa3')
Origin:None
Destination:BCM
Status:None
Error:MAC verification failed
Latency:0
2024-09-24 15:30:51,501 CAN ID:30
Data:bytearray(b'\x92]\xf9\xf4H\xdaH\xe0')
Origin:None
Destination:BCM
Status:None
Error:MAC verification failed
Latency:0
2024-09-24 15:30:52,286 CAN ID:316
Data:bytearray(b'\xf4\xca\xeaG\xcb\x8e\xee\xcf')
Origin:None
Destination:BCM
Status:None
Error:MAC verification failed
Latency:0
2024-09-24 15:30:53,149 CAN ID:465
Data:bytearray(b'\xec\xe8\xd0\xab\xd2\xed Y')
Origin:None
Destination:BCM
Status:None
Error:MAC verification failed
Latency:0
2024-09-24 15:30:55,046 CAN ID:1634
Data:bytearray(b'\x18k\x87\xc9\xb3\xf5v\x92')
Origin:None
Destination:BCM
Status:None
Error:MAC verification failed
Latency:0
2024-09-24 15:30:56,735 CAN ID:1886
Data:bytearray(b'\x7f\x17\x08\x90?p\xcc\xe6')
Origin:None
Destination:BCM
Status:None
Error:MAC verification failed
Latency:0
2024-09-24 15:30:57,949 CAN ID:1808
Data:bytearray(b'\xf5\x03h\xf2\x19\xd2$\xc6')
Origin:None
Destination:BCM
Status:None
Error:MAC verification failed
Latency:0
2024-09-24 15:30:58,957 CAN ID:1314
Data:bytearray(b'Djrtn\xb5p\xc5')
Origin:None
Destination:BCM
Status:None
Error:MAC verification failed
Latency:0
2024-09-24 15:31:00,232 CAN ID:1154
Data:bytearray(b'\xde\x1f\x03=\x80\xce4~')
Origin:None
Destination:BCM
Status:None
Error:MAC verification failed
Latency:0
2024-09-24 15:31:02,142 CAN ID:574
Data:bytearray(b'\xe1\xcc\xd5\xf6\x8bj\xcb\xb6')
Origin:None
Destination:BCM
Status:None
Error:MAC verification failed
Latency:0
2024-09-24 15:31:02,986 CAN ID:235
Data:bytearray(b'=\xf4\x90\xd7\xd3\xb5\xee\x85')
Origin:None
Destination:BCM
Status:None
Error:MAC verification failed
Latency:0
2024-09-24 15:31:04,828 CAN ID:13
Data:bytearray(b'k\xb6\x0e\xb0f;=.')
Origin:None
Destination:BCM
Status:None
Error:MAC verification failed
Latency:0
2024-09-24 15:31:06,310 CAN ID:1983
Data:bytearray(b'\xc6b\xa9b\x0br\r\x11')
Origin:None
Destination:BCM
Status:None
Error:MAC verification failed
Latency:0
2024-09-24 15:31:07,995 CAN ID:302
Data:bytearray(b'\x05\xa5n\xa8(5u\x0c')
Origin:None
Destination:BCM
Status:None
Error:MAC verification failed
Latency:0
2024-09-24 15:31:09,191 CAN ID:1594
Data:bytearray(b'\x9e\xed^\x87X7\xd6\xa6')
Origin:None
Destination:BCM
Status:None
Error:MAC verification failed
Latency:0
2024-09-24 15:31:10,929 CAN ID:252
Data:bytearray(b'\xce\xea\xbb6x\x94\xa5\x8f')
Origin:None
Destination:BCM
Status:None
Error:MAC verification failed
Latency:0
2024-09-24 15:31:12,827 CAN ID:216
Data:bytearray(b'\xa1\xfc\xae\xe5j\xc8\x03O')
Origin:None
Destination:BCM
Status:None
Error:MAC verification failed
Latency:0
2024-09-24 15:31:13,499 CAN ID:1426
Data:bytearray(b'\xee\xcc\x7f\xa1\xb7\xaa\x91#')
Origin:None
Destination:BCM
Status:None
Error:MAC verification failed
Latency:0
2024-09-24 15:31:14,150 CAN ID:988
Data:bytearray(b'\x83\x01@\xd5\xb3\xf3\x19\xa3')
Origin:None
Destination:BCM
Status:None
Error:MAC verification failed
Latency:0
2024-09-24 15:31:15,725 CAN ID:85
Data:bytearray(b'\x98{4\xd5\xf9\xa3a\n')
Origin:None
Destination:BCM
Status:None
Error:MAC verification failed
Latency:0
2024-09-24 15:31:16,532 CAN ID:251
Data:bytearray(b'\xdd|\xa5\x80\xb9\x89\xc5j')
Origin:None
Destination:BCM
Status:None
Error:MAC verification failed
Latency:0
2024-09-24 15:31:17,597 CAN ID:1743
Data:bytearray(b'(fQ\x90\xd2~ P')
Origin:None
Destination:BCM
Status:None
Error:MAC verification failed
Latency:0
2024-09-24 15:31:46,315 KeyboardInterrupt detected, exiting gracefully.
2024-09-24 15:31:46,315 Cleaning up resources...
2024-09-24 15:31:46,316 No latency values recorded.
2024-09-24 15:31:46,316 Cleanup complete. Exiting program.
