2024-09-24 15:45:15,539 Created a socket
2024-09-24 15:45:21,160 CAN ID:1024
Data:bytearray(b'\x01f\xf2\xd0\x81\xf2\\K')
Origin:HCM
Destination:BCM
Status:Headlights ON
Error:None
Latency:160
2024-09-24 15:45:22,397 CAN ID:256
Data:bytearray(b'\x04f\xf2\xd0\x82\x18]\xc6')
Origin:BSM
Destination:BCM
Status:Belt is OFF
Error:None
Latency:397
2024-09-24 15:45:23,372 CAN ID:1024
Data:bytearray(b'\x00f\xf2\xd0\x83j\xc1\x04')
Origin:HCM
Destination:BCM
Status:Headlights OFF
Error:None
Latency:372
2024-09-24 15:45:23,476 CAN ID:1024
Data:bytearray(b'\x01f\xf2\xd0\x83\xf3\xb18')
Origin:HCM
Destination:BCM
Status:Headlights ON
Error:None
Latency:476
2024-09-24 15:45:24,116 CAN ID:256
Data:bytearray(b'\x05f\xf2\xd0\x84Et\xbb')
Origin:BSM
Destination:BCM
Status:Belt is ON
Error:None
Latency:116
2024-09-24 15:45:24,216 CAN ID:256
Data:bytearray(b'\x04f\xf2\xd0\x84\x83$\xb9')
Origin:BSM
Destination:BCM
Status:Belt is OFF
Error:None
Latency:216
2024-09-24 15:45:24,417 CAN ID:512
Data:bytearray(b'\x03f\xf2\xd0\x84\x93\x85\x9b')
Origin:DCM
Destination:BCM
Status:Door is Locked
Error:None
Latency:417
2024-09-24 15:45:24,481 CAN ID:1024
Data:bytearray(b'\x00f\xf2\xd0\x84\xf5\xb2\x14')
Origin:HCM
Destination:BCM
Status:Headlights OFF
Error:None
Latency:481
2024-09-24 15:45:24,583 CAN ID:1024
Data:bytearray(b'\x01f\xf2\xd0\x84\xe0\xdd\x06')
Origin:HCM
Destination:BCM
Status:Headlights ON
Error:None
Latency:583
2024-09-24 15:45:25,219 CAN ID:256
Data:bytearray(b'\x05f\xf2\xd0\x85c\x7f\xce')
Origin:BSM
Destination:BCM
Status:Belt is ON
Error:None
Latency:219
2024-09-24 15:45:25,285 CAN ID:1024
Data:bytearray(b'\x00f\xf2\xd0\x85\x93X\x9e')
Origin:HCM
Destination:BCM
Status:Headlights OFF
Error:None
Latency:285
2024-09-24 15:45:25,321 CAN ID:256
Data:bytearray(b'\x04f\xf2\xd0\x85r\xe8\n')
Origin:BSM
Destination:BCM
Status:Belt is OFF
Error:None
Latency:321
2024-09-24 15:45:25,386 CAN ID:1024
Data:bytearray(b'\x01f\xf2\xd0\x85\x96\xdc\x0c')
Origin:HCM
Destination:BCM
Status:Headlights ON
Error:None
Latency:386
2024-09-24 15:45:25,597 CAN ID:512
Data:bytearray(b'\x02f\xf2\xd0\x85\x98G\x9b')
Origin:DCM
Destination:BCM
Status:Door is Unlocked
Error:None
Latency:597
2024-09-24 15:45:25,758 CAN ID:512
Data:bytearray(b'\x03f\xf2\xd0\x85[\x0fT')
Origin:DCM
Destination:BCM
Status:Door is Locked
Error:None
Latency:758
2024-09-24 15:45:25,787 CAN ID:1024
Data:bytearray(b'\x00f\xf2\xd0\x85\x93X\x9e')
Origin:HCM
Destination:BCM
Status:Headlights OFF
Error:None
Latency:787
2024-09-24 15:45:25,888 CAN ID:1024
Data:bytearray(b'\x01f\xf2\xd0\x85\x96\xdc\x0c')
Origin:HCM
Destination:BCM
Status:Headlights ON
Error:None
Latency:888
2024-09-24 15:45:26,690 CAN ID:1024
Data:bytearray(b'\x00f\xf2\xd0\x86=\xf2c')
Origin:HCM
Destination:BCM
Status:Headlights OFF
Error:None
Latency:690
2024-09-24 15:45:26,790 CAN ID:1024
Data:bytearray(b'\x01f\xf2\xd0\x86i\xe8\xf3')
Origin:HCM
Destination:BCM
Status:Headlights ON
Error:None
Latency:790
2024-09-24 15:45:26,892 CAN ID:1024
Data:bytearray(b'\x00f\xf2\xd0\x86=\xf2c')
Origin:HCM
Destination:BCM
Status:Headlights OFF
Error:None
Latency:892
2024-09-24 15:45:26,992 CAN ID:1024
Data:bytearray(b'\x01f\xf2\xd0\x86i\xe8\xf3')
Origin:HCM
Destination:BCM
Status:Headlights ON
Error:None
Latency:992
2024-09-24 15:45:27,494 CAN ID:1024
Data:bytearray(b'\x00f\xf2\xd0\x87\x95\xe1\xc9')
Origin:HCM
Destination:BCM
Status:Headlights OFF
Error:None
Latency:494
2024-09-24 15:45:27,579 CAN ID:512
Data:bytearray(b'\x02f\xf2\xd0\x87\x86\xa4\x01')
Origin:DCM
Destination:BCM
Status:Door is Unlocked
Error:None
Latency:579
2024-09-24 15:45:27,696 CAN ID:1024
Data:bytearray(b'\x01f\xf2\xd0\x87I\xf6\x02')
Origin:HCM
Destination:BCM
Status:Headlights ON
Error:None
Latency:696
2024-09-24 15:45:28,029 CAN ID:256
Data:bytearray(b'\x05f\xf2\xd0\x88U_\x94')
Origin:BSM
Destination:BCM
Status:Belt is ON
Error:None
Latency:29
2024-09-24 15:45:28,132 CAN ID:256
Data:bytearray(b'\x04f\xf2\xd0\x88u\x88\xab')
Origin:BSM
Destination:BCM
Status:Belt is OFF
Error:None
Latency:132
2024-09-24 15:45:28,699 CAN ID:1024
Data:bytearray(b'\x00f\xf2\xd0\x88W\x95A')
Origin:HCM
Destination:BCM
Status:Headlights OFF
Error:None
Latency:699
2024-09-24 15:45:28,833 CAN ID:256
Data:bytearray(b'\x05f\xf2\xd0\x88U_\x94')
Origin:BSM
Destination:BCM
Status:Belt is ON
Error:None
Latency:833
2024-09-24 15:45:28,900 CAN ID:1024
Data:bytearray(b'\x01f\xf2\xd0\x88\xd7\x89\xbe')
Origin:HCM
Destination:BCM
Status:Headlights ON
Error:None
Latency:900
2024-09-24 15:45:28,934 CAN ID:256
Data:bytearray(b'\x04f\xf2\xd0\x88u\x88\xab')
Origin:BSM
Destination:BCM
Status:Belt is OFF
Error:None
Latency:934
2024-09-24 15:45:29,011 CAN ID:512
Data:bytearray(b'\x03f\xf2\xd0\x89\x001\x8c')
Origin:DCM
Destination:BCM
Status:Door is Locked
Error:None
Latency:11
2024-09-24 15:45:29,101 CAN ID:1024
Data:bytearray(b'\x00f\xf2\xd0\x89^\xf0\xef')
Origin:HCM
Destination:BCM
Status:Headlights OFF
Error:None
Latency:101
2024-09-24 15:45:29,155 CAN ID:512
Data:bytearray(b'\x02f\xf2\xd0\x89\x95\x03\x1d')
Origin:DCM
Destination:BCM
Status:Door is Unlocked
Error:None
Latency:155
2024-09-24 15:45:29,202 CAN ID:1024
Data:bytearray(b'\x01f\xf2\xd0\x89\x90\x19p')
Origin:HCM
Destination:BCM
Status:Headlights ON
Error:None
Latency:202
2024-09-24 15:45:29,302 CAN ID:1024
Data:bytearray(b'\x00f\xf2\xd0\x89^\xf0\xef')
Origin:HCM
Destination:BCM
Status:Headlights OFF
Error:None
Latency:302
2024-09-24 15:45:29,404 CAN ID:1024
Data:bytearray(b'\x01f\xf2\xd0\x89\x90\x19p')
Origin:HCM
Destination:BCM
Status:Headlights ON
Error:None
Latency:404
2024-09-24 15:45:29,504 CAN ID:1024
Data:bytearray(b'\x00f\xf2\xd0\x89^\xf0\xef')
Origin:HCM
Destination:BCM
Status:Headlights OFF
Error:None
Latency:504
2024-09-24 15:45:29,606 CAN ID:1024
Data:bytearray(b'\x01f\xf2\xd0\x89\x90\x19p')
Origin:HCM
Destination:BCM
Status:Headlights ON
Error:None
Latency:606
2024-09-24 15:45:29,807 CAN ID:1024
Data:bytearray(b'\x00f\xf2\xd0\x89^\xf0\xef')
Origin:HCM
Destination:BCM
Status:Headlights OFF
Error:None
Latency:807
2024-09-24 15:45:30,108 CAN ID:1024
Data:bytearray(b'\x01f\xf2\xd0\x8a[\x08\xc3')
Origin:HCM
Destination:BCM
Status:Headlights ON
Error:None
Latency:108
2024-09-24 15:45:30,209 CAN ID:1024
Data:bytearray(b'\x00f\xf2\xd0\x8a\x02\xb4\xa0')
Origin:HCM
Destination:BCM
Status:Headlights OFF
Error:None
Latency:209
2024-09-24 15:45:30,310 CAN ID:1024
Data:bytearray(b'\x01f\xf2\xd0\x8a[\x08\xc3')
Origin:HCM
Destination:BCM
Status:Headlights ON
Error:None
Latency:310
2024-09-24 15:45:30,415 CAN ID:1024
Data:bytearray(b'\x00f\xf2\xd0\x8a\x02\xb4\xa0')
Origin:HCM
Destination:BCM
Status:Headlights OFF
Error:None
Latency:415
2024-09-24 15:45:30,512 CAN ID:1024
Data:bytearray(b'\x01f\xf2\xd0\x8a[\x08\xc3')
Origin:HCM
Destination:BCM
Status:Headlights ON
Error:None
Latency:512
2024-09-24 15:45:30,586 CAN ID:512
Data:bytearray(b'\x03f\xf2\xd0\x8a\x962\x92')
Origin:DCM
Destination:BCM
Status:Door is Locked
Error:None
Latency:586
2024-09-24 15:45:30,612 CAN ID:1024
Data:bytearray(b'\x00f\xf2\xd0\x8a\x02\xb4\xa0')
Origin:HCM
Destination:BCM
Status:Headlights OFF
Error:None
Latency:612
2024-09-24 15:45:30,713 CAN ID:1024
Data:bytearray(b'\x01f\xf2\xd0\x8a[\x08\xc3')
Origin:HCM
Destination:BCM
Status:Headlights ON
Error:None
Latency:713
2024-09-24 15:45:31,014 CAN ID:1024
Data:bytearray(b'\x00f\xf2\xd0\x8b\xd1\x82\x96')
Origin:HCM
Destination:BCM
Status:Headlights OFF
Error:None
Latency:14
2024-09-24 15:45:31,039 CAN ID:256
Data:bytearray(b'\x05f\xf2\xd0\x8b\xc7\xb9\x15')
Origin:BSM
Destination:BCM
Status:Belt is ON
Error:None
Latency:39
2024-09-24 15:45:31,115 CAN ID:1024
Data:bytearray(b'\x01f\xf2\xd0\x8b\xf6\x85\x17')
Origin:HCM
Destination:BCM
Status:Headlights ON
Error:None
Latency:115
2024-09-24 15:45:31,140 CAN ID:256
Data:bytearray(b'\x04f\xf2\xd0\x8b\x8f\xb4\x16')
Origin:BSM
Destination:BCM
Status:Belt is OFF
Error:None
Latency:140
2024-09-24 15:45:31,316 CAN ID:1024
Data:bytearray(b'\x00f\xf2\xd0\x8b\xd1\x82\x96')
Origin:HCM
Destination:BCM
Status:Headlights OFF
Error:None
Latency:316
2024-09-24 15:45:31,341 CAN ID:256
Data:bytearray(b'\x05f\xf2\xd0\x8b\xc7\xb9\x15')
Origin:BSM
Destination:BCM
Status:Belt is ON
Error:None
Latency:341
2024-09-24 15:45:31,417 CAN ID:1024
Data:bytearray(b'\x01f\xf2\xd0\x8b\xf6\x85\x17')
Origin:HCM
Destination:BCM
Status:Headlights ON
Error:None
Latency:417
2024-09-24 15:45:31,442 CAN ID:256
Data:bytearray(b'\x04f\xf2\xd0\x8b\x8f\xb4\x16')
Origin:BSM
Destination:BCM
Status:Belt is OFF
Error:None
Latency:442
2024-09-24 15:45:31,543 CAN ID:256
Data:bytearray(b'\x05f\xf2\xd0\x8b\xc7\xb9\x15')
Origin:BSM
Destination:BCM
Status:Belt is ON
Error:None
Latency:543
2024-09-24 15:45:31,644 CAN ID:256
Data:bytearray(b'\x04f\xf2\xd0\x8b\x8f\xb4\x16')
Origin:BSM
Destination:BCM
Status:Belt is OFF
Error:None
Latency:644
2024-09-24 15:45:31,745 CAN ID:256
Data:bytearray(b'\x05f\xf2\xd0\x8b\xc7\xb9\x15')
Origin:BSM
Destination:BCM
Status:Belt is ON
Error:None
Latency:744
2024-09-24 15:45:32,019 CAN ID:1024
Data:bytearray(b'\x00f\xf2\xd0\x8c\x98\xcfx')
Origin:HCM
Destination:BCM
Status:Headlights OFF
Error:None
Latency:19
2024-09-24 15:45:32,119 CAN ID:1024
Data:bytearray(b'\x01f\xf2\xd0\x8cw\x80\xa6')
Origin:HCM
Destination:BCM
Status:Headlights ON
Error:None
Latency:119
2024-09-24 15:45:32,146 CAN ID:256
Data:bytearray(b'\x04f\xf2\xd0\x8c\x11\x15\x92')
Origin:BSM
Destination:BCM
Status:Belt is OFF
Error:None
Latency:146
2024-09-24 15:45:32,320 CAN ID:1024
Data:bytearray(b'\x00f\xf2\xd0\x8c\x98\xcfx')
Origin:HCM
Destination:BCM
Status:Headlights OFF
Error:None
Latency:320
2024-09-24 15:45:32,421 CAN ID:1024
Data:bytearray(b'\x01f\xf2\xd0\x8cw\x80\xa6')
Origin:HCM
Destination:BCM
Status:Headlights ON
Error:None
Latency:421
2024-09-24 15:45:32,548 CAN ID:256
Data:bytearray(b'\x05f\xf2\xd0\x8ceO\x9e')
Origin:BSM
Destination:BCM
Status:Belt is ON
Error:None
Latency:548
2024-09-24 15:45:32,722 CAN ID:1024
Data:bytearray(b'\x00f\xf2\xd0\x8c\x98\xcfx')
Origin:HCM
Destination:BCM
Status:Headlights OFF
Error:None
Latency:722
2024-09-24 15:45:32,823 CAN ID:1024
Data:bytearray(b'\x01f\xf2\xd0\x8cw\x80\xa6')
Origin:HCM
Destination:BCM
Status:Headlights ON
Error:None
Latency:823
2024-09-24 15:45:32,924 CAN ID:1024
Data:bytearray(b'\x00f\xf2\xd0\x8c\x98\xcfx')
Origin:HCM
Destination:BCM
Status:Headlights OFF
Error:None
Latency:924
2024-09-24 15:45:33,149 CAN ID:256
Data:bytearray(b'\x04f\xf2\xd0\x8d!|\xd2')
Origin:BSM
Destination:BCM
Status:Belt is OFF
Error:None
Latency:149
2024-09-24 15:45:33,225 CAN ID:1024
Data:bytearray(b'\x01f\xf2\xd0\x8d\x859\xc5')
Origin:HCM
Destination:BCM
Status:Headlights ON
Error:None
Latency:225
2024-09-24 15:45:33,326 CAN ID:1024
Data:bytearray(b'\x00f\xf2\xd0\x8d\xce\x13\x11')
Origin:HCM
Destination:BCM
Status:Headlights OFF
Error:None
Latency:326
2024-09-24 15:45:33,427 CAN ID:1024
Data:bytearray(b'\x01f\xf2\xd0\x8d\x859\xc5')
Origin:HCM
Destination:BCM
Status:Headlights ON
Error:None
Latency:427
2024-09-24 15:45:33,528 CAN ID:1024
Data:bytearray(b'\x00f\xf2\xd0\x8d\xce\x13\x11')
Origin:HCM
Destination:BCM
Status:Headlights OFF
Error:None
Latency:528
2024-09-24 15:45:33,629 CAN ID:1024
Data:bytearray(b'\x01f\xf2\xd0\x8d\x859\xc5')
Origin:HCM
Destination:BCM
Status:Headlights ON
Error:None
Latency:629
2024-09-24 15:45:33,651 CAN ID:256
Data:bytearray(b'\x05f\xf2\xd0\x8dB\xa7\xc8')
Origin:BSM
Destination:BCM
Status:Belt is ON
Error:None
Latency:651
2024-09-24 15:45:33,729 CAN ID:1024
Data:bytearray(b'\x00f\xf2\xd0\x8d\xce\x13\x11')
Origin:HCM
Destination:BCM
Status:Headlights OFF
Error:None
Latency:729
2024-09-24 15:45:33,830 CAN ID:1024
Data:bytearray(b'\x01f\xf2\xd0\x8d\x859\xc5')
Origin:HCM
Destination:BCM
Status:Headlights ON
Error:None
Latency:830
2024-09-24 15:45:33,852 CAN ID:256
Data:bytearray(b'\x04f\xf2\xd0\x8d!|\xd2')
Origin:BSM
Destination:BCM
Status:Belt is OFF
Error:None
Latency:852
2024-09-24 15:45:33,953 CAN ID:256
Data:bytearray(b'\x05f\xf2\xd0\x8dB\xa7\xc8')
Origin:BSM
Destination:BCM
Status:Belt is ON
Error:None
Latency:953
2024-09-24 15:45:34,254 CAN ID:256
Data:bytearray(b'\x04f\xf2\xd0\x8e\x9d\xe2\x1d')
Origin:BSM
Destination:BCM
Status:Belt is OFF
Error:None
Latency:254
2024-09-24 15:45:34,355 CAN ID:256
Data:bytearray(b'\x05f\xf2\xd0\x8e\r7\xfb')
Origin:BSM
Destination:BCM
Status:Belt is ON
Error:None
Latency:354
2024-09-24 15:45:34,432 CAN ID:1024
Data:bytearray(b'\x00f\xf2\xd0\x8eF\xc2\x03')
Origin:HCM
Destination:BCM
Status:Headlights OFF
Error:None
Latency:432
2024-09-24 15:45:34,633 CAN ID:1024
Data:bytearray(b'\x01f\xf2\xd0\x8e\xfe\x1f\xad')
Origin:HCM
Destination:BCM
Status:Headlights ON
Error:None
Latency:633
2024-09-24 15:45:34,756 CAN ID:256
Data:bytearray(b'\x04f\xf2\xd0\x8e\x9d\xe2\x1d')
Origin:BSM
Destination:BCM
Status:Belt is OFF
Error:None
Latency:756
2024-09-24 15:45:34,840 CAN ID:1024
Data:bytearray(b'\x00f\xf2\xd0\x8eF\xc2\x03')
Origin:HCM
Destination:BCM
Status:Headlights OFF
Error:None
Latency:840
2024-09-24 15:45:34,857 CAN ID:256
Data:bytearray(b'\x05f\xf2\xd0\x8e\r7\xfb')
Origin:BSM
Destination:BCM
Status:Belt is ON
Error:None
Latency:857
2024-09-24 15:45:34,963 CAN ID:256
Data:bytearray(b'\x04f\xf2\xd0\x8e\x9d\xe2\x1d')
Origin:BSM
Destination:BCM
Status:Belt is OFF
Error:None
Latency:963
2024-09-24 15:45:35,442 CAN ID:1024
Data:bytearray(b'\x01f\xf2\xd0\x8f\xb2\xcb(')
Origin:HCM
Destination:BCM
Status:Headlights ON
Error:None
Latency:442
2024-09-24 15:45:35,666 CAN ID:256
Data:bytearray(b'\x05f\xf2\xd0\x8f\x1e\xe0[')
Origin:BSM
Destination:BCM
Status:Belt is ON
Error:None
Latency:666
2024-09-24 15:45:35,767 CAN ID:256
Data:bytearray(b'\x04f\xf2\xd0\x8f\x06\x7f\x10')
Origin:BSM
Destination:BCM
Status:Belt is OFF
Error:None
Latency:767
2024-09-24 15:45:35,843 CAN ID:1024
Data:bytearray(b'\x00f\xf2\xd0\x8f\xe5[Q')
Origin:HCM
Destination:BCM
Status:Headlights OFF
Error:None
Latency:843
2024-09-24 15:45:35,867 CAN ID:256
Data:bytearray(b'\x05f\xf2\xd0\x8f\x1e\xe0[')
Origin:BSM
Destination:BCM
Status:Belt is ON
Error:None
Latency:867
2024-09-24 15:45:35,944 CAN ID:1024
Data:bytearray(b'\x01f\xf2\xd0\x8f\xb2\xcb(')
Origin:HCM
Destination:BCM
Status:Headlights ON
Error:None
Latency:943
2024-09-24 15:45:35,968 CAN ID:256
Data:bytearray(b'\x04f\xf2\xd0\x8f\x06\x7f\x10')
Origin:BSM
Destination:BCM
Status:Belt is OFF
Error:None
Latency:968
2024-09-24 15:45:36,044 CAN ID:1024
Data:bytearray(b'\x00f\xf2\xd0\x90i\xc0\x14')
Origin:HCM
Destination:BCM
Status:Headlights OFF
Error:None
Latency:44
2024-09-24 15:45:36,747 CAN ID:1024
Data:bytearray(b'\x01f\xf2\xd0\x90U\xa4\xab')
Origin:HCM
Destination:BCM
Status:Headlights ON
Error:None
Latency:747
2024-09-24 15:45:36,847 CAN ID:1024
Data:bytearray(b'\x00f\xf2\xd0\x90i\xc0\x14')
Origin:HCM
Destination:BCM
Status:Headlights OFF
Error:None
Latency:847
2024-09-24 15:45:36,871 CAN ID:256
Data:bytearray(b'\x05f\xf2\xd0\x901F2')
Origin:BSM
Destination:BCM
Status:Belt is ON
Error:None
Latency:871
2024-09-24 15:45:37,048 CAN ID:1024
Data:bytearray(b'\x01f\xf2\xd0\x91\xc6\x87\xee')
Origin:HCM
Destination:BCM
Status:Headlights ON
Error:None
Latency:48
2024-09-24 15:45:37,072 CAN ID:256
Data:bytearray(b'\x04f\xf2\xd0\x91B\xba\xe5')
Origin:BSM
Destination:BCM
Status:Belt is OFF
Error:None
Latency:72
2024-09-24 15:45:37,273 CAN ID:256
Data:bytearray(b'\x05f\xf2\xd0\x91\xe3\xf5\xf0')
Origin:BSM
Destination:BCM
Status:Belt is ON
Error:None
Latency:273
2024-09-24 15:45:37,350 CAN ID:1024
Data:bytearray(b'\x00f\xf2\xd0\x91\x9c\xc3r')
Origin:HCM
Destination:BCM
Status:Headlights OFF
Error:None
Latency:350
2024-09-24 15:45:37,373 CAN ID:256
Data:bytearray(b'\x04f\xf2\xd0\x91B\xba\xe5')
Origin:BSM
Destination:BCM
Status:Belt is OFF
Error:None
Latency:373
2024-09-24 15:45:37,474 CAN ID:256
Data:bytearray(b'\x05f\xf2\xd0\x91\xe3\xf5\xf0')
Origin:BSM
Destination:BCM
Status:Belt is ON
Error:None
Latency:474
2024-09-24 15:45:37,550 CAN ID:1024
Data:bytearray(b'\x01f\xf2\xd0\x91\xc6\x87\xee')
Origin:HCM
Destination:BCM
Status:Headlights ON
Error:None
Latency:550
2024-09-24 15:45:37,675 CAN ID:256
Data:bytearray(b'\x04f\xf2\xd0\x91B\xba\xe5')
Origin:BSM
Destination:BCM
Status:Belt is OFF
Error:None
Latency:675
2024-09-24 15:45:37,751 CAN ID:1024
Data:bytearray(b'\x00f\xf2\xd0\x91\x9c\xc3r')
Origin:HCM
Destination:BCM
Status:Headlights OFF
Error:None
Latency:751
2024-09-24 15:45:37,852 CAN ID:1024
Data:bytearray(b'\x01f\xf2\xd0\x91\xc6\x87\xee')
Origin:HCM
Destination:BCM
Status:Headlights ON
Error:None
Latency:852
2024-09-24 15:45:38,053 CAN ID:1024
Data:bytearray(b'\x00f\xf2\xd0\x92\xc3$|')
Origin:HCM
Destination:BCM
Status:Headlights OFF
Error:None
Latency:53
2024-09-24 15:45:38,076 CAN ID:256
Data:bytearray(b'\x05f\xf2\xd0\x92\x14.~')
Origin:BSM
Destination:BCM
Status:Belt is ON
Error:None
Latency:76
2024-09-24 15:45:38,154 CAN ID:1024
Data:bytearray(b'\x01f\xf2\xd0\x92N\x82\xf3')
Origin:HCM
Destination:BCM
Status:Headlights ON
Error:None
Latency:154
2024-09-24 15:45:38,255 CAN ID:1024
Data:bytearray(b'\x00f\xf2\xd0\x92\xc3$|')
Origin:HCM
Destination:BCM
Status:Headlights OFF
Error:None
Latency:255
2024-09-24 15:45:38,277 CAN ID:256
Data:bytearray(b'\x04f\xf2\xd0\x92\xff\xbc\xf8')
Origin:BSM
Destination:BCM
Status:Belt is OFF
Error:None
Latency:277
2024-09-24 15:45:38,378 CAN ID:256
Data:bytearray(b'\x05f\xf2\xd0\x92\x14.~')
Origin:BSM
Destination:BCM
Status:Belt is ON
Error:None
Latency:378
2024-09-24 15:45:38,480 CAN ID:256
Data:bytearray(b'\x04f\xf2\xd0\x92\xff\xbc\xf8')
Origin:BSM
Destination:BCM
Status:Belt is OFF
Error:None
Latency:480
2024-09-24 15:45:38,657 CAN ID:1024
Data:bytearray(b'\x01f\xf2\xd0\x92N\x82\xf3')
Origin:HCM
Destination:BCM
Status:Headlights ON
Error:None
Latency:657
2024-09-24 15:45:38,680 CAN ID:256
Data:bytearray(b'\x05f\xf2\xd0\x92\x14.~')
Origin:BSM
Destination:BCM
Status:Belt is ON
Error:None
Latency:680
2024-09-24 15:45:38,781 CAN ID:256
Data:bytearray(b'\x04f\xf2\xd0\x92\xff\xbc\xf8')
Origin:BSM
Destination:BCM
Status:Belt is OFF
Error:None
Latency:781
2024-09-24 15:45:38,858 CAN ID:1024
Data:bytearray(b'\x00f\xf2\xd0\x92\xc3$|')
Origin:HCM
Destination:BCM
Status:Headlights OFF
Error:None
Latency:858
2024-09-24 15:45:38,959 CAN ID:1024
Data:bytearray(b'\x01f\xf2\xd0\x92N\x82\xf3')
Origin:HCM
Destination:BCM
Status:Headlights ON
Error:None
Latency:959
2024-09-24 15:45:39,160 CAN ID:1024
Data:bytearray(b'\x00f\xf2\xd0\x93k\xfd\x85')
Origin:HCM
Destination:BCM
Status:Headlights OFF
Error:None
Latency:160
2024-09-24 15:45:39,182 CAN ID:256
Data:bytearray(b'\x05f\xf2\xd0\x93\x90\x8c\xc5')
Origin:BSM
Destination:BCM
Status:Belt is ON
Error:None
Latency:182
2024-09-24 15:45:39,484 CAN ID:256
Data:bytearray(b'\x04f\xf2\xd0\x93J\x94\xae')
Origin:BSM
Destination:BCM
Status:Belt is OFF
Error:None
Latency:484
2024-09-24 15:45:39,785 CAN ID:256
Data:bytearray(b'\x05f\xf2\xd0\x93\x90\x8c\xc5')
Origin:BSM
Destination:BCM
Status:Belt is ON
Error:None
Latency:785
2024-09-24 15:45:39,862 CAN ID:1024
Data:bytearray(b"\x01f\xf2\xd0\x93o\xd4\'")
Origin:HCM
Destination:BCM
Status:Headlights ON
Error:None
Latency:862
2024-09-24 15:45:39,963 CAN ID:1024
Data:bytearray(b'\x00f\xf2\xd0\x93k\xfd\x85')
Origin:HCM
Destination:BCM
Status:Headlights OFF
Error:None
Latency:963
2024-09-24 15:45:40,064 CAN ID:1024
Data:bytearray(b'\x01f\xf2\xd0\x94\xa4 \xfa')
Origin:HCM
Destination:BCM
Status:Headlights ON
Error:None
Latency:64
2024-09-24 15:45:40,165 CAN ID:1024
Data:bytearray(b'\x00f\xf2\xd0\x945\x037')
Origin:HCM
Destination:BCM
Status:Headlights OFF
Error:None
Latency:165
2024-09-24 15:45:40,366 CAN ID:1024
Data:bytearray(b'\x01f\xf2\xd0\x94\xa4 \xfa')
Origin:HCM
Destination:BCM
Status:Headlights ON
Error:None
Latency:366
2024-09-24 15:45:40,386 CAN ID:256
Data:bytearray(b'\x04f\xf2\xd0\x94\x9e\xee\x95')
Origin:BSM
Destination:BCM
Status:Belt is OFF
Error:None
Latency:386
2024-09-24 15:45:40,466 CAN ID:1024
Data:bytearray(b'\x00f\xf2\xd0\x945\x037')
Origin:HCM
Destination:BCM
Status:Headlights OFF
Error:None
Latency:466
2024-09-24 15:45:40,487 CAN ID:256
Data:bytearray(b'\x05f\xf2\xd0\x94J\xdc2')
Origin:BSM
Destination:BCM
Status:Belt is ON
Error:None
Latency:487
2024-09-24 15:45:40,567 CAN ID:1024
Data:bytearray(b'\x01f\xf2\xd0\x94\xa4 \xfa')
Origin:HCM
Destination:BCM
Status:Headlights ON
Error:None
Latency:567
2024-09-24 15:45:40,768 CAN ID:1024
Data:bytearray(b'\x00f\xf2\xd0\x945\x037')
Origin:HCM
Destination:BCM
Status:Headlights OFF
Error:None
Latency:768
2024-09-24 15:45:40,969 CAN ID:1024
Data:bytearray(b'\x01f\xf2\xd0\x94\xa4 \xfa')
Origin:HCM
Destination:BCM
Status:Headlights ON
Error:None
Latency:969
2024-09-24 15:45:40,989 CAN ID:256
Data:bytearray(b'\x04f\xf2\xd0\x94\x9e\xee\x95')
Origin:BSM
Destination:BCM
Status:Belt is OFF
Error:None
Latency:989
2024-09-24 15:45:41,070 CAN ID:1024
Data:bytearray(b'\x00f\xf2\xd0\x95\xd4\xda\x0e')
Origin:HCM
Destination:BCM
Status:Headlights OFF
Error:None
Latency:70
2024-09-24 15:45:41,089 CAN ID:256
Data:bytearray(b'\x05f\xf2\xd0\x95[\xd8"')
Origin:BSM
Destination:BCM
Status:Belt is ON
Error:None
Latency:89
2024-09-24 15:45:41,171 CAN ID:1024
Data:bytearray(b'\x01f\xf2\xd0\x95\xb4\x03\xf1')
Origin:HCM
Destination:BCM
Status:Headlights ON
Error:None
Latency:171
2024-09-24 15:45:41,272 CAN ID:1024
Data:bytearray(b'\x00f\xf2\xd0\x95\xd4\xda\x0e')
Origin:HCM
Destination:BCM
Status:Headlights OFF
Error:None
Latency:272
2024-09-24 15:45:41,391 CAN ID:256
Data:bytearray(b'\x04f\xf2\xd0\x95[\xa3/')
Origin:BSM
Destination:BCM
Status:Belt is OFF
Error:None
Latency:391
2024-09-24 15:45:41,473 CAN ID:1024
Data:bytearray(b'\x01f\xf2\xd0\x95\xb4\x03\xf1')
Origin:HCM
Destination:BCM
Status:Headlights ON
Error:None
Latency:472
2024-09-24 15:45:41,491 CAN ID:256
Data:bytearray(b'\x05f\xf2\xd0\x95[\xd8"')
Origin:BSM
Destination:BCM
Status:Belt is ON
Error:None
Latency:491
2024-09-24 15:45:41,573 CAN ID:1024
Data:bytearray(b'\x00f\xf2\xd0\x95\xd4\xda\x0e')
Origin:HCM
Destination:BCM
Status:Headlights OFF
Error:None
Latency:573
2024-09-24 15:45:41,793 CAN ID:256
Data:bytearray(b'\x04f\xf2\xd0\x95[\xa3/')
Origin:BSM
Destination:BCM
Status:Belt is OFF
Error:None
Latency:793
2024-09-24 15:45:41,894 CAN ID:256
Data:bytearray(b'\x05f\xf2\xd0\x95[\xd8"')
Origin:BSM
Destination:BCM
Status:Belt is ON
Error:None
Latency:894
2024-09-24 15:45:41,975 CAN ID:1024
Data:bytearray(b'\x01f\xf2\xd0\x95\xb4\x03\xf1')
Origin:HCM
Destination:BCM
Status:Headlights ON
Error:None
Latency:975
2024-09-24 15:45:42,075 CAN ID:1024
Data:bytearray(b'\x00f\xf2\xd0\x96\xe9\xf8a')
Origin:HCM
Destination:BCM
Status:Headlights OFF
Error:None
Latency:75
2024-09-24 15:45:42,595 CAN ID:256
Data:bytearray(b'\x04f\xf2\xd0\x96\xa6\xbaZ')
Origin:BSM
Destination:BCM
Status:Belt is OFF
Error:None
Latency:595
2024-09-24 15:45:42,696 CAN ID:256
Data:bytearray(b'\x05f\xf2\xd0\x96\x05:0')
Origin:BSM
Destination:BCM
Status:Belt is ON
Error:None
Latency:696
2024-09-24 15:45:42,877 CAN ID:1024
Data:bytearray(b'\x01f\xf2\xd0\x96\xc5\xd8X')
Origin:HCM
Destination:BCM
Status:Headlights ON
Error:None
Latency:877
2024-09-24 15:45:42,978 CAN ID:1024
Data:bytearray(b'\x00f\xf2\xd0\x96\xe9\xf8a')
Origin:HCM
Destination:BCM
Status:Headlights OFF
Error:None
Latency:978
2024-09-24 15:45:43,098 CAN ID:256
Data:bytearray(b'\x04f\xf2\xd0\x97W\xe9\xbb')
Origin:BSM
Destination:BCM
Status:Belt is OFF
Error:None
Latency:98
2024-09-24 15:45:43,198 CAN ID:256
Data:bytearray(b'\x05f\xf2\xd0\x97.|\xc0')
Origin:BSM
Destination:BCM
Status:Belt is ON
Error:None
Latency:198
2024-09-24 15:45:43,500 CAN ID:256
Data:bytearray(b'\x04f\xf2\xd0\x97W\xe9\xbb')
Origin:BSM
Destination:BCM
Status:Belt is OFF
Error:None
Latency:500
2024-09-24 15:45:43,701 CAN ID:256
Data:bytearray(b'\x05f\xf2\xd0\x97.|\xc0')
Origin:BSM
Destination:BCM
Status:Belt is ON
Error:None
Latency:701
2024-09-24 15:45:44,281 CAN ID:1024
Data:bytearray(b'\x01f\xf2\xd0\x98\x92\x06\xdc')
Origin:HCM
Destination:BCM
Status:Headlights ON
Error:None
Latency:281
2024-09-24 15:45:44,382 CAN ID:1024
Data:bytearray(b'\x00f\xf2\xd0\x98\x89\xf6\x8f')
Origin:HCM
Destination:BCM
Status:Headlights OFF
Error:None
Latency:382
2024-09-24 15:45:45,204 CAN ID:256
Data:bytearray(b'\x04f\xf2\xd0\x99\xc5\x9a\x03')
Origin:BSM
Destination:BCM
Status:Belt is OFF
Error:None
Latency:204
2024-09-24 15:45:45,304 CAN ID:256
Data:bytearray(b'\x05f\xf2\xd0\x99C\xb1\x13')
Origin:BSM
Destination:BCM
Status:Belt is ON
Error:None
Latency:304
2024-09-24 15:45:45,885 CAN ID:1024
Data:bytearray(b'\x01f\xf2\xd0\x99\x8d\t\xc4')
Origin:HCM
Destination:BCM
Status:Headlights ON
Error:None
Latency:885
2024-09-24 15:45:45,906 CAN ID:256
Data:bytearray(b'\x04f\xf2\xd0\x99\xc5\x9a\x03')
Origin:BSM
Destination:BCM
Status:Belt is OFF
Error:None
Latency:906
2024-09-24 15:45:46,007 CAN ID:256
Data:bytearray(b'\x05f\xf2\xd0\x9aR\x8a\x9b')
Origin:BSM
Destination:BCM
Status:Belt is ON
Error:None
Latency:7
2024-09-24 15:45:46,086 CAN ID:1024
Data:bytearray(b'\x00f\xf2\xd0\x9aO6\xe4')
Origin:HCM
Destination:BCM
Status:Headlights OFF
Error:None
Latency:86
2024-09-24 15:45:46,208 CAN ID:256
Data:bytearray(b'\x04f\xf2\xd0\x9a\xd9\xda\xc1')
Origin:BSM
Destination:BCM
Status:Belt is OFF
Error:None
Latency:208
2024-09-24 15:45:46,287 CAN ID:1024
Data:bytearray(b'\x01f\xf2\xd0\x9a\xc5\xc0\xeb')
Origin:HCM
Destination:BCM
Status:Headlights ON
Error:None
Latency:287
2024-09-24 15:45:46,309 CAN ID:256
Data:bytearray(b'\x05f\xf2\xd0\x9aR\x8a\x9b')
Origin:BSM
Destination:BCM
Status:Belt is ON
Error:None
Latency:309
2024-09-24 15:45:46,388 CAN ID:1024
Data:bytearray(b'\x00f\xf2\xd0\x9aO6\xe4')
Origin:HCM
Destination:BCM
Status:Headlights OFF
Error:None
Latency:388
2024-09-24 15:45:46,589 CAN ID:1024
Data:bytearray(b'\x01f\xf2\xd0\x9a\xc5\xc0\xeb')
Origin:HCM
Destination:BCM
Status:Headlights ON
Error:None
Latency:589
2024-09-24 15:45:46,691 CAN ID:1024
Data:bytearray(b'\x00f\xf2\xd0\x9aO6\xe4')
Origin:HCM
Destination:BCM
Status:Headlights OFF
Error:None
Latency:691
2024-09-24 15:45:46,710 CAN ID:256
Data:bytearray(b'\x04f\xf2\xd0\x9a\xd9\xda\xc1')
Origin:BSM
Destination:BCM
Status:Belt is OFF
Error:None
Latency:710
2024-09-24 15:45:46,811 CAN ID:256
Data:bytearray(b'\x05f\xf2\xd0\x9aR\x8a\x9b')
Origin:BSM
Destination:BCM
Status:Belt is ON
Error:None
Latency:811
2024-09-24 15:45:47,012 CAN ID:256
Data:bytearray(b'\x04f\xf2\xd0\x9b2:U')
Origin:BSM
Destination:BCM
Status:Belt is OFF
Error:None
Latency:12
2024-09-24 15:45:47,113 CAN ID:256
Data:bytearray(b'\x05f\xf2\xd0\x9ba@\x95')
Origin:BSM
Destination:BCM
Status:Belt is ON
Error:None
Latency:113
2024-09-24 15:45:47,392 CAN ID:1024
Data:bytearray(b'\x01f\xf2\xd0\x9b\x04\x86\xaa')
Origin:HCM
Destination:BCM
Status:Headlights ON
Error:None
Latency:392
2024-09-24 15:45:47,493 CAN ID:1024
Data:bytearray(b'\x00f\xf2\xd0\x9b\xbf\x8b\xdb')
Origin:HCM
Destination:BCM
Status:Headlights OFF
Error:None
Latency:493
2024-09-24 15:45:48,295 CAN ID:1024
Data:bytearray(b'\x01f\xf2\xd0\x9cx\x8cq')
Origin:HCM
Destination:BCM
Status:Headlights ON
Error:None
Latency:295
2024-09-24 15:45:48,396 CAN ID:1024
Data:bytearray(b'\x00f\xf2\xd0\x9c\xf7\xa7\x13')
Origin:HCM
Destination:BCM
Status:Headlights OFF
Error:None
Latency:396
2024-09-24 15:45:48,816 CAN ID:256
Data:bytearray(b'\x04f\xf2\xd0\x9c\x02\x18n')
Origin:BSM
Destination:BCM
Status:Belt is OFF
Error:None
Latency:816
2024-09-24 15:45:48,917 CAN ID:256
Data:bytearray(b'\x05f\xf2\xd0\x9c\x16\xa4w')
Origin:BSM
Destination:BCM
Status:Belt is ON
Error:None
Latency:917
2024-09-24 15:45:49,419 CAN ID:256
Data:bytearray(b'\x04f\xf2\xd0\x9d\xc8>\xcc')
Origin:BSM
Destination:BCM
Status:Belt is OFF
Error:None
Latency:419
2024-09-24 15:45:49,519 CAN ID:256
Data:bytearray(b'\x05f\xf2\xd0\x9d\x86M\x93')
Origin:BSM
Destination:BCM
Status:Belt is ON
Error:None
Latency:519
2024-09-24 15:45:50,099 CAN ID:1024
Data:bytearray(b'\x01f\xf2\xd0\x9eYas')
Origin:HCM
Destination:BCM
Status:Headlights ON
Error:None
Latency:99
2024-09-24 15:45:50,200 CAN ID:1024
Data:bytearray(b'\x00f\xf2\xd0\x9e<\xf7\x06')
Origin:HCM
Destination:BCM
Status:Headlights OFF
Error:None
Latency:200
2024-09-24 15:45:50,203 CAN ID:1024
Data:bytearray(b'\x01f\xf2\xd0\x81\xf2\\K')
Origin:HCM
Destination:BCM
Status:Headlights ON
Error:None
Latency:29203
2024-09-24 15:45:50,222 CAN ID:256
Data:bytearray(b'\x04f\xf2\xd0\x82\x18]\xc6')
Origin:BSM
Destination:BCM
Status:Belt is OFF
Error:None
Latency:28222
2024-09-24 15:45:50,229 CAN ID:1024
Data:bytearray(b'\x00f\xf2\xd0\x83j\xc1\x04')
Origin:HCM
Destination:BCM
Status:Headlights OFF
Error:None
Latency:27229
2024-09-24 15:45:50,240 CAN ID:1024
Data:bytearray(b'\x01f\xf2\xd0\x83\xf3\xb18')
Origin:HCM
Destination:BCM
Status:Headlights ON
Error:None
Latency:27240
2024-09-24 15:45:50,251 CAN ID:256
Data:bytearray(b'\x05f\xf2\xd0\x84Et\xbb')
Origin:BSM
Destination:BCM
Status:Belt is ON
Error:None
Latency:26251
2024-09-24 15:45:50,263 CAN ID:256
Data:bytearray(b'\x04f\xf2\xd0\x84\x83$\xb9')
Origin:BSM
Destination:BCM
Status:Belt is OFF
Error:None
Latency:26263
2024-09-24 15:45:50,273 CAN ID:512
Data:bytearray(b'\x03f\xf2\xd0\x84\x93\x85\x9b')
Origin:DCM
Destination:BCM
Status:Door is Locked
Error:None
Latency:26273
2024-09-24 15:45:50,286 CAN ID:1024
Data:bytearray(b'\x00f\xf2\xd0\x84\xf5\xb2\x14')
Origin:HCM
Destination:BCM
Status:Headlights OFF
Error:None
Latency:26286
2024-09-24 15:45:50,297 CAN ID:1024
Data:bytearray(b'\x01f\xf2\xd0\x84\xe0\xdd\x06')
Origin:HCM
Destination:BCM
Status:Headlights ON
Error:None
Latency:26297
2024-09-24 15:45:50,308 CAN ID:256
Data:bytearray(b'\x05f\xf2\xd0\x85c\x7f\xce')
Origin:BSM
Destination:BCM
Status:Belt is ON
Error:None
Latency:25308
2024-09-24 15:45:50,320 CAN ID:1024
Data:bytearray(b'\x00f\xf2\xd0\x85\x93X\x9e')
Origin:HCM
Destination:BCM
Status:Headlights OFF
Error:None
Latency:25319
2024-09-24 15:45:50,330 CAN ID:256
Data:bytearray(b'\x04f\xf2\xd0\x85r\xe8\n')
Origin:BSM
Destination:BCM
Status:Belt is OFF
Error:None
Latency:25330
2024-09-24 15:45:50,340 CAN ID:1024
Data:bytearray(b'\x01f\xf2\xd0\x85\x96\xdc\x0c')
Origin:HCM
Destination:BCM
Status:Headlights ON
Error:None
Latency:25340
2024-09-24 15:45:50,351 CAN ID:512
Data:bytearray(b'\x02f\xf2\xd0\x85\x98G\x9b')
Origin:DCM
Destination:BCM
Status:Door is Unlocked
Error:None
Latency:25351
2024-09-24 15:45:50,361 CAN ID:512
Data:bytearray(b'\x03f\xf2\xd0\x85[\x0fT')
Origin:DCM
Destination:BCM
Status:Door is Locked
Error:None
Latency:25361
2024-09-24 15:45:50,372 CAN ID:1024
Data:bytearray(b'\x00f\xf2\xd0\x85\x93X\x9e')
Origin:HCM
Destination:BCM
Status:Headlights OFF
Error:None
Latency:25372
2024-09-24 15:45:50,382 CAN ID:1024
Data:bytearray(b'\x01f\xf2\xd0\x85\x96\xdc\x0c')
Origin:HCM
Destination:BCM
Status:Headlights ON
Error:None
Latency:25382
2024-09-24 15:45:50,393 CAN ID:1024
Data:bytearray(b'\x00f\xf2\xd0\x86=\xf2c')
Origin:HCM
Destination:BCM
Status:Headlights OFF
Error:None
Latency:24393
2024-09-24 15:45:50,403 CAN ID:1024
Data:bytearray(b'\x01f\xf2\xd0\x86i\xe8\xf3')
Origin:HCM
Destination:BCM
Status:Headlights ON
Error:None
Latency:24403
2024-09-24 15:45:50,413 CAN ID:1024
Data:bytearray(b'\x00f\xf2\xd0\x86=\xf2c')
Origin:HCM
Destination:BCM
Status:Headlights OFF
Error:None
Latency:24413
2024-09-24 15:45:50,423 CAN ID:1024
Data:bytearray(b'\x01f\xf2\xd0\x86i\xe8\xf3')
Origin:HCM
Destination:BCM
Status:Headlights ON
Error:None
Latency:24423
2024-09-24 15:45:50,434 CAN ID:1024
Data:bytearray(b'\x00f\xf2\xd0\x87\x95\xe1\xc9')
Origin:HCM
Destination:BCM
Status:Headlights OFF
Error:None
Latency:23434
2024-09-24 15:45:50,444 CAN ID:512
Data:bytearray(b'\x02f\xf2\xd0\x87\x86\xa4\x01')
Origin:DCM
Destination:BCM
Status:Door is Unlocked
Error:None
Latency:23444
2024-09-24 15:45:50,455 CAN ID:1024
Data:bytearray(b'\x01f\xf2\xd0\x87I\xf6\x02')
Origin:HCM
Destination:BCM
Status:Headlights ON
Error:None
Latency:23455
2024-09-24 15:45:50,465 CAN ID:256
Data:bytearray(b'\x05f\xf2\xd0\x88U_\x94')
Origin:BSM
Destination:BCM
Status:Belt is ON
Error:None
Latency:22465
2024-09-24 15:45:50,476 CAN ID:256
Data:bytearray(b'\x04f\xf2\xd0\x88u\x88\xab')
Origin:BSM
Destination:BCM
Status:Belt is OFF
Error:None
Latency:22475
2024-09-24 15:45:50,486 CAN ID:1024
Data:bytearray(b'\x00f\xf2\xd0\x88W\x95A')
Origin:HCM
Destination:BCM
Status:Headlights OFF
Error:None
Latency:22486
2024-09-24 15:45:50,496 CAN ID:256
Data:bytearray(b'\x05f\xf2\xd0\x88U_\x94')
Origin:BSM
Destination:BCM
Status:Belt is ON
Error:None
Latency:22496
2024-09-24 15:45:50,507 CAN ID:1024
Data:bytearray(b'\x01f\xf2\xd0\x88\xd7\x89\xbe')
Origin:HCM
Destination:BCM
Status:Headlights ON
Error:None
Latency:22506
2024-09-24 15:45:50,517 CAN ID:256
Data:bytearray(b'\x04f\xf2\xd0\x88u\x88\xab')
Origin:BSM
Destination:BCM
Status:Belt is OFF
Error:None
Latency:22517
2024-09-24 15:45:50,527 CAN ID:512
Data:bytearray(b'\x03f\xf2\xd0\x89\x001\x8c')
Origin:DCM
Destination:BCM
Status:Door is Locked
Error:None
Latency:21527
2024-09-24 15:45:50,538 CAN ID:1024
Data:bytearray(b'\x00f\xf2\xd0\x89^\xf0\xef')
Origin:HCM
Destination:BCM
Status:Headlights OFF
Error:None
Latency:21538
2024-09-24 15:45:50,548 CAN ID:512
Data:bytearray(b'\x02f\xf2\xd0\x89\x95\x03\x1d')
Origin:DCM
Destination:BCM
Status:Door is Unlocked
Error:None
Latency:21548
2024-09-24 15:45:50,559 CAN ID:1024
Data:bytearray(b'\x01f\xf2\xd0\x89\x90\x19p')
Origin:HCM
Destination:BCM
Status:Headlights ON
Error:None
Latency:21558
2024-09-24 15:45:50,569 CAN ID:1024
Data:bytearray(b'\x00f\xf2\xd0\x89^\xf0\xef')
Origin:HCM
Destination:BCM
Status:Headlights OFF
Error:None
Latency:21569
2024-09-24 15:45:50,579 CAN ID:1024
Data:bytearray(b'\x01f\xf2\xd0\x89\x90\x19p')
Origin:HCM
Destination:BCM
Status:Headlights ON
Error:None
Latency:21579
2024-09-24 15:45:50,589 CAN ID:1024
Data:bytearray(b'\x00f\xf2\xd0\x89^\xf0\xef')
Origin:HCM
Destination:BCM
Status:Headlights OFF
Error:None
Latency:21589
2024-09-24 15:45:50,600 CAN ID:1024
Data:bytearray(b'\x01f\xf2\xd0\x89\x90\x19p')
Origin:HCM
Destination:BCM
Status:Headlights ON
Error:None
Latency:21600
2024-09-24 15:45:50,610 CAN ID:1024
Data:bytearray(b'\x00f\xf2\xd0\x89^\xf0\xef')
Origin:HCM
Destination:BCM
Status:Headlights OFF
Error:None
Latency:21610
2024-09-24 15:45:50,620 CAN ID:1024
Data:bytearray(b'\x01f\xf2\xd0\x8a[\x08\xc3')
Origin:HCM
Destination:BCM
Status:Headlights ON
Error:None
Latency:20620
2024-09-24 15:45:50,631 CAN ID:1024
Data:bytearray(b'\x00f\xf2\xd0\x8a\x02\xb4\xa0')
Origin:HCM
Destination:BCM
Status:Headlights OFF
Error:None
Latency:20631
2024-09-24 15:45:50,641 CAN ID:1024
Data:bytearray(b'\x01f\xf2\xd0\x8a[\x08\xc3')
Origin:HCM
Destination:BCM
Status:Headlights ON
Error:None
Latency:20641
2024-09-24 15:45:50,652 CAN ID:1024
Data:bytearray(b'\x00f\xf2\xd0\x8a\x02\xb4\xa0')
Origin:HCM
Destination:BCM
Status:Headlights OFF
Error:None
Latency:20652
2024-09-24 15:45:50,662 CAN ID:1024
Data:bytearray(b'\x01f\xf2\xd0\x8a[\x08\xc3')
Origin:HCM
Destination:BCM
Status:Headlights ON
Error:None
Latency:20662
2024-09-24 15:45:50,673 CAN ID:512
Data:bytearray(b'\x03f\xf2\xd0\x8a\x962\x92')
Origin:DCM
Destination:BCM
Status:Door is Locked
Error:None
Latency:20673
2024-09-24 15:45:50,683 CAN ID:1024
Data:bytearray(b'\x00f\xf2\xd0\x8a\x02\xb4\xa0')
Origin:HCM
Destination:BCM
Status:Headlights OFF
Error:None
Latency:20683
2024-09-24 15:45:50,695 CAN ID:1024
Data:bytearray(b'\x01f\xf2\xd0\x8a[\x08\xc3')
Origin:HCM
Destination:BCM
Status:Headlights ON
Error:None
Latency:20695
2024-09-24 15:45:50,704 CAN ID:1024
Data:bytearray(b'\x00f\xf2\xd0\x8b\xd1\x82\x96')
Origin:HCM
Destination:BCM
Status:Headlights OFF
Error:None
Latency:19704
2024-09-24 15:45:50,715 CAN ID:256
Data:bytearray(b'\x05f\xf2\xd0\x8b\xc7\xb9\x15')
Origin:BSM
Destination:BCM
Status:Belt is ON
Error:None
Latency:19715
2024-09-24 15:45:50,725 CAN ID:1024
Data:bytearray(b'\x01f\xf2\xd0\x8b\xf6\x85\x17')
Origin:HCM
Destination:BCM
Status:Headlights ON
Error:None
Latency:19725
2024-09-24 15:45:50,735 CAN ID:256
Data:bytearray(b'\x04f\xf2\xd0\x8b\x8f\xb4\x16')
Origin:BSM
Destination:BCM
Status:Belt is OFF
Error:None
Latency:19735
2024-09-24 15:45:50,746 CAN ID:1024
Data:bytearray(b'\x00f\xf2\xd0\x8b\xd1\x82\x96')
Origin:HCM
Destination:BCM
Status:Headlights OFF
Error:None
Latency:19746
2024-09-24 15:45:50,757 CAN ID:256
Data:bytearray(b'\x05f\xf2\xd0\x8b\xc7\xb9\x15')
Origin:BSM
Destination:BCM
Status:Belt is ON
Error:None
Latency:19757
2024-09-24 15:45:50,767 CAN ID:1024
Data:bytearray(b'\x01f\xf2\xd0\x8b\xf6\x85\x17')
Origin:HCM
Destination:BCM
Status:Headlights ON
Error:None
Latency:19767
2024-09-24 15:45:50,778 CAN ID:256
Data:bytearray(b'\x04f\xf2\xd0\x8b\x8f\xb4\x16')
Origin:BSM
Destination:BCM
Status:Belt is OFF
Error:None
Latency:19778
2024-09-24 15:45:50,788 CAN ID:256
Data:bytearray(b'\x05f\xf2\xd0\x8b\xc7\xb9\x15')
Origin:BSM
Destination:BCM
Status:Belt is ON
Error:None
Latency:19788
2024-09-24 15:45:50,798 CAN ID:256
Data:bytearray(b'\x04f\xf2\xd0\x8b\x8f\xb4\x16')
Origin:BSM
Destination:BCM
Status:Belt is OFF
Error:None
Latency:19798
2024-09-24 15:45:50,802 CAN ID:1024
Data:bytearray(b'\x01f\xf2\xd0\x9eYas')
Origin:HCM
Destination:BCM
Status:Headlights ON
Error:None
Latency:802
2024-09-24 15:45:50,809 CAN ID:256
Data:bytearray(b'\x05f\xf2\xd0\x8b\xc7\xb9\x15')
Origin:BSM
Destination:BCM
Status:Belt is ON
Error:None
Latency:19809
2024-09-24 15:45:50,819 CAN ID:1024
Data:bytearray(b'\x00f\xf2\xd0\x8c\x98\xcfx')
Origin:HCM
Destination:BCM
Status:Headlights OFF
Error:None
Latency:18819
2024-09-24 15:45:50,829 CAN ID:1024
Data:bytearray(b'\x01f\xf2\xd0\x8cw\x80\xa6')
Origin:HCM
Destination:BCM
Status:Headlights ON
Error:None
Latency:18829
2024-09-24 15:45:50,839 CAN ID:256
Data:bytearray(b'\x04f\xf2\xd0\x8c\x11\x15\x92')
Origin:BSM
Destination:BCM
Status:Belt is OFF
Error:None
Latency:18839
2024-09-24 15:45:50,850 CAN ID:1024
Data:bytearray(b'\x00f\xf2\xd0\x8c\x98\xcfx')
Origin:HCM
Destination:BCM
Status:Headlights OFF
Error:None
Latency:18850
2024-09-24 15:45:50,860 CAN ID:1024
Data:bytearray(b'\x01f\xf2\xd0\x8cw\x80\xa6')
Origin:HCM
Destination:BCM
Status:Headlights ON
Error:None
Latency:18860
2024-09-24 15:45:50,871 CAN ID:256
Data:bytearray(b'\x05f\xf2\xd0\x8ceO\x9e')
Origin:BSM
Destination:BCM
Status:Belt is ON
Error:None
Latency:18871
2024-09-24 15:45:50,881 CAN ID:1024
Data:bytearray(b'\x00f\xf2\xd0\x8c\x98\xcfx')
Origin:HCM
Destination:BCM
Status:Headlights OFF
Error:None
Latency:18881
2024-09-24 15:45:50,891 CAN ID:1024
Data:bytearray(b'\x01f\xf2\xd0\x8cw\x80\xa6')
Origin:HCM
Destination:BCM
Status:Headlights ON
Error:None
Latency:18891
2024-09-24 15:45:50,902 CAN ID:1024
Data:bytearray(b'\x00f\xf2\xd0\x8c\x98\xcfx')
Origin:HCM
Destination:BCM
Status:Headlights OFF
Error:None
Latency:18902
2024-09-24 15:45:50,902 CAN ID:1024
Data:bytearray(b'\x00f\xf2\xd0\x9e<\xf7\x06')
Origin:HCM
Destination:BCM
Status:Headlights OFF
Error:None
Latency:902
2024-09-24 15:45:50,912 CAN ID:256
Data:bytearray(b'\x04f\xf2\xd0\x8d!|\xd2')
Origin:BSM
Destination:BCM
Status:Belt is OFF
Error:None
Latency:17912
2024-09-24 15:45:50,922 CAN ID:1024
Data:bytearray(b'\x01f\xf2\xd0\x8d\x859\xc5')
Origin:HCM
Destination:BCM
Status:Headlights ON
Error:None
Latency:17922
2024-09-24 15:45:50,933 CAN ID:1024
Data:bytearray(b'\x00f\xf2\xd0\x8d\xce\x13\x11')
Origin:HCM
Destination:BCM
Status:Headlights OFF
Error:None
Latency:17933
2024-09-24 15:45:50,943 CAN ID:1024
Data:bytearray(b'\x01f\xf2\xd0\x8d\x859\xc5')
Origin:HCM
Destination:BCM
Status:Headlights ON
Error:None
Latency:17943
2024-09-24 15:45:50,954 CAN ID:1024
Data:bytearray(b'\x00f\xf2\xd0\x8d\xce\x13\x11')
Origin:HCM
Destination:BCM
Status:Headlights OFF
Error:None
Latency:17954
2024-09-24 15:45:50,964 CAN ID:1024
Data:bytearray(b'\x01f\xf2\xd0\x8d\x859\xc5')
Origin:HCM
Destination:BCM
Status:Headlights ON
Error:None
Latency:17964
2024-09-24 15:45:50,975 CAN ID:256
Data:bytearray(b'\x05f\xf2\xd0\x8dB\xa7\xc8')
Origin:BSM
Destination:BCM
Status:Belt is ON
Error:None
Latency:17975
2024-09-24 15:45:50,986 CAN ID:1024
Data:bytearray(b'\x00f\xf2\xd0\x8d\xce\x13\x11')
Origin:HCM
Destination:BCM
Status:Headlights OFF
Error:None
Latency:17986
2024-09-24 15:45:50,996 CAN ID:1024
Data:bytearray(b'\x01f\xf2\xd0\x8d\x859\xc5')
Origin:HCM
Destination:BCM
Status:Headlights ON
Error:None
Latency:17996
2024-09-24 15:45:51,007 CAN ID:256
Data:bytearray(b'\x04f\xf2\xd0\x8d!|\xd2')
Origin:BSM
Destination:BCM
Status:Belt is OFF
Error:None
Latency:18007
2024-09-24 15:45:51,018 CAN ID:256
Data:bytearray(b'\x05f\xf2\xd0\x8dB\xa7\xc8')
Origin:BSM
Destination:BCM
Status:Belt is ON
Error:None
Latency:18018
2024-09-24 15:45:51,031 CAN ID:256
Data:bytearray(b'\x04f\xf2\xd0\x8e\x9d\xe2\x1d')
Origin:BSM
Destination:BCM
Status:Belt is OFF
Error:None
Latency:17031
2024-09-24 15:45:51,042 CAN ID:256
Data:bytearray(b'\x05f\xf2\xd0\x8e\r7\xfb')
Origin:BSM
Destination:BCM
Status:Belt is ON
Error:None
Latency:17041
2024-09-24 15:45:51,052 CAN ID:1024
Data:bytearray(b'\x00f\xf2\xd0\x8eF\xc2\x03')
Origin:HCM
Destination:BCM
Status:Headlights OFF
Error:None
Latency:17052
2024-09-24 15:45:51,064 CAN ID:1024
Data:bytearray(b'\x01f\xf2\xd0\x8e\xfe\x1f\xad')
Origin:HCM
Destination:BCM
Status:Headlights ON
Error:None
Latency:17064
2024-09-24 15:45:51,076 CAN ID:256
Data:bytearray(b'\x04f\xf2\xd0\x8e\x9d\xe2\x1d')
Origin:BSM
Destination:BCM
Status:Belt is OFF
Error:None
Latency:17076
2024-09-24 15:45:51,087 CAN ID:1024
Data:bytearray(b'\x00f\xf2\xd0\x8eF\xc2\x03')
Origin:HCM
Destination:BCM
Status:Headlights OFF
Error:None
Latency:17087
2024-09-24 15:45:51,098 CAN ID:256
Data:bytearray(b'\x05f\xf2\xd0\x8e\r7\xfb')
Origin:BSM
Destination:BCM
Status:Belt is ON
Error:None
Latency:17098
2024-09-24 15:45:51,110 CAN ID:256
Data:bytearray(b'\x04f\xf2\xd0\x8e\x9d\xe2\x1d')
Origin:BSM
Destination:BCM
Status:Belt is OFF
Error:None
Latency:17110
2024-09-24 15:45:51,124 CAN ID:1024
Data:bytearray(b'\x01f\xf2\xd0\x8f\xb2\xcb(')
Origin:HCM
Destination:BCM
Status:Headlights ON
Error:None
Latency:16124
2024-09-24 15:45:51,136 CAN ID:256
Data:bytearray(b'\x05f\xf2\xd0\x8f\x1e\xe0[')
Origin:BSM
Destination:BCM
Status:Belt is ON
Error:None
Latency:16136
2024-09-24 15:45:51,148 CAN ID:256
Data:bytearray(b'\x04f\xf2\xd0\x8f\x06\x7f\x10')
Origin:BSM
Destination:BCM
Status:Belt is OFF
Error:None
Latency:16148
2024-09-24 15:45:51,159 CAN ID:1024
Data:bytearray(b'\x00f\xf2\xd0\x8f\xe5[Q')
Origin:HCM
Destination:BCM
Status:Headlights OFF
Error:None
Latency:16159
2024-09-24 15:45:51,169 CAN ID:256
Data:bytearray(b'\x05f\xf2\xd0\x8f\x1e\xe0[')
Origin:BSM
Destination:BCM
Status:Belt is ON
Error:None
Latency:16169
2024-09-24 15:45:51,180 CAN ID:1024
Data:bytearray(b'\x01f\xf2\xd0\x8f\xb2\xcb(')
Origin:HCM
Destination:BCM
Status:Headlights ON
Error:None
Latency:16180
2024-09-24 15:45:51,191 CAN ID:256
Data:bytearray(b'\x04f\xf2\xd0\x8f\x06\x7f\x10')
Origin:BSM
Destination:BCM
Status:Belt is OFF
Error:None
Latency:16191
2024-09-24 15:45:51,202 CAN ID:1024
Data:bytearray(b'\x00f\xf2\xd0\x90i\xc0\x14')
Origin:HCM
Destination:BCM
Status:Headlights OFF
Error:None
Latency:15202
2024-09-24 15:45:51,213 CAN ID:1024
Data:bytearray(b'\x01f\xf2\xd0\x90U\xa4\xab')
Origin:HCM
Destination:BCM
Status:Headlights ON
Error:None
Latency:15213
2024-09-24 15:45:51,224 CAN ID:1024
Data:bytearray(b'\x00f\xf2\xd0\x90i\xc0\x14')
Origin:HCM
Destination:BCM
Status:Headlights OFF
Error:None
Latency:15224
2024-09-24 15:45:51,234 CAN ID:256
Data:bytearray(b'\x05f\xf2\xd0\x901F2')
Origin:BSM
Destination:BCM
Status:Belt is ON
Error:None
Latency:15234
2024-09-24 15:45:51,246 CAN ID:1024
Data:bytearray(b'\x01f\xf2\xd0\x91\xc6\x87\xee')
Origin:HCM
Destination:BCM
Status:Headlights ON
Error:None
Latency:14246
2024-09-24 15:45:51,256 CAN ID:256
Data:bytearray(b'\x04f\xf2\xd0\x91B\xba\xe5')
Origin:BSM
Destination:BCM
Status:Belt is OFF
Error:None
Latency:14256
2024-09-24 15:45:51,267 CAN ID:256
Data:bytearray(b'\x05f\xf2\xd0\x91\xe3\xf5\xf0')
Origin:BSM
Destination:BCM
Status:Belt is ON
Error:None
Latency:14267
2024-09-24 15:45:51,278 CAN ID:1024
Data:bytearray(b'\x00f\xf2\xd0\x91\x9c\xc3r')
Origin:HCM
Destination:BCM
Status:Headlights OFF
Error:None
Latency:14278
2024-09-24 15:45:51,288 CAN ID:256
Data:bytearray(b'\x04f\xf2\xd0\x91B\xba\xe5')
Origin:BSM
Destination:BCM
Status:Belt is OFF
Error:None
Latency:14288
2024-09-24 15:45:51,299 CAN ID:256
Data:bytearray(b'\x05f\xf2\xd0\x91\xe3\xf5\xf0')
Origin:BSM
Destination:BCM
Status:Belt is ON
Error:None
Latency:14299
2024-09-24 15:45:51,309 CAN ID:1024
Data:bytearray(b'\x01f\xf2\xd0\x91\xc6\x87\xee')
Origin:HCM
Destination:BCM
Status:Headlights ON
Error:None
Latency:14309
2024-09-24 15:45:51,320 CAN ID:256
Data:bytearray(b'\x04f\xf2\xd0\x91B\xba\xe5')
Origin:BSM
Destination:BCM
Status:Belt is OFF
Error:None
Latency:14320
2024-09-24 15:45:51,330 CAN ID:1024
Data:bytearray(b'\x00f\xf2\xd0\x91\x9c\xc3r')
Origin:HCM
Destination:BCM
Status:Headlights OFF
Error:None
Latency:14330
2024-09-24 15:45:51,341 CAN ID:1024
Data:bytearray(b'\x01f\xf2\xd0\x91\xc6\x87\xee')
Origin:HCM
Destination:BCM
Status:Headlights ON
Error:None
Latency:14341
2024-09-24 15:45:51,351 CAN ID:1024
Data:bytearray(b'\x00f\xf2\xd0\x92\xc3$|')
Origin:HCM
Destination:BCM
Status:Headlights OFF
Error:None
Latency:13351
2024-09-24 15:45:51,362 CAN ID:256
Data:bytearray(b'\x05f\xf2\xd0\x92\x14.~')
Origin:BSM
Destination:BCM
Status:Belt is ON
Error:None
Latency:13362
2024-09-24 15:45:51,373 CAN ID:1024
Data:bytearray(b'\x01f\xf2\xd0\x92N\x82\xf3')
Origin:HCM
Destination:BCM
Status:Headlights ON
Error:None
Latency:13373
2024-09-24 15:45:51,383 CAN ID:1024
Data:bytearray(b'\x00f\xf2\xd0\x92\xc3$|')
Origin:HCM
Destination:BCM
Status:Headlights OFF
Error:None
Latency:13383
2024-09-24 15:45:51,393 CAN ID:256
Data:bytearray(b'\x04f\xf2\xd0\x92\xff\xbc\xf8')
Origin:BSM
Destination:BCM
Status:Belt is OFF
Error:None
Latency:13393
2024-09-24 15:45:51,404 CAN ID:256
Data:bytearray(b'\x05f\xf2\xd0\x92\x14.~')
Origin:BSM
Destination:BCM
Status:Belt is ON
Error:None
Latency:13404
2024-09-24 15:45:51,414 CAN ID:256
Data:bytearray(b'\x04f\xf2\xd0\x92\xff\xbc\xf8')
Origin:BSM
Destination:BCM
Status:Belt is OFF
Error:None
Latency:13414
2024-09-24 15:45:51,425 CAN ID:1024
Data:bytearray(b'\x01f\xf2\xd0\x92N\x82\xf3')
Origin:HCM
Destination:BCM
Status:Headlights ON
Error:None
Latency:13425
2024-09-24 15:45:51,435 CAN ID:256
Data:bytearray(b'\x05f\xf2\xd0\x92\x14.~')
Origin:BSM
Destination:BCM
Status:Belt is ON
Error:None
Latency:13435
2024-09-24 15:45:51,446 CAN ID:256
Data:bytearray(b'\x04f\xf2\xd0\x92\xff\xbc\xf8')
Origin:BSM
Destination:BCM
Status:Belt is OFF
Error:None
Latency:13446
2024-09-24 15:45:51,456 CAN ID:1024
Data:bytearray(b'\x00f\xf2\xd0\x92\xc3$|')
Origin:HCM
Destination:BCM
Status:Headlights OFF
Error:None
Latency:13456
2024-09-24 15:45:51,467 CAN ID:1024
Data:bytearray(b'\x01f\xf2\xd0\x92N\x82\xf3')
Origin:HCM
Destination:BCM
Status:Headlights ON
Error:None
Latency:13467
2024-09-24 15:45:51,477 CAN ID:1024
Data:bytearray(b'\x00f\xf2\xd0\x93k\xfd\x85')
Origin:HCM
Destination:BCM
Status:Headlights OFF
Error:None
Latency:12477
2024-09-24 15:45:51,488 CAN ID:256
Data:bytearray(b'\x05f\xf2\xd0\x93\x90\x8c\xc5')
Origin:BSM
Destination:BCM
Status:Belt is ON
Error:None
Latency:12488
2024-09-24 15:45:51,498 CAN ID:256
Data:bytearray(b'\x04f\xf2\xd0\x93J\x94\xae')
Origin:BSM
Destination:BCM
Status:Belt is OFF
Error:None
Latency:12498
2024-09-24 15:45:51,508 CAN ID:256
Data:bytearray(b'\x05f\xf2\xd0\x93\x90\x8c\xc5')
Origin:BSM
Destination:BCM
Status:Belt is ON
Error:None
Latency:12508
2024-09-24 15:45:51,519 CAN ID:1024
Data:bytearray(b"\x01f\xf2\xd0\x93o\xd4\'")
Origin:HCM
Destination:BCM
Status:Headlights ON
Error:None
Latency:12519
2024-09-24 15:45:51,529 CAN ID:1024
Data:bytearray(b'\x00f\xf2\xd0\x93k\xfd\x85')
Origin:HCM
Destination:BCM
Status:Headlights OFF
Error:None
Latency:12529
2024-09-24 15:45:51,540 CAN ID:1024
Data:bytearray(b'\x01f\xf2\xd0\x94\xa4 \xfa')
Origin:HCM
Destination:BCM
Status:Headlights ON
Error:None
Latency:11540
2024-09-24 15:45:51,550 CAN ID:1024
Data:bytearray(b'\x00f\xf2\xd0\x945\x037')
Origin:HCM
Destination:BCM
Status:Headlights OFF
Error:None
Latency:11550
2024-09-24 15:45:51,560 CAN ID:1024
Data:bytearray(b'\x01f\xf2\xd0\x94\xa4 \xfa')
Origin:HCM
Destination:BCM
Status:Headlights ON
Error:None
Latency:11560
2024-09-24 15:45:51,571 CAN ID:256
Data:bytearray(b'\x04f\xf2\xd0\x94\x9e\xee\x95')
Origin:BSM
Destination:BCM
Status:Belt is OFF
Error:None
Latency:11571
2024-09-24 15:45:51,581 CAN ID:1024
Data:bytearray(b'\x00f\xf2\xd0\x945\x037')
Origin:HCM
Destination:BCM
Status:Headlights OFF
Error:None
Latency:11581
2024-09-24 15:45:51,592 CAN ID:256
Data:bytearray(b'\x05f\xf2\xd0\x94J\xdc2')
Origin:BSM
Destination:BCM
Status:Belt is ON
Error:None
Latency:11592
2024-09-24 15:45:51,602 CAN ID:1024
Data:bytearray(b'\x01f\xf2\xd0\x94\xa4 \xfa')
Origin:HCM
Destination:BCM
Status:Headlights ON
Error:None
Latency:11602
2024-09-24 15:45:51,612 CAN ID:1024
Data:bytearray(b'\x00f\xf2\xd0\x945\x037')
Origin:HCM
Destination:BCM
Status:Headlights OFF
Error:None
Latency:11612
2024-09-24 15:45:51,623 CAN ID:1024
Data:bytearray(b'\x01f\xf2\xd0\x94\xa4 \xfa')
Origin:HCM
Destination:BCM
Status:Headlights ON
Error:None
Latency:11623
2024-09-24 15:45:51,633 CAN ID:256
Data:bytearray(b'\x04f\xf2\xd0\x94\x9e\xee\x95')
Origin:BSM
Destination:BCM
Status:Belt is OFF
Error:None
Latency:11633
2024-09-24 15:45:51,644 CAN ID:1024
Data:bytearray(b'\x00f\xf2\xd0\x95\xd4\xda\x0e')
Origin:HCM
Destination:BCM
Status:Headlights OFF
Error:None
Latency:10644
2024-09-24 15:45:51,654 CAN ID:256
Data:bytearray(b'\x05f\xf2\xd0\x95[\xd8"')
Origin:BSM
Destination:BCM
Status:Belt is ON
Error:None
Latency:10654
2024-09-24 15:45:51,665 CAN ID:1024
Data:bytearray(b'\x01f\xf2\xd0\x95\xb4\x03\xf1')
Origin:HCM
Destination:BCM
Status:Headlights ON
Error:None
Latency:10665
2024-09-24 15:45:51,676 CAN ID:1024
Data:bytearray(b'\x00f\xf2\xd0\x95\xd4\xda\x0e')
Origin:HCM
Destination:BCM
Status:Headlights OFF
Error:None
Latency:10676
2024-09-24 15:45:51,686 CAN ID:256
Data:bytearray(b'\x04f\xf2\xd0\x95[\xa3/')
Origin:BSM
Destination:BCM
Status:Belt is OFF
Error:None
Latency:10686
2024-09-24 15:45:51,697 CAN ID:1024
Data:bytearray(b'\x01f\xf2\xd0\x95\xb4\x03\xf1')
Origin:HCM
Destination:BCM
Status:Headlights ON
Error:None
Latency:10697
2024-09-24 15:45:51,707 CAN ID:256
Data:bytearray(b'\x05f\xf2\xd0\x95[\xd8"')
Origin:BSM
Destination:BCM
Status:Belt is ON
Error:None
Latency:10707
2024-09-24 15:45:51,718 CAN ID:1024
Data:bytearray(b'\x00f\xf2\xd0\x95\xd4\xda\x0e')
Origin:HCM
Destination:BCM
Status:Headlights OFF
Error:None
Latency:10717
2024-09-24 15:45:51,728 CAN ID:256
Data:bytearray(b'\x04f\xf2\xd0\x95[\xa3/')
Origin:BSM
Destination:BCM
Status:Belt is OFF
Error:None
Latency:10728
2024-09-24 15:45:51,738 CAN ID:256
Data:bytearray(b'\x05f\xf2\xd0\x95[\xd8"')
Origin:BSM
Destination:BCM
Status:Belt is ON
Error:None
Latency:10738
2024-09-24 15:45:51,748 CAN ID:1024
Data:bytearray(b'\x01f\xf2\xd0\x95\xb4\x03\xf1')
Origin:HCM
Destination:BCM
Status:Headlights ON
Error:None
Latency:10748
2024-09-24 15:45:51,759 CAN ID:1024
Data:bytearray(b'\x00f\xf2\xd0\x96\xe9\xf8a')
Origin:HCM
Destination:BCM
Status:Headlights OFF
Error:None
Latency:9759
2024-09-24 15:45:51,769 CAN ID:256
Data:bytearray(b'\x04f\xf2\xd0\x96\xa6\xbaZ')
Origin:BSM
Destination:BCM
Status:Belt is OFF
Error:None
Latency:9769
2024-09-24 15:45:51,779 CAN ID:256
Data:bytearray(b'\x05f\xf2\xd0\x96\x05:0')
Origin:BSM
Destination:BCM
Status:Belt is ON
Error:None
Latency:9779
2024-09-24 15:45:51,789 CAN ID:1024
Data:bytearray(b'\x01f\xf2\xd0\x96\xc5\xd8X')
Origin:HCM
Destination:BCM
Status:Headlights ON
Error:None
Latency:9789
2024-09-24 15:45:51,800 CAN ID:1024
Data:bytearray(b'\x00f\xf2\xd0\x96\xe9\xf8a')
Origin:HCM
Destination:BCM
Status:Headlights OFF
Error:None
Latency:9800
2024-09-24 15:45:51,810 CAN ID:256
Data:bytearray(b'\x04f\xf2\xd0\x97W\xe9\xbb')
Origin:BSM
Destination:BCM
Status:Belt is OFF
Error:None
Latency:8810
2024-09-24 15:45:51,821 CAN ID:256
Data:bytearray(b'\x05f\xf2\xd0\x97.|\xc0')
Origin:BSM
Destination:BCM
Status:Belt is ON
Error:None
Latency:8821
2024-09-24 15:45:51,831 CAN ID:256
Data:bytearray(b'\x04f\xf2\xd0\x97W\xe9\xbb')
Origin:BSM
Destination:BCM
Status:Belt is OFF
Error:None
Latency:8831
2024-09-24 15:45:51,841 CAN ID:256
Data:bytearray(b'\x05f\xf2\xd0\x97.|\xc0')
Origin:BSM
Destination:BCM
Status:Belt is ON
Error:None
Latency:8841
2024-09-24 15:45:51,852 CAN ID:1024
Data:bytearray(b'\x01f\xf2\xd0\x98\x92\x06\xdc')
Origin:HCM
Destination:BCM
Status:Headlights ON
Error:None
Latency:7852
2024-09-24 15:45:51,862 CAN ID:1024
Data:bytearray(b'\x00f\xf2\xd0\x98\x89\xf6\x8f')
Origin:HCM
Destination:BCM
Status:Headlights OFF
Error:None
Latency:7862
2024-09-24 15:45:51,873 CAN ID:256
Data:bytearray(b'\x04f\xf2\xd0\x99\xc5\x9a\x03')
Origin:BSM
Destination:BCM
Status:Belt is OFF
Error:None
Latency:6872
2024-09-24 15:45:51,883 CAN ID:256
Data:bytearray(b'\x05f\xf2\xd0\x99C\xb1\x13')
Origin:BSM
Destination:BCM
Status:Belt is ON
Error:None
Latency:6883
2024-09-24 15:45:51,893 CAN ID:1024
Data:bytearray(b'\x01f\xf2\xd0\x99\x8d\t\xc4')
Origin:HCM
Destination:BCM
Status:Headlights ON
Error:None
Latency:6893
2024-09-24 15:45:51,903 CAN ID:256
Data:bytearray(b'\x04f\xf2\xd0\x99\xc5\x9a\x03')
Origin:BSM
Destination:BCM
Status:Belt is OFF
Error:None
Latency:6903
2024-09-24 15:45:51,914 CAN ID:256
Data:bytearray(b'\x05f\xf2\xd0\x9aR\x8a\x9b')
Origin:BSM
Destination:BCM
Status:Belt is ON
Error:None
Latency:5914
2024-09-24 15:45:51,925 CAN ID:1024
Data:bytearray(b'\x00f\xf2\xd0\x9aO6\xe4')
Origin:HCM
Destination:BCM
Status:Headlights OFF
Error:None
Latency:5925
2024-09-24 15:45:51,934 CAN ID:256
Data:bytearray(b'\x04f\xf2\xd0\x9a\xd9\xda\xc1')
Origin:BSM
Destination:BCM
Status:Belt is OFF
Error:None
Latency:5934
2024-09-24 15:45:51,945 CAN ID:1024
Data:bytearray(b'\x01f\xf2\xd0\x9a\xc5\xc0\xeb')
Origin:HCM
Destination:BCM
Status:Headlights ON
Error:None
Latency:5945
2024-09-24 15:45:51,955 CAN ID:256
Data:bytearray(b'\x05f\xf2\xd0\x9aR\x8a\x9b')
Origin:BSM
Destination:BCM
Status:Belt is ON
Error:None
Latency:5955
2024-09-24 15:45:51,966 CAN ID:1024
Data:bytearray(b'\x00f\xf2\xd0\x9aO6\xe4')
Origin:HCM
Destination:BCM
Status:Headlights OFF
Error:None
Latency:5966
2024-09-24 15:45:51,976 CAN ID:1024
Data:bytearray(b'\x01f\xf2\xd0\x9a\xc5\xc0\xeb')
Origin:HCM
Destination:BCM
Status:Headlights ON
Error:None
Latency:5976
2024-09-24 15:45:51,987 CAN ID:1024
Data:bytearray(b'\x00f\xf2\xd0\x9aO6\xe4')
Origin:HCM
Destination:BCM
Status:Headlights OFF
Error:None
Latency:5986
2024-09-24 15:45:51,997 CAN ID:256
Data:bytearray(b'\x04f\xf2\xd0\x9a\xd9\xda\xc1')
Origin:BSM
Destination:BCM
Status:Belt is OFF
Error:None
Latency:5997
2024-09-24 15:45:52,007 CAN ID:256
Data:bytearray(b'\x05f\xf2\xd0\x9aR\x8a\x9b')
Origin:BSM
Destination:BCM
Status:Belt is ON
Error:None
Latency:6007
2024-09-24 15:45:52,018 CAN ID:256
Data:bytearray(b'\x04f\xf2\xd0\x9b2:U')
Origin:BSM
Destination:BCM
Status:Belt is OFF
Error:None
Latency:5018
2024-09-24 15:45:52,028 CAN ID:256
Data:bytearray(b'\x05f\xf2\xd0\x9ba@\x95')
Origin:BSM
Destination:BCM
Status:Belt is ON
Error:None
Latency:5028
2024-09-24 15:45:52,038 CAN ID:1024
Data:bytearray(b'\x01f\xf2\xd0\x9b\x04\x86\xaa')
Origin:HCM
Destination:BCM
Status:Headlights ON
Error:None
Latency:5038
2024-09-24 15:45:52,049 CAN ID:1024
Data:bytearray(b'\x00f\xf2\xd0\x9b\xbf\x8b\xdb')
Origin:HCM
Destination:BCM
Status:Headlights OFF
Error:None
Latency:5049
2024-09-24 15:45:52,059 CAN ID:1024
Data:bytearray(b'\x01f\xf2\xd0\x9cx\x8cq')
Origin:HCM
Destination:BCM
Status:Headlights ON
Error:None
Latency:4059
2024-09-24 15:45:52,069 CAN ID:1024
Data:bytearray(b'\x00f\xf2\xd0\x9c\xf7\xa7\x13')
Origin:HCM
Destination:BCM
Status:Headlights OFF
Error:None
Latency:4069
2024-09-24 15:45:52,080 CAN ID:256
Data:bytearray(b'\x04f\xf2\xd0\x9c\x02\x18n')
Origin:BSM
Destination:BCM
Status:Belt is OFF
Error:None
Latency:4080
2024-09-24 15:45:52,090 CAN ID:256
Data:bytearray(b'\x05f\xf2\xd0\x9c\x16\xa4w')
Origin:BSM
Destination:BCM
Status:Belt is ON
Error:None
Latency:4090
2024-09-24 15:45:52,100 CAN ID:256
Data:bytearray(b'\x04f\xf2\xd0\x9d\xc8>\xcc')
Origin:BSM
Destination:BCM
Status:Belt is OFF
Error:None
Latency:3100
2024-09-24 15:45:52,111 CAN ID:256
Data:bytearray(b'\x05f\xf2\xd0\x9d\x86M\x93')
Origin:BSM
Destination:BCM
Status:Belt is ON
Error:None
Latency:3111
2024-09-24 15:45:52,121 CAN ID:1024
Data:bytearray(b'\x01f\xf2\xd0\x9eYas')
Origin:HCM
Destination:BCM
Status:Headlights ON
Error:None
Latency:2121
2024-09-24 15:45:52,227 CAN ID:256
Data:bytearray(b'\x04f\xf2\xd0\xa0\xc2\xdae')
Origin:BSM
Destination:BCM
Status:Belt is OFF
Error:None
Latency:227
2024-09-24 15:45:59,942 KeyboardInterrupt detected, exiting gracefully.
2024-09-24 15:45:59,943 Cleaning up resources...
2024-09-24 15:45:59,945 Latency Statistics:
2024-09-24 15:45:59,945 Mean: 7988.74 ms
2024-09-24 15:45:59,945 Median: 983.50 ms
2024-09-24 15:45:59,945 Min: 7.00 ms
2024-09-24 15:45:59,945 Max: 29203.00 ms
2024-09-24 15:45:59,946 Std_dev: 8798.14 ms
2024-09-24 15:45:59,946 Cleanup complete. Exiting program.
