2024-08-06 16:49:26,282 Created a socket
2024-08-06 16:49:31,284 LEDs and Buzzer turned OFF due to timeout
2024-08-06 16:49:36,144 Message received: ID=233, Data=bytearray(b'\x8af~\r\xe1\xcc\xc9T')
2024-08-06 16:49:36,145 Message authenticated successfully: ID=233, Data=bytearray(b'\x8af~\r')
2024-08-06 16:49:36,145 Engine turned ON for CAN ID: 233
2024-08-06 16:49:36,246 Message received: ID=880, Data=bytearray(b'\xe34\xc4\x0eF\xfd\n\x8b')
2024-08-06 16:49:36,247 Message authenticated successfully: ID=880, Data=bytearray(b'\xe34\xc4\x0e')
2024-08-06 16:49:36,248 Battery System fault on CAN ID: 880
2024-08-06 16:49:36,449 Message received: ID=328, Data=bytearray(b'\x1eW\x8c\x8fk')
2024-08-06 16:49:36,453 Message authenticated successfully: ID=328, Data=bytearray(b'\x1e')
2024-08-06 16:49:36,456 Engine turned ON for CAN ID: 328
2024-08-06 16:49:36,550 Message received: ID=894, Data=bytearray(b']]\x13\x95')
2024-08-06 16:49:36,551 Message authenticated successfully: ID=894, Data=bytearray(b'')
2024-08-06 16:49:36,552 Battery System fault on CAN ID: 894
2024-08-06 16:49:36,754 Message received: ID=457, Data=bytearray(b'\xf5\x8eL\x0c$')
2024-08-06 16:49:36,755 Message authenticated successfully: ID=457, Data=bytearray(b'\xf5')
2024-08-06 16:49:36,755 Engine turned ON for CAN ID: 457
2024-08-06 16:49:36,856 Message received: ID=929, Data=bytearray(b'3\xcf9\xeb-\x14\xd0\xd8')
2024-08-06 16:49:36,857 Message authenticated successfully: ID=929, Data=bytearray(b'3\xcf9\xeb')
2024-08-06 16:49:36,857 Battery System fault on CAN ID: 929
2024-08-06 16:49:37,058 Message received: ID=412, Data=bytearray(b']]\x13\x95')
2024-08-06 16:49:37,058 Message authenticated successfully: ID=412, Data=bytearray(b'')
2024-08-06 16:49:37,058 Engine turned ON for CAN ID: 412
2024-08-06 16:49:37,159 Message received: ID=842, Data=bytearray(b']]\x13\x95')
2024-08-06 16:49:37,160 Message authenticated successfully: ID=842, Data=bytearray(b'')
2024-08-06 16:49:37,160 Battery System fault on CAN ID: 842
2024-08-06 16:49:37,361 Message received: ID=295, Data=bytearray(b'\xe2-)=M')
2024-08-06 16:49:37,362 Message authenticated successfully: ID=295, Data=bytearray(b'\xe2')
2024-08-06 16:49:37,362 Engine turned ON for CAN ID: 295
2024-08-06 16:49:37,464 Message received: ID=930, Data=bytearray(b'\x11\x92Uh\xd1')
2024-08-06 16:49:37,464 Message authenticated successfully: ID=930, Data=bytearray(b'\x11')
2024-08-06 16:49:37,464 Battery System fault on CAN ID: 930
2024-08-06 16:49:37,665 Message received: ID=276, Data=bytearray(b'\xfcQ*I\xd7N\xb8')
2024-08-06 16:49:37,666 Message authenticated successfully: ID=276, Data=bytearray(b'\xfcQ*')
2024-08-06 16:49:37,666 Engine turned ON for CAN ID: 276
2024-08-06 16:49:37,771 Message received: ID=850, Data=bytearray(b'h\x7f\xc2\xe6\xd1')
2024-08-06 16:49:37,772 Message authenticated successfully: ID=850, Data=bytearray(b'h')
2024-08-06 16:49:37,772 Battery System fault on CAN ID: 850
2024-08-06 16:49:37,969 Message received: ID=94, Data=bytearray(b'\x16_j\n\xa5p\xafc')
2024-08-06 16:49:37,969 Message authenticated successfully: ID=94, Data=bytearray(b'\x16_j\n')
2024-08-06 16:49:37,970 Engine turned ON for CAN ID: 94
2024-08-06 16:49:38,071 Message received: ID=878, Data=bytearray(b';qH>\x96')
2024-08-06 16:49:38,071 Message authenticated successfully: ID=878, Data=bytearray(b';')
2024-08-06 16:49:38,072 Battery System fault on CAN ID: 878
2024-08-06 16:49:38,273 Message received: ID=287, Data=bytearray(b'\x06\xa1r\xb6\xb8\xe5\xc0\x93')
2024-08-06 16:49:38,274 Message authenticated successfully: ID=287, Data=bytearray(b'\x06\xa1r\xb6')
2024-08-06 16:49:38,274 Engine turned ON for CAN ID: 287
2024-08-06 16:49:38,374 Message received: ID=807, Data=bytearray(b'\xfe\xf5\xd3\xa2Tf\xb7j')
2024-08-06 16:49:38,374 Message authenticated successfully: ID=807, Data=bytearray(b'\xfe\xf5\xd3\xa2')
2024-08-06 16:49:38,374 Battery System fault on CAN ID: 807
2024-08-06 16:49:38,575 Message received: ID=58, Data=bytearray(b'\xfaD\\\xca\xeb\x13')
2024-08-06 16:49:38,576 Message authenticated successfully: ID=58, Data=bytearray(b'\xfaD')
2024-08-06 16:49:38,576 Engine turned ON for CAN ID: 58
2024-08-06 16:49:38,676 Message received: ID=975, Data=bytearray(b'\xf5\x8e\x1a~\xf5Y\xa0\x08')
2024-08-06 16:49:38,676 Message authenticated successfully: ID=975, Data=bytearray(b'\xf5\x8e\x1a~')
2024-08-06 16:49:38,677 Battery System fault on CAN ID: 975
2024-08-06 16:49:38,878 Message received: ID=322, Data=bytearray(b'\xb0\x9eR=}.\xed\xad')
2024-08-06 16:49:38,878 Message authenticated successfully: ID=322, Data=bytearray(b'\xb0\x9eR=')
2024-08-06 16:49:38,879 Engine turned ON for CAN ID: 322
2024-08-06 16:49:38,979 Message received: ID=853, Data=bytearray(b'x\x92n\x08\xa9\x81,')
2024-08-06 16:49:38,979 Message authenticated successfully: ID=853, Data=bytearray(b'x\x92n')
2024-08-06 16:49:38,979 Battery System fault on CAN ID: 853
2024-08-06 16:49:39,182 Message received: ID=107, Data=bytearray(b',\xa5\x83\xcf\xab\xc3\x05')
2024-08-06 16:49:39,182 Message authenticated successfully: ID=107, Data=bytearray(b',\xa5\x83')
2024-08-06 16:49:39,182 Engine turned ON for CAN ID: 107
2024-08-06 16:49:39,284 Message received: ID=927, Data=bytearray(b'j\xda\xd5\x7f:\xca')
2024-08-06 16:49:39,284 Message authenticated successfully: ID=927, Data=bytearray(b'j\xda')
2024-08-06 16:49:39,284 Battery System fault on CAN ID: 927
2024-08-06 16:49:39,487 Message received: ID=109, Data=bytearray(b'e,n\xc3\xd4\xa6\xa8\xbd')
2024-08-06 16:49:39,487 Message authenticated successfully: ID=109, Data=bytearray(b'e,n\xc3')
2024-08-06 16:49:39,488 Engine turned ON for CAN ID: 109
2024-08-06 16:49:39,588 Message received: ID=914, Data=bytearray(b'M\xe7\x14\x93L')
2024-08-06 16:49:39,588 Message authenticated successfully: ID=914, Data=bytearray(b'M')
2024-08-06 16:49:39,589 Battery System fault on CAN ID: 914
2024-08-06 16:49:39,790 Message received: ID=144, Data=bytearray(b'`&o0\x8cf')
2024-08-06 16:49:39,790 Message authenticated successfully: ID=144, Data=bytearray(b'`&')
2024-08-06 16:49:39,790 Engine turned ON for CAN ID: 144
2024-08-06 16:49:39,892 Message received: ID=836, Data=bytearray(b']\x19\xc0"$')
2024-08-06 16:49:39,892 Message authenticated successfully: ID=836, Data=bytearray(b']')
2024-08-06 16:49:39,892 Battery System fault on CAN ID: 836
2024-08-06 16:49:40,095 Message received: ID=496, Data=bytearray(b'o&\xabG\xc1\xd6')
2024-08-06 16:49:40,095 Message authenticated successfully: ID=496, Data=bytearray(b'o&')
2024-08-06 16:49:40,095 Engine turned ON for CAN ID: 496
2024-08-06 16:49:40,197 Message received: ID=1014, Data=bytearray(b']]\x13\x95')
2024-08-06 16:49:40,197 Message authenticated successfully: ID=1014, Data=bytearray(b'')
2024-08-06 16:49:40,198 Battery System fault on CAN ID: 1014
2024-08-06 16:49:40,400 Message received: ID=316, Data=bytearray(b'\xa1\x8b\xb8!\xc8Nv\xcf')
2024-08-06 16:49:40,400 Message authenticated successfully: ID=316, Data=bytearray(b'\xa1\x8b\xb8!')
2024-08-06 16:49:40,400 Engine turned ON for CAN ID: 316
2024-08-06 16:49:40,502 Message received: ID=876, Data=bytearray(b']]\x13\x95')
2024-08-06 16:49:40,502 Message authenticated successfully: ID=876, Data=bytearray(b'')
2024-08-06 16:49:40,502 Battery System fault on CAN ID: 876
2024-08-06 16:49:40,702 Message received: ID=258, Data=bytearray(b']]\x13\x95')
2024-08-06 16:49:40,703 Message authenticated successfully: ID=258, Data=bytearray(b'')
2024-08-06 16:49:40,703 Engine turned ON for CAN ID: 258
2024-08-06 16:49:40,804 Message received: ID=848, Data=bytearray(b'ns\xa7\x19\xb3U\xa7f')
2024-08-06 16:49:40,804 Message authenticated successfully: ID=848, Data=bytearray(b'ns\xa7\x19')
2024-08-06 16:49:40,804 Battery System fault on CAN ID: 848
2024-08-06 16:49:41,006 Message received: ID=120, Data=bytearray(b'>\to\xf2\x04\xc2')
2024-08-06 16:49:41,006 Message authenticated successfully: ID=120, Data=bytearray(b'>\t')
2024-08-06 16:49:41,006 Engine turned ON for CAN ID: 120
2024-08-06 16:49:41,108 Message received: ID=899, Data=bytearray(b']]\x13\x95')
2024-08-06 16:49:41,108 Message authenticated successfully: ID=899, Data=bytearray(b'')
2024-08-06 16:49:41,108 Battery System fault on CAN ID: 899
2024-08-06 16:49:41,310 Message received: ID=463, Data=bytearray(b'\xc5\xca\xe5\xcdn\xfd\xc3')
2024-08-06 16:49:41,310 Message authenticated successfully: ID=463, Data=bytearray(b'\xc5\xca\xe5')
2024-08-06 16:49:41,311 Engine turned ON for CAN ID: 463
2024-08-06 16:49:41,412 Message received: ID=906, Data=bytearray(b']]\x13\x95')
2024-08-06 16:49:41,413 Message authenticated successfully: ID=906, Data=bytearray(b'')
2024-08-06 16:49:41,413 Battery System fault on CAN ID: 906
2024-08-06 16:49:41,616 Message received: ID=483, Data=bytearray(b'\xc7\xc4]\xae\xf0\x15')
2024-08-06 16:49:41,616 Message authenticated successfully: ID=483, Data=bytearray(b'\xc7\xc4')
2024-08-06 16:49:41,616 Engine turned ON for CAN ID: 483
2024-08-06 16:49:41,718 Message received: ID=970, Data=bytearray(b"u\xba\'\xf2\xfcEj\x13")
2024-08-06 16:49:41,718 Message authenticated successfully: ID=970, Data=bytearray(b"u\xba\'\xf2")
2024-08-06 16:49:41,718 Battery System fault on CAN ID: 970
2024-08-06 16:49:41,920 Message received: ID=478, Data=bytearray(b'B\n>^U\xb1c*')
2024-08-06 16:49:41,920 Message authenticated successfully: ID=478, Data=bytearray(b'B\n>^')
2024-08-06 16:49:41,921 Engine turned ON for CAN ID: 478
2024-08-06 16:49:42,023 Message received: ID=891, Data=bytearray(b'\xbfNC\x01y\xa1')
2024-08-06 16:49:42,024 Message authenticated successfully: ID=891, Data=bytearray(b'\xbfN')
2024-08-06 16:49:42,024 Battery System fault on CAN ID: 891
2024-08-06 16:49:47,024 LEDs and Buzzer turned OFF due to timeout
2024-08-06 16:50:03,279 Exiting program...
