2024-09-24 15:41:17,477 Created a socket
2024-09-24 15:41:17,479 CAN ID: 256
Data: bytearray(b'\x04f\xf2\xcf\x8d!\xdc\x15')
Origin: BSM
Destination: BCM
Diagnostic Msg: Belt is OFF
Error:None

2024-09-24 15:41:18,589 CAN ID: 256
Data: bytearray(b'\x05f\xf2\xcf\x8e\x08\xef\x7f')
Origin: BSM
Destination: BCM
Diagnostic Msg: Belt is ON
Error:None

2024-09-24 15:41:18,700 CAN ID: 256
Data: bytearray(b'\x04f\xf2\xcf\x8e\x89\x9e\xf5')
Origin: BSM
Destination: BCM
Diagnostic Msg: Belt is OFF
Error:None

2024-09-24 15:41:18,902 CAN ID: 256
Data: bytearray(b'\x05f\xf2\xcf\x8e\x08\xef\x7f')
Origin: BSM
Destination: BCM
Diagnostic Msg: Belt is ON
Error:None

2024-09-24 15:41:19,007 CAN ID: 256
Data: bytearray(b'\x04f\xf2\xcf\x8f#\xec\r')
Origin: BSM
Destination: BCM
Diagnostic Msg: Belt is OFF
Error:None

2024-09-24 15:41:20,331 CAN ID: 256
Data: bytearray(b'\x05f\xf2\xcf\x90\x07!\xd4')
Origin: BSM
Destination: BCM
Diagnostic Msg: Belt is ON
Error:None

2024-09-24 15:41:20,435 CAN ID: 256
Data: bytearray(b'\x04f\xf2\xcf\x90\x1f<\x07')
Origin: BSM
Destination: BCM
Diagnostic Msg: Belt is OFF
Error:None

2024-09-24 15:41:21,444 CAN ID: 256
Data: bytearray(b'\x05f\xf2\xcf\x91\xc0\x8e6')
Origin: BSM
Destination: BCM
Diagnostic Msg: Belt is ON
Error:None

2024-09-24 15:41:21,545 CAN ID: 256
Data: bytearray(b'\x04f\xf2\xcf\x91y\xf7\xcf')
Origin: BSM
Destination: BCM
Diagnostic Msg: Belt is OFF
Error:None

2024-09-24 15:41:21,849 CAN ID: 256
Data: bytearray(b'\x05f\xf2\xcf\x91\xc0\x8e6')
Origin: BSM
Destination: BCM
Diagnostic Msg: Belt is ON
Error:None

2024-09-24 15:41:21,951 CAN ID: 256
Data: bytearray(b'\x04f\xf2\xcf\x91y\xf7\xcf')
Origin: BSM
Destination: BCM
Diagnostic Msg: Belt is OFF
Error:None

2024-09-24 15:41:22,253 CAN ID: 256
Data: bytearray(b'\x05f\xf2\xcf\x92\x00\x80\x89')
Origin: BSM
Destination: BCM
Diagnostic Msg: Belt is ON
Error:None

2024-09-24 15:41:22,354 CAN ID: 256
Data: bytearray(b'\x04f\xf2\xcf\x92I\x08p')
Origin: BSM
Destination: BCM
Diagnostic Msg: Belt is OFF
Error:None

2024-09-24 15:41:22,559 CAN ID: 256
Data: bytearray(b'\x05f\xf2\xcf\x92\x00\x80\x89')
Origin: BSM
Destination: BCM
Diagnostic Msg: Belt is ON
Error:None

2024-09-24 15:41:22,761 CAN ID: 256
Data: bytearray(b'\x04f\xf2\xcf\x92I\x08p')
Origin: BSM
Destination: BCM
Diagnostic Msg: Belt is OFF
Error:None

2024-09-24 15:41:23,266 CAN ID: 256
Data: bytearray(b'\x05f\xf2\xcf\x93\xbd\x81\r')
Origin: BSM
Destination: BCM
Diagnostic Msg: Belt is ON
Error:None

2024-09-24 15:41:23,368 CAN ID: 256
Data: bytearray(b'\x04f\xf2\xcf\x93\xb8#\x89')
Origin: BSM
Destination: BCM
Diagnostic Msg: Belt is OFF
Error:None

2024-09-24 15:41:24,371 CAN ID: 256
Data: bytearray(b'\x05f\xf2\xcf\x94\x9af\xb1')
Origin: BSM
Destination: BCM
Diagnostic Msg: Belt is ON
Error:None

2024-09-24 15:41:24,572 CAN ID: 256
Data: bytearray(b'\x04f\xf2\xcf\x94\t1/')
Origin: BSM
Destination: BCM
Diagnostic Msg: Belt is OFF
Error:None

2024-09-24 15:41:24,774 CAN ID: 256
Data: bytearray(b'\x05f\xf2\xcf\x94\x9af\xb1')
Origin: BSM
Destination: BCM
Diagnostic Msg: Belt is ON
Error:None

2024-09-24 15:41:24,975 CAN ID: 256
Data: bytearray(b'\x04f\xf2\xcf\x94\t1/')
Origin: BSM
Destination: BCM
Diagnostic Msg: Belt is OFF
Error:None

2024-09-24 15:41:26,177 CAN ID: 256
Data: bytearray(b'\x05f\xf2\xcf\x96\x9aD\x80')
Origin: BSM
Destination: BCM
Diagnostic Msg: Belt is ON
Error:None

2024-09-24 15:41:26,278 CAN ID: 256
Data: bytearray(b'\x04f\xf2\xcf\x96\xd0\xea\x88')
Origin: BSM
Destination: BCM
Diagnostic Msg: Belt is OFF
Error:None

2024-09-24 15:41:26,880 CAN ID: 256
Data: bytearray(b'\x05f\xf2\xcf\x96\x9aD\x80')
Origin: BSM
Destination: BCM
Diagnostic Msg: Belt is ON
Error:None

2024-09-24 15:41:27,081 CAN ID: 256
Data: bytearray(b'\x04f\xf2\xcf\x97\xa8\x9b=')
Origin: BSM
Destination: BCM
Diagnostic Msg: Belt is OFF
Error:None

2024-09-24 15:41:27,983 CAN ID: 256
Data: bytearray(b'\x05f\xf2\xcf\x97+\xb8\x80')
Origin: BSM
Destination: BCM
Diagnostic Msg: Belt is ON
Error:None

2024-09-24 15:41:28,084 CAN ID: 256
Data: bytearray(b'\x04f\xf2\xcf\x98v\xe3\x82')
Origin: BSM
Destination: BCM
Diagnostic Msg: Belt is OFF
Error:None

2024-09-24 15:41:28,285 CAN ID: 256
Data: bytearray(b'\x05f\xf2\xcf\x98\xdf3\xf0')
Origin: BSM
Destination: BCM
Diagnostic Msg: Belt is ON
Error:None

2024-09-24 15:41:28,386 CAN ID: 256
Data: bytearray(b'\x04f\xf2\xcf\x98v\xe3\x82')
Origin: BSM
Destination: BCM
Diagnostic Msg: Belt is OFF
Error:None

2024-09-24 15:41:28,487 CAN ID: 256
Data: bytearray(b'\x05f\xf2\xcf\x98\xdf3\xf0')
Origin: BSM
Destination: BCM
Diagnostic Msg: Belt is ON
Error:None

2024-09-24 15:41:28,588 CAN ID: 256
Data: bytearray(b'\x04f\xf2\xcf\x98v\xe3\x82')
Origin: BSM
Destination: BCM
Diagnostic Msg: Belt is OFF
Error:None

2024-09-24 15:41:28,791 CAN ID: 256
Data: bytearray(b'\x05f\xf2\xcf\x98\xdf3\xf0')
Origin: BSM
Destination: BCM
Diagnostic Msg: Belt is ON
Error:None

2024-09-24 15:41:28,892 CAN ID: 256
Data: bytearray(b'\x04f\xf2\xcf\x98v\xe3\x82')
Origin: BSM
Destination: BCM
Diagnostic Msg: Belt is OFF
Error:None

2024-09-24 15:41:28,996 CAN ID: 256
Data: bytearray(b'\x05f\xf2\xcf\x98\xdf3\xf0')
Origin: BSM
Destination: BCM
Diagnostic Msg: Belt is ON
Error:None

2024-09-24 15:41:29,100 CAN ID: 256
Data: bytearray(b'\x04f\xf2\xcf\x99`\xde\x1b')
Origin: BSM
Destination: BCM
Diagnostic Msg: Belt is OFF
Error:None

2024-09-24 15:41:29,301 CAN ID: 256
Data: bytearray(b'\x05f\xf2\xcf\x99\xd7\x9a>')
Origin: BSM
Destination: BCM
Diagnostic Msg: Belt is ON
Error:None

2024-09-24 15:41:29,502 CAN ID: 256
Data: bytearray(b'\x04f\xf2\xcf\x99`\xde\x1b')
Origin: BSM
Destination: BCM
Diagnostic Msg: Belt is OFF
Error:None

2024-09-24 15:41:29,703 CAN ID: 256
Data: bytearray(b'\x05f\xf2\xcf\x99\xd7\x9a>')
Origin: BSM
Destination: BCM
Diagnostic Msg: Belt is ON
Error:None

2024-09-24 15:41:30,009 CAN ID: 256
Data: bytearray(b'\x04f\xf2\xcf\x9a\x9eL\xfe')
Origin: BSM
Destination: BCM
Diagnostic Msg: Belt is OFF
Error:None

2024-09-24 15:41:30,213 CAN ID: 256
Data: bytearray(b'\x05f\xf2\xcf\x9at\x1fg')
Origin: BSM
Destination: BCM
Diagnostic Msg: Belt is ON
Error:None

2024-09-24 15:41:30,315 CAN ID: 256
Data: bytearray(b'\x04f\xf2\xcf\x9a\x9eL\xfe')
Origin: BSM
Destination: BCM
Diagnostic Msg: Belt is OFF
Error:None

2024-09-24 15:41:30,719 CAN ID: 256
Data: bytearray(b'\x05f\xf2\xcf\x9at\x1fg')
Origin: BSM
Destination: BCM
Diagnostic Msg: Belt is ON
Error:None

2024-09-24 15:41:31,121 CAN ID: 256
Data: bytearray(b'\x04f\xf2\xcf\x9b\xd6\xe4\x15')
Origin: BSM
Destination: BCM
Diagnostic Msg: Belt is OFF
Error:None

2024-09-24 15:41:31,223 CAN ID: 256
Data: bytearray(b'\x05f\xf2\xcf\x9b\xf6&\x83')
Origin: BSM
Destination: BCM
Diagnostic Msg: Belt is ON
Error:None

2024-09-24 15:41:31,325 CAN ID: 256
Data: bytearray(b'\x04f\xf2\xcf\x9b\xd6\xe4\x15')
Origin: BSM
Destination: BCM
Diagnostic Msg: Belt is OFF
Error:None

2024-09-24 15:41:31,428 CAN ID: 256
Data: bytearray(b'\x05f\xf2\xcf\x9b\xf6&\x83')
Origin: BSM
Destination: BCM
Diagnostic Msg: Belt is ON
Error:None

2024-09-24 15:41:31,530 CAN ID: 256
Data: bytearray(b'\x04f\xf2\xcf\x9b\xd6\xe4\x15')
Origin: BSM
Destination: BCM
Diagnostic Msg: Belt is OFF
Error:None

2024-09-24 15:41:31,833 CAN ID: 256
Data: bytearray(b'\x05f\xf2\xcf\x9b\xf6&\x83')
Origin: BSM
Destination: BCM
Diagnostic Msg: Belt is ON
Error:None

2024-09-24 15:41:31,939 CAN ID: 256
Data: bytearray(b'\x04f\xf2\xcf\x9b\xd6\xe4\x15')
Origin: BSM
Destination: BCM
Diagnostic Msg: Belt is OFF
Error:None

2024-09-24 15:41:32,045 CAN ID: 256
Data: bytearray(b'\x05f\xf2\xcf\x9c\x88\xd44')
Origin: BSM
Destination: BCM
Diagnostic Msg: Belt is ON
Error:None

2024-09-24 15:41:32,255 CAN ID: 256
Data: bytearray(b'\x04f\xf2\xcf\x9c\xcf\x06\xb6')
Origin: BSM
Destination: BCM
Diagnostic Msg: Belt is OFF
Error:None

2024-09-24 15:41:32,458 CAN ID: 256
Data: bytearray(b'\x05f\xf2\xcf\x9c\x88\xd44')
Origin: BSM
Destination: BCM
Diagnostic Msg: Belt is ON
Error:None

2024-09-24 15:41:32,767 CAN ID: 256
Data: bytearray(b'\x04f\xf2\xcf\x9c\xcf\x06\xb6')
Origin: BSM
Destination: BCM
Diagnostic Msg: Belt is OFF
Error:None

2024-09-24 15:41:32,871 CAN ID: 256
Data: bytearray(b'\x05f\xf2\xcf\x9c\x88\xd44')
Origin: BSM
Destination: BCM
Diagnostic Msg: Belt is ON
Error:None

2024-09-24 15:41:33,381 CAN ID: 256
Data: bytearray(b'\x04f\xf2\xcf\x9d\xa1\x01[')
Origin: BSM
Destination: BCM
Diagnostic Msg: Belt is OFF
Error:None

2024-09-24 15:41:33,687 CAN ID: 256
Data: bytearray(b'\x05f\xf2\xcf\x9d\x87k\xbb')
Origin: BSM
Destination: BCM
Diagnostic Msg: Belt is ON
Error:None

2024-09-24 15:41:33,892 CAN ID: 256
Data: bytearray(b'\x04f\xf2\xcf\x9d\xa1\x01[')
Origin: BSM
Destination: BCM
Diagnostic Msg: Belt is OFF
Error:None

2024-09-24 15:41:34,498 CAN ID: 256
Data: bytearray(b'\x05f\xf2\xcf\x9ec\xd6\xea')
Origin: BSM
Destination: BCM
Diagnostic Msg: Belt is ON
Error:None

2024-09-24 15:41:34,600 CAN ID: 256
Data: bytearray(b'\x04f\xf2\xcf\x9e\xf8\x19X')
Origin: BSM
Destination: BCM
Diagnostic Msg: Belt is OFF
Error:None

2024-09-24 15:41:34,701 CAN ID: 256
Data: bytearray(b'\x05f\xf2\xcf\x9ec\xd6\xea')
Origin: BSM
Destination: BCM
Diagnostic Msg: Belt is ON
Error:None

2024-09-24 15:41:35,003 CAN ID: 256
Data: bytearray(b'\x04f\xf2\xcf\x9fd\xd8\xa0')
Origin: BSM
Destination: BCM
Diagnostic Msg: Belt is OFF
Error:None

2024-09-24 15:41:35,104 CAN ID: 256
Data: bytearray(b'\x05f\xf2\xcf\x9fs&\xd8')
Origin: BSM
Destination: BCM
Diagnostic Msg: Belt is ON
Error:None

2024-09-24 15:41:35,205 CAN ID: 256
Data: bytearray(b'\x04f\xf2\xcf\x9fd\xd8\xa0')
Origin: BSM
Destination: BCM
Diagnostic Msg: Belt is OFF
Error:None

2024-09-24 15:41:35,407 CAN ID: 256
Data: bytearray(b'\x05f\xf2\xcf\x9fs&\xd8')
Origin: BSM
Destination: BCM
Diagnostic Msg: Belt is ON
Error:None

2024-09-24 15:41:35,508 CAN ID: 256
Data: bytearray(b'\x04f\xf2\xcf\x9fd\xd8\xa0')
Origin: BSM
Destination: BCM
Diagnostic Msg: Belt is OFF
Error:None

2024-09-24 15:41:35,710 CAN ID: 256
Data: bytearray(b'\x05f\xf2\xcf\x9fs&\xd8')
Origin: BSM
Destination: BCM
Diagnostic Msg: Belt is ON
Error:None

2024-09-24 15:41:36,813 CAN ID: 256
Data: bytearray(b'\x04f\xf2\xcf\xa0\x9d\x83\x85')
Origin: BSM
Destination: BCM
Diagnostic Msg: Belt is OFF
Error:None

2024-09-24 15:41:36,914 CAN ID: 256
Data: bytearray(b'\x05f\xf2\xcf\xa0\xfd*!')
Origin: BSM
Destination: BCM
Diagnostic Msg: Belt is ON
Error:None

2024-09-24 15:41:37,115 CAN ID: 256
Data: bytearray(b'\x04f\xf2\xcf\xa12\xa6\xdd')
Origin: BSM
Destination: BCM
Diagnostic Msg: Belt is OFF
Error:None

2024-09-24 15:41:37,216 CAN ID: 256
Data: bytearray(b'\x05f\xf2\xcf\xa1FHs')
Origin: BSM
Destination: BCM
Diagnostic Msg: Belt is ON
Error:None

2024-09-24 15:41:37,417 CAN ID: 256
Data: bytearray(b'\x04f\xf2\xcf\xa12\xa6\xdd')
Origin: BSM
Destination: BCM
Diagnostic Msg: Belt is OFF
Error:None

2024-09-24 15:41:37,517 CAN ID: 256
Data: bytearray(b'\x05f\xf2\xcf\xa1FHs')
Origin: BSM
Destination: BCM
Diagnostic Msg: Belt is ON
Error:None

2024-09-24 15:41:37,718 CAN ID: 256
Data: bytearray(b'\x04f\xf2\xcf\xa12\xa6\xdd')
Origin: BSM
Destination: BCM
Diagnostic Msg: Belt is OFF
Error:None

2024-09-24 15:41:37,919 CAN ID: 256
Data: bytearray(b'\x05f\xf2\xcf\xa1FHs')
Origin: BSM
Destination: BCM
Diagnostic Msg: Belt is ON
Error:None

2024-09-24 15:41:38,020 CAN ID: 256
Data: bytearray(b'\x04f\xf2\xcf\xa2\xb0{E')
Origin: BSM
Destination: BCM
Diagnostic Msg: Belt is OFF
Error:None

2024-09-24 15:41:38,121 CAN ID: 256
Data: bytearray(b'\x05f\xf2\xcf\xa2\x1cZ\xf2')
Origin: BSM
Destination: BCM
Diagnostic Msg: Belt is ON
Error:None

2024-09-24 15:41:38,323 CAN ID: 256
Data: bytearray(b'\x04f\xf2\xcf\xa2\xb0{E')
Origin: BSM
Destination: BCM
Diagnostic Msg: Belt is OFF
Error:None

2024-09-24 15:41:38,424 CAN ID: 256
Data: bytearray(b'\x05f\xf2\xcf\xa2\x1cZ\xf2')
Origin: BSM
Destination: BCM
Diagnostic Msg: Belt is ON
Error:None

2024-09-24 15:41:38,525 CAN ID: 256
Data: bytearray(b'\x04f\xf2\xcf\xa2\xb0{E')
Origin: BSM
Destination: BCM
Diagnostic Msg: Belt is OFF
Error:None

2024-09-24 15:41:38,626 CAN ID: 256
Data: bytearray(b'\x05f\xf2\xcf\xa2\x1cZ\xf2')
Origin: BSM
Destination: BCM
Diagnostic Msg: Belt is ON
Error:None

2024-09-24 15:41:38,927 CAN ID: 256
Data: bytearray(b'\x04f\xf2\xcf\xa2\xb0{E')
Origin: BSM
Destination: BCM
Diagnostic Msg: Belt is OFF
Error:None

2024-09-24 15:41:39,028 CAN ID: 256
Data: bytearray(b'\x05f\xf2\xcf\xa32\xb6c')
Origin: BSM
Destination: BCM
Diagnostic Msg: Belt is ON
Error:None

2024-09-24 15:41:39,129 CAN ID: 256
Data: bytearray(b'\x04f\xf2\xcf\xa3~\x80\t')
Origin: BSM
Destination: BCM
Diagnostic Msg: Belt is OFF
Error:None

2024-09-24 15:41:39,331 CAN ID: 256
Data: bytearray(b'\x05f\xf2\xcf\xa32\xb6c')
Origin: BSM
Destination: BCM
Diagnostic Msg: Belt is ON
Error:None

2024-09-24 15:41:39,632 CAN ID: 256
Data: bytearray(b'\x04f\xf2\xcf\xa3~\x80\t')
Origin: BSM
Destination: BCM
Diagnostic Msg: Belt is OFF
Error:None

2024-09-24 15:41:39,733 CAN ID: 256
Data: bytearray(b'\x05f\xf2\xcf\xa32\xb6c')
Origin: BSM
Destination: BCM
Diagnostic Msg: Belt is ON
Error:None

2024-09-24 15:41:42,360 CAN ID: 256
Data: bytearray(b'\x04f\xf2\xcf\xa6\xb6\x9eT')
Origin: BSM
Destination: BCM
Diagnostic Msg: Belt is OFF
Error:None

2024-09-24 15:41:42,567 CAN ID: 256
Data: bytearray(b'\x05f\xf2\xcf\xa6\xe1\x1c\x7f')
Origin: BSM
Destination: BCM
Diagnostic Msg: Belt is ON
Error:None

2024-09-24 15:41:43,576 CAN ID: 256
Data: bytearray(b'\x04f\xf2\xcf\xa7O\xbe\xb7')
Origin: BSM
Destination: BCM
Diagnostic Msg: Belt is OFF
Error:None

2024-09-24 15:41:43,777 CAN ID: 256
Data: bytearray(b'\x05f\xf2\xcf\xa7Y\x1fy')
Origin: BSM
Destination: BCM
Diagnostic Msg: Belt is ON
Error:None

2024-09-24 15:41:44,579 CAN ID: 256
Data: bytearray(b'\x04f\xf2\xcf\xa8\x04\xfd\x9f')
Origin: BSM
Destination: BCM
Diagnostic Msg: Belt is OFF
Error:None

2024-09-24 15:41:44,680 CAN ID: 256
Data: bytearray(b'\x05f\xf2\xcf\xa8\x10\x8a0')
Origin: BSM
Destination: BCM
Diagnostic Msg: Belt is ON
Error:None

2024-09-24 15:41:45,082 CAN ID: 256
Data: bytearray(b'\x04f\xf2\xcf\xa9 XF')
Origin: BSM
Destination: BCM
Diagnostic Msg: Belt is OFF
Error:None

2024-09-24 15:41:45,184 CAN ID: 256
Data: bytearray(b'\x05f\xf2\xcf\xa9\xc9\x1bk')
Origin: BSM
Destination: BCM
Diagnostic Msg: Belt is ON
Error:None

2024-09-24 15:41:45,585 CAN ID: 256
Data: bytearray(b'\x04f\xf2\xcf\xa9 XF')
Origin: BSM
Destination: BCM
Diagnostic Msg: Belt is OFF
Error:None

2024-09-24 15:41:45,687 CAN ID: 256
Data: bytearray(b'\x05f\xf2\xcf\xa9\xc9\x1bk')
Origin: BSM
Destination: BCM
Diagnostic Msg: Belt is ON
Error:None

