2024-09-26 13:18:35,788 Created a socket
2024-09-26 13:18:35,804 CAN ID: 512
Data: bytearray(b'\x03f\xf5Q\x1bo\x11\x0e')
Origin: DCM
Destination: BCM
Diagnostic Msg: Door is Locked
Error:None

2024-09-26 13:18:38,426 CAN ID: 512
Data: bytearray(b'\x02f\xf5Q\x1ebD\xaf')
Origin: DCM
Destination: BCM
Diagnostic Msg: Door is Unlocked
Error:None

2024-09-26 13:18:41,915 CAN ID: 512
Data: bytearray(b'\x03f\xf5Q!{5\x0f')
Origin: DCM
Destination: BCM
Diagnostic Msg: Door is Locked
Error:None

2024-09-26 13:20:39,264 KeyboardInterrupt detected, stopping status transmission.
