2024-09-24 15:50:40,606 Created a socket
2024-09-24 15:50:40,626 CAN ID: 512
Data: bytearray(b'\x03f\xf2\xd1\xc0g\xa3\x9f')
Origin: DCM
Destination: BCM
Diagnostic Msg: Door is Locked
Error:None

2024-09-24 15:50:42,760 CAN ID: 512
Data: bytearray(b'\x02f\xf2\xd1\xc2\xdbqb')
Origin: DCM
Destination: BCM
Diagnostic Msg: Door is Unlocked
Error:None

2024-09-24 15:50:45,453 CAN ID: 512
Data: bytearray(b'\x03f\xf2\xd1\xc5]\x0c\xfe')
Origin: DCM
Destination: BCM
Diagnostic Msg: Door is Locked
Error:None

2024-09-24 15:50:48,212 CAN ID: 512
Data: bytearray(b'\x02f\xf2\xd1\xc8\x03E\xf6')
Origin: DCM
Destination: BCM
Diagnostic Msg: Door is Unlocked
Error:None

2024-09-24 15:50:51,147 CAN ID: 512
Data: bytearray(b'\x03f\xf2\xd1\xcb\x13\xc5\xba')
Origin: DCM
Destination: BCM
Diagnostic Msg: Door is Locked
Error:None

2024-09-24 15:50:57,063 KeyboardInterrupt detected, stopping status transmission.
