2024-09-26 13:23:11,361 Created a socket
2024-09-26 13:23:11,377 CAN ID: 512
Data: bytearray(b'\x03f\xf5R//$\xc5')
Origin: DCM
Destination: BCM
Diagnostic Msg: Door is Locked
Error:None

2024-09-26 13:23:14,094 CAN ID: 512
Data: bytearray(b'\x02f\xf5R2&\xd9\x10')
Origin: DCM
Destination: BCM
Diagnostic Msg: Door is Unlocked
Error:None

2024-09-26 13:23:16,424 CAN ID: 512
Data: bytearray(b'\x03f\xf5R4\x95*\x19')
Origin: DCM
Destination: BCM
Diagnostic Msg: Door is Locked
Error:None

2024-09-26 13:23:16,628 CAN ID: 512
Data: bytearray(b'\x02f\xf5R4\xa2\xfa\xbd')
Origin: DCM
Destination: BCM
Diagnostic Msg: Door is Unlocked
Error:None

2024-09-26 13:23:18,686 CAN ID: 512
Data: bytearray(b'\x03f\xf5R6\xcf\x85\xa6')
Origin: DCM
Destination: BCM
Diagnostic Msg: Door is Locked
Error:None

2024-09-26 13:23:18,834 CAN ID: 512
Data: bytearray(b'\x02f\xf5R6\xacQ\xaf')
Origin: DCM
Destination: BCM
Diagnostic Msg: Door is Unlocked
Error:None

2024-09-26 13:23:20,889 CAN ID: 512
Data: bytearray(b'\x03f\xf5R8(@\xa4')
Origin: DCM
Destination: BCM
Diagnostic Msg: Door is Locked
Error:None

2024-09-26 13:23:41,044 KeyboardInterrupt detected, stopping status transmission.
