<<<<<<< HEAD
2024-09-24 14:23:14,732 Created a socket
2024-09-24 14:23:14,761 CAN ID: 512
Data: bytearray(b'\x03f\xf2\xbdBs\xda\xb8')
Origin: DCM
Destination: BCM
Diagnostic Msg: Door is Locked
Error:None

2024-09-24 14:23:22,078 CAN ID: 512
Data: bytearray(b'\x02f\xf2\xbdJ\x0by8')
Origin: DCM
Destination: BCM
Diagnostic Msg: Door is Unlocked
Error:None

2024-09-24 14:23:23,560 CAN ID: 512
Data: bytearray(b'\x03f\xf2\xbdK\xd8Ru')
Origin: DCM
Destination: BCM
Diagnostic Msg: Door is Locked
Error:None

2024-09-24 14:23:24,811 CAN ID: 512
Data: bytearray(b'\x02f\xf2\xbdL\x95\x1b\x05')
Origin: DCM
Destination: BCM
Diagnostic Msg: Door is Unlocked
Error:None

2024-09-24 14:23:25,907 CAN ID: 512
Data: bytearray(b'\x03f\xf2\xbdM&f6')
Origin: DCM
Destination: BCM
Diagnostic Msg: Door is Locked
Error:None

2024-09-24 14:25:34,903 KeyboardInterrupt detected, stopping status transmission.
=======
2024-09-17 16:59:36,672 Created a socket
2024-09-17 16:59:36,690 CAN ID: 200
Data: bytearray(b'\x03f\xe9\xa7h\xd14&')
Origin: DCM
Destination: BCM
Diagnostic Msg: Door is Locked

2024-09-17 16:59:46,269 CAN ID: 200
Data: bytearray(b'\x02f\xe9\xa7r\xa5\x14D')
Origin: DCM
Destination: BCM
Diagnostic Msg: Door is Unlocked

2024-09-17 16:59:46,437 CAN ID: 200
Data: bytearray(b'\x03f\xe9\xa7r\xa8\x89g')
Origin: DCM
Destination: BCM
Diagnostic Msg: Door is Locked

2024-09-17 16:59:48,482 CAN ID: 200
Data: bytearray(b'\x02f\xe9\xa7t\x87Ki')
Origin: DCM
Destination: BCM
Diagnostic Msg: Door is Unlocked

2024-09-17 16:59:54,859 CAN ID: 200
Data: bytearray(b'\x03f\xe9\xa7z\xcd\xb2\xc7')
Origin: DCM
Destination: BCM
Diagnostic Msg: Door is Locked

2024-09-17 17:01:01,039 KeyboardInterrupt detected, stopping status transmission.
>>>>>>> def5c4f3e73a28c71120dae64e2b6b9c7e2b86b5
