2024-09-17 16:57:09,049 Created a socket
2024-09-17 16:57:09,052 CAN ID: 400
Data: bytearray(b'\x01f\xe9\xa6\xd5W\xa5b')
Origin: HCM
Destination: BCM
Diagnostic Msg: None

2024-09-17 16:57:10,359 CAN ID: 400
Data: bytearray(b'\x00f\xe9\xa6\xd6\x99\xf8?')
Origin: HCM
Destination: BCM
Diagnostic Msg: Headlights ON

2024-09-17 16:57:10,465 CAN ID: 400
Data: bytearray(b'\x01f\xe9\xa6\xd6\xab[s')
Origin: HCM
Destination: BCM
Diagnostic Msg: Headlights OFF

2024-09-17 16:57:13,381 CAN ID: 400
Data: bytearray(b'\x00f\xe9\xa6\xd9\xf8\xbaA')
Origin: HCM
Destination: BCM
Diagnostic Msg: Headlights ON

2024-09-17 16:57:13,482 CAN ID: 400
Data: bytearray(b'\x01f\xe9\xa6\xd9\xbb\xdc\xfd')
Origin: HCM
Destination: BCM
Diagnostic Msg: Headlights OFF

2024-09-17 16:57:14,788 CAN ID: 400
Data: bytearray(b'\x00f\xe9\xa6\xdaG\xbc\xc3')
Origin: HCM
Destination: BCM
Diagnostic Msg: Headlights ON

2024-09-17 16:57:14,890 CAN ID: 400
Data: bytearray(b'\x01f\xe9\xa6\xda\xa3!\xae')
Origin: HCM
Destination: BCM
Diagnostic Msg: Headlights OFF

2024-09-17 16:57:15,793 CAN ID: 400
Data: bytearray(b'\x00f\xe9\xa6\xdb\xd8\x1b\xc3')
Origin: HCM
Destination: BCM
Diagnostic Msg: Headlights ON

2024-09-17 16:57:15,896 CAN ID: 400
Data: bytearray(b'\x01f\xe9\xa6\xdb?\xb8\xa0')
Origin: HCM
Destination: BCM
Diagnostic Msg: Headlights OFF

2024-09-17 16:57:16,500 CAN ID: 400
Data: bytearray(b'\x00f\xe9\xa6\xdcV\xe7\xd3')
Origin: HCM
Destination: BCM
Diagnostic Msg: Headlights ON

2024-09-17 16:57:16,702 CAN ID: 400
Data: bytearray(b'\x01f\xe9\xa6\xdc\xceG\xd8')
Origin: HCM
Destination: BCM
Diagnostic Msg: Headlights OFF

2024-09-17 16:57:16,803 CAN ID: 400
Data: bytearray(b'\x00f\xe9\xa6\xdcV\xe7\xd3')
Origin: HCM
Destination: BCM
Diagnostic Msg: Headlights ON

2024-09-17 16:57:16,906 CAN ID: 400
Data: bytearray(b'\x01f\xe9\xa6\xdc\xceG\xd8')
Origin: HCM
Destination: BCM
Diagnostic Msg: Headlights OFF

2024-09-17 16:57:17,912 CAN ID: 400
Data: bytearray(b'\x00f\xe9\xa6\xdd\xf2\x1e(')
Origin: HCM
Destination: BCM
Diagnostic Msg: Headlights ON

2024-09-17 16:57:18,115 CAN ID: 400
Data: bytearray(b'\x01f\xe9\xa6\xde\xcag[')
Origin: HCM
Destination: BCM
Diagnostic Msg: Headlights OFF

2024-09-17 16:57:19,722 CAN ID: 400
Data: bytearray(b'\x00f\xe9\xa6\xdf\xc4\xbe\x00')
Origin: HCM
Destination: BCM
Diagnostic Msg: Headlights ON

2024-09-17 16:57:19,924 CAN ID: 400
Data: bytearray(b'\x01f\xe9\xa6\xdf\x85\xe7\xe5')
Origin: HCM
Destination: BCM
Diagnostic Msg: Headlights OFF

2024-09-17 16:57:20,229 CAN ID: 400
Data: bytearray(b'\x00f\xe9\xa6\xe0\xc3\x1b\xd9')
Origin: HCM
Destination: BCM
Diagnostic Msg: Headlights ON

2024-09-17 16:57:20,331 CAN ID: 400
Data: bytearray(b'\x01f\xe9\xa6\xe0\xe9\xe8F')
Origin: HCM
Destination: BCM
Diagnostic Msg: Headlights OFF

2024-09-17 16:57:20,434 CAN ID: 400
Data: bytearray(b'\x00f\xe9\xa6\xe0\xc3\x1b\xd9')
Origin: HCM
Destination: BCM
Diagnostic Msg: Headlights ON

2024-09-17 16:57:20,640 CAN ID: 400
Data: bytearray(b'\x01f\xe9\xa6\xe0\xe9\xe8F')
Origin: HCM
Destination: BCM
Diagnostic Msg: Headlights OFF

2024-09-17 16:57:20,741 CAN ID: 400
Data: bytearray(b'\x00f\xe9\xa6\xe0\xc3\x1b\xd9')
Origin: HCM
Destination: BCM
Diagnostic Msg: Headlights ON

2024-09-17 16:57:20,845 CAN ID: 400
Data: bytearray(b'\x01f\xe9\xa6\xe0\xe9\xe8F')
Origin: HCM
Destination: BCM
Diagnostic Msg: Headlights OFF

2024-09-17 16:57:22,157 CAN ID: 400
Data: bytearray(b'\x00f\xe9\xa6\xe2\x02o\xc4')
Origin: HCM
Destination: BCM
Diagnostic Msg: Headlights ON

2024-09-17 16:57:22,359 CAN ID: 400
Data: bytearray(b'\x01f\xe9\xa6\xe2\xaf\xe1\x8d')
Origin: HCM
Destination: BCM
Diagnostic Msg: Headlights OFF

2024-09-17 16:57:22,661 CAN ID: 400
Data: bytearray(b'\x00f\xe9\xa6\xe2\x02o\xc4')
Origin: HCM
Destination: BCM
Diagnostic Msg: Headlights ON

2024-09-17 16:57:22,765 CAN ID: 400
Data: bytearray(b'\x01f\xe9\xa6\xe2\xaf\xe1\x8d')
Origin: HCM
Destination: BCM
Diagnostic Msg: Headlights OFF

2024-09-17 16:57:22,972 CAN ID: 400
Data: bytearray(b'\x00f\xe9\xa6\xe2\x02o\xc4')
Origin: HCM
Destination: BCM
Diagnostic Msg: Headlights ON

2024-09-17 16:57:23,178 CAN ID: 400
Data: bytearray(b'\x01f\xe9\xa6\xe3\x937n')
Origin: HCM
Destination: BCM
Diagnostic Msg: Headlights OFF

2024-09-17 16:57:23,481 CAN ID: 400
Data: bytearray(b'\x00f\xe9\xa6\xe3\xb4\xd8\xc3')
Origin: HCM
Destination: BCM
Diagnostic Msg: Headlights ON

2024-09-17 16:57:23,683 CAN ID: 400
Data: bytearray(b'\x01f\xe9\xa6\xe3\x937n')
Origin: HCM
Destination: BCM
Diagnostic Msg: Headlights OFF

2024-09-17 16:57:24,486 CAN ID: 400
Data: bytearray(b'\x00f\xe9\xa6\xe4\xad\xef\x1c')
Origin: HCM
Destination: BCM
Diagnostic Msg: Headlights ON

2024-09-17 16:57:24,586 CAN ID: 400
Data: bytearray(b'\x01f\xe9\xa6\xe4@2O')
Origin: HCM
Destination: BCM
Diagnostic Msg: Headlights OFF

2024-09-17 16:57:24,888 CAN ID: 400
Data: bytearray(b'\x00f\xe9\xa6\xe4\xad\xef\x1c')
Origin: HCM
Destination: BCM
Diagnostic Msg: Headlights ON

2024-09-17 16:57:25,089 CAN ID: 400
Data: bytearray(b'\x01f\xe9\xa6\xe5\x91f\xc8')
Origin: HCM
Destination: BCM
Diagnostic Msg: Headlights OFF

2024-09-17 16:57:25,189 CAN ID: 400
Data: bytearray(b'\x00f\xe9\xa6\xe5\x87\x0f\xdf')
Origin: HCM
Destination: BCM
Diagnostic Msg: Headlights ON

2024-09-17 16:57:25,290 CAN ID: 400
Data: bytearray(b'\x01f\xe9\xa6\xe5\x91f\xc8')
Origin: HCM
Destination: BCM
Diagnostic Msg: Headlights OFF

2024-09-17 16:57:25,391 CAN ID: 400
Data: bytearray(b'\x00f\xe9\xa6\xe5\x87\x0f\xdf')
Origin: HCM
Destination: BCM
Diagnostic Msg: Headlights ON

2024-09-17 16:57:25,592 CAN ID: 400
Data: bytearray(b'\x01f\xe9\xa6\xe5\x91f\xc8')
Origin: HCM
Destination: BCM
Diagnostic Msg: Headlights OFF

2024-09-17 16:57:26,094 CAN ID: 400
Data: bytearray(b'\x00f\xe9\xa6\xe6# I')
Origin: HCM
Destination: BCM
Diagnostic Msg: Headlights ON

2024-09-17 16:57:26,195 CAN ID: 400
Data: bytearray(b"\x01f\xe9\xa6\xe69\'\xd3")
Origin: HCM
Destination: BCM
Diagnostic Msg: Headlights OFF

2024-09-17 16:57:26,297 CAN ID: 400
Data: bytearray(b'\x00f\xe9\xa6\xe6# I')
Origin: HCM
Destination: BCM
Diagnostic Msg: Headlights ON

2024-09-17 16:57:26,398 CAN ID: 400
Data: bytearray(b"\x01f\xe9\xa6\xe69\'\xd3")
Origin: HCM
Destination: BCM
Diagnostic Msg: Headlights OFF

2024-09-17 16:57:26,799 CAN ID: 400
Data: bytearray(b'\x00f\xe9\xa6\xe6# I')
Origin: HCM
Destination: BCM
Diagnostic Msg: Headlights ON

2024-09-17 16:57:26,900 CAN ID: 400
Data: bytearray(b"\x01f\xe9\xa6\xe69\'\xd3")
Origin: HCM
Destination: BCM
Diagnostic Msg: Headlights OFF

2024-09-17 16:57:27,101 CAN ID: 400
Data: bytearray(b'\x00f\xe9\xa6\xe7\xb0\xa2\xba')
Origin: HCM
Destination: BCM
Diagnostic Msg: Headlights ON

2024-09-17 16:57:27,202 CAN ID: 400
Data: bytearray(b'\x01f\xe9\xa6\xe7!\xe3\xb7')
Origin: HCM
Destination: BCM
Diagnostic Msg: Headlights OFF

2024-09-17 16:57:27,302 CAN ID: 400
Data: bytearray(b'\x00f\xe9\xa6\xe7\xb0\xa2\xba')
Origin: HCM
Destination: BCM
Diagnostic Msg: Headlights ON

2024-09-17 16:57:27,403 CAN ID: 400
Data: bytearray(b'\x01f\xe9\xa6\xe7!\xe3\xb7')
Origin: HCM
Destination: BCM
Diagnostic Msg: Headlights OFF

2024-09-17 16:57:27,604 CAN ID: 400
Data: bytearray(b'\x00f\xe9\xa6\xe7\xb0\xa2\xba')
Origin: HCM
Destination: BCM
Diagnostic Msg: Headlights ON

2024-09-17 16:57:27,705 CAN ID: 400
Data: bytearray(b'\x01f\xe9\xa6\xe7!\xe3\xb7')
Origin: HCM
Destination: BCM
Diagnostic Msg: Headlights OFF

2024-09-17 16:57:27,805 CAN ID: 400
Data: bytearray(b'\x00f\xe9\xa6\xe7\xb0\xa2\xba')
Origin: HCM
Destination: BCM
Diagnostic Msg: Headlights ON

2024-09-17 16:57:27,908 CAN ID: 400
Data: bytearray(b'\x01f\xe9\xa6\xe7!\xe3\xb7')
Origin: HCM
Destination: BCM
Diagnostic Msg: Headlights OFF

2024-09-17 16:57:28,317 CAN ID: 400
Data: bytearray(b'\x00f\xe9\xa6\xe8\x87\t}')
Origin: HCM
Destination: BCM
Diagnostic Msg: Headlights ON

2024-09-17 16:57:28,419 CAN ID: 400
Data: bytearray(b'\x01f\xe9\xa6\xe8\xd9\xd2\x9c')
Origin: HCM
Destination: BCM
Diagnostic Msg: Headlights OFF

2024-09-17 16:57:28,723 CAN ID: 400
Data: bytearray(b'\x00f\xe9\xa6\xe8\x87\t}')
Origin: HCM
Destination: BCM
Diagnostic Msg: Headlights ON

2024-09-17 16:57:28,931 CAN ID: 400
Data: bytearray(b'\x01f\xe9\xa6\xe8\xd9\xd2\x9c')
Origin: HCM
Destination: BCM
Diagnostic Msg: Headlights OFF

2024-09-17 16:57:29,042 CAN ID: 400
Data: bytearray(b'\x00f\xe9\xa6\xe9 \xaf\x17')
Origin: HCM
Destination: BCM
Diagnostic Msg: Headlights ON

2024-09-17 16:57:29,146 CAN ID: 400
Data: bytearray(b'\x01f\xe9\xa6\xe9T.\xe2')
Origin: HCM
Destination: BCM
Diagnostic Msg: Headlights OFF

2024-09-17 16:57:29,556 CAN ID: 400
Data: bytearray(b'\x00f\xe9\xa6\xe9 \xaf\x17')
Origin: HCM
Destination: BCM
Diagnostic Msg: Headlights ON

2024-09-17 16:57:29,658 CAN ID: 400
Data: bytearray(b'\x01f\xe9\xa6\xe9T.\xe2')
Origin: HCM
Destination: BCM
Diagnostic Msg: Headlights OFF

2024-09-17 16:57:29,765 CAN ID: 400
Data: bytearray(b'\x00f\xe9\xa6\xe9 \xaf\x17')
Origin: HCM
Destination: BCM
Diagnostic Msg: Headlights ON

2024-09-17 16:57:29,874 CAN ID: 400
Data: bytearray(b'\x01f\xe9\xa6\xe9T.\xe2')
Origin: HCM
Destination: BCM
Diagnostic Msg: Headlights OFF

2024-09-17 16:57:29,980 CAN ID: 400
Data: bytearray(b'\x00f\xe9\xa6\xe9 \xaf\x17')
Origin: HCM
Destination: BCM
Diagnostic Msg: Headlights ON

2024-09-17 16:57:30,185 CAN ID: 400
Data: bytearray(b'\x01f\xe9\xa6\xeaY\xa5$')
Origin: HCM
Destination: BCM
Diagnostic Msg: Headlights OFF

2024-09-17 16:57:30,598 CAN ID: 400
Data: bytearray(b'\x00f\xe9\xa6\xea\xf5\x02B')
Origin: HCM
Destination: BCM
Diagnostic Msg: Headlights ON

2024-09-17 16:57:30,704 CAN ID: 400
Data: bytearray(b'\x01f\xe9\xa6\xeaY\xa5$')
Origin: HCM
Destination: BCM
Diagnostic Msg: Headlights OFF

2024-09-17 16:57:30,805 CAN ID: 400
Data: bytearray(b'\x00f\xe9\xa6\xea\xf5\x02B')
Origin: HCM
Destination: BCM
Diagnostic Msg: Headlights ON

2024-09-17 16:57:30,909 CAN ID: 400
Data: bytearray(b'\x01f\xe9\xa6\xeaY\xa5$')
Origin: HCM
Destination: BCM
Diagnostic Msg: Headlights OFF

2024-09-17 16:57:31,312 CAN ID: 400
Data: bytearray(b'\x00f\xe9\xa6\xeb\xbe\x94C')
Origin: HCM
Destination: BCM
Diagnostic Msg: Headlights ON

2024-09-17 16:57:31,413 CAN ID: 400
Data: bytearray(b'\x01f\xe9\xa6\xeb\xe1\xbb\xc0')
Origin: HCM
Destination: BCM
Diagnostic Msg: Headlights OFF

2024-09-17 16:57:31,514 CAN ID: 400
Data: bytearray(b'\x00f\xe9\xa6\xeb\xbe\x94C')
Origin: HCM
Destination: BCM
Diagnostic Msg: Headlights ON

2024-09-17 16:57:31,615 CAN ID: 400
Data: bytearray(b'\x01f\xe9\xa6\xeb\xe1\xbb\xc0')
Origin: HCM
Destination: BCM
Diagnostic Msg: Headlights OFF

2024-09-17 16:57:31,717 CAN ID: 400
Data: bytearray(b'\x00f\xe9\xa6\xeb\xbe\x94C')
Origin: HCM
Destination: BCM
Diagnostic Msg: Headlights ON

2024-09-17 16:57:31,818 CAN ID: 400
Data: bytearray(b'\x01f\xe9\xa6\xeb\xe1\xbb\xc0')
Origin: HCM
Destination: BCM
Diagnostic Msg: Headlights OFF

2024-09-17 16:57:31,919 CAN ID: 400
Data: bytearray(b'\x00f\xe9\xa6\xeb\xbe\x94C')
Origin: HCM
Destination: BCM
Diagnostic Msg: Headlights ON

2024-09-17 16:57:32,022 CAN ID: 400
Data: bytearray(b'\x01f\xe9\xa6\xec<\xb3]')
Origin: HCM
Destination: BCM
Diagnostic Msg: Headlights OFF

2024-09-17 16:57:32,124 CAN ID: 400
Data: bytearray(b'\x00f\xe9\xa6\xec*\xfbx')
Origin: HCM
Destination: BCM
Diagnostic Msg: Headlights ON

2024-09-17 16:57:32,260 CAN ID: 400
Data: bytearray(b'\x01f\xe9\xa6\xec<\xb3]')
Origin: HCM
Destination: BCM
Diagnostic Msg: Headlights OFF

2024-09-17 16:57:32,468 CAN ID: 400
Data: bytearray(b'\x00f\xe9\xa6\xec*\xfbx')
Origin: HCM
Destination: BCM
Diagnostic Msg: Headlights ON

2024-09-17 16:57:32,771 CAN ID: 400
Data: bytearray(b'\x01f\xe9\xa6\xec<\xb3]')
Origin: HCM
Destination: BCM
Diagnostic Msg: Headlights OFF

2024-09-17 16:57:32,873 CAN ID: 400
Data: bytearray(b'\x00f\xe9\xa6\xec*\xfbx')
Origin: HCM
Destination: BCM
Diagnostic Msg: Headlights ON

2024-09-17 16:57:32,976 CAN ID: 400
Data: bytearray(b'\x01f\xe9\xa6\xec<\xb3]')
Origin: HCM
Destination: BCM
Diagnostic Msg: Headlights OFF

2024-09-17 16:57:33,078 CAN ID: 400
Data: bytearray(b'\x00f\xe9\xa6\xed\x96\xb7\xa7')
Origin: HCM
Destination: BCM
Diagnostic Msg: Headlights ON

2024-09-17 16:57:33,179 CAN ID: 400
Data: bytearray(b'\x01f\xe9\xa6\xedr}\x11')
Origin: HCM
Destination: BCM
Diagnostic Msg: Headlights OFF

2024-09-17 16:57:33,481 CAN ID: 400
Data: bytearray(b'\x00f\xe9\xa6\xed\x96\xb7\xa7')
Origin: HCM
Destination: BCM
Diagnostic Msg: Headlights ON

2024-09-17 16:57:33,689 CAN ID: 400
Data: bytearray(b'\x01f\xe9\xa6\xedr}\x11')
Origin: HCM
Destination: BCM
Diagnostic Msg: Headlights OFF

2024-09-17 16:57:33,790 CAN ID: 400
Data: bytearray(b'\x00f\xe9\xa6\xed\x96\xb7\xa7')
Origin: HCM
Destination: BCM
Diagnostic Msg: Headlights ON

2024-09-17 16:57:33,892 CAN ID: 400
Data: bytearray(b'\x01f\xe9\xa6\xedr}\x11')
Origin: HCM
Destination: BCM
Diagnostic Msg: Headlights OFF

2024-09-17 16:57:34,506 CAN ID: 400
Data: bytearray(b'\x00f\xe9\xa6\xee\xcd\x07U')
Origin: HCM
Destination: BCM
Diagnostic Msg: Headlights ON

2024-09-17 16:57:34,609 CAN ID: 400
Data: bytearray(b'\x01f\xe9\xa6\xee\xd38\xc8')
Origin: HCM
Destination: BCM
Diagnostic Msg: Headlights OFF

2024-09-17 16:57:34,711 CAN ID: 400
Data: bytearray(b'\x00f\xe9\xa6\xee\xcd\x07U')
Origin: HCM
Destination: BCM
Diagnostic Msg: Headlights ON

2024-09-17 16:57:34,813 CAN ID: 400
Data: bytearray(b'\x01f\xe9\xa6\xee\xd38\xc8')
Origin: HCM
Destination: BCM
Diagnostic Msg: Headlights OFF

2024-09-17 16:57:35,116 CAN ID: 400
Data: bytearray(b'\x00f\xe9\xa6\xef1\x0bl')
Origin: HCM
Destination: BCM
Diagnostic Msg: Headlights ON

2024-09-17 16:57:35,220 CAN ID: 400
Data: bytearray(b'\x01f\xe9\xa6\xef\xb7jO')
Origin: HCM
Destination: BCM
Diagnostic Msg: Headlights OFF

2024-09-17 16:57:35,522 CAN ID: 400
Data: bytearray(b'\x00f\xe9\xa6\xef1\x0bl')
Origin: HCM
Destination: BCM
Diagnostic Msg: Headlights ON

2024-09-17 16:57:35,623 CAN ID: 400
Data: bytearray(b'\x01f\xe9\xa6\xef\xb7jO')
Origin: HCM
Destination: BCM
Diagnostic Msg: Headlights OFF

2024-09-17 16:57:36,125 CAN ID: 400
Data: bytearray(b'\x00f\xe9\xa6\xf0 \x9f\x9b')
Origin: HCM
Destination: BCM
Diagnostic Msg: Headlights ON

2024-09-17 16:57:36,226 CAN ID: 400
Data: bytearray(b'\x01f\xe9\xa6\xf0\x0c\xc8\xe5')
Origin: HCM
Destination: BCM
Diagnostic Msg: Headlights OFF

2024-09-17 16:57:36,528 CAN ID: 400
Data: bytearray(b'\x00f\xe9\xa6\xf0 \x9f\x9b')
Origin: HCM
Destination: BCM
Diagnostic Msg: Headlights ON

2024-09-17 16:57:36,629 CAN ID: 400
Data: bytearray(b'\x01f\xe9\xa6\xf0\x0c\xc8\xe5')
Origin: HCM
Destination: BCM
Diagnostic Msg: Headlights OFF

2024-09-17 16:57:36,931 CAN ID: 400
Data: bytearray(b'\x00f\xe9\xa6\xf0 \x9f\x9b')
Origin: HCM
Destination: BCM
Diagnostic Msg: Headlights ON

2024-09-17 16:57:37,032 CAN ID: 400
Data: bytearray(b'\x01f\xe9\xa6\xf1+\xf6_')
Origin: HCM
Destination: BCM
Diagnostic Msg: Headlights OFF

2024-09-17 16:57:37,233 CAN ID: 400
Data: bytearray(b'\x00f\xe9\xa6\xf1\xf8G\x1c')
Origin: HCM
Destination: BCM
Diagnostic Msg: Headlights ON

2024-09-17 16:57:37,634 CAN ID: 400
Data: bytearray(b'\x01f\xe9\xa6\xf1+\xf6_')
Origin: HCM
Destination: BCM
Diagnostic Msg: Headlights OFF

2024-09-17 16:57:37,936 CAN ID: 400
Data: bytearray(b'\x00f\xe9\xa6\xf1\xf8G\x1c')
Origin: HCM
Destination: BCM
Diagnostic Msg: Headlights ON

2024-09-17 16:57:38,040 CAN ID: 400
Data: bytearray(b'\x01f\xe9\xa6\xf2r\xba\xe8')
Origin: HCM
Destination: BCM
Diagnostic Msg: Headlights OFF

2024-09-17 16:57:38,141 CAN ID: 400
Data: bytearray(b'\x00f\xe9\xa6\xf2d5\x04')
Origin: HCM
Destination: BCM
Diagnostic Msg: Headlights ON

2024-09-17 16:57:38,242 CAN ID: 400
Data: bytearray(b'\x01f\xe9\xa6\xf2r\xba\xe8')
Origin: HCM
Destination: BCM
Diagnostic Msg: Headlights OFF

2024-09-17 16:57:38,343 CAN ID: 400
Data: bytearray(b'\x00f\xe9\xa6\xf2d5\x04')
Origin: HCM
Destination: BCM
Diagnostic Msg: Headlights ON

2024-09-17 16:57:38,644 CAN ID: 400
Data: bytearray(b'\x01f\xe9\xa6\xf2r\xba\xe8')
Origin: HCM
Destination: BCM
Diagnostic Msg: Headlights OFF

2024-09-17 16:57:38,745 CAN ID: 400
Data: bytearray(b'\x00f\xe9\xa6\xf2d5\x04')
Origin: HCM
Destination: BCM
Diagnostic Msg: Headlights ON

2024-09-17 16:57:38,946 CAN ID: 400
Data: bytearray(b'\x01f\xe9\xa6\xf2r\xba\xe8')
Origin: HCM
Destination: BCM
Diagnostic Msg: Headlights OFF

2024-09-17 16:57:39,047 CAN ID: 400
Data: bytearray(b'\x00f\xe9\xa6\xf3v3+')
Origin: HCM
Destination: BCM
Diagnostic Msg: Headlights ON

2024-09-17 16:57:39,148 CAN ID: 400
Data: bytearray(b'\x01f\xe9\xa6\xf3\x14\xb6J')
Origin: HCM
Destination: BCM
Diagnostic Msg: Headlights OFF

2024-09-17 16:57:39,249 CAN ID: 400
Data: bytearray(b'\x00f\xe9\xa6\xf3v3+')
Origin: HCM
Destination: BCM
Diagnostic Msg: Headlights ON

2024-09-17 16:57:39,350 CAN ID: 400
Data: bytearray(b'\x01f\xe9\xa6\xf3\x14\xb6J')
Origin: HCM
Destination: BCM
Diagnostic Msg: Headlights OFF

2024-09-17 16:57:39,556 CAN ID: 400
Data: bytearray(b'\x00f\xe9\xa6\xf3v3+')
Origin: HCM
Destination: BCM
Diagnostic Msg: Headlights ON

2024-09-17 16:57:39,657 CAN ID: 400
Data: bytearray(b'\x01f\xe9\xa6\xf3\x14\xb6J')
Origin: HCM
Destination: BCM
Diagnostic Msg: Headlights OFF

2024-09-17 16:57:39,761 CAN ID: 400
Data: bytearray(b'\x00f\xe9\xa6\xf3v3+')
Origin: HCM
Destination: BCM
Diagnostic Msg: Headlights ON

2024-09-17 16:57:39,864 CAN ID: 400
Data: bytearray(b'\x01f\xe9\xa6\xf3\x14\xb6J')
Origin: HCM
Destination: BCM
Diagnostic Msg: Headlights OFF

2024-09-17 16:57:39,966 CAN ID: 400
Data: bytearray(b'\x00f\xe9\xa6\xf3v3+')
Origin: HCM
Destination: BCM
Diagnostic Msg: Headlights ON

2024-09-17 16:57:40,072 CAN ID: 400
Data: bytearray(b'\x01f\xe9\xa6\xf4\xee\xf7\xe0')
Origin: HCM
Destination: BCM
Diagnostic Msg: Headlights OFF

2024-09-17 16:57:40,389 CAN ID: 400
Data: bytearray(b'\x00f\xe9\xa6\xf4\xf3\x8b\xf6')
Origin: HCM
Destination: BCM
Diagnostic Msg: Headlights ON

2024-09-17 16:57:40,702 CAN ID: 400
Data: bytearray(b'\x01f\xe9\xa6\xf4\xee\xf7\xe0')
Origin: HCM
Destination: BCM
Diagnostic Msg: Headlights OFF

2024-09-17 16:57:40,812 CAN ID: 400
Data: bytearray(b'\x00f\xe9\xa6\xf4\xf3\x8b\xf6')
Origin: HCM
Destination: BCM
Diagnostic Msg: Headlights ON

2024-09-17 16:57:41,016 CAN ID: 400
Data: bytearray(b'\x01f\xe9\xa6\xf5\xc8\x1c\xa1')
Origin: HCM
Destination: BCM
Diagnostic Msg: Headlights OFF

2024-09-17 16:57:41,219 CAN ID: 400
Data: bytearray(b"\x00f\xe9\xa6\xf5\'\xc6m")
Origin: HCM
Destination: BCM
Diagnostic Msg: Headlights ON

2024-09-17 16:57:41,321 CAN ID: 400
Data: bytearray(b'\x01f\xe9\xa6\xf5\xc8\x1c\xa1')
Origin: HCM
Destination: BCM
Diagnostic Msg: Headlights OFF

2024-09-17 16:57:41,528 CAN ID: 400
Data: bytearray(b"\x00f\xe9\xa6\xf5\'\xc6m")
Origin: HCM
Destination: BCM
Diagnostic Msg: Headlights ON

2024-09-17 16:57:41,844 CAN ID: 400
Data: bytearray(b'\x01f\xe9\xa6\xf5\xc8\x1c\xa1')
Origin: HCM
Destination: BCM
Diagnostic Msg: Headlights OFF

2024-09-17 16:57:41,948 CAN ID: 400
Data: bytearray(b"\x00f\xe9\xa6\xf5\'\xc6m")
Origin: HCM
Destination: BCM
Diagnostic Msg: Headlights ON

2024-09-17 16:57:42,168 CAN ID: 400
Data: bytearray(b'\x01f\xe9\xa6\xf6\xe8\x86G')
Origin: HCM
Destination: BCM
Diagnostic Msg: Headlights OFF

2024-09-17 16:57:42,271 CAN ID: 400
Data: bytearray(b'\x00f\xe9\xa6\xf6\xca\xb1j')
Origin: HCM
Destination: BCM
Diagnostic Msg: Headlights ON

2024-09-17 16:57:42,375 CAN ID: 400
Data: bytearray(b'\x01f\xe9\xa6\xf6\xe8\x86G')
Origin: HCM
Destination: BCM
Diagnostic Msg: Headlights OFF

2024-09-17 16:57:42,583 CAN ID: 400
Data: bytearray(b'\x00f\xe9\xa6\xf6\xca\xb1j')
Origin: HCM
Destination: BCM
Diagnostic Msg: Headlights ON

2024-09-17 16:57:42,889 CAN ID: 400
Data: bytearray(b'\x01f\xe9\xa6\xf6\xe8\x86G')
Origin: HCM
Destination: BCM
Diagnostic Msg: Headlights OFF

2024-09-17 16:57:42,990 CAN ID: 400
Data: bytearray(b'\x00f\xe9\xa6\xf6\xca\xb1j')
Origin: HCM
Destination: BCM
Diagnostic Msg: Headlights ON

2024-09-17 16:57:43,093 CAN ID: 400
Data: bytearray(b'\x01f\xe9\xa6\xf7 q\xd0')
Origin: HCM
Destination: BCM
Diagnostic Msg: Headlights OFF

2024-09-17 16:57:43,196 CAN ID: 400
Data: bytearray(b'\x00f\xe9\xa6\xf7\xd1\xc2x')
Origin: HCM
Destination: BCM
Diagnostic Msg: Headlights ON

2024-09-17 16:57:43,300 CAN ID: 400
Data: bytearray(b'\x01f\xe9\xa6\xf7 q\xd0')
Origin: HCM
Destination: BCM
Diagnostic Msg: Headlights OFF

2024-09-17 16:57:43,403 CAN ID: 400
Data: bytearray(b'\x00f\xe9\xa6\xf7\xd1\xc2x')
Origin: HCM
Destination: BCM
Diagnostic Msg: Headlights ON

2024-09-17 16:57:43,510 CAN ID: 400
Data: bytearray(b'\x01f\xe9\xa6\xf7 q\xd0')
Origin: HCM
Destination: BCM
Diagnostic Msg: Headlights OFF

2024-09-17 16:57:43,818 CAN ID: 400
Data: bytearray(b'\x00f\xe9\xa6\xf7\xd1\xc2x')
Origin: HCM
Destination: BCM
Diagnostic Msg: Headlights ON

2024-09-17 16:57:44,125 CAN ID: 400
Data: bytearray(b'\x01f\xe9\xa6\xf8\x8d\xa1\xd1')
Origin: HCM
Destination: BCM
Diagnostic Msg: Headlights OFF

2024-09-17 16:57:44,227 CAN ID: 400
Data: bytearray(b'\x00f\xe9\xa6\xf8\xeaz(')
Origin: HCM
Destination: BCM
Diagnostic Msg: Headlights ON

2024-09-17 16:57:44,330 CAN ID: 400
Data: bytearray(b'\x01f\xe9\xa6\xf8\x8d\xa1\xd1')
Origin: HCM
Destination: BCM
Diagnostic Msg: Headlights OFF

2024-09-17 16:57:44,539 CAN ID: 400
Data: bytearray(b'\x00f\xe9\xa6\xf8\xeaz(')
Origin: HCM
Destination: BCM
Diagnostic Msg: Headlights ON

2024-09-17 16:57:44,644 CAN ID: 400
Data: bytearray(b'\x01f\xe9\xa6\xf8\x8d\xa1\xd1')
Origin: HCM
Destination: BCM
Diagnostic Msg: Headlights OFF

2024-09-17 16:57:44,852 CAN ID: 400
Data: bytearray(b'\x00f\xe9\xa6\xf8\xeaz(')
Origin: HCM
Destination: BCM
Diagnostic Msg: Headlights ON

2024-09-17 16:57:44,960 CAN ID: 400
Data: bytearray(b'\x01f\xe9\xa6\xf8\x8d\xa1\xd1')
Origin: HCM
Destination: BCM
Diagnostic Msg: Headlights OFF

2024-09-17 16:57:45,270 CAN ID: 400
Data: bytearray(b'\x00f\xe9\xa6\xf9g\xfb\xb5')
Origin: HCM
Destination: BCM
Diagnostic Msg: Headlights ON

2024-09-17 16:57:45,480 CAN ID: 400
Data: bytearray(b'\x01f\xe9\xa6\xf9\xc7\xa6\x8a')
Origin: HCM
Destination: BCM
Diagnostic Msg: Headlights OFF

2024-09-17 16:57:45,692 CAN ID: 400
Data: bytearray(b'\x00f\xe9\xa6\xf9g\xfb\xb5')
Origin: HCM
Destination: BCM
Diagnostic Msg: Headlights ON

2024-09-17 16:57:45,824 CAN ID: 400
Data: bytearray(b'\x01f\xe9\xa6\xf9\xc7\xa6\x8a')
Origin: HCM
Destination: BCM
Diagnostic Msg: Headlights OFF

2024-09-17 16:57:45,934 CAN ID: 400
Data: bytearray(b'\x00f\xe9\xa6\xf9g\xfb\xb5')
Origin: HCM
Destination: BCM
Diagnostic Msg: Headlights ON

2024-09-17 16:57:46,047 CAN ID: 400
Data: bytearray(b'\x01f\xe9\xa6\xfa\xc4\t\x88')
Origin: HCM
Destination: BCM
Diagnostic Msg: Headlights OFF

2024-09-17 16:57:46,156 CAN ID: 400
Data: bytearray(b'\x00f\xe9\xa6\xfa\x0e\x0e*')
Origin: HCM
Destination: BCM
Diagnostic Msg: Headlights ON

2024-09-17 16:57:46,265 CAN ID: 400
Data: bytearray(b'\x01f\xe9\xa6\xfa\xc4\t\x88')
Origin: HCM
Destination: BCM
Diagnostic Msg: Headlights OFF

2024-09-17 16:57:46,374 CAN ID: 400
Data: bytearray(b'\x00f\xe9\xa6\xfa\x0e\x0e*')
Origin: HCM
Destination: BCM
Diagnostic Msg: Headlights ON

2024-09-17 16:57:46,989 CAN ID: 400
Data: bytearray(b'\x01f\xe9\xa6\xfa\xc4\t\x88')
Origin: HCM
Destination: BCM
Diagnostic Msg: Headlights OFF

2024-09-17 16:57:47,095 CAN ID: 400
Data: bytearray(b'\x00f\xe9\xa6\xfbc\xc0\x81')
Origin: HCM
Destination: BCM
Diagnostic Msg: Headlights ON

2024-09-17 16:57:47,604 CAN ID: 400
Data: bytearray(b'\x01f\xe9\xa6\xfb3\x10\xab')
Origin: HCM
Destination: BCM
Diagnostic Msg: Headlights OFF

2024-09-17 16:57:47,906 CAN ID: 400
Data: bytearray(b'\x00f\xe9\xa6\xfbc\xc0\x81')
Origin: HCM
Destination: BCM
Diagnostic Msg: Headlights ON

2024-09-17 16:57:48,108 CAN ID: 400
Data: bytearray(b'\x01f\xe9\xa6\xfc\xd8\xd9V')
Origin: HCM
Destination: BCM
Diagnostic Msg: Headlights OFF

2024-09-17 16:57:48,237 CAN ID: 400
Data: bytearray(b'\x00f\xe9\xa6\xfc\xf3\xdfh')
Origin: HCM
Destination: BCM
Diagnostic Msg: Headlights ON

2024-09-17 16:57:48,439 CAN ID: 400
Data: bytearray(b'\x01f\xe9\xa6\xfc\xd8\xd9V')
Origin: HCM
Destination: BCM
Diagnostic Msg: Headlights OFF

2024-09-17 16:57:48,542 CAN ID: 400
Data: bytearray(b'\x00f\xe9\xa6\xfc\xf3\xdfh')
Origin: HCM
Destination: BCM
Diagnostic Msg: Headlights ON

2024-09-17 16:57:49,146 CAN ID: 400
Data: bytearray(b'\x01f\xe9\xa6\xfd\xf4\xdf\xe1')
Origin: HCM
Destination: BCM
Diagnostic Msg: Headlights OFF

2024-09-17 16:57:49,347 CAN ID: 400
Data: bytearray(b'\x00f\xe9\xa6\xfd\xca>\xb7')
Origin: HCM
Destination: BCM
Diagnostic Msg: Headlights ON

2024-09-17 16:57:49,548 CAN ID: 400
Data: bytearray(b'\x01f\xe9\xa6\xfd\xf4\xdf\xe1')
Origin: HCM
Destination: BCM
Diagnostic Msg: Headlights OFF

2024-09-17 16:57:49,749 CAN ID: 400
Data: bytearray(b'\x00f\xe9\xa6\xfd\xca>\xb7')
Origin: HCM
Destination: BCM
Diagnostic Msg: Headlights ON

2024-09-17 16:57:50,452 CAN ID: 400
Data: bytearray(b'\x01f\xe9\xa6\xfe}\x8c@')
Origin: HCM
Destination: BCM
Diagnostic Msg: Headlights OFF

2024-09-17 16:57:50,754 CAN ID: 400
Data: bytearray(b'\x00f\xe9\xa6\xfe\x99bZ')
Origin: HCM
Destination: BCM
Diagnostic Msg: Headlights ON

2024-09-17 16:57:51,356 CAN ID: 400
Data: bytearray(b'\x01f\xe9\xa6\xff1\x7f\xd3')
Origin: HCM
Destination: BCM
Diagnostic Msg: Headlights OFF

2024-09-17 16:57:51,556 CAN ID: 400
Data: bytearray(b'\x00f\xe9\xa6\xff\xb0%\xc7')
Origin: HCM
Destination: BCM
Diagnostic Msg: Headlights ON

2024-09-17 16:57:51,858 CAN ID: 400
Data: bytearray(b'\x01f\xe9\xa6\xff1\x7f\xd3')
Origin: HCM
Destination: BCM
Diagnostic Msg: Headlights OFF

2024-09-17 16:57:51,959 CAN ID: 400
Data: bytearray(b'\x00f\xe9\xa6\xff\xb0%\xc7')
Origin: HCM
Destination: BCM
Diagnostic Msg: Headlights ON

2024-09-17 16:57:53,262 CAN ID: 400
Data: bytearray(b'\x01f\xe9\xa7\x01\t\x1d\xf0')
Origin: HCM
Destination: BCM
Diagnostic Msg: Headlights OFF

2024-09-17 16:57:53,364 CAN ID: 400
Data: bytearray(b'\x00f\xe9\xa7\x01\xc5\x10]')
Origin: HCM
Destination: BCM
Diagnostic Msg: Headlights ON

2024-09-17 16:57:53,666 CAN ID: 400
Data: bytearray(b'\x01f\xe9\xa7\x01\t\x1d\xf0')
Origin: HCM
Destination: BCM
Diagnostic Msg: Headlights OFF

2024-09-17 16:57:53,769 CAN ID: 400
Data: bytearray(b'\x00f\xe9\xa7\x01\xc5\x10]')
Origin: HCM
Destination: BCM
Diagnostic Msg: Headlights ON

2024-09-17 16:57:53,870 CAN ID: 400
Data: bytearray(b'\x01f\xe9\xa7\x01\t\x1d\xf0')
Origin: HCM
Destination: BCM
Diagnostic Msg: Headlights OFF

2024-09-17 16:57:53,971 CAN ID: 400
Data: bytearray(b'\x00f\xe9\xa7\x01\xc5\x10]')
Origin: HCM
Destination: BCM
Diagnostic Msg: Headlights ON

2024-09-17 16:57:54,072 CAN ID: 400
Data: bytearray(b'\x01f\xe9\xa7\x02\\\xa3\x1f')
Origin: HCM
Destination: BCM
Diagnostic Msg: Headlights OFF

2024-09-17 16:57:54,177 CAN ID: 400
Data: bytearray(b'\x00f\xe9\xa7\x02\xd1\x1er')
Origin: HCM
Destination: BCM
Diagnostic Msg: Headlights ON

2024-09-17 16:57:54,478 CAN ID: 400
Data: bytearray(b'\x01f\xe9\xa7\x02\\\xa3\x1f')
Origin: HCM
Destination: BCM
Diagnostic Msg: Headlights OFF

2024-09-17 16:57:54,579 CAN ID: 400
Data: bytearray(b'\x00f\xe9\xa7\x02\xd1\x1er')
Origin: HCM
Destination: BCM
Diagnostic Msg: Headlights ON

2024-09-17 16:57:55,084 CAN ID: 400
Data: bytearray(b'\x01f\xe9\xa7\x03~\xf4%')
Origin: HCM
Destination: BCM
Diagnostic Msg: Headlights OFF

2024-09-17 16:57:55,191 CAN ID: 400
Data: bytearray(b'\x00f\xe9\xa7\x03kj_')
Origin: HCM
Destination: BCM
Diagnostic Msg: Headlights ON

2024-09-17 16:57:55,402 CAN ID: 400
Data: bytearray(b'\x01f\xe9\xa7\x03~\xf4%')
Origin: HCM
Destination: BCM
Diagnostic Msg: Headlights OFF

2024-09-17 16:57:55,503 CAN ID: 400
Data: bytearray(b'\x00f\xe9\xa7\x03kj_')
Origin: HCM
Destination: BCM
Diagnostic Msg: Headlights ON

2024-09-17 16:57:55,604 CAN ID: 400
Data: bytearray(b'\x01f\xe9\xa7\x03~\xf4%')
Origin: HCM
Destination: BCM
Diagnostic Msg: Headlights OFF

2024-09-17 16:57:55,705 CAN ID: 400
Data: bytearray(b'\x00f\xe9\xa7\x03kj_')
Origin: HCM
Destination: BCM
Diagnostic Msg: Headlights ON

2024-09-17 16:57:55,808 CAN ID: 400
Data: bytearray(b'\x01f\xe9\xa7\x03~\xf4%')
Origin: HCM
Destination: BCM
Diagnostic Msg: Headlights OFF

2024-09-17 16:57:55,909 CAN ID: 400
Data: bytearray(b'\x00f\xe9\xa7\x03kj_')
Origin: HCM
Destination: BCM
Diagnostic Msg: Headlights ON

2024-09-17 16:57:56,110 CAN ID: 400
Data: bytearray(b'\x01f\xe9\xa7\x04^74')
Origin: HCM
Destination: BCM
Diagnostic Msg: Headlights OFF

2024-09-17 16:57:56,211 CAN ID: 400
Data: bytearray(b'\x00f\xe9\xa7\x04`\xb5\x92')
Origin: HCM
Destination: BCM
Diagnostic Msg: Headlights ON

2024-09-17 16:57:56,612 CAN ID: 400
Data: bytearray(b'\x01f\xe9\xa7\x04^74')
Origin: HCM
Destination: BCM
Diagnostic Msg: Headlights OFF

2024-09-17 16:57:56,716 CAN ID: 400
Data: bytearray(b'\x00f\xe9\xa7\x04`\xb5\x92')
Origin: HCM
Destination: BCM
Diagnostic Msg: Headlights ON

2024-09-17 16:57:57,017 CAN ID: 400
Data: bytearray(b'\x01f\xe9\xa7\x05\xc6\x15$')
Origin: HCM
Destination: BCM
Diagnostic Msg: Headlights OFF

2024-09-17 16:57:57,118 CAN ID: 400
Data: bytearray(b'\x00f\xe9\xa7\x05{\x0e\xac')
Origin: HCM
Destination: BCM
Diagnostic Msg: Headlights ON

2024-09-17 16:57:57,920 CAN ID: 400
Data: bytearray(b'\x01f\xe9\xa7\x05\xc6\x15$')
Origin: HCM
Destination: BCM
Diagnostic Msg: Headlights OFF

2024-09-17 16:57:58,121 CAN ID: 400
Data: bytearray(b'\x00f\xe9\xa7\x06\x94\xcb\xfb')
Origin: HCM
Destination: BCM
Diagnostic Msg: Headlights ON

2024-09-17 16:57:58,522 CAN ID: 400
Data: bytearray(b'\x01f\xe9\xa7\x06v\x0b-')
Origin: HCM
Destination: BCM
Diagnostic Msg: Headlights OFF

2024-09-17 16:57:58,623 CAN ID: 400
Data: bytearray(b'\x00f\xe9\xa7\x06\x94\xcb\xfb')
Origin: HCM
Destination: BCM
Diagnostic Msg: Headlights ON

2024-09-17 16:57:58,824 CAN ID: 400
Data: bytearray(b'\x01f\xe9\xa7\x06v\x0b-')
Origin: HCM
Destination: BCM
Diagnostic Msg: Headlights OFF

2024-09-17 16:57:58,925 CAN ID: 400
Data: bytearray(b'\x00f\xe9\xa7\x06\x94\xcb\xfb')
Origin: HCM
Destination: BCM
Diagnostic Msg: Headlights ON

2024-09-17 16:58:00,930 CAN ID: 400
Data: bytearray(b'\x01f\xe9\xa7\x089 G')
Origin: HCM
Destination: BCM
Diagnostic Msg: Headlights OFF

2024-09-17 16:58:01,035 CAN ID: 400
Data: bytearray(b'\x00f\xe9\xa7\t\x17I\xb0')
Origin: HCM
Destination: BCM
Diagnostic Msg: Headlights ON

2024-09-17 16:58:01,342 CAN ID: 400
Data: bytearray(b'\x01f\xe9\xa7\ty\xe8\x13')
Origin: HCM
Destination: BCM
Diagnostic Msg: Headlights OFF

2024-09-17 16:58:01,443 CAN ID: 400
Data: bytearray(b'\x00f\xe9\xa7\t\x17I\xb0')
Origin: HCM
Destination: BCM
Diagnostic Msg: Headlights ON

2024-09-17 16:58:02,546 CAN ID: 400
Data: bytearray(b'\x01f\xe9\xa7\nt\x17\xd6')
Origin: HCM
Destination: BCM
Diagnostic Msg: Headlights OFF

2024-09-17 16:58:02,646 CAN ID: 400
Data: bytearray(b'\x00f\xe9\xa7\n\xbc\x87A')
Origin: HCM
Destination: BCM
Diagnostic Msg: Headlights ON

2024-09-17 16:58:03,649 CAN ID: 400
Data: bytearray(b'\x01f\xe9\xa7\x0b\x8e\x83_')
Origin: HCM
Destination: BCM
Diagnostic Msg: Headlights OFF

2024-09-17 16:58:03,753 CAN ID: 400
Data: bytearray(b'\x00f\xe9\xa7\x0bXO\x03')
Origin: HCM
Destination: BCM
Diagnostic Msg: Headlights ON

2024-09-17 16:58:04,357 CAN ID: 400
Data: bytearray(b'\x01f\xe9\xa7\x0c\xed\xb3\xe5')
Origin: HCM
Destination: BCM
Diagnostic Msg: Headlights OFF

2024-09-17 16:58:04,461 CAN ID: 400
Data: bytearray(b'\x00f\xe9\xa7\x0c1X-')
Origin: HCM
Destination: BCM
Diagnostic Msg: Headlights ON

2024-09-17 16:58:07,281 CAN ID: 400
Data: bytearray(b'\x01f\xe9\xa7\x0f\xf4\x9a\xa8')
Origin: HCM
Destination: BCM
Diagnostic Msg: Headlights OFF

2024-09-17 16:58:07,483 CAN ID: 400
Data: bytearray(b'\x00f\xe9\xa7\x0f\x88O\xa5')
Origin: HCM
Destination: BCM
Diagnostic Msg: Headlights ON

2024-09-17 16:58:07,586 CAN ID: 400
Data: bytearray(b'\x01f\xe9\xa7\x0f\xf4\x9a\xa8')
Origin: HCM
Destination: BCM
Diagnostic Msg: Headlights OFF

2024-09-17 16:58:07,691 CAN ID: 400
Data: bytearray(b'\x00f\xe9\xa7\x0f\x88O\xa5')
Origin: HCM
Destination: BCM
Diagnostic Msg: Headlights ON

2024-09-17 16:58:08,200 CAN ID: 400
Data: bytearray(b'\x01f\xe9\xa7\x10\xaa\xbe\xa8')
Origin: HCM
Destination: BCM
Diagnostic Msg: Headlights OFF

2024-09-17 16:58:08,301 CAN ID: 400
Data: bytearray(b'\x00f\xe9\xa7\x10\x12%H')
Origin: HCM
Destination: BCM
Diagnostic Msg: Headlights ON

