2024-09-19 16:28:38,919 Created a socket
2024-09-19 16:28:38,920 CAN ID: 1024
Data: bytearray(b'\x01f\xecC&\x87P#')
Origin: HCM
Destination: BCM
Diagnostic Msg: None
Error:None

2024-09-19 16:28:39,121 CAN ID: 1024
Data: bytearray(b"\x00f\xecC\'\x07\xec\xed")
Origin: HCM
Destination: BCM
Diagnostic Msg: Headlights ON
Error:None

2024-09-19 16:28:39,222 CAN ID: 1024
Data: bytearray(b"\x01f\xecC\'g\x0fo")
Origin: HCM
Destination: BCM
Diagnostic Msg: Headlights OFF
Error:None

2024-09-19 16:28:39,623 CAN ID: 1024
Data: bytearray(b"\x00f\xecC\'\x07\xec\xed")
Origin: HCM
Destination: BCM
Diagnostic Msg: Headlights ON
Error:None

2024-09-19 16:28:39,724 CAN ID: 1024
Data: bytearray(b"\x01f\xecC\'g\x0fo")
Origin: HCM
Destination: BCM
Diagnostic Msg: Headlights OFF
Error:None

2024-09-19 16:28:42,429 CAN ID: 1024
Data: bytearray(b'\x00f\xecC*\r\xf6?')
Origin: HCM
Destination: BCM
Diagnostic Msg: Headlights ON
Error:None

2024-09-19 16:28:42,530 CAN ID: 1024
Data: bytearray(b'\x01f\xecC*\xc4\xfc\xbf')
Origin: HCM
Destination: BCM
Diagnostic Msg: Headlights OFF
Error:None

2024-09-19 16:28:43,436 CAN ID: 1024
Data: bytearray(b'\x00f\xecC+\x882p')
Origin: HCM
Destination: BCM
Diagnostic Msg: Headlights ON
Error:None

2024-09-19 16:28:43,536 CAN ID: 1024
Data: bytearray(b'\x01f\xecC+AY\xe0')
Origin: HCM
Destination: BCM
Diagnostic Msg: Headlights OFF
Error:None

2024-09-19 16:28:43,837 CAN ID: 1024
Data: bytearray(b'\x00f\xecC+\x882p')
Origin: HCM
Destination: BCM
Diagnostic Msg: Headlights ON
Error:None

2024-09-19 16:28:43,938 CAN ID: 1024
Data: bytearray(b'\x01f\xecC+AY\xe0')
Origin: HCM
Destination: BCM
Diagnostic Msg: Headlights OFF
Error:None

2024-09-19 16:28:44,439 CAN ID: 1024
Data: bytearray(b'\x00f\xecC,"\x8a\t')
Origin: HCM
Destination: BCM
Diagnostic Msg: Headlights ON
Error:None

2024-09-19 16:28:44,540 CAN ID: 1024
Data: bytearray(b'\x01f\xecC,\x80\xb6\x1a')
Origin: HCM
Destination: BCM
Diagnostic Msg: Headlights OFF
Error:None

2024-09-19 16:28:44,841 CAN ID: 1024
Data: bytearray(b'\x00f\xecC,"\x8a\t')
Origin: HCM
Destination: BCM
Diagnostic Msg: Headlights ON
Error:None

2024-09-19 16:28:44,942 CAN ID: 1024
Data: bytearray(b'\x01f\xecC,\x80\xb6\x1a')
Origin: HCM
Destination: BCM
Diagnostic Msg: Headlights OFF
Error:None

2024-09-19 16:28:45,643 CAN ID: 1024
Data: bytearray(b'\x00f\xecC-@\x1d\xb7')
Origin: HCM
Destination: BCM
Diagnostic Msg: Headlights ON
Error:None

2024-09-19 16:28:45,744 CAN ID: 1024
Data: bytearray(b'\x01f\xecC-\xe2_\x84')
Origin: HCM
Destination: BCM
Diagnostic Msg: Headlights OFF
Error:None

2024-09-19 16:28:45,945 CAN ID: 1024
Data: bytearray(b'\x00f\xecC-@\x1d\xb7')
Origin: HCM
Destination: BCM
Diagnostic Msg: Headlights ON
Error:None

2024-09-19 16:28:46,046 CAN ID: 1024
Data: bytearray(b'\x01f\xecC.\x86b\xd5')
Origin: HCM
Destination: BCM
Diagnostic Msg: Headlights OFF
Error:None

2024-09-19 16:28:48,152 CAN ID: 1024
Data: bytearray(b'\x00f\xecC0\x90\x02\xd6')
Origin: HCM
Destination: BCM
Diagnostic Msg: Headlights ON
Error:None

2024-09-19 16:28:48,353 CAN ID: 1024
Data: bytearray(b'\x01f\xecC0/\xdc\xbd')
Origin: HCM
Destination: BCM
Diagnostic Msg: Headlights OFF
Error:None

2024-09-19 16:28:48,755 CAN ID: 1024
Data: bytearray(b'\x00f\xecC0\x90\x02\xd6')
Origin: HCM
Destination: BCM
Diagnostic Msg: Headlights ON
Error:None

2024-09-19 16:28:48,959 CAN ID: 1024
Data: bytearray(b'\x01f\xecC0/\xdc\xbd')
Origin: HCM
Destination: BCM
Diagnostic Msg: Headlights OFF
Error:None

2024-09-19 16:28:49,062 CAN ID: 1024
Data: bytearray(b'\x00f\xecC1i\xe3\xb1')
Origin: HCM
Destination: BCM
Diagnostic Msg: Headlights ON
Error:None

2024-09-19 16:28:49,463 CAN ID: 1024
Data: bytearray(b'\x01f\xecC1\xffg`')
Origin: HCM
Destination: BCM
Diagnostic Msg: Headlights OFF
Error:None

2024-09-19 16:28:49,564 CAN ID: 1024
Data: bytearray(b'\x00f\xecC1i\xe3\xb1')
Origin: HCM
Destination: BCM
Diagnostic Msg: Headlights ON
Error:None

2024-09-19 16:28:49,765 CAN ID: 1024
Data: bytearray(b'\x01f\xecC1\xffg`')
Origin: HCM
Destination: BCM
Diagnostic Msg: Headlights OFF
Error:None

2024-09-19 16:28:49,966 CAN ID: 1024
Data: bytearray(b'\x00f\xecC1i\xe3\xb1')
Origin: HCM
Destination: BCM
Diagnostic Msg: Headlights ON
Error:None

2024-09-19 16:28:50,067 CAN ID: 1024
Data: bytearray(b'\x01f\xecC2\x88\xbe*')
Origin: HCM
Destination: BCM
Diagnostic Msg: Headlights OFF
Error:None

2024-09-19 16:28:50,167 CAN ID: 1024
Data: bytearray(b'\x00f\xecC24o\x1b')
Origin: HCM
Destination: BCM
Diagnostic Msg: Headlights ON
Error:None

2024-09-19 16:28:50,268 CAN ID: 1024
Data: bytearray(b'\x01f\xecC2\x88\xbe*')
Origin: HCM
Destination: BCM
Diagnostic Msg: Headlights OFF
Error:None

2024-09-19 16:28:50,669 CAN ID: 1024
Data: bytearray(b'\x00f\xecC24o\x1b')
Origin: HCM
Destination: BCM
Diagnostic Msg: Headlights ON
Error:None

2024-09-19 16:28:50,770 CAN ID: 1024
Data: bytearray(b'\x01f\xecC2\x88\xbe*')
Origin: HCM
Destination: BCM
Diagnostic Msg: Headlights OFF
Error:None

2024-09-19 16:28:51,271 CAN ID: 1024
Data: bytearray(b"\x00f\xecC3\'\x9e\xbb")
Origin: HCM
Destination: BCM
Diagnostic Msg: Headlights ON
Error:None

2024-09-19 16:28:51,572 CAN ID: 1024
Data: bytearray(b'\x01f\xecC3\x15bo')
Origin: HCM
Destination: BCM
Diagnostic Msg: Headlights OFF
Error:None

2024-09-19 16:28:51,873 CAN ID: 1024
Data: bytearray(b"\x00f\xecC3\'\x9e\xbb")
Origin: HCM
Destination: BCM
Diagnostic Msg: Headlights ON
Error:None

2024-09-19 16:28:51,974 CAN ID: 1024
Data: bytearray(b'\x01f\xecC3\x15bo')
Origin: HCM
Destination: BCM
Diagnostic Msg: Headlights OFF
Error:None

2024-09-19 16:28:52,075 CAN ID: 1024
Data: bytearray(b'\x00f\xecC4u\x81\xc3')
Origin: HCM
Destination: BCM
Diagnostic Msg: Headlights ON
Error:None

2024-09-19 16:28:52,275 CAN ID: 1024
Data: bytearray(b'\x01f\xecC4\xddO\x03')
Origin: HCM
Destination: BCM
Diagnostic Msg: Headlights OFF
Error:None

2024-09-19 16:28:52,376 CAN ID: 1024
Data: bytearray(b'\x00f\xecC4u\x81\xc3')
Origin: HCM
Destination: BCM
Diagnostic Msg: Headlights ON
Error:None

2024-09-19 16:28:52,478 CAN ID: 1024
Data: bytearray(b'\x01f\xecC4\xddO\x03')
Origin: HCM
Destination: BCM
Diagnostic Msg: Headlights OFF
Error:None

2024-09-19 16:28:52,579 CAN ID: 1024
Data: bytearray(b'\x00f\xecC4u\x81\xc3')
Origin: HCM
Destination: BCM
Diagnostic Msg: Headlights ON
Error:None

2024-09-19 16:28:52,780 CAN ID: 1024
Data: bytearray(b'\x01f\xecC4\xddO\x03')
Origin: HCM
Destination: BCM
Diagnostic Msg: Headlights OFF
Error:None

2024-09-19 16:28:52,881 CAN ID: 1024
Data: bytearray(b'\x00f\xecC4u\x81\xc3')
Origin: HCM
Destination: BCM
Diagnostic Msg: Headlights ON
Error:None

2024-09-19 16:28:53,283 CAN ID: 1024
Data: bytearray(b'\x01f\xecC5\xdc\xa9\x17')
Origin: HCM
Destination: BCM
Diagnostic Msg: Headlights OFF
Error:None

2024-09-19 16:28:53,485 CAN ID: 1024
Data: bytearray(b'\x00f\xecC5\t\x1f\xd9')
Origin: HCM
Destination: BCM
Diagnostic Msg: Headlights ON
Error:None

2024-09-19 16:28:53,586 CAN ID: 1024
Data: bytearray(b'\x01f\xecC5\xdc\xa9\x17')
Origin: HCM
Destination: BCM
Diagnostic Msg: Headlights OFF
Error:None

2024-09-19 16:28:53,687 CAN ID: 1024
Data: bytearray(b'\x00f\xecC5\t\x1f\xd9')
Origin: HCM
Destination: BCM
Diagnostic Msg: Headlights ON
Error:None

2024-09-19 16:28:53,988 CAN ID: 1024
Data: bytearray(b'\x01f\xecC5\xdc\xa9\x17')
Origin: HCM
Destination: BCM
Diagnostic Msg: Headlights OFF
Error:None

2024-09-19 16:28:54,490 CAN ID: 1024
Data: bytearray(b'\x00f\xecC6\xd0\xc1\xd6')
Origin: HCM
Destination: BCM
Diagnostic Msg: Headlights ON
Error:None

2024-09-19 16:28:54,791 CAN ID: 1024
Data: bytearray(b'\x01f\xecC6\x04\xc9\x9f')
Origin: HCM
Destination: BCM
Diagnostic Msg: Headlights OFF
Error:None

2024-09-19 16:28:55,092 CAN ID: 1024
Data: bytearray(b'\x00f\xecC7\t(T')
Origin: HCM
Destination: BCM
Diagnostic Msg: Headlights ON
Error:None

2024-09-19 16:28:55,292 CAN ID: 1024
Data: bytearray(b'\x01f\xecC7\x1d+L')
Origin: HCM
Destination: BCM
Diagnostic Msg: Headlights OFF
Error:None

2024-09-19 16:28:55,393 CAN ID: 1024
Data: bytearray(b'\x00f\xecC7\t(T')
Origin: HCM
Destination: BCM
Diagnostic Msg: Headlights ON
Error:None

2024-09-19 16:28:55,494 CAN ID: 1024
Data: bytearray(b'\x01f\xecC7\x1d+L')
Origin: HCM
Destination: BCM
Diagnostic Msg: Headlights OFF
Error:None

2024-09-19 16:28:55,795 CAN ID: 1024
Data: bytearray(b'\x00f\xecC7\t(T')
Origin: HCM
Destination: BCM
Diagnostic Msg: Headlights ON
Error:None

2024-09-19 16:28:55,827 KeyboardInterrupt detected, stopping status transmission.
