2024-09-26 13:23:04,409 Created a socket
2024-09-26 13:23:04,411 CAN ID: 1024
Data: bytearray(b'\x01f\xf5R(\xc8\xd2\xf6')
Origin: HCM
Destination: BCM
Diagnostic Msg: None
Error:None

2024-09-26 13:23:09,821 CAN ID: 1024
Data: bytearray(b'\x00f\xf5R-\x0f\x98a')
Origin: HCM
Destination: BCM
Diagnostic Msg: Headlights ON
Error:None

2024-09-26 13:23:09,922 CAN ID: 1024
Data: bytearray(b'\x01f\xf5R-\xad;\xc6')
Origin: HCM
Destination: BCM
Diagnostic Msg: Headlights OFF
Error:None

2024-09-26 13:23:10,123 CAN ID: 1024
Data: bytearray(b'\x00f\xf5R.\x07\xff\xdc')
Origin: HCM
Destination: BCM
Diagnostic Msg: Headlights ON
Error:None

2024-09-26 13:23:10,223 CAN ID: 1024
Data: bytearray(b'\x01f\xf5R.7\x10#')
Origin: HCM
Destination: BCM
Diagnostic Msg: Headlights OFF
Error:None

2024-09-26 13:23:10,926 CAN ID: 1024
Data: bytearray(b'\x00f\xf5R.\x07\xff\xdc')
Origin: HCM
Destination: BCM
Diagnostic Msg: Headlights ON
Error:None

2024-09-26 13:23:11,127 CAN ID: 1024
Data: bytearray(b'\x01f\xf5R/l:\x14')
Origin: HCM
Destination: BCM
Diagnostic Msg: Headlights OFF
Error:None

2024-09-26 13:23:11,628 CAN ID: 1024
Data: bytearray(b'\x00f\xf5R/S\xd8\x99')
Origin: HCM
Destination: BCM
Diagnostic Msg: Headlights ON
Error:None

2024-09-26 13:23:11,729 CAN ID: 1024
Data: bytearray(b'\x01f\xf5R/l:\x14')
Origin: HCM
Destination: BCM
Diagnostic Msg: Headlights OFF
Error:None

2024-09-26 13:23:12,030 CAN ID: 1024
Data: bytearray(b'\x00f\xf5R0\xe2\xd5H')
Origin: HCM
Destination: BCM
Diagnostic Msg: Headlights ON
Error:None

2024-09-26 13:23:12,132 CAN ID: 1024
Data: bytearray(b'\x01f\xf5R0\xb9\xf2?')
Origin: HCM
Destination: BCM
Diagnostic Msg: Headlights OFF
Error:None

2024-09-26 13:23:12,333 CAN ID: 1024
Data: bytearray(b'\x00f\xf5R0\xe2\xd5H')
Origin: HCM
Destination: BCM
Diagnostic Msg: Headlights ON
Error:None

2024-09-26 13:23:12,434 CAN ID: 1024
Data: bytearray(b'\x01f\xf5R0\xb9\xf2?')
Origin: HCM
Destination: BCM
Diagnostic Msg: Headlights OFF
Error:None

2024-09-26 13:23:12,635 CAN ID: 1024
Data: bytearray(b'\x00f\xf5R0\xe2\xd5H')
Origin: HCM
Destination: BCM
Diagnostic Msg: Headlights ON
Error:None

2024-09-26 13:23:12,735 CAN ID: 1024
Data: bytearray(b'\x01f\xf5R0\xb9\xf2?')
Origin: HCM
Destination: BCM
Diagnostic Msg: Headlights OFF
Error:None

2024-09-26 13:23:13,136 CAN ID: 1024
Data: bytearray(b'\x00f\xf5R1*\xfe\xf2')
Origin: HCM
Destination: BCM
Diagnostic Msg: Headlights ON
Error:None

2024-09-26 13:23:13,237 CAN ID: 1024
Data: bytearray(b'\x01f\xf5R1&\xd5\x91')
Origin: HCM
Destination: BCM
Diagnostic Msg: Headlights OFF
Error:None

2024-09-26 13:23:13,438 CAN ID: 1024
Data: bytearray(b'\x00f\xf5R1*\xfe\xf2')
Origin: HCM
Destination: BCM
Diagnostic Msg: Headlights ON
Error:None

2024-09-26 13:23:13,639 CAN ID: 1024
Data: bytearray(b'\x01f\xf5R1&\xd5\x91')
Origin: HCM
Destination: BCM
Diagnostic Msg: Headlights OFF
Error:None

2024-09-26 13:23:14,040 CAN ID: 1024
Data: bytearray(b'\x00f\xf5R2Fc\xcb')
Origin: HCM
Destination: BCM
Diagnostic Msg: Headlights ON
Error:None

2024-09-26 13:23:14,141 CAN ID: 1024
Data: bytearray(b'\x01f\xf5R2\xfc\x80\xdf')
Origin: HCM
Destination: BCM
Diagnostic Msg: Headlights OFF
Error:None

2024-09-26 13:23:14,241 CAN ID: 1024
Data: bytearray(b'\x00f\xf5R2Fc\xcb')
Origin: HCM
Destination: BCM
Diagnostic Msg: Headlights ON
Error:None

2024-09-26 13:23:14,442 CAN ID: 1024
Data: bytearray(b'\x01f\xf5R2\xfc\x80\xdf')
Origin: HCM
Destination: BCM
Diagnostic Msg: Headlights OFF
Error:None

2024-09-26 13:23:14,744 CAN ID: 1024
Data: bytearray(b'\x00f\xf5R2Fc\xcb')
Origin: HCM
Destination: BCM
Diagnostic Msg: Headlights ON
Error:None

2024-09-26 13:23:14,845 CAN ID: 1024
Data: bytearray(b'\x01f\xf5R2\xfc\x80\xdf')
Origin: HCM
Destination: BCM
Diagnostic Msg: Headlights OFF
Error:None

2024-09-26 13:23:14,945 CAN ID: 1024
Data: bytearray(b'\x00f\xf5R2Fc\xcb')
Origin: HCM
Destination: BCM
Diagnostic Msg: Headlights ON
Error:None

2024-09-26 13:23:15,146 CAN ID: 1024
Data: bytearray(b'\x01f\xf5R3\xc6\xef\xd4')
Origin: HCM
Destination: BCM
Diagnostic Msg: Headlights OFF
Error:None

2024-09-26 13:23:15,247 CAN ID: 1024
Data: bytearray(b'\x00f\xf5R3\xbb|\xf8')
Origin: HCM
Destination: BCM
Diagnostic Msg: Headlights ON
Error:None

2024-09-26 13:23:15,348 CAN ID: 1024
Data: bytearray(b'\x01f\xf5R3\xc6\xef\xd4')
Origin: HCM
Destination: BCM
Diagnostic Msg: Headlights OFF
Error:None

2024-09-26 13:23:15,649 CAN ID: 1024
Data: bytearray(b'\x00f\xf5R3\xbb|\xf8')
Origin: HCM
Destination: BCM
Diagnostic Msg: Headlights ON
Error:None

2024-09-26 13:23:15,950 CAN ID: 1024
Data: bytearray(b'\x01f\xf5R3\xc6\xef\xd4')
Origin: HCM
Destination: BCM
Diagnostic Msg: Headlights OFF
Error:None

2024-09-26 13:23:16,150 CAN ID: 1024
Data: bytearray(b'\x00f\xf5R4\xee\x99\xf0')
Origin: HCM
Destination: BCM
Diagnostic Msg: Headlights ON
Error:None

2024-09-26 13:23:16,251 CAN ID: 1024
Data: bytearray(b'\x01f\xf5R4\xdc\x81I')
Origin: HCM
Destination: BCM
Diagnostic Msg: Headlights OFF
Error:None

2024-09-26 13:23:16,352 CAN ID: 1024
Data: bytearray(b'\x00f\xf5R4\xee\x99\xf0')
Origin: HCM
Destination: BCM
Diagnostic Msg: Headlights ON
Error:None

2024-09-26 13:23:16,454 CAN ID: 1024
Data: bytearray(b'\x01f\xf5R4\xdc\x81I')
Origin: HCM
Destination: BCM
Diagnostic Msg: Headlights OFF
Error:None

2024-09-26 13:23:16,555 CAN ID: 1024
Data: bytearray(b'\x00f\xf5R4\xee\x99\xf0')
Origin: HCM
Destination: BCM
Diagnostic Msg: Headlights ON
Error:None

2024-09-26 13:23:16,857 CAN ID: 1024
Data: bytearray(b'\x01f\xf5R4\xdc\x81I')
Origin: HCM
Destination: BCM
Diagnostic Msg: Headlights OFF
Error:None

2024-09-26 13:23:16,958 CAN ID: 1024
Data: bytearray(b'\x00f\xf5R4\xee\x99\xf0')
Origin: HCM
Destination: BCM
Diagnostic Msg: Headlights ON
Error:None

2024-09-26 13:23:17,059 CAN ID: 1024
Data: bytearray(b'\x01f\xf5R5\x97C2')
Origin: HCM
Destination: BCM
Diagnostic Msg: Headlights OFF
Error:None

2024-09-26 13:23:17,561 CAN ID: 1024
Data: bytearray(b'\x00f\xf5R5\x08@"')
Origin: HCM
Destination: BCM
Diagnostic Msg: Headlights ON
Error:None

2024-09-26 13:23:17,763 CAN ID: 1024
Data: bytearray(b'\x01f\xf5R5\x97C2')
Origin: HCM
Destination: BCM
Diagnostic Msg: Headlights OFF
Error:None

2024-09-26 13:23:18,065 CAN ID: 1024
Data: bytearray(b'\x00f\xf5R6~Q\x8b')
Origin: HCM
Destination: BCM
Diagnostic Msg: Headlights ON
Error:None

2024-09-26 13:23:18,166 CAN ID: 1024
Data: bytearray(b'\x01f\xf5R6\xe4\x89\xa1')
Origin: HCM
Destination: BCM
Diagnostic Msg: Headlights OFF
Error:None

2024-09-26 13:23:18,568 CAN ID: 1024
Data: bytearray(b'\x00f\xf5R6~Q\x8b')
Origin: HCM
Destination: BCM
Diagnostic Msg: Headlights ON
Error:None

2024-09-26 13:23:18,669 CAN ID: 1024
Data: bytearray(b'\x01f\xf5R6\xe4\x89\xa1')
Origin: HCM
Destination: BCM
Diagnostic Msg: Headlights OFF
Error:None

2024-09-26 13:23:18,771 CAN ID: 1024
Data: bytearray(b'\x00f\xf5R6~Q\x8b')
Origin: HCM
Destination: BCM
Diagnostic Msg: Headlights ON
Error:None

2024-09-26 13:23:18,872 CAN ID: 1024
Data: bytearray(b'\x01f\xf5R6\xe4\x89\xa1')
Origin: HCM
Destination: BCM
Diagnostic Msg: Headlights OFF
Error:None

2024-09-26 13:23:18,973 CAN ID: 1024
Data: bytearray(b'\x00f\xf5R6~Q\x8b')
Origin: HCM
Destination: BCM
Diagnostic Msg: Headlights ON
Error:None

2024-09-26 13:23:19,175 CAN ID: 1024
Data: bytearray(b'\x01f\xf5R7\xadZ\xdf')
Origin: HCM
Destination: BCM
Diagnostic Msg: Headlights OFF
Error:None

2024-09-26 13:23:19,276 CAN ID: 1024
Data: bytearray(b'\x00f\xf5R7\xb2\xb0\x83')
Origin: HCM
Destination: BCM
Diagnostic Msg: Headlights ON
Error:None

2024-09-26 13:23:19,377 CAN ID: 1024
Data: bytearray(b'\x01f\xf5R7\xadZ\xdf')
Origin: HCM
Destination: BCM
Diagnostic Msg: Headlights OFF
Error:None

2024-09-26 13:23:19,478 CAN ID: 1024
Data: bytearray(b'\x00f\xf5R7\xb2\xb0\x83')
Origin: HCM
Destination: BCM
Diagnostic Msg: Headlights ON
Error:None

2024-09-26 13:23:19,780 CAN ID: 1024
Data: bytearray(b'\x01f\xf5R7\xadZ\xdf')
Origin: HCM
Destination: BCM
Diagnostic Msg: Headlights OFF
Error:None

2024-09-26 13:23:20,081 CAN ID: 1024
Data: bytearray(b'\x00f\xf5R8\xe13y')
Origin: HCM
Destination: BCM
Diagnostic Msg: Headlights ON
Error:None

2024-09-26 13:23:20,182 CAN ID: 1024
Data: bytearray(b'\x01f\xf5R8\xc4\xca\xd7')
Origin: HCM
Destination: BCM
Diagnostic Msg: Headlights OFF
Error:None

2024-09-26 13:23:20,282 CAN ID: 1024
Data: bytearray(b'\x00f\xf5R8\xe13y')
Origin: HCM
Destination: BCM
Diagnostic Msg: Headlights ON
Error:None

2024-09-26 13:23:20,483 CAN ID: 1024
Data: bytearray(b'\x01f\xf5R8\xc4\xca\xd7')
Origin: HCM
Destination: BCM
Diagnostic Msg: Headlights OFF
Error:None

2024-09-26 13:23:20,584 CAN ID: 1024
Data: bytearray(b'\x00f\xf5R8\xe13y')
Origin: HCM
Destination: BCM
Diagnostic Msg: Headlights ON
Error:None

2024-09-26 13:23:20,685 CAN ID: 1024
Data: bytearray(b'\x01f\xf5R8\xc4\xca\xd7')
Origin: HCM
Destination: BCM
Diagnostic Msg: Headlights OFF
Error:None

2024-09-26 13:23:21,086 CAN ID: 1024
Data: bytearray(b'\x00f\xf5R9n9\xd9')
Origin: HCM
Destination: BCM
Diagnostic Msg: Headlights ON
Error:None

2024-09-26 13:23:21,186 CAN ID: 1024
Data: bytearray(b'\x01f\xf5R9\xec\x03\xfd')
Origin: HCM
Destination: BCM
Diagnostic Msg: Headlights OFF
Error:None

2024-09-26 13:23:21,287 CAN ID: 1024
Data: bytearray(b'\x00f\xf5R9n9\xd9')
Origin: HCM
Destination: BCM
Diagnostic Msg: Headlights ON
Error:None

2024-09-26 13:23:21,388 CAN ID: 1024
Data: bytearray(b'\x01f\xf5R9\xec\x03\xfd')
Origin: HCM
Destination: BCM
Diagnostic Msg: Headlights OFF
Error:None

2024-09-26 13:23:21,689 CAN ID: 1024
Data: bytearray(b'\x00f\xf5R9n9\xd9')
Origin: HCM
Destination: BCM
Diagnostic Msg: Headlights ON
Error:None

2024-09-26 13:23:21,790 CAN ID: 1024
Data: bytearray(b'\x01f\xf5R9\xec\x03\xfd')
Origin: HCM
Destination: BCM
Diagnostic Msg: Headlights OFF
Error:None

2024-09-26 13:23:21,890 CAN ID: 1024
Data: bytearray(b'\x00f\xf5R9n9\xd9')
Origin: HCM
Destination: BCM
Diagnostic Msg: Headlights ON
Error:None

2024-09-26 13:23:22,292 CAN ID: 1024
Data: bytearray(b'\x01f\xf5R:\xba\xc0\xd3')
Origin: HCM
Destination: BCM
Diagnostic Msg: Headlights OFF
Error:None

2024-09-26 13:23:22,392 CAN ID: 1024
Data: bytearray(b'\x00f\xf5R:G\x85\xc6')
Origin: HCM
Destination: BCM
Diagnostic Msg: Headlights ON
Error:None

2024-09-26 13:23:22,593 CAN ID: 1024
Data: bytearray(b'\x01f\xf5R:\xba\xc0\xd3')
Origin: HCM
Destination: BCM
Diagnostic Msg: Headlights OFF
Error:None

2024-09-26 13:23:22,694 CAN ID: 1024
Data: bytearray(b'\x00f\xf5R:G\x85\xc6')
Origin: HCM
Destination: BCM
Diagnostic Msg: Headlights ON
Error:None

2024-09-26 13:23:22,895 CAN ID: 1024
Data: bytearray(b'\x01f\xf5R:\xba\xc0\xd3')
Origin: HCM
Destination: BCM
Diagnostic Msg: Headlights OFF
Error:None

2024-09-26 13:23:22,996 CAN ID: 1024
Data: bytearray(b'\x00f\xf5R:G\x85\xc6')
Origin: HCM
Destination: BCM
Diagnostic Msg: Headlights ON
Error:None

2024-09-26 13:23:23,097 CAN ID: 1024
Data: bytearray(b'\x01f\xf5R;\x9e\xa6\xba')
Origin: HCM
Destination: BCM
Diagnostic Msg: Headlights OFF
Error:None

2024-09-26 13:23:23,398 CAN ID: 1024
Data: bytearray(b'\x00f\xf5R;3\x91\x1a')
Origin: HCM
Destination: BCM
Diagnostic Msg: Headlights ON
Error:None

2024-09-26 13:23:23,598 CAN ID: 1024
Data: bytearray(b'\x01f\xf5R;\x9e\xa6\xba')
Origin: HCM
Destination: BCM
Diagnostic Msg: Headlights OFF
Error:None

2024-09-26 13:23:23,699 CAN ID: 1024
Data: bytearray(b'\x00f\xf5R;3\x91\x1a')
Origin: HCM
Destination: BCM
Diagnostic Msg: Headlights ON
Error:None

2024-09-26 13:23:23,900 CAN ID: 1024
Data: bytearray(b'\x01f\xf5R;\x9e\xa6\xba')
Origin: HCM
Destination: BCM
Diagnostic Msg: Headlights OFF
Error:None

2024-09-26 13:23:24,001 CAN ID: 1024
Data: bytearray(b'\x00f\xf5R<\x88\xfe\xdf')
Origin: HCM
Destination: BCM
Diagnostic Msg: Headlights ON
Error:None

2024-09-26 13:23:24,102 CAN ID: 1024
Data: bytearray(b'\x01f\xf5R<F\x99\xea')
Origin: HCM
Destination: BCM
Diagnostic Msg: Headlights OFF
Error:None

2024-09-26 13:23:24,202 CAN ID: 1024
Data: bytearray(b'\x00f\xf5R<\x88\xfe\xdf')
Origin: HCM
Destination: BCM
Diagnostic Msg: Headlights ON
Error:None

2024-09-26 13:23:24,604 CAN ID: 1024
Data: bytearray(b'\x01f\xf5R<F\x99\xea')
Origin: HCM
Destination: BCM
Diagnostic Msg: Headlights OFF
Error:None

2024-09-26 13:23:24,805 CAN ID: 1024
Data: bytearray(b'\x00f\xf5R<\x88\xfe\xdf')
Origin: HCM
Destination: BCM
Diagnostic Msg: Headlights ON
Error:None

2024-09-26 13:23:25,107 CAN ID: 1024
Data: bytearray(b'\x01f\xf5R=nv\xde')
Origin: HCM
Destination: BCM
Diagnostic Msg: Headlights OFF
Error:None

2024-09-26 13:23:25,308 CAN ID: 1024
Data: bytearray(b'\x00f\xf5R=\xb7\xbb\xfb')
Origin: HCM
Destination: BCM
Diagnostic Msg: Headlights ON
Error:None

2024-09-26 13:23:26,112 CAN ID: 1024
Data: bytearray(b'\x01f\xf5R>|>\xac')
Origin: HCM
Destination: BCM
Diagnostic Msg: Headlights OFF
Error:None

2024-09-26 13:23:26,213 CAN ID: 1024
Data: bytearray(b'\x00f\xf5R>W\xd4\xe1')
Origin: HCM
Destination: BCM
Diagnostic Msg: Headlights ON
Error:None

2024-09-26 13:23:26,816 CAN ID: 1024
Data: bytearray(b'\x01f\xf5R>|>\xac')
Origin: HCM
Destination: BCM
Diagnostic Msg: Headlights OFF
Error:None

2024-09-26 13:23:27,022 CAN ID: 1024
Data: bytearray(b'\x00f\xf5R?r\xd80')
Origin: HCM
Destination: BCM
Diagnostic Msg: Headlights ON
Error:None

2024-09-26 13:23:27,524 CAN ID: 1024
Data: bytearray(b'\x01f\xf5R?\xa6\xc9}')
Origin: HCM
Destination: BCM
Diagnostic Msg: Headlights OFF
Error:None

2024-09-26 13:23:27,624 CAN ID: 1024
Data: bytearray(b'\x00f\xf5R?r\xd80')
Origin: HCM
Destination: BCM
Diagnostic Msg: Headlights ON
Error:None

2024-09-26 13:23:28,226 CAN ID: 1024
Data: bytearray(b'\x01f\xf5R@\xbf\x8f\xfe')
Origin: HCM
Destination: BCM
Diagnostic Msg: Headlights OFF
Error:None

2024-09-26 13:23:28,326 CAN ID: 1024
Data: bytearray(b'\x00f\xf5R@\x10\xfe\xfb')
Origin: HCM
Destination: BCM
Diagnostic Msg: Headlights ON
Error:None

2024-09-26 13:23:28,627 CAN ID: 1024
Data: bytearray(b'\x01f\xf5R@\xbf\x8f\xfe')
Origin: HCM
Destination: BCM
Diagnostic Msg: Headlights OFF
Error:None

2024-09-26 13:23:28,728 CAN ID: 1024
Data: bytearray(b'\x00f\xf5R@\x10\xfe\xfb')
Origin: HCM
Destination: BCM
Diagnostic Msg: Headlights ON
Error:None

2024-09-26 13:23:29,830 CAN ID: 1024
Data: bytearray(b'\x01f\xf5RA\xc0\xd3\xcd')
Origin: HCM
Destination: BCM
Diagnostic Msg: Headlights OFF
Error:None

2024-09-26 13:23:29,931 CAN ID: 1024
Data: bytearray(b'\x00f\xf5RA\xc1B\x13')
Origin: HCM
Destination: BCM
Diagnostic Msg: Headlights ON
Error:None

2024-09-26 13:23:30,032 CAN ID: 1024
Data: bytearray(b'\x01f\xf5RB_\xa0\x95')
Origin: HCM
Destination: BCM
Diagnostic Msg: Headlights OFF
Error:None

2024-09-26 13:23:30,133 CAN ID: 1024
Data: bytearray(b'\x00f\xf5RBj\xe4\xfe')
Origin: HCM
Destination: BCM
Diagnostic Msg: Headlights ON
Error:None

2024-09-26 13:23:32,637 CAN ID: 1024
Data: bytearray(b'\x01f\xf5RD\x89\xaa\xbc')
Origin: HCM
Destination: BCM
Diagnostic Msg: Headlights OFF
Error:None

2024-09-26 13:23:32,739 CAN ID: 1024
Data: bytearray(b'\x00f\xf5RD\xb6\xbc\xc5')
Origin: HCM
Destination: BCM
Diagnostic Msg: Headlights ON
Error:None

2024-09-26 13:23:33,642 CAN ID: 1024
Data: bytearray(b'\x01f\xf5REYAX')
Origin: HCM
Destination: BCM
Diagnostic Msg: Headlights OFF
Error:None

2024-09-26 13:23:33,743 CAN ID: 1024
Data: bytearray(b'\x00f\xf5RE\xa9#\xb9')
Origin: HCM
Destination: BCM
Diagnostic Msg: Headlights ON
Error:None

